********************************
*                              *
*          BECAS 2.3           *
*              by              *
*     becas-dtuwind@dtu.dk     *
*                              *
*   A cross section analysis   *
*   program for anisotropic    *
*   beams with arbitrary       *
*   geometry.                  *
*                              *
*     (c)DTU Wind Energy       *
********************************


Output generated on the (yyyy.mm.dd) 2021. 5.21 at (hh.mm.ss) 11.37.43  
Element type is: Q4 
The input folder: is C:\69.6_80\3.Structure\CrossSectionAnalysis_v1.06\BECASFiles\BECAS_Section_29\BECAS_SECTION 

Stiffness matrix w.r.t. to the cross section reference point 
K=
      16502702.4509	      75683.3008227	                  0	                  0	                  0	     -351897.702891
      75683.3008226	      1657010.86116	                  0	                  0	                  0	     -248806.316467
                  0	                  0	      150449022.735	      2219516.49446	      18735764.5851	                  0
                  0	                  0	      2219516.49446	      628251.786946	      240781.781777	                  0
                  0	                  0	      18735764.5851	      240781.781777	      7650065.20769	                  0
     -351897.702891	     -248806.316466	                  0	                  0	                  0	      237590.982405

Compliance matrix w.r.t. to the cross section reference point 
F=
  6.28136707618e-08	  1.31714822205e-08	                  0	                 -0	                 -0	  1.06827010723e-07
  1.31714822205e-08	  7.18858464552e-07	                  0	                 -0	                 -0	  7.72300106283e-07
                  0	                  0	  9.97172341471e-09	 -2.61846218257e-08	 -2.35975874201e-08	                 -0
                  0	                  0	 -2.61846218257e-08	  1.67991141285e-06	  1.12543938813e-08	                 -0
                  0	                  0	 -2.35975874201e-08	  1.12543938813e-08	  1.88156434042e-07	                 -0
  1.06827010723e-07	  7.72300106282e-07	                  0	                  0	                  0	  5.17589224929e-06

Mass matrix w.r.t. to the cross section reference point 
M=
      9.81398377977	                  0	                  0	                  0	                  0	    -0.137776014918
                  0	      9.81398377977	                  0	                  0	                  0	     -1.33169592676
                  0	                  0	      9.81398377977	     0.137776014918	      1.33169592676	                  0
                 -0	                 -0	     0.137776014918	    0.0375364148479	    0.0159203139477	                  0
                 -0	                 -0	      1.33169592676	    0.0159203139477	     0.603929818235	                  0
    -0.137776014918	     -1.33169592676	                 -0	                  0	                  0	     0.641466233083

Shear center;
ShearX=    -0.149211009249 
ShearY=    0.0206393420839 

Elastic center:
ElasticX=     -0.12453231164 
ElasticY=    0.0147526148998 

Orientation of principle axis w.r.t. reference center:
alpha_p=     -1.96163170749o or    -0.0342369320072rad 

Orientation of principle axis w.r.t. elastic center:
alpha_p=     0.432229387361o or    0.00754382593333rad 

Mass center:
MassX=     -0.13569371589 
MassY=    0.0140387449184 

Mass per unit length:
Mass=      9.81398377977 

Mass moments of inertia:
Ixx=    0.0375364148479 
Iyy=     0.603929818235 
Ixy=   -0.0159203139477 

Area center:
AreaX=    -0.139922638069 
AreaY=    0.0135590757238 

Area per unit length:
Area=    0.0056122983336 
Area moments:
Ixx=  7.60975780901e-05 
Iyy= -0.000785287588469 
Ixy= -9.00943205752e-06 

Stiffness matrix with respect to shear center:
      16502702.4509	      75683.3008227	                  0	                  0	                  0	 -5.99538907409e-09
      75683.3008226	      1657010.86116	                  0	                  0	                  0	 -1.98546331376e-07
                  0	                  0	      150449022.735	     -885652.351946	     -3712885.93765	                  0
                  0	                  0	     -885652.351945	      600721.708615	     -13762.9914212	                  0
                  0	                  0	     -3712885.93765	     -13762.9914213	      5408486.32287	                  0
  5.82076609135e-11	 -2.91038304567e-11	                  0	                  0	                  0	      193203.403749

Stiffness matrix with respect to the elastic center:
      16502702.4509	      75683.3008227	                  0	                  0	                  0	     -99014.6724229
      75683.3008226	      1657010.86116	                  0	                  0	                  0	      -41338.396922
                  0	                  0	      150449022.735	 -7.29691237211e-07	 -1.04308128357e-06	                  0
                  0	                  0	  1.39698386192e-09	      595508.114839	     -35619.7380016	                  0
                  0	                  0	 -1.78813934326e-07	     -35619.7380017	      5316857.13356	                  0
     -99014.6724229	     -41338.3969218	                  0	                  0	                  0	       194806.45391

Stiffness matrix rotated along principle axis:
      16480129.3323	      583379.783999	                  0	                  0	                  0	      -343174.78063
      583379.783999	       1679583.9797	                  0	                  0	                  0	     -260706.053542
                  0	                  0	      150449022.735	      1576886.00888	      18800759.5212	                  0
                  0	                  0	      1576886.00888	      620004.934972	  1.26050486585e-07	                  0
                  0	                  0	      18800759.5212	 -3.43842811306e-11	      7658312.05967	                  0
      -343174.78063	     -260706.053542	                  0	                  0	                  0	      237590.982405

Stiffness matrix at the elastic center rotated along principle axis:
      16502999.4488	      -36314.377469	                  0	                  0	                  0	     -99323.7017208
     -36314.3774691	      1656713.86322	                  0	                  0	                  0	     -40590.2782889
                  0	                  0	      150449022.735	   -7.375392232e-07	 -1.03754699172e-06	                  0
                  0	                  0	  4.80157109236e-11	      595239.400639	  4.77928467823e-08	                  0
                  0	                  0	 -1.78819384765e-07	  2.00016431731e-12	      5317125.84776	                  0
     -99323.7017208	     -40590.2782887	                  0	                  0	                  0	       194806.45391

Mass matrix with respect to mass center
      9.81398377977	                  0	                  0	                  0	                  0	                  0
                  0	      9.81398377977	                  0	                  0	                  0	                  0
                  0	                  0	      9.81398377977	                  0	                  0	                  0
                  0	                  0	                  0	    0.0356022125186	  -0.00277502547705	                  0
                  0	                  0	                  0	  -0.00277502547705	     0.423227049497	                  0
                  0	                  0	                  0	                  0	                  0	     0.458829262015
