********************************
*                              *
*          BECAS 2.3           *
*              by              *
*     becas-dtuwind@dtu.dk     *
*                              *
*   A cross section analysis   *
*   program for anisotropic    *
*   beams with arbitrary       *
*   geometry.                  *
*                              *
*     (c)DTU Wind Energy       *
********************************


Output generated on the (yyyy.mm.dd) 2021. 5.21 at (hh.mm.ss) 14.28.23  
Element type is: Q4 
The input folder: is C:\Users\andre\Documents\GitHub\PGE\Preliminare\69.6_80_provaBis\Cp-Lambda_v3_2021_CLEAN_March2021\3.Structure\CrossSectionAnalysis_v1.06\BECASFiles\BECAS_Section_28\BECAS_SECTION 

Stiffness matrix w.r.t. to the cross section reference point 
K=
      37131967.6652	      68017.8903213	                  0	                  0	                  0	      -1214238.2719
      68017.8903218	      6377579.78121	                  0	                  0	                  0	     -387790.512142
                  0	                  0	      428060371.238	      10692819.6848	      57259728.7185	                  0
                  0	                  0	      10692819.6848	      5051537.21627	      1241037.89124	                  0
                  0	                  0	      57259728.7185	      1241037.89124	      34763036.6918	                  0
      -1214238.2719	     -387790.512142	                  0	                  0	                  0	      1306949.69623

Compliance matrix w.r.t. to the cross section reference point 
F=
  2.77853226225e-08	   1.2967062514e-09	                  0	                 -0	                 -0	  2.61990592334e-08
   1.2967062514e-09	    1.597407251e-07	                  0	                 -0	                 -0	  4.86020603068e-08
                  0	                  0	  3.13669277603e-09	  -5.4177959731e-09	 -4.97316988939e-09	                 -0
                  0	                  0	 -5.41779597311e-09	  2.09068917992e-07	  1.46014512525e-09	                 -0
                  0	                  0	 -4.97316988939e-09	  1.46014512525e-09	  3.69055866634e-08	                 -0
  2.61990592334e-08	  4.86020603068e-08	                  0	                  0	                  0	  8.03901880305e-07

Mass matrix w.r.t. to the cross section reference point 
M=
      25.5905130744	                  0	                  0	                  0	                  0	    -0.615539235879
                  0	      25.5905130744	                  0	                  0	                  0	      -4.0340213092
                  0	                  0	      25.5905130744	     0.615539235879	       4.0340213092	                  0
                 -0	                 -0	     0.615539235879	     0.278555517457	    0.0815749022827	                  0
                 -0	                 -0	       4.0340213092	    0.0815749022827	      2.72927900861	                  0
    -0.615539235879	      -4.0340213092	                 -0	                  0	                  0	      3.00783452607

Shear center;
ShearX=   -0.0604577019876 
ShearY=     0.032589871818 

Elastic center:
ElasticX=    -0.133765544689 
ElasticY=    0.0249797000686 

Orientation of principle axis w.r.t. reference center:
alpha_p=     -2.38767856553o or    -0.0416728524477rad 

Orientation of principle axis w.r.t. elastic center:
alpha_p=     0.485888198804o or    0.00848034886571rad 

Mass center:
MassX=    -0.157637375127 
MassY=     0.024053415189 

Mass per unit length:
Mass=      25.5905130744 

Mass moments of inertia:
Ixx=     0.278555517457 
Iyy=      2.72927900861 
Ixy=   -0.0815749022827 

Area center:
AreaX=    -0.186239740067 
AreaY=    0.0222815300087 

Area per unit length:
Area=    0.0164387188447 
Area moments:
Ixx=  0.000366279807244 
Iyy=  -0.00306154272468 
Ixy= -5.68409238446e-05 

Stiffness matrix with respect to shear center:
      37131967.6652	      68017.8903213	                  0	                  0	                  0	   3.9697624743e-07
      68017.8903218	      6377579.78121	                  0	                  0	                  0	 -1.17615854833e-08
                  0	                  0	      428060371.238	     -3257612.94426	      31380182.3615	                  0
                  0	                  0	     -3257612.94426	      4809224.78166	      -428101.53546	                  0
                  0	                  0	      31380182.3615	      -428101.53546	      29404071.3635	                  0
                  0	 -5.82076609135e-11	                  0	                  0	                  0	      1243932.90338

Stiffness matrix with respect to the elastic center:
      37131967.6652	      68017.8903213	                  0	                  0	                  0	     -277594.406523
      68017.8903218	      6377579.78121	                  0	                  0	                  0	      467008.987591
                  0	                  0	      428060371.238	 -1.35600566864e-06	  2.01165676117e-07	                  0
                  0	                  0	 -3.72529029846e-09	      4784433.78766	     -189292.958159	                  0
                  0	                  0	  2.38418579102e-07	     -189292.958159	       27103657.891	                  0
     -277594.406523	      467008.987591	                  0	                  0	                  0	      1280280.86589

Stiffness matrix rotated along principle axis:
      37072927.2482	      1347921.56687	                  0	                  0	                  0	     -1197028.42543
      1347921.56687	       6436620.1983	                  0	                  0	                  0	     -438039.965042
                  0	                  0	      428060371.238	      8298050.67413	      57655487.8632	                  0
                  0	                  0	      8298050.67413	      4999789.66849	  6.81051361763e-08	                  0
                  0	                  0	      57655487.8632	 -2.30243033306e-10	      34814784.2396	                  0
     -1197028.42543	     -438039.965042	                  0	                  0	                  0	      1306949.69623

Stiffness matrix at the elastic center rotated along principle axis:
      37130909.5515	     -192787.326993	                  0	                  0	                  0	      -273624.07313
     -192787.326993	      6378637.89493	                  0	                  0	                  0	      469346.264103
                  0	                  0	      428060371.238	  -1.3542509748e-06	  2.12657705915e-07	                  0
                  0	                  0	 -1.70330785202e-09	      4782828.47885	 -1.11762889497e-07	                  0
                  0	                  0	  2.38441597443e-07	  4.22884687835e-11	      27105263.1998	                  0
     -273624.073131	      469346.264103	                  0	                  0	                  0	      1280280.86589

Mass matrix with respect to mass center
      25.5905130744	                  0	                  0	                  0	                  0	                  0
                  0	      25.5905130744	                  0	                  0	                  0	                  0
                  0	                  0	      25.5905130744	                  0	                  0	                  0
                  0	                  0	                  0	     0.263749696652	   -0.0154570871488	                  0
                  0	                  0	                  0	   -0.0154570871488	      2.09336647822	                  0
                  0	                  0	                  0	                  0	                  0	      2.35711617487
