********************************
*                              *
*          BECAS 2.3           *
*              by              *
*     becas-dtuwind@dtu.dk     *
*                              *
*   A cross section analysis   *
*   program for anisotropic    *
*   beams with arbitrary       *
*   geometry.                  *
*                              *
*     (c)DTU Wind Energy       *
********************************


Output generated on the (yyyy.mm.dd) 2021. 5.19 at (hh.mm.ss) 20.33.14  
Element type is: Q4 
The input folder: is C:\Users\andre\Documents\GitHub\PGE\Preliminare\64.8_80\Cp-Lambda_v3_2021_CLEAN_March2021\3.Structure\CrossSectionAnalysis_v1.06\BECASFiles\BECAS_Section_15\BECAS_SECTION 

Stiffness matrix w.r.t. to the cross section reference point 
K=
      184745800.409	     -4630588.62997	                  0	                  0	                  0	     -5358024.15103
     -4630588.62997	      45364354.9491	                  0	                  0	                  0	      2109701.70712
                  0	                  0	      2492897178.57	      33809598.8364	      414448801.196	                  0
                  0	                  0	      33809598.8365	       150711216.93	      21539252.8826	                  0
                  0	                  0	      414448801.196	      21539252.8826	      653941362.151	                  0
     -5358024.15103	      2109701.70712	                  0	                  0	                  0	      27970687.1703

Compliance matrix w.r.t. to the cross section reference point 
F=
   5.4548150312e-09	  5.09997241661e-10	                  0	                  0	                 -0	  1.00644966117e-09
  5.09997241661e-10	   2.2169016443e-08	                  0	                  0	                  0	 -1.57441374354e-09
                  0	                  0	  4.48929225839e-10	 -6.03313489832e-11	 -2.82530969872e-10	                 -0
                  0	                  0	 -6.03313489833e-11	  6.67469608242e-09	 -1.81612172661e-10	                 -0
                  0	                  0	 -2.82530969872e-10	 -1.81612172661e-10	  1.71423078147e-09	                 -0
  1.00644966117e-09	 -1.57441374354e-09	                  0	                  0	                  0	  3.60632586111e-08

Mass matrix w.r.t. to the cross section reference point 
M=
      150.466584561	                  0	                  0	                  0	                  0	     -2.35292416703
                  0	      150.466584561	                  0	                  0	                  0	     -30.6948549926
                  0	                  0	      150.466584561	      2.35292416703	      30.6948549926	                  0
                 -0	                 -0	      2.35292416703	      8.29572385835	       1.6982073485	                  0
                 -0	                 -0	      30.6948549926	       1.6982073485	      47.4321973146	                  0
     -2.35292416703	     -30.6948549926	                 -0	                  0	                  0	      55.7279211729

Shear center;
ShearX=    0.0436570017291 
ShearY=    0.0279078957346 

Elastic center:
ElasticX=    -0.166251863398 
ElasticY=    0.0135623719771 

Orientation of principle axis w.r.t. reference center:
alpha_p=     -2.44640935877o or    -0.0426978981622rad 

Orientation of principle axis w.r.t. elastic center:
alpha_p=     -2.09397155457o or    -0.0365466980704rad 

Mass center:
MassX=      -0.2039978184 
MassY=     0.015637519612 

Mass per unit length:
Mass=      150.466584561 

Mass moments of inertia:
Ixx=      8.29572385835 
Iyy=      47.4321973146 
Ixy=      -1.6982073485 

Area center:
AreaX=    -0.316988063074 
AreaY=    0.0220299669198 

Area per unit length:
Area=     0.166732366218 
Area moments:
Ixx=   0.00367310851224 
Iyy=   -0.0528521698191 
Ixy=  -0.00318838254989 

Stiffness matrix with respect to shear center:
      184745800.409	     -4630588.62997	                  0	                  0	                  0	  8.29808413982e-07
     -4630588.62997	      45364354.9491	                  0	                  0	                  0	  4.25963662565e-07
                  0	                  0	      2492897178.57	     -35761915.7002	      523281217.631	                  0
                  0	                  0	     -35761915.7001	      150765701.986	      8411600.93599	                  0
                  0	                  0	      523281217.631	      8411600.93598	      694879843.205	                  0
 -9.31322574615e-10	                  0	                  0	                  0	                  0	      27729052.7399

Stiffness matrix with respect to the elastic center:
      184745800.409	     -4630588.62997	                  0	                  0	                  0	     -3622276.87304
     -4630588.62997	      45364354.9491	                  0	                  0	                  0	      9588808.48376
                  0	                  0	      2492897178.57	 -5.08278608322e-05	 -0.000108003616333	                  0
                  0	                  0	                  0	      150252678.574	      15918344.0754	                  0
                  0	                  0	 -1.19209289551e-07	      15918344.0754	       585038476.67	                  0
     -3622276.87304	      9588808.48376	                  0	                  0	                  0	      29793792.1056

Stiffness matrix rotated along principle axis:
      184886799.382	      1330349.41707	                  0	                  0	                  0	     -5443193.21817
      1330349.41707	      45223355.9753	                  0	                  0	                  0	      1879072.02781
                  0	                  0	      2492897178.57	      16088067.9927	      415514225.814	                  0
                  0	                  0	      16088067.9927	      149790976.803	   7.5965223797e-06	                  0
                  0	                  0	      415514225.815	  5.98922177047e-09	      654861602.279	                  0
     -5443193.21817	      1879072.02781	                  0	                  0	                  0	      27970687.1703

Stiffness matrix at the elastic center rotated along principle axis:
      184897881.045	      471172.629319	                  0	                  0	                  0	     -3970219.35742
      471172.629319	      45212274.3129	                  0	                  0	                  0	      9450052.70553
                  0	                  0	      2492897178.57	 -4.68476232771e-05	 -0.000109788673237	                  0
                  0	                  0	  4.35573613004e-09	      149670656.508	    6.046546887e-07	                  0
                  0	                  0	 -1.19129686804e-07	  5.42769139792e-10	      585620498.736	                  0
     -3970219.35742	      9450052.70553	                  0	                  0	                  0	      29793792.1056

Mass matrix with respect to mass center
      150.466584561	                  0	                  0	                  0	                  0	                  0
                  0	      150.466584561	                  0	                  0	                  0	                  0
                  0	                  0	      150.466584561	                  0	                  0	                  0
                  0	                  0	                  0	      8.25892996055	      1.21821595156	                  0
                  0	                  0	                  0	      1.21821595156	        41.17051386	                  0
                  0	                  0	                  0	                  0	                  0	      49.4294438205
