********************************
*                              *
*          BECAS 2.3           *
*              by              *
*     becas-dtuwind@dtu.dk     *
*                              *
*   A cross section analysis   *
*   program for anisotropic    *
*   beams with arbitrary       *
*   geometry.                  *
*                              *
*     (c)DTU Wind Energy       *
********************************


Output generated on the (yyyy.mm.dd) 2021. 5.21 at (hh.mm.ss) 11.35.51  
Element type is: Q4 
The input folder: is C:\69.6_80\3.Structure\CrossSectionAnalysis_v1.06\BECASFiles\BECAS_Section_1\BECAS_SECTION 

Stiffness matrix w.r.t. to the cross section reference point 
K=
      1289825592.49	  0.000398294089756	                  0	                  0	                  0	 -0.000157172547212
  0.000320282256324	      1289999220.96	                  0	                  0	                  0	      2.08130414407
                  0	                  0	      11352532624.4	    -0.916155418669	      428.719976884	                  0
                  0	                  0	      -1.0967747847	      4648781233.85	     0.371395319175	                  0
                  0	                  0	      428.742332273	     0.444765228497	      4648088178.18	                  0
 -0.000157579720671	       2.0813040163	                  0	                  0	                  0	      2107103821.34

Compliance matrix w.r.t. to the cross section reference point 
F=
  7.75298618528e-10	 -2.39377553612e-22	                  0	                  0	                 -0	  5.78308757205e-23
 -1.92491892206e-22	  7.75194266593e-10	                  0	                  0	                  0	  -7.6570267833e-19
                  0	                  0	  8.80860714595e-11	  1.73595037561e-20	 -8.12468633817e-18	                 -0
                  0	                  0	  2.07819168547e-20	  2.15110143863e-10	 -1.71879074546e-20	                 -0
                  0	                  0	 -8.12510999588e-18	 -2.05834132362e-20	  2.15142217975e-10	                 -0
  5.79806931711e-23	 -7.65702631322e-19	                  0	                  0	                  0	  4.74585063096e-10

Mass matrix w.r.t. to the cross section reference point 
M=
      747.406934498	                  0	                  0	                  0	                  0	 -8.33591347533e-14
                  0	      747.406934498	                  0	                  0	                  0	 -9.21752341393e-09
                  0	                  0	      747.406934498	  8.33591347533e-14	  9.21752341393e-09	                  0
                 -0	                 -0	  8.33591347533e-14	      306.176148487	  9.50561231595e-16	                  0
                 -0	                 -0	  9.21752341393e-09	  9.50561231595e-16	      306.152260467	                  0
 -8.33591347533e-14	 -9.21752341393e-09	                 -0	                  0	                  0	      612.328408954

Shear center;
ShearX=  1.61341494047e-09 
ShearY=  1.22171340145e-13 

Elastic center:
ElasticX= -3.77662277183e-08 
ElasticY= -9.66105820602e-11 

Orientation of principle axis w.r.t. reference center:
alpha_p=  3.67692979808e-05o or   6.41745313411e-07rad 

Orientation of principle axis w.r.t. elastic center:
alpha_p=  3.67693008403e-05o or   6.41745363319e-07rad 

Mass center:
MassX= -1.23326704483e-11 
MassY=  1.11531123014e-16 

Mass per unit length:
Mass=      747.406934498 

Mass moments of inertia:
Ixx=      306.176148487 
Iyy=      306.152260467 
Ixy= -9.50561231595e-16 

Area center:
AreaX= -5.24843878428e-12 
AreaY= -8.04338714229e-17 

Area per unit length:
Area=     0.400640367471 
Area moments:
Ixx=  -3.2225055804e-17 
Iyy= -2.10273644318e-12 
Ixy= -3.88378254796e-18 

Stiffness matrix with respect to shear center:
      1289825592.49	  0.000398294089756	                  0	                  0	                  0	  4.07173333093e-07
  0.000320282256324	      1289999220.96	                  0	                  0	                  0	   1.2777359748e-07
                  0	                  0	      11352532624.4	    -0.917542372793	      447.036322632	                  0
                  0	                  0	     -1.09816173883	      4648781233.85	     0.371395317351	                  0
                  0	                  0	      447.058678021	     0.444765226964	      4648088178.18	                  0
                  0	   4.4408920985e-16	                  0	                  0	                  0	      2107103821.34

Stiffness matrix with respect to the elastic center:
      1289825592.49	  0.000398294089756	                  0	                  0	                  0	    -0.124767973779
  0.000320282256324	      1289999220.96	                  0	                  0	                  0	      50.7997084794
                  0	                  0	      11352532624.4	     0.180619366034	   -0.0223553890169	                  0
                  0	                  0	 -2.22044604925e-16	      4648781233.85	     0.371395360594	                  0
                  0	                  0	 -1.72803993337e-11	     0.444765263097	      4648088178.18	                  0
    -0.124768380955	      50.7997083516	                  0	                  0	                  0	      2107103821.34

Stiffness matrix rotated along principle axis:
      1289825592.49	     0.111823552931	                  0	                  0	                  0	 -0.000155836880032
     0.111745541098	      1289999220.96	                  0	                  0	                  0	      2.08130414417
                  0	                  0	      11352532624.4	    -0.915880289632	      428.719977472	                  0
                  0	                  0	     -1.09649964132	      4648781233.85	   -0.0733699093217	                  0
                  0	                  0	      428.742332977	  1.54921116782e-13	      4648088178.18	                  0
 -0.000156244053573	       2.0813040164	                  0	                  0	                  0	      2107103821.34

Stiffness matrix at the elastic center rotated along principle axis:
      1289825592.49	     0.111823561596	                  0	                  0	                  0	    -0.124735373301
     0.111745549763	      1289999220.96	                  0	                  0	                  0	      50.7997085595
                  0	                  0	      11352532624.4	     0.180619351687	   -0.0223555049286	                  0
                  0	                  0	 -2.33134221074e-16	      4648781233.85	   -0.0733699025027	                  0
                  0	                  0	 -1.72803993335e-11	  3.22208279337e-13	      4648088178.18	                  0
    -0.124735780478	      50.7997084317	                  0	                  0	                  0	      2107103821.34

Mass matrix with respect to mass center
      747.406934498	                  0	                  0	                  0	                  0	                  0
                  0	      747.406934498	                  0	                  0	                  0	                  0
                  0	                  0	      747.406934498	                  0	                  0	                  0
                  0	                  0	                  0	      306.176148487	  9.50561230567e-16	                  0
                  0	                  0	                  0	  9.50561230567e-16	      306.152260467	                  0
                  0	                  0	                  0	                  0	                  0	      612.328408954
