********************************
*                              *
*          BECAS 2.3           *
*              by              *
*     becas-dtuwind@dtu.dk     *
*                              *
*   A cross section analysis   *
*   program for anisotropic    *
*   beams with arbitrary       *
*   geometry.                  *
*                              *
*     (c)DTU Wind Energy       *
********************************


Output generated on the (yyyy.mm.dd) 2021. 5.19 at (hh.mm.ss)  0. 9.51  
Element type is: Q4 
The input folder: is C:\Users\andre\Documents\GitHub\PGE\Preliminare\64.8_108\Cp-Lambda_v3_2021_CLEAN_March2021\3.Structure\CrossSectionAnalysis_v1.06\BECASFiles\BECAS_Section_2\BECAS_SECTION 

Stiffness matrix w.r.t. to the cross section reference point 
K=
      578485287.967	      -2227004.0564	                  0	                  0	                  0	     -1152705.88637
      -2227004.0564	      478085062.304	                  0	                  0	                  0	      3272341.33197
                  0	                  0	      4661036733.76	      8479530.78968	     -9895335.42135	                  0
                  0	                  0	       8479530.7897	      1551203381.28	      6952441.88546	                  0
                  0	                  0	     -9895335.42135	      6952441.88546	       1826515667.8	                  0
     -1152705.88637	      3272341.33197	                  0	                  0	                  0	      721525488.258

Compliance matrix w.r.t. to the cross section reference point 
F=
  1.72868879083e-09	   8.0338816456e-12	                 -0	                  0	                 -0	  2.72530932575e-12
   8.0338816456e-12	  2.09178025548e-09	                  0	                  0	                  0	 -9.47403577002e-12
                  0	                  0	  2.14549164174e-10	 -1.17804573954e-12	  1.16682614663e-12	                 -0
                  0	                  0	 -1.17804573955e-12	  6.44678258387e-10	 -2.46028291091e-12	                 -0
                  0	                  0	  1.16682614663e-12	 -2.46028291091e-12	   5.4750619923e-10	                 -0
  2.72530932575e-12	 -9.47403577002e-12	                  0	                  0	                  0	  1.38599974642e-09

Mass matrix w.r.t. to the cross section reference point 
M=
      314.667377572	                  0	                  0	                  0	                  0	    -0.602495361537
                  0	      314.667377572	                  0	                  0	                  0	     0.716881573278
                  0	                  0	      314.667377572	     0.602495361537	    -0.716881573278	                  0
                 -0	                 -0	     0.602495361537	      101.744126506	     0.476224310257	                  0
                 -0	                 -0	    -0.716881573278	     0.476224310257	      123.148880225	                  0
    -0.602495361537	     0.716881573278	                 -0	                  0	                  0	      224.893006732

Shear center;
ShearX=   0.00683552489423 
ShearY=    0.0019663130046 

Elastic center:
ElasticX=    0.0021229902244 
ElasticY=    0.0018192370655 

Orientation of principle axis w.r.t. reference center:
alpha_p=      -1.4456579265o or     -0.025231490675rad 

Orientation of principle axis w.r.t. elastic center:
alpha_p=     -1.44942412717o or     -0.025297223277rad 

Mass center:
MassX=   0.00227822019178 
MassY=   0.00191470550963 

Mass per unit length:
Mass=      314.667377572 

Mass moments of inertia:
Ixx=      101.744126506 
Iyy=      123.148880225 
Ixy=    -0.476224310257 

Area center:
AreaX=   0.00233702776699 
AreaY=   0.00193813276929 

Area per unit length:
Area=     0.203208569315 
Area moments:
Ixx=  0.000393845187191 
Iyy=   0.00047490406898 
Ixy= -0.000312887688218 

Stiffness matrix with respect to shear center:
      578485287.967	      -2227004.0564	                  0	                  0	                  0	  3.79513949156e-08
      -2227004.0564	      478085062.304	                  0	                  0	                  0	 -1.78652953764e-07
                  0	                  0	      4661036733.76	     -685526.354842	      21965297.2052	                  0
                  0	                  0	      -685526.35482	      1551188055.83	      6967213.27972	                  0
                  0	                  0	      21965297.2052	      6967213.27972	      1826598172.32	                  0
                  0	  4.65661287308e-10	                  0	                  0	                  0	      721500853.507

Stiffness matrix with respect to the elastic center:
      578485287.967	      -2227004.0564	                  0	                  0	                  0	     -95576.1008116
      -2227004.0564	      478085062.304	                  0	                  0	                  0	      2253319.96995
                  0	                  0	      4661036733.76	 -2.21263617277e-05	 -3.79234552383e-06	                  0
                  0	                  0	 -1.86264514923e-09	         1551187955	      6970443.84644	                  0
                  0	                  0	   -2.421438694e-08	      6970443.84643	       1826494660.1	                  0
     -95576.1008117	      2253319.96995	                  0	                  0	                  0	      721511486.413

Stiffness matrix rotated along principle axis:
      578533717.496	      308003.225545	                  0	                  0	                  0	     -1234896.27278
      308003.225545	      478036632.775	                  0	                  0	                  0	      3242218.35306
                  0	                  0	      4661036733.76	      8726479.35166	     -9678257.26251	                  0
                  0	                  0	      8726479.35168	      1551027923.57	  4.13853557816e-06	                  0
                  0	                  0	      -9678257.2625	  6.70161907352e-10	      1826691125.51	                  0
     -1234896.27278	      3242218.35306	                  0	                  0	                  0	      721525488.258

Stiffness matrix at the elastic center rotated along principle axis:
       578533676.57	      314609.157736	                  0	                  0	                  0	      -152542.17928
      314609.157736	      478036673.701	                  0	                  0	                  0	      2250181.45081
                  0	                  0	      4661036733.76	 -2.20233566487e-05	 -4.35080794816e-06	                  0
                  0	                  0	  -1.2495577608e-09	      1551011584.51	  4.20660194468e-06	                  0
                  0	                  0	 -2.42537540854e-08	  4.00164485473e-09	       1826671030.6	                  0
      -152542.17928	      2250181.45081	                  0	                  0	                  0	      721511486.413

Mass matrix with respect to mass center
      314.667377572	                  0	                  0	                  0	                  0	                  0
                  0	      314.667377572	                  0	                  0	                  0	                  0
                  0	                  0	      314.667377572	                  0	                  0	                  0
                  0	                  0	                  0	      101.742972905	     0.477596927355	                  0
                  0	                  0	                  0	     0.477596927355	      123.147247011	                  0
                  0	                  0	                  0	                  0	                  0	      224.890219916
