********************************
*                              *
*          BECAS 2.3           *
*              by              *
*     becas-dtuwind@dtu.dk     *
*                              *
*   A cross section analysis   *
*   program for anisotropic    *
*   beams with arbitrary       *
*   geometry.                  *
*                              *
*     (c)DTU Wind Energy       *
********************************


Output generated on the (yyyy.mm.dd) 2021. 5.19 at (hh.mm.ss) 20.32.39  
Element type is: Q4 
The input folder: is C:\Users\andre\Documents\GitHub\PGE\Preliminare\64.8_80\Cp-Lambda_v3_2021_CLEAN_March2021\3.Structure\CrossSectionAnalysis_v1.06\BECASFiles\BECAS_Section_2\BECAS_SECTION 

Stiffness matrix w.r.t. to the cross section reference point 
K=
       578368653.27	     -2227272.38132	                  0	                  0	                  0	     -1152222.92562
     -2227272.38132	      477984600.282	                  0	                  0	                  0	      3269458.37682
                  0	                  0	      4660103573.67	      8475789.26802	     -9878688.68963	                  0
                  0	                  0	      8475789.26806	      1550251863.16	      6948054.36952	                  0
                  0	                  0	     -9878688.68965	      6948054.36952	      1825364423.87	                  0
     -1152222.92562	      3269458.37682	                  0	                  0	                  0	      721072732.641

Compliance matrix w.r.t. to the cross section reference point 
F=
  1.72903742104e-09	   8.0381738963e-12	                 -0	                  0	                 -0	  2.72643242742e-12
   8.0381738963e-12	  2.09221986691e-09	                  0	                  0	                  0	  -9.4736129832e-12
                  0	                  0	  2.14592120038e-10	 -1.17847810951e-12	  1.16583672348e-12	                 -0
                  0	                  0	 -1.17847810951e-12	  6.45073950174e-10	 -2.46178277488e-12	                 -0
                  0	                  0	  1.16583672348e-12	 -2.46178277488e-12	  5.47851491167e-10	                 -0
  2.72643242742e-12	  -9.4736129832e-12	                  0	                  0	                  0	  1.38686996439e-09

Mass matrix w.r.t. to the cross section reference point 
M=
      314.603576421	                  0	                  0	                  0	                  0	    -0.602251852091
                  0	      314.603576421	                  0	                  0	                  0	     0.715563090735
                  0	                  0	      314.603576421	     0.602251852091	    -0.715563090735	                  0
                 -0	                 -0	     0.602251852091	      101.680899227	     0.475930246498	                  0
                 -0	                 -0	    -0.715563090735	     0.475930246498	      123.071525702	                  0
    -0.602251852091	     0.715563090735	                 -0	                  0	                  0	      224.752424929

Shear center;
ShearX=   0.00683093096429 
ShearY=   0.00196588901442 

Elastic center:
ElasticX=   0.00211984316088 
ElasticY=   0.00181879847391 

Orientation of principle axis w.r.t. reference center:
alpha_p=     -1.44579422974o or    -0.0252338696153rad 

Orientation of principle axis w.r.t. elastic center:
alpha_p=     -1.44955568035o or    -0.0252995193131rad 

Mass center:
MassX=   0.00227449127844 
MassY=   0.00191431978919 

Mass per unit length:
Mass=      314.603576421 

Mass moments of inertia:
Ixx=      101.680899227 
Iyy=      123.071525702 
Ixy=    -0.475930246498 

Area center:
AreaX=   0.00233397461771 
AreaY=   0.00193784402646 

Area per unit length:
Area=     0.203165270698 
Area moments:
Ixx=  0.000393702606207 
Iyy=  0.000474182585009 
Ixy= -0.000312698500898 

Stiffness matrix with respect to shear center:
       578368653.27	     -2227272.38132	                  0	                  0	                  0	 -6.75208866596e-08
     -2227272.38132	      477984600.282	                  0	                  0	                  0	  1.30725311465e-07
                  0	                  0	      4660103573.67	     -685457.153503	      21954157.1086	                  0
                  0	                  0	     -685457.153462	      1550236548.23	       6962792.4646	                  0
                  0	                  0	      21954157.1086	       6962792.4646	      1825446910.56	                  0
                  0	 -4.65661287308e-10	                  0	                  0	                  0	      721048134.054

Stiffness matrix with respect to the elastic center:
       578368653.27	     -2227272.38132	                  0	                  0	                  0	     -95565.4335713
     -2227272.38132	      477984600.282	                  0	                  0	                  0	       2252155.0313
                  0	                  0	      4660103573.67	 -4.04119491577e-05	  1.85333192348e-05	                  0
                  0	                  0	                  0	      1550236447.41	      6966021.71344	                  0
                  0	                  0	 -1.86264514923e-08	      6966021.71343	      1825343482.59	                  0
     -95565.4335713	       2252155.0313	                  0	                  0	                  0	      721058758.211

Stiffness matrix rotated along principle axis:
      578417105.165	      307566.392858	                  0	                  0	                  0	     -1234348.43843
      307566.392858	      477936148.387	                  0	                  0	                  0	      3239345.56364
                  0	                  0	      4660103573.67	      8722342.02823	     -9661689.47364	                  0
                  0	                  0	      8722342.02827	      1550076499.64	  3.28074050409e-06	                  0
                  0	                  0	     -9661689.47366	  5.21025458298e-09	      1825539787.39	                  0
     -1234348.43843	      3239345.56364	                  0	                  0	                  0	      721072732.641

Stiffness matrix at the elastic center rotated along principle axis:
      578417064.348	      314162.934644	                  0	                  0	                  0	     -152507.212707
      314162.934644	      477936189.203	                  0	                  0	                  0	      2249016.80456
                  0	                  0	      4660103573.67	 -4.08678507468e-05	  1.75050944563e-05	                  0
                  0	                  0	  4.71190000087e-10	      1550060172.79	  3.32875050772e-06	                  0
                  0	                  0	 -1.86204907341e-08	  1.65200150288e-09	      1825519757.21	                  0
     -152507.212707	      2249016.80456	                  0	                  0	                  0	      721058758.211

Mass matrix with respect to mass center
      314.603576421	                  0	                  0	                  0	                  0	                  0
                  0	      314.603576421	                  0	                  0	                  0	                  0
                  0	                  0	      314.603576421	                  0	                  0	                  0
                  0	                  0	                  0	      101.679746324	     0.477300063083	                  0
                  0	                  0	                  0	     0.477300063083	       123.06989816	                  0
                  0	                  0	                  0	                  0	                  0	      224.749644485
