********************************
*                              *
*          BECAS 2.3           *
*              by              *
*     becas-dtuwind@dtu.dk     *
*                              *
*   A cross section analysis   *
*   program for anisotropic    *
*   beams with arbitrary       *
*   geometry.                  *
*                              *
*     (c)DTU Wind Energy       *
********************************


Output generated on the (yyyy.mm.dd) 2021. 5.21 at (hh.mm.ss) 11.37.34  
Element type is: Q4 
The input folder: is C:\69.6_80\3.Structure\CrossSectionAnalysis_v1.06\BECASFiles\BECAS_Section_26\BECAS_SECTION 

Stiffness matrix w.r.t. to the cross section reference point 
K=
      70295889.7857	     -150810.674431	                  0	                  0	                  0	     -2856056.04517
      -150810.67443	      11827243.9602	                  0	                  0	                  0	     -474736.157439
                  0	                  0	       968554836.65	      30235409.3142	      124991749.583	                  0
                  0	                  0	      30235409.3142	      18291783.9869	      3704175.24268	                  0
                  0	                  0	      124991749.583	      3704175.24268	      91661500.7123	                  0
     -2856056.04517	     -474736.157439	                  0	                  0	                  0	       3526509.4734

Compliance matrix w.r.t. to the cross section reference point 
F=
  1.47148706755e-08	  6.69600567798e-10	                  0	                 -0	                 -0	  1.20074479501e-08
  6.69600567797e-10	  8.50403736459e-08	                  0	                 -0	                 -0	  1.19903710114e-08
                  0	                  0	  1.31035309237e-09	 -1.81899292139e-09	 -1.71331972333e-09	                 -0
                  0	                  0	 -1.81899292139e-09	  5.76455037592e-08	  1.50881883226e-10	                 -0
                  0	                  0	 -1.71331972333e-09	  1.50881883225e-10	  1.32399309137e-08	                 -0
  1.20074479501e-08	  1.19903710114e-08	                  0	                  0	                  0	  2.94905263919e-07

Mass matrix w.r.t. to the cross section reference point 
M=
      55.2373903389	                  0	                  0	                  0	                  0	     -1.68107568197
                  0	      55.2373903389	                  0	                  0	                  0	     -8.42127354353
                  0	                  0	      55.2373903389	      1.68107568197	      8.42127354353	                  0
                 -0	                 -0	      1.68107568197	     0.975180313905	     0.239946223465	                  0
                 -0	                 -0	      8.42127354353	     0.239946223465	      6.95368063688	                  0
     -1.68107568197	     -8.42127354353	                 -0	                  0	                  0	      7.92886095078

Shear center;
ShearX=   -0.0406583824652 
ShearY=    0.0407162889889 

Elastic center:
ElasticX=    -0.129049739729 
ElasticY=    0.0312170340491 

Orientation of principle axis w.r.t. reference center:
alpha_p=     -2.88288847948o or    -0.0503158959347rad 

Orientation of principle axis w.r.t. elastic center:
alpha_p=     0.194677412949o or    0.00339776183523rad 

Mass center:
MassX=     -0.15245603552 
MassY=    0.0304336550236 

Mass per unit length:
Mass=      55.2373903389 

Mass moments of inertia:
Ixx=     0.975180313905 
Iyy=      6.95368063688 
Ixy=    -0.239946223465 

Area center:
AreaX=    -0.198261584599 
AreaY=    0.0278911400413 

Area per unit length:
Area=    0.0389262269727 
Area moments:
Ixx=   0.00108569684777 
Iyy=  -0.00771757544206 
Ixy= -0.000205247336902 

Stiffness matrix with respect to shear center:
      70295889.7857	     -150810.674431	                  0	                  0	                  0	 -1.44354999065e-08
      -150810.67443	      11827243.9602	                  0	                  0	                  0	 -2.76486389339e-08
                  0	                  0	       968554836.65	     -9200549.31653	      85611876.5958	                  0
                  0	                  0	     -9200549.31652	      17435322.5484	     -1010945.50157	                  0
                  0	                  0	      85611876.5958	     -1010945.50157	      83098697.9305	                  0
                  0	  5.82076609135e-11	                  0	                  0	                  0	      3390919.46583

Stiffness matrix with respect to the elastic center:
      70295889.7857	     -150810.674431	                  0	                  0	                  0	     -681088.938497
      -150810.67443	      11827243.9602	                  0	                  0	                  0	      1046858.73537
                  0	                  0	       968554836.65	 -2.13086605072e-06	  9.01520252228e-06	                  0
                  0	                  0	                  0	      17347924.1849	     -197696.459908	                  0
                  0	                  0	  1.01327896118e-06	     -197696.459908	      75531347.9603	                  0
     -681088.938497	      1046858.73537	                  0	                  0	                  0	      3489922.56778

Stiffness matrix rotated along principle axis:
      70163140.9577	      2786891.78339	                  0	                  0	                  0	     -2828564.78707
      2786891.78339	      11959992.7881	                  0	                  0	                  0	     -617779.732316
                  0	                  0	       968554836.65	      23910725.5179	      126354242.689	                  0
                  0	                  0	      23910725.5179	       18105247.647	 -5.06331725667e-08	                  0
                  0	                  0	      126354242.689	  4.36505975147e-10	      91848037.0522	                  0
     -2828564.78707	     -617779.732316	                  0	                  0	                  0	       3526509.4734

Stiffness matrix at the elastic center rotated along principle axis:
      70294189.9507	     -349468.196627	                  0	                  0	                  0	     -677528.037175
     -349468.196626	      11828943.7952	                  0	                  0	                  0	      1049166.86605
                  0	                  0	       968554836.65	 -2.10022229841e-06	  9.02239064445e-06	                  0
                  0	                  0	   3.4428739582e-09	      17347252.4568	 -5.74605182079e-07	                  0
                  0	                  0	  1.01327311214e-06	  4.88656148252e-11	      75532019.6884	                  0
     -677528.037174	      1049166.86605	                  0	                  0	                  0	      3489922.56778

Mass matrix with respect to mass center
      55.2373903389	                  0	                  0	                  0	                  0	                  0
                  0	      55.2373903389	                  0	                  0	                  0	                  0
                  0	                  0	      55.2373903389	                  0	                  0	                  0
                  0	                  0	                  0	     0.924019036532	   -0.0163439104178	                  0
                  0	                  0	                  0	   -0.0163439104178	       5.6698066584	                  0
                  0	                  0	                  0	                  0	                  0	      6.59382569493
