********************************
*                              *
*          BECAS 2.3           *
*              by              *
*     becas-dtuwind@dtu.dk     *
*                              *
*   A cross section analysis   *
*   program for anisotropic    *
*   beams with arbitrary       *
*   geometry.                  *
*                              *
*     (c)DTU Wind Energy       *
********************************


Output generated on the (yyyy.mm.dd) 2021. 5.21 at (hh.mm.ss) 12.49.30  
Element type is: Q4 
The input folder: is C:\CPL\3.Structure\CrossSectionAnalysis_v1.06\BECASFiles\BECAS_Section_8\BECAS_SECTION 

Stiffness matrix w.r.t. to the cross section reference point 
K=
      210779562.406	     -2865822.78481	                  0	                  0	                  0	      1860019.04092
     -2865822.78481	      94482038.0971	                  0	                  0	                  0	      10574041.1363
                  0	                  0	      2816425565.06	      -22167075.583	      693757992.045	                  0
                  0	                  0	     -22167075.5832	      884751489.023	      30393864.0334	                  0
                  0	                  0	      693757992.045	      30393864.0334	      1985027540.36	                  0
      1860019.04096	      10574041.1363	                  0	                  0	                  0	       157525148.31

Compliance matrix w.r.t. to the cross section reference point 
F=
  4.74693568386e-09	  1.51394036208e-10	                  0	                  0	                  0	 -6.62131579404e-11
  1.51394036208e-10	  1.06689647509e-08	                  0	                  0	                  0	 -7.17953096127e-10
                  0	                  0	  3.88689978135e-10	  1.44127396393e-11	 -1.36066040454e-10	                 -0
                  0	                  0	  1.44127396394e-11	  1.13139014025e-09	 -2.23605317816e-11	                 -0
                  0	                  0	 -1.36066040454e-10	 -2.23605317816e-11	  5.51668177751e-10	                 -0
 -6.62131579416e-11	 -7.17953096128e-10	                  0	                  0	                  0	  6.39716790694e-09

Mass matrix w.r.t. to the cross section reference point 
M=
      192.095406821	                  0	                  0	                  0	                  0	     0.808350443999
                  0	      192.095406821	                  0	                  0	                  0	     -61.5842369496
                  0	                  0	      192.095406821	    -0.808350443999	      61.5842369496	                  0
                 -0	                 -0	    -0.808350443999	      52.8973433943	      2.78512867085	                  0
                 -0	                 -0	      61.5842369496	      2.78512867085	      160.220923548	                  0
     0.808350443999	     -61.5842369496	                 -0	                  0	                  0	      213.118266942

Shear center;
ShearX=     0.112229834604 
ShearY=   -0.0103503861247 

Elastic center:
ElasticX=    -0.246325697598 
ElasticY=  -0.00787064137544 

Orientation of principle axis w.r.t. reference center:
alpha_p=     -1.58112281315o or    -0.0275957989678rad 

Orientation of principle axis w.r.t. elastic center:
alpha_p=      -2.2055948285o or    -0.0384948917222rad 

Mass center:
MassX=    -0.320591928608 
MassY=  -0.00420806752944 

Mass per unit length:
Mass=      192.095406821 

Mass moments of inertia:
Ixx=      52.8973433943 
Iyy=      160.220923548 
Ixy=     -2.78512867085 

Area center:
AreaX=    -0.497247883031 
AreaY=   0.00286220950616 

Area per unit length:
Area=     0.325550835442 
Area moments:
Ixx=  0.000931794695941 
Iyy=    -0.161879463743 
Ixy=  -0.00723387405274 

Stiffness matrix with respect to shear center:
      210779562.406	     -2865822.78481	                  0	                  0	                  0	  -3.9323233068e-05
     -2865822.78481	      94482038.0971	                  0	                  0	                  0	 -1.57763606694e-05
                  0	                  0	      2816425565.06	      6984016.50695	      1009844967.38	                  0
                  0	                  0	      6984016.50675	      884594338.499	      38358342.1456	                  0
                  0	                  0	      1009844967.38	      38358342.1457	      2176222618.72	                  0
  4.65661287308e-10	                  0	                  0	                  0	                  0	      156319173.507

Stiffness matrix with respect to the elastic center:
      210779562.406	     -2865822.78481	                  0	                  0	                  0	     -504877.100708
     -2865822.78481	      94482038.0971	                  0	                  0	                  0	      33869950.9444
                  0	                  0	      2816425565.06	   0.00020145252347	   2.7060508728e-05	                  0
                  0	                  0	 -1.49011611938e-08	      884577019.921	      35854184.3901	                  0
                  0	                  0	 -4.76837158203e-07	      35854184.3901	         1814137119	                  0
     -504877.100668	      33869950.9444	                  0	                  0	                  0	      168462179.827

Stiffness matrix rotated along principle axis:
        210849110.1	      346234.939491	                  0	                  0	                  0	      1567548.77812
      346234.939491	      94412490.4023	                  0	                  0	                  0	       10621337.374
                  0	                  0	      2816425565.06	     -41301011.9815	      692882210.174	                  0
                  0	                  0	     -41301011.9817	      883912533.088	 -6.71302217186e-05	                  0
                  0	                  0	      692882210.174	 -1.08771724119e-09	      1985866496.29	                  0
      1567548.77816	       10621337.374	                  0	                  0	                  0	       157525148.31

Stiffness matrix at the elastic center rotated along principle axis:
       210827732.42	      1615105.70382	                  0	                  0	                  0	     -1808001.17482
      1615105.70382	      94433868.0824	                  0	                  0	                  0	      33825428.4469
                  0	                  0	      2816425565.06	  0.000200261845917	  3.47934392526e-05	                  0
                  0	                  0	  3.46113980268e-09	      883196134.817	 -1.72852449022e-05	                  0
                  0	                  0	 -4.77057376591e-07	  9.80259453523e-10	      1815518004.11	                  0
     -1808001.17478	      33825428.4469	                  0	                  0	                  0	      168462179.827

Mass matrix with respect to mass center
      192.095406821	                  0	                  0	                  0	                  0	                  0
                  0	      192.095406821	                  0	                  0	                  0	                  0
                  0	                  0	      192.095406821	                  0	                  0	                  0
                  0	                  0	                  0	      52.8939418011	      3.04427929868	                  0
                  0	                  0	                  0	      3.04427929868	      140.477514252	                  0
                  0	                  0	                  0	                  0	                  0	      193.371456053
