********************************
*                              *
*          BECAS 2.3           *
*              by              *
*     becas-dtuwind@dtu.dk     *
*                              *
*   A cross section analysis   *
*   program for anisotropic    *
*   beams with arbitrary       *
*   geometry.                  *
*                              *
*     (c)DTU Wind Energy       *
********************************


Output generated on the (yyyy.mm.dd) 2021. 5.21 at (hh.mm.ss) 11.36.21  
Element type is: Q4 
The input folder: is C:\69.6_80\3.Structure\CrossSectionAnalysis_v1.06\BECASFiles\BECAS_Section_8\BECAS_SECTION 

Stiffness matrix w.r.t. to the cross section reference point 
K=
      210779562.406	     -2865822.78497	                  0	                  0	                  0	      1860019.04093
     -2865822.78497	      94482038.0965	                  0	                  0	                  0	      10574041.1363
                  0	                  0	      2816425565.08	     -22167075.5782	       693757992.06	                  0
                  0	                  0	     -22167075.5781	      884751489.025	      30393864.0363	                  0
                  0	                  0	       693757992.06	      30393864.0361	      1985027540.37	                  0
      1860019.04092	      10574041.1363	                  0	                  0	                  0	       157525148.31

Compliance matrix w.r.t. to the cross section reference point 
F=
  4.74693568387e-09	  1.51394036217e-10	                  0	                  0	                  0	 -6.62131579412e-11
  1.51394036217e-10	   1.0668964751e-08	                  0	                  0	                  0	 -7.17953096132e-10
                  0	                  0	  3.88689978132e-10	  1.44127396376e-11	 -1.36066040455e-10	                 -0
                  0	                  0	  1.44127396376e-11	  1.13139014025e-09	 -2.23605317826e-11	                 -0
                  0	                  0	 -1.36066040455e-10	 -2.23605317825e-11	  5.51668177749e-10	                 -0
 -6.62131579411e-11	 -7.17953096132e-10	                  0	                  0	                  0	  6.39716790694e-09

Mass matrix w.r.t. to the cross section reference point 
M=
      192.095406821	                  0	                  0	                  0	                  0	     0.808350443999
                  0	      192.095406821	                  0	                  0	                  0	     -61.5842369496
                  0	                  0	      192.095406821	    -0.808350443999	      61.5842369496	                  0
                 -0	                 -0	    -0.808350443999	      52.8973433943	      2.78512867085	                  0
                 -0	                 -0	      61.5842369496	      2.78512867085	      160.220923548	                  0
     0.808350443999	     -61.5842369496	                 -0	                  0	                  0	      213.118266942

Shear center;
ShearX=     0.112229834604 
ShearY=   -0.0103503861247 

Elastic center:
ElasticX=    -0.246325697601 
ElasticY=  -0.00787064137357 

Orientation of principle axis w.r.t. reference center:
alpha_p=     -1.58112281327o or      -0.02759579897rad 

Orientation of principle axis w.r.t. elastic center:
alpha_p=     -2.20559482858o or    -0.0384948917238rad 

Mass center:
MassX=    -0.320591928608 
MassY=  -0.00420806752944 

Mass per unit length:
Mass=      192.095406821 

Mass moments of inertia:
Ixx=      52.8973433943 
Iyy=      160.220923548 
Ixy=     -2.78512867085 

Area center:
AreaX=    -0.497247883031 
AreaY=   0.00286220950616 

Area per unit length:
Area=     0.325550835442 
Area moments:
Ixx=  0.000931794695941 
Iyy=    -0.161879463743 
Ixy=  -0.00723387405274 

Stiffness matrix with respect to shear center:
      210779562.406	     -2865822.78497	                  0	                  0	                  0	  2.94949859381e-06
     -2865822.78497	      94482038.0965	                  0	                  0	                  0	  6.86571002007e-06
                  0	                  0	      2816425565.08	       6984016.5117	       1009844967.4	                  0
                  0	                  0	      6984016.51183	      884594338.501	      38358342.1491	                  0
                  0	                  0	       1009844967.4	       38358342.149	      2176222618.74	                  0
  2.32830643654e-10	                  0	                  0	                  0	                  0	      156319173.507

Stiffness matrix with respect to the elastic center:
      210779562.406	     -2865822.78497	                  0	                  0	                  0	     -504877.100356
     -2865822.78497	      94482038.0965	                  0	                  0	                  0	      33869950.9446
                  0	                  0	      2816425565.08	 -0.000125639140606	 -6.17504119873e-05	                  0
                  0	                  0	  4.47034835815e-08	      884577019.923	      35854184.3918	                  0
                  0	                  0	  2.14576721191e-06	      35854184.3917	      1814137119.01	                  0
      -504877.10036	      33869950.9446	                  0	                  0	                  0	      168462179.828

Stiffness matrix rotated along principle axis:
        210849110.1	      346234.939604	                  0	                  0	                  0	       1567548.7781
        346234.9396	      94412490.4018	                  0	                  0	                  0	       10621337.374
                  0	                  0	      2816425565.08	     -41301011.9787	      692882210.189	                  0
                  0	                  0	     -41301011.9786	       883912533.09	  0.000117381665183	                  0
                  0	                  0	      692882210.189	 -5.98238391164e-09	       1985866496.3	                  0
      1567548.77809	       10621337.374	                  0	                  0	                  0	       157525148.31

Stiffness matrix at the elastic center rotated along principle axis:
       210827732.42	      1615105.70386	                  0	                  0	                  0	     -1808001.17453
      1615105.70385	      94433868.0819	                  0	                  0	                  0	      33825428.4471
                  0	                  0	      2816425565.08	 -0.000123169574114	 -6.65399357174e-05	                  0
                  0	                  0	 -3.79103119121e-08	      883196134.818	   8.5922133299e-05	                  0
                  0	                  0	  2.14589797927e-06	 -1.72401772248e-08	      1815518004.11	                  0
     -1808001.17453	      33825428.4471	                  0	                  0	                  0	      168462179.828

Mass matrix with respect to mass center
      192.095406821	                  0	                  0	                  0	                  0	                  0
                  0	      192.095406821	                  0	                  0	                  0	                  0
                  0	                  0	      192.095406821	                  0	                  0	                  0
                  0	                  0	                  0	      52.8939418011	      3.04427929868	                  0
                  0	                  0	                  0	      3.04427929868	      140.477514252	                  0
                  0	                  0	                  0	                  0	                  0	      193.371456053
