********************************
*                              *
*          BECAS 2.3           *
*              by              *
*     becas-dtuwind@dtu.dk     *
*                              *
*   A cross section analysis   *
*   program for anisotropic    *
*   beams with arbitrary       *
*   geometry.                  *
*                              *
*     (c)DTU Wind Energy       *
********************************


Output generated on the (yyyy.mm.dd) 2021. 5.19 at (hh.mm.ss) 20.32.45  
Element type is: Q4 
The input folder: is C:\Users\andre\Documents\GitHub\PGE\Preliminare\64.8_80\Cp-Lambda_v3_2021_CLEAN_March2021\3.Structure\CrossSectionAnalysis_v1.06\BECASFiles\BECAS_Section_4\BECAS_SECTION 

Stiffness matrix w.r.t. to the cross section reference point 
K=
      379278321.054	     -3196078.79376	                  0	                  0	                  0	     -1431890.68248
     -3196078.79376	      203668022.403	                  0	                  0	                  0	     -9798960.17977
                  0	                  0	      3169181442.35	      9322950.60183	      610000459.195	                  0
                  0	                  0	      9322950.60195	       1541959508.6	       21859913.864	                  0
                  0	                  0	      610000459.195	       21859913.864	      2156303398.35	                  0
     -1431890.68249	     -9798960.17977	                  0	                  0	                  0	      538820980.826

Compliance matrix w.r.t. to the cross section reference point 
F=
  2.63696741075e-09	  4.17545358191e-11	                  0	                  0	                 -0	  7.76695831862e-12
  4.17545358191e-11	  4.91491192032e-09	                  0	                  0	                 -0	   8.9493200601e-11
                  0	                  0	  3.33710320413e-10	 -6.79430483908e-13	 -9.43970113639e-11	                 -0
                  0	                  0	 -6.79430483933e-13	  6.48620062361e-10	 -6.38329735835e-12	                 -0
                  0	                  0	 -9.43970113639e-11	 -6.38329735835e-12	  4.90525479586e-10	                 -0
  7.76695831867e-12	  8.94932006009e-11	                  0	                  0	                  0	  1.85755213208e-09

Mass matrix w.r.t. to the cross section reference point 
M=
      219.030683591	                  0	                  0	                  0	                  0	    -0.900507675222
                  0	      219.030683591	                  0	                  0	                  0	     -45.3680771173
                  0	                  0	      219.030683591	     0.900507675222	      45.3680771173	                  0
                 -0	                 -0	     0.900507675222	      96.9850764831	      1.66728861478	                  0
                 -0	                 -0	      45.3680771173	      1.66728861478	      163.324805877	                  0
    -0.900507675222	     -45.3680771173	                 -0	                  0	                  0	       260.30988236

Shear center;
ShearX=   -0.0481780290605 
ShearY=    0.0041812868584 

Elastic center:
ElasticX=    -0.192478868847 
ElasticY=   0.00294175350056 

Orientation of principle axis w.r.t. reference center:
alpha_p=     -2.03529789219o or    -0.0355226494775rad 

Orientation of principle axis w.r.t. elastic center:
alpha_p=     -2.30839093877o or    -0.0402890223048rad 

Mass center:
MassX=    -0.207131148812 
MassY=   0.00411133116355 

Mass per unit length:
Mass=      219.030683591 

Mass moments of inertia:
Ixx=      96.9850764831 
Iyy=      163.324805877 
Ixy=     -1.66728861478 

Area center:
AreaX=     -0.24817279116 
AreaY=   0.00711582012694 

Area per unit length:
Area=     0.255208818294 
Area moments:
Ixx=   0.00181602004579 
Iyy=   -0.0633358847647 
Ixy=  -0.00244975858695 

Stiffness matrix with respect to shear center:
      379278321.054	     -3196078.79376	                  0	                  0	                  0	  1.09788961709e-05
     -3196078.79376	      203668022.403	                  0	                  0	                  0	 -8.21493813419e-07
                  0	                  0	      3169181442.35	     -3928306.11497	      457315543.567	                  0
                  0	                  0	     -3928306.11484	      1541936952.05	      19498585.0066	                  0
                  0	                  0	      457315543.567	      19498585.0065	      2104882216.96	                  0
                  0	 -1.86264514923e-09	                  0	                  0	                  0	      538342899.092

Stiffness matrix with respect to the elastic center:
      379278321.054	     -3196078.79376	                  0	                  0	                  0	     -931324.984804
     -3196078.79376	      203668022.403	                  0	                  0	                  0	      29393428.3167
                  0	                  0	      3169181442.35	 -0.000125393271446	 -3.06367874146e-05	                  0
                  0	                  0	 -1.86264514923e-09	      1541932082.78	      20065442.8779	                  0
                  0	                  0	 -1.19209289551e-07	      20065442.8779	      2038891199.97	                  0
     -931324.984815	      29393428.3167	                  0	                  0	                  0	       542585549.89

Stiffness matrix rotated along principle axis:
       379283694.28	      3044880.45135	                  0	                  0	                  0	     -1082975.52902
      3044880.45135	      203662649.177	                  0	                  0	                  0	     -9843632.23281
                  0	                  0	      3169181442.35	     -12347206.5159	      609946738.755	                  0
                  0	                  0	     -12347206.5158	      1541182659.76	   3.2818311093e-05	                  0
                  0	                  0	      609946738.755	  4.50403878585e-09	       2157080247.2	                  0
     -1082975.52904	     -9843632.23281	                  0	                  0	                  0	      538820980.826

Stiffness matrix at the elastic center rotated along principle axis:
      379250678.865	       3881804.8027	                  0	                  0	                  0	     -2114481.36086
       3881804.8027	      203695664.591	                  0	                  0	                  0	      29332063.7359
                  0	                  0	      3169181442.35	 -0.000124057523388	 -3.56625315693e-05	                  0
                  0	                  0	  2.94039287644e-09	      1541123228.01	  8.77009545721e-06	                  0
                  0	                  0	 -1.19187575912e-07	  3.92086837876e-09	      2039700054.74	                  0
     -2114481.36087	      29332063.7359	                  0	                  0	                  0	       542585549.89

Mass matrix with respect to mass center
      219.030683591	                  0	                  0	                  0	                  0	                  0
                  0	      219.030683591	                  0	                  0	                  0	                  0
                  0	                  0	      219.030683591	                  0	                  0	                  0
                  0	                  0	                  0	      96.9813741978	       1.4807654255	                  0
                  0	                  0	                  0	       1.4807654255	      153.927663944	                  0
                  0	                  0	                  0	                  0	                  0	      250.909038142
