********************************
*                              *
*          BECAS 2.3           *
*              by              *
*     becas-dtuwind@dtu.dk     *
*                              *
*   A cross section analysis   *
*   program for anisotropic    *
*   beams with arbitrary       *
*   geometry.                  *
*                              *
*     (c)DTU Wind Energy       *
********************************


Output generated on the (yyyy.mm.dd) 2021. 5.21 at (hh.mm.ss) 11.36. 1  
Element type is: Q4 
The input folder: is C:\69.6_80\3.Structure\CrossSectionAnalysis_v1.06\BECASFiles\BECAS_Section_3\BECAS_SECTION 

Stiffness matrix w.r.t. to the cross section reference point 
K=
       520116885.51	     -3414180.42406	                  0	                  0	                  0	     -1750424.93432
     -3414180.42406	       325301544.34	                  0	                  0	                  0	     -14695982.7308
                  0	                  0	      4008692134.84	       12558287.548	      382968184.236	                  0
                  0	                  0	       12558287.548	      1549521566.19	      15323040.9005	                  0
                  0	                  0	      382968184.236	      15323040.9005	      2074777940.39	                  0
     -1750424.93432	     -14695982.7308	                  0	                  0	                  0	      677017621.937

Compliance matrix w.r.t. to the cross section reference point 
F=
  1.92279705065e-09	  2.04252061532e-11	                  0	                  0	                 -0	  5.41474883254e-12
  2.04252061532e-11	  3.07730536233e-09	                  0	                  0	                 -0	  6.68517004371e-11
                  0	                  0	  2.53939766354e-10	 -1.59468175041e-12	 -4.68611189465e-11	                 -0
                  0	                  0	 -1.59468175042e-12	  6.45417642239e-10	 -4.47230924085e-12	                 -0
                  0	                  0	 -4.68611189465e-11	 -4.47230924085e-12	   4.9066207385e-10	                 -0
  5.41474883254e-12	  6.68517004371e-11	                  0	                  0	                  0	  1.47853157305e-09

Mass matrix w.r.t. to the cross section reference point 
M=
      271.237532231	                  0	                  0	                  0	                  0	    -0.948672952764
                  0	      271.237532231	                  0	                  0	                  0	     -26.2458312491
                  0	                  0	      271.237532231	     0.948672952764	      26.2458312491	                  0
                 -0	                 -0	     0.948672952764	      99.2843620189	      1.07324598372	                  0
                 -0	                 -0	      26.2458312491	      1.07324598372	      144.423743819	                  0
    -0.948672952764	     -26.2458312491	                 -0	                  0	                  0	      243.708105838

Shear center;
ShearX=   -0.0452149292282 
ShearY=   0.00366224768631 

Elastic center:
ElasticX=   -0.0955344464864 
ElasticY=   0.00313276428461 

Orientation of principle axis w.r.t. reference center:
alpha_p=     -1.66956829012o or    -0.0291394637495rad 

Orientation of principle axis w.r.t. elastic center:
alpha_p=      -1.6539609938o or    -0.0288670650413rad 

Mass center:
MassX=   -0.0967632725209 
MassY=   0.00349757257029 

Mass per unit length:
Mass=      271.237532231 

Mass moments of inertia:
Ixx=      99.2843620189 
Iyy=      144.423743819 
Ixy=     -1.07324598372 

Area center:
AreaX=    -0.100692467265 
AreaY=   0.00425274520609 

Area per unit length:
Area=     0.220748118176 
Area moments:
Ixx=  0.000938785501328 
Iyy=   -0.0222276726632 
Ixy= -0.000947656221509 

Stiffness matrix with respect to shear center:
       520116885.51	     -3414180.42406	                  0	                  0	                  0	 -4.54485416412e-07
     -3414180.42406	       325301544.34	                  0	                  0	                  0	  6.51925802231e-08
                  0	                  0	      4008692134.84	     -2122535.94797	      201715453.062	                  0
                  0	                  0	     -2122535.94792	      1549483347.88	      14016486.8665	                  0
                  0	                  0	      201715453.062	      14016486.8665	      2048341511.11	                  0
 -2.32830643654e-10	                  0	                  0	                  0	                  0	      676346733.628

Stiffness matrix with respect to the elastic center:
       520116885.51	     -3414180.42406	                  0	                  0	                  0	     -447193.168593
     -3414180.42406	       325301544.34	                  0	                  0	                  0	      16370824.4264
                  0	                  0	      4008692134.84	 -4.44855540991e-05	 -1.57356262207e-05	                  0
                  0	                  0	                  0	      1549482224.04	      14123291.8508	                  0
                  0	                  0	  1.78813934326e-07	      14123291.8508	      2038191286.89	                  0
     -447193.168592	      16370824.4264	                  0	                  0	                  0	      677170742.392

Stiffness matrix rotated along principle axis:
       520150375.15	      2265217.58369	                  0	                  0	                  0	     -1321509.38078
      2265217.58369	        325268054.7	                  0	                  0	                  0	     -14740743.1574
                  0	                  0	      4008692134.84	      1395047.93203	      383171494.979	                  0
                  0	                  0	      1395047.93208	      1549074934.58	 -1.04423672038e-05	                  0
                  0	                  0	      383171494.979	   4.2227808574e-09	      2075224572.01	                  0
     -1321509.38078	     -14740743.1574	                  0	                  0	                  0	      677017621.937

Stiffness matrix at the elastic center rotated along principle axis:
      520151594.774	      2212131.55782	                  0	                  0	                  0	     -919518.879319
      2212131.55782	      325266835.076	                  0	                  0	                  0	      16351096.5737
                  0	                  0	      4008692134.84	 -4.40128420534e-05	 -1.70130594087e-05	                  0
                  0	                  0	 -5.16111660331e-09	      1549074412.77	 -1.46414329773e-05	                  0
                  0	                  0	  1.78739436008e-07	  2.13677009538e-09	      2038599098.16	                  0
     -919518.879319	      16351096.5737	                  0	                  0	                  0	      677170742.392

Mass matrix with respect to mass center
      271.237532231	                  0	                  0	                  0	                  0	                  0
                  0	      271.237532231	                  0	                  0	                  0	                  0
                  0	                  0	      271.237532231	                  0	                  0	                  0
                  0	                  0	                  0	      99.2810439664	     0.981449284262	                  0
                  0	                  0	                  0	     0.981449284262	      141.884111297	                  0
                  0	                  0	                  0	                  0	                  0	      241.165155264
