********************************
*                              *
*          BECAS 2.3           *
*              by              *
*     becas-dtuwind@dtu.dk     *
*                              *
*   A cross section analysis   *
*   program for anisotropic    *
*   beams with arbitrary       *
*   geometry.                  *
*                              *
*     (c)DTU Wind Energy       *
********************************


Output generated on the (yyyy.mm.dd) 2021. 5.21 at (hh.mm.ss) 11.36.28  
Element type is: Q4 
The input folder: is C:\69.6_80\3.Structure\CrossSectionAnalysis_v1.06\BECASFiles\BECAS_Section_10\BECAS_SECTION 

Stiffness matrix w.r.t. to the cross section reference point 
K=
      210290698.679	     -5324424.33328	                  0	                  0	                  0	      2305293.32387
     -5324424.33329	      81964790.1507	                  0	                  0	                  0	      7892671.98582
                  0	                  0	      2796265730.74	     -59471475.9223	      652600323.588	                  0
                  0	                  0	     -59471475.9224	      557865424.736	      33637991.9009	                  0
                  0	                  0	      652600323.588	      33637991.9009	      1615804835.04	                  0
      2305293.32387	      7892671.98582	                  0	                  0	                  0	      100480719.127

Compliance matrix w.r.t. to the cross section reference point 
F=
  4.76496362023e-09	   3.2249772588e-10	                  0	                  0	                  0	 -1.34652774247e-10
  3.22497725881e-10	  1.23151716013e-08	                  0	                  0	                  0	 -9.74744832681e-10
                  0	                  0	  3.96336217286e-10	  5.19689442439e-11	 -1.61156390258e-10	                 -0
                  0	                  0	   5.1968944244e-11	  1.80161433781e-09	 -5.84957021319e-11	                 -0
                  0	                  0	 -1.61156390258e-10	 -5.84957021318e-11	  6.85193141136e-10	                 -0
 -1.34652774247e-10	 -9.74744832681e-10	                  0	                  0	                  0	  1.00318127113e-08

Mass matrix w.r.t. to the cross section reference point 
M=
       184.59897763	                  0	                  0	                  0	                  0	      3.00521118734
                  0	       184.59897763	                  0	                  0	                  0	     -54.5528337654
                  0	                  0	       184.59897763	     -3.00521118734	      54.5528337654	                  0
                 -0	                 -0	     -3.00521118734	      32.5038947942	      2.97281929494	                  0
                 -0	                 -0	      54.5528337654	      2.97281929494	      125.685132621	                  0
      3.00521118734	     -54.5528337654	                 -0	                  0	                  0	      158.189027415

Shear center;
ShearX=    0.0971653738693 
ShearY=   -0.0134225765694 

Elastic center:
ElasticX=    -0.233382799215 
ElasticY=   -0.0212681775086 

Orientation of principle axis w.r.t. reference center:
alpha_p=     -1.81931336401o or    -0.0317530083275rad 

Orientation of principle axis w.r.t. elastic center:
alpha_p=      -2.9911371895o or    -0.0522051923357rad 

Mass center:
MassX=    -0.295520779506 
MassY=   -0.0162796740584 

Mass per unit length:
Mass=       184.59897763 

Mass moments of inertia:
Ixx=      32.5038947942 
Iyy=      125.685132621 
Ixy=     -2.97281929494 

Area center:
AreaX=    -0.451303739412 
AreaY=  -0.00523510944138 

Area per unit length:
Area=     0.282770735216 
Area moments:
Ixx=  -0.00148033574567 
Iyy=    -0.127615490199 
Ixy=   -0.0071657778109 

Stiffness matrix with respect to shear center:
      210290698.679	     -5324424.33328	                  0	                  0	                  0	 -9.31788235903e-07
     -5324424.33329	      81964790.1507	                  0	                  0	                  0	 -7.88830220699e-07
                  0	                  0	      2796265730.74	     -21938385.0432	      924300528.753	                  0
                  0	                  0	     -21938385.0433	      556772694.644	      40265918.3286	                  0
                  0	                  0	      924300528.753	      40265918.3287	      1769024995.91	                  0
  4.65661287308e-10	  9.31322574615e-10	                  0	                  0	                  0	      99682881.7261

Stiffness matrix with respect to the elastic center:
      210290698.679	     -5324424.33328	                  0	                  0	                  0	     -3409835.63916
     -5324424.33329	      81964790.1507	                  0	                  0	                  0	      27135084.9501
                  0	                  0	      2796265730.74	   9.5047056675e-05	  -7.9870223999e-05	                  0
                  0	                  0	  7.45058059692e-08	       556600574.83	      47517611.4251	                  0
                  0	                  0	  2.50339508057e-06	      47517611.4251	      1463499144.75	                  0
     -3409835.63916	      27135084.9501	                  0	                  0	                  0	      108679086.693

Stiffness matrix rotated along principle axis:
       210499262.85	     -1241695.91725	                  0	                  0	                  0	      2053557.29411
     -1241695.91726	      81756225.9798	                  0	                  0	                  0	      7961881.11093
                  0	                  0	      2796265730.74	     -80160038.7876	      650383276.981	                  0
                  0	                  0	     -80160038.7877	       556796958.18	  3.10711380923e-06	                  0
                  0	                  0	      650383276.981	 -8.80687581992e-09	       1616873301.6	                  0
      2053557.29411	      7961881.11093	                  0	                  0	                  0	      100480719.127

Stiffness matrix at the elastic center rotated along principle axis:
      210496194.822	      1391684.79885	                  0	                  0	                  0	     -4821139.09916
      1391684.79884	      81759294.0078	                  0	                  0	                  0	      26920186.3315
                  0	                  0	      2796265730.74	   9.9085313001e-05	 -7.48017139624e-05	                  0
                  0	                  0	 -5.62265656662e-08	      554117652.739	  2.35152686648e-05	                  0
                  0	                  0	  2.50387232459e-06	 -6.34873524173e-09	      1465982066.84	                  0
     -4821139.09916	      26920186.3315	                  0	                  0	                  0	      108679086.693

Mass matrix with respect to mass center
       184.59897763	                  0	                  0	                  0	                  0	                  0
                  0	       184.59897763	                  0	                  0	                  0	                  0
                  0	                  0	       184.59897763	                  0	                  0	                  0
                  0	                  0	                  0	      32.4549709356	       3.8609216476	                  0
                  0	                  0	                  0	       3.8609216476	      109.563636662	                  0
                  0	                  0	                  0	                  0	                  0	      142.018607598
