********************************
*                              *
*          BECAS 2.3           *
*              by              *
*     becas-dtuwind@dtu.dk     *
*                              *
*   A cross section analysis   *
*   program for anisotropic    *
*   beams with arbitrary       *
*   geometry.                  *
*                              *
*     (c)DTU Wind Energy       *
********************************


Output generated on the (yyyy.mm.dd) 2021. 5.19 at (hh.mm.ss) 20.33. 3  
Element type is: Q4 
The input folder: is C:\Users\andre\Documents\GitHub\PGE\Preliminare\64.8_80\Cp-Lambda_v3_2021_CLEAN_March2021\3.Structure\CrossSectionAnalysis_v1.06\BECASFiles\BECAS_Section_11\BECAS_SECTION 

Stiffness matrix w.r.t. to the cross section reference point 
K=
      208360926.298	     -6506395.29206	                  0	                  0	                  0	      2247071.36057
     -6506395.29206	      75567587.6344	                  0	                  0	                  0	      6593142.72179
                  0	                  0	      2780860138.26	     -73023885.3495	      619665739.986	                  0
                  0	                  0	     -73023885.3495	      438667271.048	      32758110.9847	                  0
                  0	                  0	      619665739.986	      32758110.9847	      1411538927.99	                  0
      2247071.36056	      6593142.72179	                  0	                  0	                  0	       78725331.492

Compliance matrix w.r.t. to the cross section reference point 
F=
  4.81465169208e-09	  4.29672893816e-10	                  0	                  0	                  0	 -1.73410011521e-10
  4.29672893816e-10	  1.33689376555e-08	                  0	                  0	                  0	 -1.13189513422e-09
                  0	                  0	  4.01383787818e-10	   8.0114787098e-11	 -1.78066779456e-10	                 -0
                  0	                  0	   8.0114787098e-11	   2.2995803078e-09	  -8.8537618973e-11	                 -0
                  0	                  0	 -1.78066779456e-10	 -8.85376189729e-11	  7.88672693138e-10	                 -0
  -1.7341001152e-10	 -1.13189513422e-09	                  0	                  0	                  0	  1.28021361325e-08

Mass matrix w.r.t. to the cross section reference point 
M=
      180.410513453	                  0	                  0	                  0	                  0	      3.76522193524
                  0	      180.410513453	                  0	                  0	                  0	     -50.3369374231
                  0	                  0	      180.410513453	     -3.76522193524	      50.3369374231	                  0
                 -0	                 -0	     -3.76522193524	      25.2132019276	      2.85694831035	                  0
                 -0	                 -0	      50.3369374231	      2.85694831035	      107.943242391	                  0
      3.76522193524	     -50.3369374231	                 -0	                  0	                  0	      133.156444318

Shear center;
ShearX=    0.0884145522671 
ShearY=   -0.0135453966218 

Elastic center:
ElasticX=    -0.222832400472 
ElasticY=   -0.0262594599221 

Orientation of principle axis w.r.t. reference center:
alpha_p=     -1.92633003156o or    -0.0336208015308rad 

Orientation of principle axis w.r.t. elastic center:
alpha_p=     -3.34222667407o or    -0.0583328598106rad 

Mass center:
MassX=    -0.279013326106 
MassY=   -0.0208703021968 

Mass per unit length:
Mass=      180.410513453 

Mass moments of inertia:
Ixx=      25.2132019276 
Iyy=      107.943242391 
Ixy=     -2.85694831035 

Area center:
AreaX=    -0.424356593939 
AreaY=  -0.00822817797995 

Area per unit length:
Area=     0.261561060973 
Area moments:
Ixx=  -0.00215217096231 
Iyy=    -0.110995160941 
Ixy=  -0.00666949959675 

Stiffness matrix with respect to shear center:
      208360926.298	     -6506395.29206	                  0	                  0	                  0	  8.76421108842e-06
     -6506395.29206	      75567587.6344	                  0	                  0	                  0	 -2.45858973358e-06
                  0	                  0	      2780860138.26	     -35356031.8272	      865534244.027	                  0
                  0	                  0	     -35356031.8271	      437199222.084	      38025741.4818	                  0
                  0	                  0	      865534244.027	      38025741.4818	       1542852219.6	                  0
 -4.65661287308e-10	 -1.86264514923e-09	                  0	                  0	                  0	      78111964.2574

Stiffness matrix with respect to the elastic center:
      208360926.298	     -6506395.29206	                  0	                  0	                  0	     -4674209.71423
     -6506395.29206	      75567587.6344	                  0	                  0	                  0	      23602904.0987
                  0	                  0	      2780860138.26	 -2.58386135101e-05	  1.95503234863e-05	                  0
                  0	                  0	  2.08616256714e-07	      436749703.257	       49030198.649	                  0
                  0	                  0	  5.00679016113e-06	      49030198.6489	      1273457323.66	                  0
     -4674209.71424	      23602904.0987	                  0	                  0	                  0	      85517724.4322

Stiffness matrix rotated along principle axis:
      208648049.631	     -2030436.88565	                  0	                  0	                  0	      2024176.49752
     -2030436.88565	      75280464.3018	                  0	                  0	                  0	      6664950.87426
                  0	                  0	      2780860138.26	     -93812351.8245	      616860891.765	                  0
                  0	                  0	     -93812351.8245	      437565501.938	   3.5458409798e-05	                  0
                  0	                  0	      616860891.765	 -1.50122861401e-09	       1412640697.1	                  0
      2024176.49751	      6664950.87426	                  0	                  0	                  0	       78725331.492

Stiffness matrix at the elastic center rotated along principle axis:
      208666932.213	      1266488.43896	                  0	                  0	                  0	     -6042303.65287
      1266488.43896	      75261581.7193	                  0	                  0	                  0	      23290253.0023
                  0	                  0	      2780860138.26	 -2.69344447882e-05	  1.80106851757e-05	                  0
                  0	                  0	 -8.36333576093e-08	      433886383.121	  3.00272712717e-05	                  0
                  0	                  0	  5.01043650011e-06	 -1.62659804237e-08	       1276320643.8	                  0
     -6042303.65287	      23290253.0023	                  0	                  0	                  0	      85517724.4322

Mass matrix with respect to mass center
      180.410513453	                  0	                  0	                  0	                  0	                  0
                  0	      180.410513453	                  0	                  0	                  0	                  0
                  0	                  0	      180.410513453	                  0	                  0	                  0
                  0	                  0	                  0	       25.134620608	      3.90749540604	                  0
                  0	                  0	                  0	      3.90749540604	      93.8985660543	                  0
                  0	                  0	                  0	                  0	                  0	      119.033186662
