********************************
*                              *
*          BECAS 2.3           *
*              by              *
*     becas-dtuwind@dtu.dk     *
*                              *
*   A cross section analysis   *
*   program for anisotropic    *
*   beams with arbitrary       *
*   geometry.                  *
*                              *
*     (c)DTU Wind Energy       *
********************************


Output generated on the (yyyy.mm.dd) 2021. 5.21 at (hh.mm.ss) 14.26.39  
Element type is: Q4 
The input folder: is C:\Users\andre\Documents\GitHub\PGE\Preliminare\69.6_80_provaBis\Cp-Lambda_v3_2021_CLEAN_March2021\3.Structure\CrossSectionAnalysis_v1.06\BECASFiles\BECAS_Section_6\BECAS_SECTION 

Stiffness matrix w.r.t. to the cross section reference point 
K=
      258434516.919	     -2789494.92653	                  0	                  0	                  0	       755820.73998
     -2789494.92653	      120462100.607	                  0	                  0	                  0	      9252434.92063
                  0	                  0	      2882131822.76	       5481080.3064	      767915473.844	                  0
                  0	                  0	      5481080.30635	      1290860948.73	      30296113.3057	                  0
                  0	                  0	      767915473.844	      30296113.3057	      2182285262.96	                  0
      755820.739984	      9252434.92063	                  0	                  0	                  0	      279727493.133

Compliance matrix w.r.t. to the cross section reference point 
F=
  3.87047009053e-09	  9.06605811323e-11	                  0	                  0	                  0	 -1.34567133625e-11
  9.06605811325e-11	    8.324633408e-09	                  0	                  0	                  0	 -2.75595548831e-10
                  0	                  0	  3.82864166387e-10	  1.53677761149e-12	 -1.34745846993e-10	                 -0
                  0	                  0	  1.53677761151e-12	  7.74935436422e-10	 -1.12990027073e-11	                 -0
                  0	                  0	 -1.34745846993e-10	 -1.12990027073e-11	  5.05807263397e-10	                 -0
 -1.34567133625e-11	 -2.75595548831e-10	                  0	                  0	                  0	   3.5840599346e-09

Mass matrix w.r.t. to the cross section reference point 
M=
      207.901529331	                  0	                  0	                  0	                  0	     -1.05113676945
                  0	      207.901529331	                  0	                  0	                  0	     -67.7386512761
                  0	                  0	      207.901529331	      1.05113676945	      67.7386512761	                  0
                 -0	                 -0	      1.05113676945	      79.6832502302	      2.83222684696	                  0
                 -0	                 -0	      67.7386512761	      2.83222684696	      198.446608072	                  0
     -1.05113676945	     -67.7386512761	                 -0	                  0	                  0	      278.129858302

Shear center;
ShearX=     0.076894793575 
ShearY=  -0.00375460053907 

Elastic center:
ElasticX=    -0.266440094023 
ElasticY=   0.00190174518149 

Orientation of principle axis w.r.t. reference center:
alpha_p=     -1.94427440809o or    -0.0339339899835rad 

Orientation of principle axis w.r.t. elastic center:
alpha_p=      -2.3998606117o or    -0.0418854692631rad 

Mass center:
MassX=    -0.325820841694 
MassY=   0.00505593572508 

Mass per unit length:
Mass=      207.901529331 

Mass moments of inertia:
Ixx=      79.6832502302 
Iyy=      198.446608072 
Ixy=     -2.83222684696 

Area center:
AreaX=     -0.43992602811 
AreaY=    0.0110943399448 

Area per unit length:
Area=     0.386327115462 
Area moments:
Ixx=   0.00428604434883 
Iyy=    -0.169955353456 
Ixy=  -0.00759768867079 

Stiffness matrix with respect to shear center:
      258434516.919	     -2789494.92653	                  0	                  0	                  0	 -4.45160549134e-06
     -2789494.92653	      120462100.607	                  0	                  0	                  0	  9.82627170742e-07
                  0	                  0	      2882131822.76	      16302334.0018	      989536405.411	                  0
                  0	                  0	      16302334.0018	      1290942736.75	      34432893.7656	                  0
                  0	                  0	      989536405.411	      34432893.7656	      2317424162.43	                  0
                  0	 -1.86264514923e-09	                  0	                  0	                  0	      279013191.254

Stiffness matrix with respect to the elastic center:
      258434516.919	     -2789494.92653	                  0	                  0	                  0	      504064.046759
     -2789494.92653	      120462100.607	                  0	                  0	                  0	       41343063.424
                  0	                  0	      2882131822.76	  4.96739521623e-05	  9.82284545898e-05	                  0
                  0	                  0	  1.86264514923e-09	      1290850525.11	      28835733.7535	                  0
                  0	                  0	                  0	      28835733.7535	      1977681791.91	                  0
      504064.046762	       41343063.424	                  0	                  0	                  0	      293210558.449

Stiffness matrix rotated along principle axis:
      258464872.577	      1895288.09362	                  0	                  0	                  0	       441473.83192
      1895288.09361	      120431744.949	                  0	                  0	                  0	      9272751.36123
                  0	                  0	      2882131822.76	      -20575510.335	      767659342.146	                  0
                  0	                  0	      -20575510.335	      1289832485.93	 -9.33575851005e-06	                  0
                  0	                  0	      767659342.146	 -1.57158402403e-10	      2183313725.76	                  0
      441473.831924	      9272751.36123	                  0	                  0	                  0	      279727493.133

Stiffness matrix at the elastic center rotated along principle axis:
      258426006.058	      2992569.72722	                  0	                  0	                  0	      -1227545.3692
      2992569.72721	      120470611.468	                  0	                  0	                  0	      41327909.5311
                  0	                  0	      2882131822.76	  4.55172427352e-05	  0.000100222310033	                  0
                  0	                  0	  1.86101148272e-09	      1289642020.06	  3.70203674007e-06	                  0
                  0	                  0	  7.79949558495e-11	  1.15990403849e-08	      1978890296.96	                  0
     -1227545.36919	      41327909.5311	                  0	                  0	                  0	      293210558.449

Mass matrix with respect to mass center
      207.901529331	                  0	                  0	                  0	                  0	                  0
                  0	      207.901529331	                  0	                  0	                  0	                  0
                  0	                  0	      207.901529331	                  0	                  0	                  0
                  0	                  0	                  0	      79.6779357502	         2.48974458	                  0
                  0	                  0	                  0	         2.48974458	      176.375943698	                  0
                  0	                  0	                  0	                  0	                  0	      256.053879448
