Eta        RadialPos [m] Epsilon_xx [%]  Epsilon_yy [%]  Epsilon_xy [%]  Epsilon_xz [%]  Epsilon_yz [%]  Epsilon_zz [%]  
0.00000    1.2000         0.000000        0.000000        0.000000        0.000000        0.000000        0.000000        
0.03448    3.9172         0.000000        0.000000        0.000000        0.000000        0.000000        0.000000        
0.06897    6.6345         0.000000        0.000000        0.000000        0.000000        0.000000        0.000000        
0.10345    9.3517         0.000000        0.000000        0.000000        0.000000        0.000000        0.000000        
0.13793    12.0690        0.000000        0.000000        0.000000        0.000000        0.000000        0.000000        
0.17241    14.7862        0.000000        0.000000        0.000000        0.000000        0.000000        0.000000        
0.20690    17.5034        0.000000        0.000000        0.000000        0.000000        0.000000        0.000000        
0.24138    20.2207        0.000000        0.000000        0.000000        0.000000        0.000000        0.000000        
0.27586    22.9379        0.000000        0.000000        0.000000        0.000000        0.000000        0.000000        
0.31034    25.6552        0.000000        0.000000        0.000000        0.000000        0.000000        0.000000        
0.34483    28.3724        0.000000        0.000000        0.000000        0.000000        0.000000        0.000000        
0.37931    31.0897        0.000000        0.000000        0.000000        0.000000        0.000000        0.000000        
0.41379    33.8069        0.000000        0.000000        0.000000        0.000000        0.000000        0.000000        
0.44828    36.5241        0.000000        0.000000        0.000000        0.000000        0.000000        0.000000        
0.48276    39.2414        0.000000        0.000000        0.000000        0.000000        0.000000        0.000000        
0.51724    41.9586        0.000000        0.000000        0.000000        0.000000        0.000000        0.000000        
0.55172    44.6759        0.000000        0.000000        0.000000        0.000000        0.000000        0.000000        
0.58621    47.3931        0.000000        0.000000        0.000000        0.000000        0.000000        0.000000        
0.62069    50.1103        0.000000        0.000000        0.000000        0.000000        0.000000        0.000000        
0.65517    52.8276        0.000000        0.000000        0.000000        0.000000        0.000000        0.000000        
0.68966    55.5448        0.000000        0.000000        0.000000        0.000000        0.000000        0.000000        
0.72414    58.2621        0.000000        0.000000        0.000000        0.000000        0.000000        0.000000        
0.75862    60.9793        0.000000        0.000000        0.000000        0.000000        0.000000        0.000000        
0.79310    63.6966        0.000000        0.000000        0.000000        0.000000        0.000000        0.000000        
0.82759    66.4138        0.000000        0.000000        0.000000        0.000000        0.000000        0.000000        
0.86207    69.1310        0.000000        0.000000        0.000000        0.000000        0.000000        0.000000        
0.89655    71.8483        0.000000        0.000000        0.000000        0.000000        0.000000        0.000000        
0.93103    74.5655        0.000000        0.000000        0.000000        0.000000        0.000000        0.000000        
0.96552    77.2828        0.000000        0.000000        0.000000        0.000000        0.000000        0.000000        
1.00000    80.0000        0.000000        0.000000        0.000000        0.000000        0.000000        0.000000        
