********************************
*                              *
*          BECAS 2.3           *
*              by              *
*     becas-dtuwind@dtu.dk     *
*                              *
*   A cross section analysis   *
*   program for anisotropic    *
*   beams with arbitrary       *
*   geometry.                  *
*                              *
*     (c)DTU Wind Energy       *
********************************


Output generated on the (yyyy.mm.dd) 2021. 5.19 at (hh.mm.ss)  0.10.27  
Element type is: Q4 
The input folder: is C:\Users\andre\Documents\GitHub\PGE\Preliminare\64.8_108\Cp-Lambda_v3_2021_CLEAN_March2021\3.Structure\CrossSectionAnalysis_v1.06\BECASFiles\BECAS_Section_16\BECAS_SECTION 

Stiffness matrix w.r.t. to the cross section reference point 
K=
      178628188.653	     -4695068.16359	                  0	                  0	                  0	     -6172456.11113
     -4695068.16359	      40379502.9341	                  0	                  0	                  0	      1783714.79646
                  0	                  0	       2407569952.6	       44630461.913	       371775703.76	                  0
                  0	                  0	       44630461.913	      117105703.666	       18396989.978	                  0
                  0	                  0	       371775703.76	       18396989.978	      532877939.841	                  0
     -6172456.11112	      1783714.79646	                  0	                  0	                  0	      22050265.8441

Compliance matrix w.r.t. to the cross section reference point 
F=
  5.66691622116e-09	  5.90950383214e-10	                  0	                  0	                 -0	  1.53851681235e-09
  5.90950383213e-10	  2.49154762356e-08	                  0	                  0	                  0	 -1.85006786796e-09
                  0	                  0	  4.67396421927e-10	 -1.27594702865e-10	 -3.21685816603e-10	                 -0
                  0	                  0	 -1.27594702865e-10	  8.62069212205e-09	 -2.08599695744e-10	                 -0
                  0	                  0	 -3.21685816603e-10	 -2.08599695744e-10	  2.10823622705e-09	                 -0
  1.53851681235e-09	 -1.85006786796e-09	                  0	                  0	                  0	  4.59312567065e-08

Mass matrix w.r.t. to the cross section reference point 
M=
      142.853982774	                  0	                  0	                  0	                  0	     -2.86415913702
                  0	      142.853982774	                  0	                  0	                  0	     -26.8336095159
                  0	                  0	      142.853982774	      2.86415913702	      26.8336095159	                  0
                 -0	                 -0	      2.86415913702	      6.38862003757	      1.40387217806	                  0
                 -0	                 -0	      26.8336095159	      1.40387217806	      38.0522489474	                  0
     -2.86415913702	     -26.8336095159	                 -0	                  0	                  0	       44.440868985

Shear center;
ShearX=    0.0402790605052 
ShearY=    0.0334960748448 

Elastic center:
ElasticX=    -0.154419481502 
ElasticY=    0.0185375556232 

Orientation of principle axis w.r.t. reference center:
alpha_p=     -2.52862267706o or    -0.0441327912553rad 

Orientation of principle axis w.r.t. elastic center:
alpha_p=     -1.83272987863o or    -0.0319871706818rad 

Mass center:
MassX=    -0.187839421729 
MassY=     0.020049557467 

Mass per unit length:
Mass=      142.853982774 

Mass moments of inertia:
Ixx=      6.38862003757 
Iyy=      38.0522489474 
Ixy=     -1.40387217806 

Area center:
AreaX=    -0.292330184448 
AreaY=     0.025713713988 

Area per unit length:
Area=     0.145846072625 
Area moments:
Ixx=   0.00375024419775 
Iyy=   -0.0426352093115 
Ixy=  -0.00238756220507 

Stiffness matrix with respect to shear center:
      178628188.653	     -4695068.16359	                  0	                  0	                  0	 -9.70438122749e-07
     -4695068.16359	      40379502.9341	                  0	                  0	                  0	 -6.76955096424e-07
                  0	                  0	       2407569952.6	     -36013681.4132	      468750359.552	                  0
                  0	                  0	     -36013681.4132	      116817075.341	      4493365.92673	                  0
                  0	                  0	      468750359.552	      4493365.92674	      566733540.001	                  0
                  0	                  0	                  0	                  0	                  0	       21771666.436

Stiffness matrix with respect to the elastic center:
      178628188.653	     -4695068.16359	                  0	                  0	                  0	     -3586136.11955
     -4695068.16359	      40379502.9341	                  0	                  0	                  0	      7932061.61563
                  0	                  0	       2407569952.6	  1.41263008118e-05	 -1.08480453491e-05	                  0
                  0	                  0	  2.23517417908e-08	      116278363.996	      11505177.1902	                  0
                  0	                  0	  9.53674316406e-07	      11505177.1902	      475468528.431	                  0
     -3586136.11955	      7932061.61563	                  0	                  0	                  0	      23369670.5538

Stiffness matrix rotated along principle axis:
      178772971.042	      1416590.28986	                  0	                  0	                  0	     -6245140.79154
      1416590.28986	      40234720.5446	                  0	                  0	                  0	      1509658.70736
                  0	                  0	       2407569952.6	      28184831.6291	      373382735.679	                  0
                  0	                  0	      28184831.6291	      116293265.616	 -4.84524409397e-06	                  0
                  0	                  0	      373382735.679	  5.28614950571e-09	       533690377.89	                  0
     -6245140.79154	      1509658.70736	                  0	                  0	                  0	      22050265.8441

Stiffness matrix at the elastic center rotated along principle axis:
      178786942.777	     -266295.182696	                  0	                  0	                  0	     -3837982.58965
     -266295.182693	      40220748.8096	                  0	                  0	                  0	      7813313.21423
                  0	                  0	       2407569952.6	  1.44660136678e-05	 -1.03907127323e-05	                  0
                  0	                  0	 -8.15983348002e-09	      115910220.362	 -2.45348480178e-06	                  0
                  0	                  0	  9.53901315258e-07	   9.4023984564e-10	      475836672.065	                  0
     -3837982.58965	      7813313.21423	                  0	                  0	                  0	      23369670.5538

Mass matrix with respect to mass center
      142.853982774	                  0	                  0	                  0	                  0	                  0
                  0	      142.853982774	                  0	                  0	                  0	                  0
                  0	                  0	      142.853982774	                  0	                  0	                  0
                  0	                  0	                  0	      6.33119491436	     0.865870182027	                  0
                  0	                  0	                  0	     0.865870182027	       33.011839253	                  0
                  0	                  0	                  0	                  0	                  0	      39.3430341674
