********************************
*                              *
*          BECAS 2.3           *
*              by              *
*     becas-dtuwind@dtu.dk     *
*                              *
*   A cross section analysis   *
*   program for anisotropic    *
*   beams with arbitrary       *
*   geometry.                  *
*                              *
*     (c)DTU Wind Energy       *
********************************


Output generated on the (yyyy.mm.dd) 2021. 5.21 at (hh.mm.ss) 11.35.56  
Element type is: Q4 
The input folder: is C:\69.6_80\3.Structure\CrossSectionAnalysis_v1.06\BECASFiles\BECAS_Section_2\BECAS_SECTION 

Stiffness matrix w.r.t. to the cross section reference point 
K=
      578485287.967	     -2227004.05637	                  0	                  0	                  0	     -1152705.88637
     -2227004.05637	      478085062.304	                  0	                  0	                  0	      3272341.33197
                  0	                  0	      4661036733.76	      8479530.78915	     -9895335.42127	                  0
                  0	                  0	      8479530.78912	      1551203381.28	      6952441.88549	                  0
                  0	                  0	     -9895335.42131	      6952441.88548	       1826515667.8	                  0
     -1152705.88637	      3272341.33197	                  0	                  0	                  0	      721525488.258

Compliance matrix w.r.t. to the cross section reference point 
F=
  1.72868879083e-09	  8.03388164548e-12	                 -0	                  0	                 -0	  2.72530932576e-12
  8.03388164548e-12	  2.09178025548e-09	                  0	                  0	                  0	    -9.47403577e-12
                  0	                  0	  2.14549164174e-10	 -1.17804573947e-12	  1.16682614662e-12	                 -0
                  0	                  0	 -1.17804573947e-12	  6.44678258387e-10	 -2.46028291092e-12	                 -0
                  0	                  0	  1.16682614662e-12	 -2.46028291092e-12	   5.4750619923e-10	                 -0
  2.72530932576e-12	    -9.47403577e-12	                  0	                  0	                  0	  1.38599974642e-09

Mass matrix w.r.t. to the cross section reference point 
M=
      314.667377572	                  0	                  0	                  0	                  0	    -0.602495361537
                  0	      314.667377572	                  0	                  0	                  0	     0.716881573278
                  0	                  0	      314.667377572	     0.602495361537	    -0.716881573278	                  0
                 -0	                 -0	     0.602495361537	      101.744126506	     0.476224310257	                  0
                 -0	                 -0	    -0.716881573278	     0.476224310257	      123.148880225	                  0
    -0.602495361537	     0.716881573278	                 -0	                  0	                  0	      224.893006732

Shear center;
ShearX=   0.00683552489421 
ShearY=   0.00196631300461 

Elastic center:
ElasticX=   0.00212299022439 
ElasticY=   0.00181923706537 

Orientation of principle axis w.r.t. reference center:
alpha_p=     -1.44565792651o or    -0.0252314906751rad 

Orientation of principle axis w.r.t. elastic center:
alpha_p=     -1.44942412718o or    -0.0252972232771rad 

Mass center:
MassX=   0.00227822019178 
MassY=   0.00191470550963 

Mass per unit length:
Mass=      314.667377572 

Mass moments of inertia:
Ixx=      101.744126506 
Iyy=      123.148880225 
Ixy=    -0.476224310257 

Area center:
AreaX=   0.00233702776699 
AreaY=   0.00193813276929 

Area per unit length:
Area=     0.203208569315 
Area moments:
Ixx=  0.000393845187191 
Iyy=   0.00047490406898 
Ixy= -0.000312887688218 

Stiffness matrix with respect to shear center:
      578485287.967	     -2227004.05637	                  0	                  0	                  0	  6.35627657175e-08
     -2227004.05637	      478085062.304	                  0	                  0	                  0	  9.59262251854e-08
                  0	                  0	      4661036733.76	     -685526.355391	      21965297.2052	                  0
                  0	                  0	     -685526.355419	      1551188055.83	      6967213.27974	                  0
                  0	                  0	      21965297.2052	      6967213.27973	      1826598172.32	                  0
                  0	                  0	                  0	                  0	                  0	      721500853.507

Stiffness matrix with respect to the elastic center:
      578485287.967	     -2227004.05637	                  0	                  0	                  0	     -95576.1008858
     -2227004.05637	      478085062.304	                  0	                  0	                  0	      2253319.96994
                  0	                  0	      4661036733.76	  2.78856605291e-05	  4.07081097364e-05	                  0
                  0	                  0	                  0	         1551187955	      6970443.84646	                  0
                  0	                  0	 -5.77419996262e-08	      6970443.84645	       1826494660.1	                  0
     -95576.1008859	      2253319.96994	                  0	                  0	                  0	      721511486.413

Stiffness matrix rotated along principle axis:
      578533717.496	       308003.22559	                  0	                  0	                  0	     -1234896.27278
       308003.22559	      478036632.775	                  0	                  0	                  0	      3242218.35305
                  0	                  0	      4661036733.76	      8726479.35113	     -9678257.26244	                  0
                  0	                  0	       8726479.3511	      1551027923.57	  1.07242572144e-05	                  0
                  0	                  0	     -9678257.26248	 -3.94642924209e-09	      1826691125.51	                  0
     -1234896.27278	      3242218.35305	                  0	                  0	                  0	      721525488.258

Stiffness matrix at the elastic center rotated along principle axis:
       578533676.57	      314609.157781	                  0	                  0	                  0	     -152542.179354
      314609.157781	      478036673.701	                  0	                  0	                  0	       2250181.4508
                  0	                  0	      4661036733.76	  2.68470459898e-05	  4.14004394069e-05	                  0
                  0	                  0	  1.46055646498e-09	      1551011584.51	  1.06002680214e-05	                  0
                  0	                  0	 -5.77235246294e-08	  3.41610588299e-09	       1826671030.6	                  0
     -152542.179354	       2250181.4508	                  0	                  0	                  0	      721511486.413

Mass matrix with respect to mass center
      314.667377572	                  0	                  0	                  0	                  0	                  0
                  0	      314.667377572	                  0	                  0	                  0	                  0
                  0	                  0	      314.667377572	                  0	                  0	                  0
                  0	                  0	                  0	      101.742972905	     0.477596927355	                  0
                  0	                  0	                  0	     0.477596927355	      123.147247011	                  0
                  0	                  0	                  0	                  0	                  0	      224.890219916
