********************************
*                              *
*          BECAS 2.3           *
*              by              *
*     becas-dtuwind@dtu.dk     *
*                              *
*   A cross section analysis   *
*   program for anisotropic    *
*   beams with arbitrary       *
*   geometry.                  *
*                              *
*     (c)DTU Wind Energy       *
********************************


Output generated on the (yyyy.mm.dd) 2021. 5.19 at (hh.mm.ss) 20.33.42  
Element type is: Q4 
The input folder: is C:\Users\andre\Documents\GitHub\PGE\Preliminare\64.8_80\Cp-Lambda_v3_2021_CLEAN_March2021\3.Structure\CrossSectionAnalysis_v1.06\BECASFiles\BECAS_Section_26\BECAS_SECTION 

Stiffness matrix w.r.t. to the cross section reference point 
K=
      70298568.9274	     -151075.653894	                  0	                  0	                  0	     -2855410.76851
     -151075.653894	      11823894.8523	                  0	                  0	                  0	     -474605.750985
                  0	                  0	      968504946.724	      30227151.0569	      124952593.578	                  0
                  0	                  0	      30227151.0569	      18281231.2924	      3702257.28223	                  0
                  0	                  0	      124952593.578	      3702257.28223	      91605346.9053	                  0
     -2855410.76851	     -474605.750985	                  0	                  0	                  0	      3524533.26208

Compliance matrix w.r.t. to the cross section reference point 
F=
  1.47143521753e-08	   6.7012804542e-10	                  0	                 -0	                 -0	  1.20111127146e-08
   6.7012804542e-10	  8.50646377041e-08	                  0	                 -0	                 -0	   1.1997519658e-08
                  0	                  0	  1.31043531666e-09	 -1.81964231797e-09	 -1.71393387847e-09	                 -0
                  0	                  0	 -1.81964231797e-09	  5.76790364125e-08	  1.50934360171e-10	                 -0
                  0	                  0	 -1.71393387847e-09	  1.50934360172e-10	   1.3248153372e-08	                 -0
  1.20111127146e-08	   1.1997519658e-08	                  0	                  0	                  0	  2.95071907422e-07

Mass matrix w.r.t. to the cross section reference point 
M=
      55.2324519445	                  0	                  0	                  0	                  0	     -1.68054541809
                  0	      55.2324519445	                  0	                  0	                  0	     -8.41811855692
                  0	                  0	      55.2324519445	      1.68054541809	      8.41811855692	                  0
                 -0	                 -0	      1.68054541809	     0.974597874417	     0.239808349644	                  0
                 -0	                 -0	      8.41811855692	     0.239808349644	      6.94905608519	                  0
     -1.68054541809	     -8.41811855692	                 -0	                  0	                  0	      7.92365395961

Shear center;
ShearX=   -0.0406596472121 
ShearY=    0.0407057141412 

Elastic center:
ElasticX=     -0.12901595805 
ElasticY=    0.0312101153011 

Orientation of principle axis w.r.t. reference center:
alpha_p=     -2.88318572432o or    -0.0503210838359rad 

Orientation of principle axis w.r.t. elastic center:
alpha_p=     0.194634186194o or    0.00339700738603rad 

Mass center:
MassX=     -0.15241254481 
MassY=    0.0304267755445 

Mass per unit length:
Mass=      55.2324519445 

Mass moments of inertia:
Ixx=     0.974597874417 
Iyy=      6.94905608519 
Ixy=    -0.239808349644 

Area center:
AreaX=    -0.198199549176 
AreaY=     0.027885136799 

Area per unit length:
Area=    0.0389203888966 
Area moments:
Ixx=   0.00108530036865 
Iyy=  -0.00771400353305 
Ixy= -0.000205108946528 

Stiffness matrix with respect to shear center:
      70298568.9274	     -151075.653894	                  0	                  0	                  0	  9.75094735622e-07
     -151075.653894	      11823894.8523	                  0	                  0	                  0	   1.6783724277e-07
                  0	                  0	      968504946.724	     -9196534.44878	      85573524.1206	                  0
                  0	                  0	     -9196534.44878	      17425165.0245	     -1010099.42688	                  0
                  0	                  0	      85573524.1206	     -1010099.42688	      83045429.2308	                  0
 -4.65661287308e-10	                  0	                  0	                  0	                  0	      3389004.42518

Stiffness matrix with respect to the elastic center:
      70298568.9274	     -151075.653894	                  0	                  0	                  0	     -680875.497006
     -151075.653894	      11823894.8523	                  0	                  0	                  0	      1046150.28268
                  0	                  0	      968504946.724	  4.22447919846e-06	   4.3511390686e-06	                  0
                  0	                  0	 -3.72529029846e-09	      17337838.4227	     -197527.570492	                  0
                  0	                  0	 -6.70552253723e-07	     -197527.570492	      75484468.3341	                  0
     -680875.497007	      1046150.28268	                  0	                  0	                  0	      3487903.72532

Stiffness matrix rotated along principle axis:
      70165802.5529	      2787232.93302	                  0	                  0	                  0	     -2827923.68163
      2787232.93302	      11956661.2268	                  0	                  0	                  0	     -617631.707923
                  0	                  0	      968504946.724	      23903791.7418	      126314844.904	                  0
                  0	                  0	      23903791.7418	      18094772.2822	  7.02545819455e-09	                  0
                  0	                  0	      126314844.904	  6.81728522207e-10	      91791805.9155	                  0
     -2827923.68163	     -617631.707923	                  0	                  0	                  0	      3524533.26208

Stiffness matrix at the elastic center rotated along principle axis:
      70296867.7499	     -349709.538767	                  0	                  0	                  0	     -677317.795072
     -349709.538767	      11825596.0298	                  0	                  0	                  0	      1048457.18122
                  0	                  0	      968504946.724	  4.23923564708e-06	  4.33676340386e-06	                  0
                  0	                  0	 -6.00313538184e-09	      17337167.4175	  3.94925711495e-07	                  0
                  0	                  0	  -6.7053572994e-07	  3.88751031878e-12	      75485139.3393	                  0
     -677317.795073	      1048457.18122	                  0	                  0	                  0	      3487903.72532

Mass matrix with respect to mass center
      55.2324519445	                  0	                  0	                  0	                  0	                  0
                  0	      55.2324519445	                  0	                  0	                  0	                  0
                  0	                  0	      55.2324519445	                  0	                  0	                  0
                  0	                  0	                  0	     0.923464296189	   -0.0163278541945	                  0
                  0	                  0	                  0	   -0.0163278541945	      5.66602921342	                  0
                  0	                  0	                  0	                  0	                  0	      6.58949350961
