********************************
*                              *
*          BECAS 2.3           *
*              by              *
*     becas-dtuwind@dtu.dk     *
*                              *
*   A cross section analysis   *
*   program for anisotropic    *
*   beams with arbitrary       *
*   geometry.                  *
*                              *
*     (c)DTU Wind Energy       *
********************************


Output generated on the (yyyy.mm.dd) 2021. 5.21 at (hh.mm.ss) 11.36.24  
Element type is: Q4 
The input folder: is C:\69.6_80\3.Structure\CrossSectionAnalysis_v1.06\BECASFiles\BECAS_Section_9\BECAS_SECTION 

Stiffness matrix w.r.t. to the cross section reference point 
K=
      211758672.679	     -4061014.00507	                  0	                  0	                  0	      2397448.64022
     -4061014.00506	      88426568.2118	                  0	                  0	                  0	      9415175.06344
                  0	                  0	      2814047952.93	     -42681791.2732	      677749770.026	                  0
                  0	                  0	     -42681791.2733	      707734452.206	       33589390.689	                  0
                  0	                  0	      677749770.026	       33589390.689	      1822036995.92	                  0
      2397448.64024	      9415175.06345	                  0	                  0	                  0	      127524294.353

Compliance matrix w.r.t. to the cross section reference point 
F=
   4.7279339712e-09	  2.28391010045e-10	                  0	                  0	                  0	 -1.05747067892e-10
  2.28391010045e-10	  1.14094548807e-08	                  0	                  0	                  0	 -8.46658837394e-10
                  0	                  0	  3.90985822198e-10	   3.0508600775e-11	 -1.45998855668e-10	                 -0
                  0	                  0	   3.0508600775e-11	  1.41657725081e-09	 -3.74631053216e-11	                 -0
                  0	                  0	 -1.45998855668e-10	 -3.74631053215e-11	  6.03834640131e-10	                 -0
 -1.05747067893e-10	 -8.46658837394e-10	                  0	                  0	                  0	  7.90614031196e-09

Mass matrix w.r.t. to the cross section reference point 
M=
      188.742456678	                  0	                  0	                  0	                  0	      1.94943586124
                  0	      188.742456678	                  0	                  0	                  0	     -58.5900458296
                  0	                  0	      188.742456678	     -1.94943586124	      58.5900458296	                  0
                 -0	                 -0	     -1.94943586124	      41.7743214207	       2.9202972404	                  0
                 -0	                 -0	      58.5900458296	       2.9202972404	      144.144653704	                  0
      1.94943586124	     -58.5900458296	                 -0	                  0	                  0	      185.918975125

Shear center;
ShearX=     0.107088769486 
ShearY=   -0.0133753087752 

Elastic center:
ElasticX=    -0.240845138875 
ElasticY=   -0.0151674001251 

Orientation of principle axis w.r.t. reference center:
alpha_p=     -1.72502859777o or    -0.0301074287221rad 

Orientation of principle axis w.r.t. elastic center:
alpha_p=     -2.63358624599o or    -0.0459647511278rad 

Mass center:
MassX=    -0.310423244779 
MassY=   -0.0103285497897 

Mass per unit length:
Mass=      188.742456678 

Mass moments of inertia:
Ixx=      41.7743214207 
Iyy=      144.144653704 
Ixy=      -2.9202972404 

Area center:
AreaX=     -0.48278035022 
AreaY=  0.000370277188472 

Area per unit length:
Area=     0.303343862884 
Area moments:
Ixx=  0.000112321312689 
Iyy=     -0.14644845636 
Ixy=  -0.00684705929043 

Stiffness matrix with respect to shear center:
      211758672.679	     -4061014.00507	                  0	                  0	                  0	 -1.56816095114e-05
     -4061014.00506	      88426568.2118	                  0	                  0	                  0	 -2.12155282497e-06
                  0	                  0	      2814047952.93	     -5043030.99446	      979102702.581	                  0
                  0	                  0	     -5043030.99452	      707096117.972	      42114451.1518	                  0
                  0	                  0	      979102702.581	      42114451.1518	      1999467288.43	                  0
  4.65661287308e-10	 -1.86264514923e-09	                  0	                  0	                  0	      126483968.225

Stiffness matrix with respect to the elastic center:
      211758672.679	     -4061014.00507	                  0	                  0	                  0	     -1792455.36027
     -4061014.00506	      88426568.2118	                  0	                  0	                  0	       30773879.189
                  0	                  0	      2814047952.93	  6.47604465485e-05	  0.000101089477539	                  0
                  0	                  0	  8.19563865662e-08	      707087080.399	      43869092.6357	                  0
                  0	                  0	  2.74181365967e-06	      43869092.6356	      1658804258.43	                  0
     -1792455.36026	       30773879.189	                  0	                  0	                  0	       137194456.53

Stiffness matrix rotated along principle axis:
      211891296.806	     -342684.919203	                  0	                  0	                  0	      2112938.24094
     -342684.919197	      88293944.0852	                  0	                  0	                  0	      9483078.26857
                  0	                  0	      2814047952.93	     -63064668.4009	      676157772.769	                  0
                  0	                  0	      -63064668.401	      706722856.345	  2.78471421232e-05	                  0
                  0	                  0	      676157772.769	 -6.47976488933e-09	      1823048591.78	                  0
      2112938.24096	      9483078.26857	                  0	                  0	                  0	      127524294.353

Stiffness matrix at the elastic center rotated along principle axis:
      211871086.587	      1617081.93836	                  0	                  0	                  0	     -3204577.84429
      1617081.93836	      88314154.3036	                  0	                  0	                  0	      30659015.2712
                  0	                  0	      2814047952.93	  6.00471303297e-05	  0.000103958357266	                  0
                  0	                  0	 -4.41125850488e-08	      705069227.195	  4.49151237543e-05	                  0
                  0	                  0	  2.74268355329e-06	  6.63675273948e-10	      1660822111.64	                  0
     -3204577.84427	      30659015.2712	                  0	                  0	                  0	       137194456.53

Mass matrix with respect to mass center
      188.742456678	                  0	                  0	                  0	                  0	                  0
                  0	      188.742456678	                  0	                  0	                  0	                  0
                  0	                  0	      188.742456678	                  0	                  0	                  0
                  0	                  0	                  0	      41.7541865753	      3.52544744594	                  0
                  0	                  0	                  0	      3.52544744594	      125.956941566	                  0
                  0	                  0	                  0	                  0	                  0	      167.711128141
