********************************
*                              *
*          BECAS 2.3           *
*              by              *
*     becas-dtuwind@dtu.dk     *
*                              *
*   A cross section analysis   *
*   program for anisotropic    *
*   beams with arbitrary       *
*   geometry.                  *
*                              *
*     (c)DTU Wind Energy       *
********************************


Output generated on the (yyyy.mm.dd) 2021. 5.19 at (hh.mm.ss)  0.11. 0  
Element type is: Q4 
The input folder: is C:\Users\andre\Documents\GitHub\PGE\Preliminare\64.8_108\Cp-Lambda_v3_2021_CLEAN_March2021\3.Structure\CrossSectionAnalysis_v1.06\BECASFiles\BECAS_Section_29\BECAS_SECTION 

Stiffness matrix w.r.t. to the cross section reference point 
K=
      16502702.4509	      75683.3008309	                  0	                  0	                  0	     -351897.702893
      75683.3008312	      1657010.86116	                  0	                  0	                  0	     -248806.316466
                  0	                  0	      150449022.735	      2219516.49446	      18735764.5851	                  0
                  0	                  0	      2219516.49446	      628251.786946	      240781.781778	                  0
                  0	                  0	      18735764.5851	      240781.781777	       7650065.2077	                  0
     -351897.702893	     -248806.316466	                  0	                  0	                  0	      237590.982405

Compliance matrix w.r.t. to the cross section reference point 
F=
  6.28136707618e-08	  1.31714822202e-08	                  0	                 -0	                 -0	  1.06827010723e-07
  1.31714822202e-08	  7.18858464552e-07	                  0	                 -0	                 -0	  7.72300106282e-07
                  0	                  0	   9.9717234147e-09	 -2.61846218257e-08	   -2.359758742e-08	                 -0
                  0	                  0	 -2.61846218257e-08	  1.67991141285e-06	   1.1254393881e-08	                 -0
                  0	                  0	   -2.359758742e-08	   1.1254393881e-08	  1.88156434042e-07	                 -0
  1.06827010723e-07	  7.72300106283e-07	                  0	                  0	                  0	   5.1758922493e-06

Mass matrix w.r.t. to the cross section reference point 
M=
      9.81398377977	                  0	                  0	                  0	                  0	    -0.137776014918
                  0	      9.81398377977	                  0	                  0	                  0	     -1.33169592676
                  0	                  0	      9.81398377977	     0.137776014918	      1.33169592676	                  0
                 -0	                 -0	     0.137776014918	    0.0375364148479	    0.0159203139477	                  0
                 -0	                 -0	      1.33169592676	    0.0159203139477	     0.603929818235	                  0
    -0.137776014918	     -1.33169592676	                 -0	                  0	                  0	     0.641466233083

Shear center;
ShearX=    -0.149211009249 
ShearY=    0.0206393420839 

Elastic center:
ElasticX=     -0.12453231164 
ElasticY=    0.0147526148998 

Orientation of principle axis w.r.t. reference center:
alpha_p=     -1.96163170749o or    -0.0342369320073rad 

Orientation of principle axis w.r.t. elastic center:
alpha_p=      0.43222938735o or    0.00754382593314rad 

Mass center:
MassX=     -0.13569371589 
MassY=    0.0140387449184 

Mass per unit length:
Mass=      9.81398377977 

Mass moments of inertia:
Ixx=    0.0375364148479 
Iyy=     0.603929818235 
Ixy=   -0.0159203139477 

Area center:
AreaX=    -0.139922638069 
AreaY=    0.0135590757238 

Area per unit length:
Area=    0.0056122983336 
Area moments:
Ixx=  7.60975780901e-05 
Iyy= -0.000785287588469 
Ixy= -9.00943205752e-06 

Stiffness matrix with respect to shear center:
      16502702.4509	      75683.3008309	                  0	                  0	                  0	  4.54019755125e-08
      75683.3008312	      1657010.86116	                  0	                  0	                  0	  2.52038944382e-07
                  0	                  0	      150449022.735	     -885652.351951	     -3712885.93769	                  0
                  0	                  0	      -885652.35195	      600721.708615	     -13762.9914201	                  0
                  0	                  0	     -3712885.93769	     -13762.9914201	      5408486.32288	                  0
  5.82076609135e-11	                  0	                  0	                  0	                  0	      193203.403749

Stiffness matrix with respect to the elastic center:
      16502702.4509	      75683.3008309	                  0	                  0	                  0	     -99014.6724236
      75683.3008312	      1657010.86116	                  0	                  0	                  0	      -41338.396922
                  0	                  0	      150449022.735	 -7.86501914263e-07	 -6.59376382828e-07	                  0
                  0	                  0	  9.31322574615e-10	       595508.11484	     -35619.7380008	                  0
                  0	                  0	 -5.58793544769e-08	     -35619.7380008	      5316857.13357	                  0
     -99014.6724237	     -41338.3969223	                  0	                  0	                  0	       194806.45391

Stiffness matrix rotated along principle axis:
      16480129.3323	      583379.784009	                  0	                  0	                  0	     -343174.780632
      583379.784009	       1679583.9797	                  0	                  0	                  0	     -260706.053542
                  0	                  0	      150449022.735	      1576886.00888	      18800759.5212	                  0
                  0	                  0	      1576886.00888	      620004.934972	  1.04799712585e-07	                  0
                  0	                  0	      18800759.5212	 -1.08412792695e-11	      7658312.05967	                  0
     -343174.780632	     -260706.053542	                  0	                  0	                  0	      237590.982405

Stiffness matrix at the elastic center rotated along principle axis:
      16502999.4488	      -36314.377458	                  0	                  0	                  0	     -99323.7017215
     -36314.3774577	      1656713.86322	                  0	                  0	                  0	     -40590.2782889
                  0	                  0	      150449022.735	 -7.91453708205e-07	 -6.53424443328e-07	                  0
                  0	                  0	  5.09755949135e-10	      595239.400639	  1.56454972827e-08	                  0
                  0	                  0	 -5.58847901255e-08	 -2.59305549935e-12	      5317125.84777	                  0
     -99323.7017216	     -40590.2782892	                  0	                  0	                  0	       194806.45391

Mass matrix with respect to mass center
      9.81398377977	                  0	                  0	                  0	                  0	                  0
                  0	      9.81398377977	                  0	                  0	                  0	                  0
                  0	                  0	      9.81398377977	                  0	                  0	                  0
                  0	                  0	                  0	    0.0356022125186	  -0.00277502547705	                  0
                  0	                  0	                  0	  -0.00277502547705	     0.423227049497	                  0
                  0	                  0	                  0	                  0	                  0	     0.458829262015
