********************************
*                              *
*          BECAS 2.3           *
*              by              *
*     becas-dtuwind@dtu.dk     *
*                              *
*   A cross section analysis   *
*   program for anisotropic    *
*   beams with arbitrary       *
*   geometry.                  *
*                              *
*     (c)DTU Wind Energy       *
********************************


Output generated on the (yyyy.mm.dd) 2021. 5.21 at (hh.mm.ss) 14.27.17  
Element type is: Q4 
The input folder: is C:\Users\andre\Documents\GitHub\PGE\Preliminare\69.6_80_provaBis\Cp-Lambda_v3_2021_CLEAN_March2021\3.Structure\CrossSectionAnalysis_v1.06\BECASFiles\BECAS_Section_14\BECAS_SECTION 

Stiffness matrix w.r.t. to the cross section reference point 
K=
      192858399.573	     -5377673.43407	                  0	                  0	                  0	     -4437234.39288
     -5377673.43407	      53468987.8905	                  0	                  0	                  0	      3330155.77531
                  0	                  0	      2589671987.97	      18270165.8986	      464509341.305	                  0
                  0	                  0	      18270165.8987	      196190816.141	      25368141.0445	                  0
                  0	                  0	      464509341.305	      25368141.0445	       811966913.14	                  0
     -4437234.39288	      3330155.77531	                  0	                  0	                  0	      36459208.8253

Compliance matrix w.r.t. to the cross section reference point 
F=
  5.21231545908e-09	  4.87495593888e-10	                  0	                  0	                 -0	  5.89832578573e-10
  4.87495593888e-10	  1.88550271671e-08	                  0	                  0	                  0	 -1.66287331382e-09
                  0	                  0	  4.30317851581e-10	 -8.27517329763e-12	  -2.4591733086e-10	                 -0
                  0	                  0	 -8.27517329766e-12	  5.11791240076e-09	 -1.55163992891e-10	                 -0
                  0	                  0	  -2.4591733086e-10	 -1.55163992891e-10	  1.37710921632e-09	                 -0
  5.89832578572e-10	 -1.66287331382e-09	                  0	                  0	                  0	  2.76515833737e-08

Mass matrix w.r.t. to the cross section reference point 
M=
      159.116713245	                  0	                  0	                  0	                  0	      -1.5708671088
                  0	      159.116713245	                  0	                  0	                  0	     -35.3468428633
                  0	                  0	      159.116713245	       1.5708671088	      35.3468428633	                  0
                 -0	                 -0	       1.5708671088	      10.9095927903	      2.03409925965	                  0
                 -0	                 -0	      35.3468428633	      2.03409925965	      59.6283981168	                  0
      -1.5708671088	     -35.3468428633	                 -0	                  0	                  0	      70.5379909071

Shear center;
ShearX=    0.0601366399656 
ShearY=    0.0213308789808 

Elastic center:
ElasticX=    -0.179369952435 
ElasticY=   0.00705501159357 

Orientation of principle axis w.r.t. reference center:
alpha_p=     -2.35509566108o or    -0.0411041734853rad 

Orientation of principle axis w.r.t. elastic center:
alpha_p=     -2.37113025981o or    -0.0413840300273rad 

Mass center:
MassX=     -0.22214412391 
MassY=   0.00987242054438 

Mass per unit length:
Mass=      159.116713245 

Mass moments of inertia:
Ixx=      10.9095927903 
Iyy=      59.6283981168 
Ixy=     -2.03409925965 

Area center:
AreaX=    -0.348691947768 
AreaY=    0.0186832919476 

Area per unit length:
Area=      0.18963772874 
Area moments:
Ixx=   0.00354305705033 
Iyy=   -0.0661251490047 
Ixy=  -0.00399543389486 

Stiffness matrix with respect to shear center:
      192858399.573	     -5377673.43407	                  0	                  0	                  0	 -2.26963311434e-06
     -5377673.43407	      53468987.8905	                  0	                  0	                  0	 -1.65328674484e-06
                  0	                  0	      2589671987.97	     -36969813.8767	      620243513.274	                  0
                  0	                  0	     -36969813.8766	      196589696.069	       13236508.113	                  0
                  0	                  0	      620243513.274	       13236508.113	      877200305.007	                  0
                  0	                  0	                  0	                  0	                  0	      36164294.3366

Stiffness matrix with respect to the elastic center:
      192858399.573	     -5377673.43407	                  0	                  0	                  0	     -4041209.17606
     -5377673.43407	      53468987.8905	                  0	                  0	                  0	      12882946.0416
                  0	                  0	      2589671987.97	  -1.5664845705e-05	  8.64267349243e-06	                  0
                  0	                  0	 -1.49011611938e-08	      196061919.909	      22091022.2563	                  0
                  0	                  0	 -5.96046447754e-07	      22091022.2563	      728647894.684	                  0
     -4041209.17606	      12882946.0416	                  0	                  0	                  0	      39307536.6094

Stiffness matrix rotated along principle axis:
      193064618.223	      363523.289349	                  0	                  0	                  0	     -4570331.20782
      363523.289352	      53262769.2408	                  0	                  0	                  0	      3145005.43657
                  0	                  0	      2589671987.97	     -833162.624396	      464867758.574	                  0
                  0	                  0	      -833162.62438	      195147492.021	  9.52882212482e-06	                  0
                  0	                  0	      464867758.574	  1.13030320245e-09	      813010237.261	                  0
     -4570331.20782	      3145005.43657	                  0	                  0	                  0	      36459208.8253

Stiffness matrix at the elastic center rotated along principle axis:
      193064403.805	      402647.692396	                  0	                  0	                  0	     -4570745.16305
      402647.692399	      53262983.6588	                  0	                  0	                  0	      12704721.9162
                  0	                  0	      2589671987.97	 -1.60090000901e-05	  7.98718424572e-06	                  0
                  0	                  0	  9.77136094249e-09	      195147182.116	  6.65335527363e-06	                  0
                  0	                  0	 -5.96152608809e-07	 -5.88834010295e-09	      729562632.477	                  0
     -4570745.16305	      12704721.9162	                  0	                  0	                  0	      39307536.6094

Mass matrix with respect to mass center
      159.116713245	                  0	                  0	                  0	                  0	                  0
                  0	      159.116713245	                  0	                  0	                  0	                  0
                  0	                  0	      159.116713245	                  0	                  0	                  0
                  0	                  0	                  0	      10.8940845296	      1.68514036199	                  0
                  0	                  0	                  0	      1.68514036199	      51.7763046759	                  0
                  0	                  0	                  0	                  0	                  0	      62.6703892055
