********************************
*                              *
*          BECAS 2.3           *
*              by              *
*     becas-dtuwind@dtu.dk     *
*                              *
*   A cross section analysis   *
*   program for anisotropic    *
*   beams with arbitrary       *
*   geometry.                  *
*                              *
*     (c)DTU Wind Energy       *
********************************


Output generated on the (yyyy.mm.dd) 2021. 5.21 at (hh.mm.ss) 11.36.17  
Element type is: Q4 
The input folder: is C:\69.6_80\3.Structure\CrossSectionAnalysis_v1.06\BECASFiles\BECAS_Section_7\BECAS_SECTION 

Stiffness matrix w.r.t. to the cross section reference point 
K=
      206532271.879	     -2186618.84094	                  0	                  0	                  0	       813185.48164
     -2186618.84093	      99696195.7384	                  0	                  0	                  0	      11930300.4038
                  0	                  0	      2795602091.06	     -6514946.41829	      674283923.499	                  0
                  0	                  0	     -6514946.41853	      1070605299.94	      29151715.6592	                  0
                  0	                  0	      674283923.499	      29151715.6593	      2028441473.79	                  0
      813185.481614	      11930300.4038	                  0	                  0	                  0	      184937604.075

Compliance matrix w.r.t. to the cross section reference point 
F=
   4.8431305753e-09	  1.09618108397e-10	                  0	                  0	                  0	 -2.83670833664e-11
  1.09618108397e-10	  1.01109884499e-08	                  0	                  0	                  0	 -6.52740528596e-10
                  0	                  0	  3.88921227586e-10	  5.88927994568e-12	 -1.29367801474e-10	                 -0
                  0	                  0	  5.88927994575e-12	  9.34505884369e-10	 -1.53879207336e-11	                 -0
                  0	                  0	 -1.29367801474e-10	 -1.53879207336e-11	  5.36214244826e-10	                 -0
 -2.83670833658e-11	 -6.52740528596e-10	                  0	                  0	                  0	  5.44946206766e-09

Mass matrix w.r.t. to the cross section reference point 
M=
      192.924570184	                  0	                  0	                  0	                  0	    -0.267200540178
                  0	      192.924570184	                  0	                  0	                  0	     -61.8980243242
                  0	                  0	      192.924570184	     0.267200540178	      61.8980243242	                  0
                 -0	                 -0	     0.267200540178	      64.4960699489	      2.62737803485	                  0
                 -0	                 -0	      61.8980243242	      2.62737803485	      166.617141361	                  0
    -0.267200540178	     -61.8980243242	                 -0	                  0	                  0	      231.113211309

Shear center;
ShearX=     0.119780727068 
ShearY=  -0.00520548322266 

Elastic center:
ElasticX=    -0.241194526809 
ElasticY=  -0.00233042693714 

Orientation of principle axis w.r.t. reference center:
alpha_p=     -1.74164645802o or    -0.0303974650981rad 

Orientation of principle axis w.r.t. elastic center:
alpha_p=     -2.20922158992o or    -0.0385581906502rad 

Mass center:
MassX=    -0.320840545428 
MassY=   0.00138500005429 

Mass per unit length:
Mass=      192.924570184 

Mass moments of inertia:
Ixx=      64.4960699489 
Iyy=      166.617141361 
Ixy=     -2.62737803485 

Area center:
AreaX=    -0.510001755002 
AreaY=   0.00928640760337 

Area per unit length:
Area=     0.339491381628 
Area moments:
Ixx=   0.00315265534763 
Iyy=    -0.173141200438 
Ixy=  -0.00663794822154 

Stiffness matrix with respect to shear center:
      206532271.879	     -2186618.84094	                  0	                  0	                  0	  2.62005487457e-05
     -2186618.84093	      99696195.7384	                  0	                  0	                  0	 -1.05053186417e-06
                  0	                  0	      2795602091.06	      8037513.36395	      1009143174.56	                  0
                  0	                  0	      8037513.36371	      1070613225.64	      33624428.5048	                  0
                  0	                  0	      1009143174.56	      33624428.5049	      2230083595.56	                  0
 -1.16415321827e-10	                  0	                  0	                  0	                  0	      183504350.995

Stiffness matrix with respect to the elastic center:
      206532271.879	     -2186618.84094	                  0	                  0	                  0	     -195523.384786
     -2186618.84093	      99696195.7384	                  0	                  0	                  0	       35981572.915
                  0	                  0	      2795602091.06	  0.000240401364863	  -1.2993812561e-05	                  0
                  0	                  0	 -4.65661287308e-09	      1070590117.34	      30723085.0778	                  0
                  0	                  0	 -4.76837158203e-07	      30723085.0778	      1865807881.93	                  0
     -195523.384811	       35981572.915	                  0	                  0	                  0	      196492246.272

Stiffness matrix rotated along principle axis:
      206566438.583	       1062966.5763	                  0	                  0	                  0	      450214.772361
       1062966.5763	      99662029.0339	                  0	                  0	                  0	      11949503.9651
                  0	                  0	      2795602091.06	     -27005302.4177	      673774418.969	                  0
                  0	                  0	     -27005302.4179	      1069718888.65	 -0.000122679384396	                  0
                  0	                  0	      673774418.969	  4.48609696151e-09	      2029327885.08	                  0
      450214.772335	      11949503.9651	                  0	                  0	                  0	      184937604.075

Stiffness matrix at the elastic center rotated along principle axis:
      206541970.794	      1935203.81105	                  0	                  0	                  0	     -1582418.65247
      1935203.81105	      99686496.8227	                  0	                  0	                  0	      35947291.5536
                  0	                  0	      2795602091.06	  0.000240723574318	 -3.71700962189e-06	                  0
                  0	                  0	   1.3728270821e-08	      1069404903.34	 -6.47285226884e-05	                  0
                  0	                  0	 -4.76662243173e-07	  3.87564036284e-10	      1866993095.92	                  0
     -1582418.65249	      35947291.5536	                  0	                  0	                  0	      196492246.272

Mass matrix with respect to mass center
      192.924570184	                  0	                  0	                  0	                  0	                  0
                  0	      192.924570184	                  0	                  0	                  0	                  0
                  0	                  0	      192.924570184	                  0	                  0	                  0
                  0	                  0	                  0	      64.4956998761	       2.5416492678	                  0
                  0	                  0	                  0	       2.5416492678	      146.757745475	                  0
                  0	                  0	                  0	                  0	                  0	      211.253445352
