********************************
*                              *
*          BECAS 2.3           *
*              by              *
*     becas-dtuwind@dtu.dk     *
*                              *
*   A cross section analysis   *
*   program for anisotropic    *
*   beams with arbitrary       *
*   geometry.                  *
*                              *
*     (c)DTU Wind Energy       *
********************************


Output generated on the (yyyy.mm.dd) 2021. 5.19 at (hh.mm.ss) 20.33. 8  
Element type is: Q4 
The input folder: is C:\Users\andre\Documents\GitHub\PGE\Preliminare\64.8_80\Cp-Lambda_v3_2021_CLEAN_March2021\3.Structure\CrossSectionAnalysis_v1.06\BECASFiles\BECAS_Section_13\BECAS_SECTION 

Stiffness matrix w.r.t. to the cross section reference point 
K=
      202087239.697	     -6549247.69389	                  0	                  0	                  0	     -2700598.32523
     -6549247.69389	      62476943.3783	                  0	                  0	                  0	      4363961.39356
                  0	                  0	      2689435985.35	     -6593546.44574	      521979485.922	                  0
                  0	                  0	     -6593546.44577	      259087336.289	       28959570.379	                  0
                  0	                  0	      521979485.922	       28959570.379	      1006477230.76	                  0
     -2700598.32524	      4363961.39356	                  0	                  0	                  0	      47971925.0443

Compliance matrix w.r.t. to the cross section reference point 
F=
  4.96782968822e-09	  5.04431654387e-10	                  0	                  0	                 -0	  2.33778241341e-10
  5.04431654388e-10	  1.61594781646e-08	                  0	                  0	                  0	 -1.44161551794e-09
                  0	                  0	  4.13750047503e-10	  3.46255923822e-11	 -2.15575447457e-10	                 -0
                  0	                  0	  3.46255923822e-11	  3.87505343717e-09	 -1.29455220313e-10	                 -0
                  0	                  0	 -2.15575447457e-10	 -1.29455220313e-10	  1.10909108989e-09	                 -0
  2.33778241342e-10	 -1.44161551794e-09	                  0	                  0	                  0	  2.09898288355e-08

Mass matrix w.r.t. to the cross section reference point 
M=
      168.493383603	                  0	                  0	                  0	                  0	    -0.214623182584
                  0	      168.493383603	                  0	                  0	                  0	      -40.706738797
                  0	                  0	      168.493383603	     0.214623182584	       40.706738797	                  0
                 -0	                 -0	     0.214623182584	      14.5714993331	      2.37481207659	                  0
                 -0	                 -0	       40.706738797	      2.37481207659	      74.8216880297	                  0
    -0.214623182584	      -40.706738797	                 -0	                  0	                  0	      89.3931873627

Shear center;
ShearX=    0.0686816233348 
ShearY=    0.0111376916493 

Elastic center:
ElasticX=    -0.194085112554 
ElasticY=   -0.0024516465466 

Orientation of principle axis w.r.t. reference center:
alpha_p=     -2.21564610396o or    -0.0386703195731rad 

Orientation of principle axis w.r.t. elastic center:
alpha_p=     -2.67382074194o or     -0.046666975555rad 

Mass center:
MassX=    -0.241592506047 
MassY=   0.00127377810329 

Mass per unit length:
Mass=      168.493383603 

Mass moments of inertia:
Ixx=      14.5714993331 
Iyy=      74.8216880297 
Ixy=     -2.37481207659 

Area center:
AreaX=     -0.37696869279 
AreaY=    0.0119624516422 

Area per unit length:
Area=     0.216548218963 
Area moments:
Ixx=   0.00259044759756 
Iyy=   -0.0816318990285 
Ixy=  -0.00494134248167 

Stiffness matrix with respect to shear center:
      202087239.697	     -6549247.69389	                  0	                  0	                  0	  1.00396573544e-06
     -6549247.69389	      62476943.3783	                  0	                  0	                  0	  6.07033143751e-07
                  0	                  0	      2689435985.35	      -36547655.161	      706694315.251	                  0
                  0	                  0	     -36547655.1611	       259567829.69	       20635771.532	                  0
                  0	                  0	      706694315.251	       20635771.532	      1090864541.97	                  0
                  0	 -9.31322574615e-10	                  0	                  0	                  0	      47642122.6603

Stiffness matrix with respect to the elastic center:
      202087239.697	     -6549247.69389	                  0	                  0	                  0	     -4467156.28436
     -6549247.69389	      62476943.3783	                  0	                  0	                  0	      16505862.4216
                  0	                  0	      2689435985.35	   2.1512620151e-05	  2.98023223877e-07	                  0
                  0	                  0	  7.45058059692e-09	      259071171.244	       30239279.583	                  0
                  0	                  0	  1.78813934326e-07	       30239279.583	       905168783.48	                  0
     -4467156.28436	      16505862.4216	                  0	                  0	                  0	      52040019.9493

Stiffness matrix rotated along principle axis:
      202384589.582	     -1136275.86094	                  0	                  0	                  0	     -2867293.07356
     -1136275.86095	      62179593.4932	                  0	                  0	                  0	        4256291.906
                  0	                  0	      2689435985.35	     -26768700.2121	      521334341.155	                  0
                  0	                  0	     -26768700.2122	      257966901.896	  2.57224600949e-06	                  0
                  0	                  0	      521334341.155	 -1.22743953446e-08	      1007597665.15	                  0
     -2867293.07356	        4256291.906	                  0	                  0	                  0	      47971925.0443

Stiffness matrix at the elastic center rotated along principle axis:
      202393796.193	      -15007.217669	                  0	                  0	                  0	     -5232291.98811
     -15007.2176763	      62170386.8822	                  0	                  0	                  0	      16279499.3812
                  0	                  0	      2689435985.35	  2.14752964439e-05	  1.30126332885e-06	                  0
                  0	                  0	 -8.99207865401e-10	      257658970.207	  6.75178769371e-06	                  0
                  0	                  0	  1.78966828451e-07	  5.34485068545e-10	      906580984.516	                  0
     -5232291.98811	      16279499.3812	                  0	                  0	                  0	      52040019.9493

Mass matrix with respect to mass center
      168.493383603	                  0	                  0	                  0	                  0	                  0
                  0	      168.493383603	                  0	                  0	                  0	                  0
                  0	                  0	      168.493383603	                  0	                  0	                  0
                  0	                  0	                  0	      14.5712259508	      2.32296072405	                  0
                  0	                  0	                  0	      2.32296072405	      64.9872449907	                  0
                  0	                  0	                  0	                  0	                  0	      79.5584709415
