********************************
*                              *
*          BECAS 2.3           *
*              by              *
*     becas-dtuwind@dtu.dk     *
*                              *
*   A cross section analysis   *
*   program for anisotropic    *
*   beams with arbitrary       *
*   geometry.                  *
*                              *
*     (c)DTU Wind Energy       *
********************************


Output generated on the (yyyy.mm.dd) 2021. 5.21 at (hh.mm.ss) 11.37.37  
Element type is: Q4 
The input folder: is C:\69.6_80\3.Structure\CrossSectionAnalysis_v1.06\BECASFiles\BECAS_Section_27\BECAS_SECTION 

Stiffness matrix w.r.t. to the cross section reference point 
K=
      53720182.9976	     -3483.00059954	                  0	                  0	                  0	     -2074139.74464
     -3483.00059873	      9617976.13023	                  0	                  0	                  0	     -450638.579361
                  0	                  0	      701150950.546	      20756463.0907	      94902924.7217	                  0
                  0	                  0	      20756463.0907	      11832651.1216	      2523518.33659	                  0
                  0	                  0	      94902924.7217	      2523518.33659	       66910286.133	                  0
     -2074139.74464	     -450638.579361	                  0	                  0	                  0	      2538194.42287

Compliance matrix w.r.t. to the cross section reference point 
F=
  1.92267879582e-08	  7.49343125403e-10	                  0	                 -0	                 -0	  1.58446207371e-08
  7.49343125401e-10	  1.04873334755e-07	                  0	                 -0	                 -0	  1.92318651816e-08
                  0	                  0	  1.84704134725e-09	 -2.70305161265e-09	 -2.51782551477e-09	                 -0
                  0	                  0	 -2.70305161265e-09	  8.91529662547e-08	  4.71502371804e-10	                 -0
                  0	                  0	 -2.51782551477e-09	  4.71502371805e-10	  1.84987874353e-08	                 -0
  1.58446207371e-08	  1.92318651816e-08	                  0	                  0	                  0	  4.10343103991e-07

Mass matrix w.r.t. to the cross section reference point 
M=
      40.8028738308	                  0	                  0	                  0	                  0	      -1.1712895739
                  0	      40.8028738308	                  0	                  0	                  0	     -6.55209613722
                  0	                  0	      40.8028738308	       1.1712895739	      6.55209613722	                  0
                 -0	                 -0	       1.1712895739	     0.639362979485	     0.165054532825	                  0
                 -0	                 -0	      6.55209613722	     0.165054532825	      5.17708878076	                  0
      -1.1712895739	     -6.55209613722	                 -0	                  0	                  0	      5.81645176024

Shear center;
ShearX=   -0.0468677674721 
ShearY=     0.038613103481 

Elastic center:
ElasticX=    -0.135353057209 
ElasticY=    0.0296034157474 

Orientation of principle axis w.r.t. reference center:
alpha_p=     -2.61783716332o or    -0.0456898777811rad 

Orientation of principle axis w.r.t. elastic center:
alpha_p=     0.382333960085o or    0.00667298644567rad 

Mass center:
MassX=    -0.160579280871 
MassY=    0.0287060558224 

Mass per unit length:
Mass=      40.8028738308 

Mass moments of inertia:
Ixx=     0.639362979485 
Iyy=      5.17708878076 
Ixy=    -0.165054532825 

Area center:
AreaX=    -0.201894389598 
AreaY=    0.0262905387753 

Area per unit length:
Area=    0.0279504410079 
Area moments:
Ixx=  0.000734832153106 
Iyy=  -0.00564303722629 
Ixy= -0.000130971171184 

Stiffness matrix with respect to shear center:
      53720182.9976	     -3483.00059954	                  0	                  0	                  0	 -1.60187482834e-07
     -3483.00059873	      9617976.13023	                  0	                  0	                  0	 -2.73576006293e-08
                  0	                  0	      701150950.546	     -6317151.11857	      62041545.0086	                  0
                  0	                  0	     -6317151.11857	      11275104.4742	     -844907.346632	                  0
                  0	                  0	      62041545.0086	     -844907.346632	      59554649.2197	                  0
  2.32830643654e-10	  5.82076609135e-11	                  0	                  0	                  0	      2436985.02613

Stiffness matrix with respect to the elastic center:
      53720182.9976	     -3483.00059954	                  0	                  0	                  0	      -484310.26812
     -3483.00059873	      9617976.13023	                  0	                  0	                  0	      851080.785317
                  0	                  0	      701150950.546	  1.40815973282e-06	  2.38418579102e-07	                  0
                  0	                  0	                  0	      11218188.9153	     -285932.399592	                  0
                  0	                  0	 -5.06639480591e-07	     -285932.399592	      54064885.1338	                  0
     -484310.268119	      851080.785317	                  0	                  0	                  0	      2516656.64029

Stiffness matrix rotated along principle axis:
       53628498.657	      2008752.81395	                  0	                  0	                  0	     -2051392.71188
      2008752.81395	       9709660.4708	                  0	                  0	                  0	     -544902.515299
                  0	                  0	      701150950.546	      16400207.0876	      95751914.2798	                  0
                  0	                  0	      16400207.0876	      11717271.5786	   1.0902422932e-07	                  0
                  0	                  0	      95751914.2798	 -6.05023751271e-10	       67025665.676	                  0
     -2051392.71188	     -544902.515299	                  0	                  0	                  0	      2538194.42287

Stiffness matrix at the elastic center rotated along principle axis:
       53718172.728	     -297767.382799	                  0	                  0	                  0	     -478620.276898
     -297767.382799	      9619986.39979	                  0	                  0	                  0	      854293.608476
                  0	                  0	      701150950.546	  1.40971933328e-06	  2.29016709807e-07	                  0
                  0	                  0	 -3.38077329643e-09	       11216280.864	  2.77882762647e-07	                  0
                  0	                  0	 -5.06628200622e-07	 -5.75842086741e-11	      54066793.1852	                  0
     -478620.276898	      854293.608476	                  0	                  0	                  0	      2516656.64029

Mass matrix with respect to mass center
      40.8028738308	                  0	                  0	                  0	                  0	                  0
                  0	      40.8028738308	                  0	                  0	                  0	                  0
                  0	                  0	      40.8028738308	                  0	                  0	                  0
                  0	                  0	                  0	     0.605739875593	   -0.0230303046433	                  0
                  0	                  0	                  0	   -0.0230303046433	      4.12495789484	                  0
                  0	                  0	                  0	                  0	                  0	      4.73069777044
