********************************
*                              *
*          BECAS 2.3           *
*              by              *
*     becas-dtuwind@dtu.dk     *
*                              *
*   A cross section analysis   *
*   program for anisotropic    *
*   beams with arbitrary       *
*   geometry.                  *
*                              *
*     (c)DTU Wind Energy       *
********************************


Output generated on the (yyyy.mm.dd) 2021. 5.21 at (hh.mm.ss) 12.49.40  
Element type is: Q4 
The input folder: is C:\CPL\3.Structure\CrossSectionAnalysis_v1.06\BECASFiles\BECAS_Section_9\BECAS_SECTION 

Stiffness matrix w.r.t. to the cross section reference point 
K=
      211758672.679	     -4061014.00502	                  0	                  0	                  0	      2397448.64019
     -4061014.00502	      88426568.2119	                  0	                  0	                  0	      9415175.06344
                  0	                  0	      2814047952.93	     -42681791.2727	      677749770.025	                  0
                  0	                  0	     -42681791.2728	      707734452.206	      33589390.6896	                  0
                  0	                  0	      677749770.025	      33589390.6896	      1822036995.91	                  0
      2397448.64017	      9415175.06344	                  0	                  0	                  0	      127524294.353

Compliance matrix w.r.t. to the cross section reference point 
F=
   4.7279339712e-09	  2.28391010042e-10	                  0	                  0	                  0	  -1.0574706789e-10
  2.28391010042e-10	  1.14094548806e-08	                  0	                  0	                  0	 -8.46658837392e-10
                  0	                  0	  3.90985822198e-10	  3.05086007748e-11	 -1.45998855668e-10	                 -0
                  0	                  0	  3.05086007749e-11	  1.41657725081e-09	  -3.7463105322e-11	                 -0
                  0	                  0	 -1.45998855668e-10	  -3.7463105322e-11	  6.03834640132e-10	                 -0
  -1.0574706789e-10	 -8.46658837393e-10	                  0	                  0	                  0	  7.90614031196e-09

Mass matrix w.r.t. to the cross section reference point 
M=
      188.742456678	                  0	                  0	                  0	                  0	      1.94943586124
                  0	      188.742456678	                  0	                  0	                  0	     -58.5900458296
                  0	                  0	      188.742456678	     -1.94943586124	      58.5900458296	                  0
                 -0	                 -0	     -1.94943586124	      41.7743214207	       2.9202972404	                  0
                 -0	                 -0	      58.5900458296	       2.9202972404	      144.144653704	                  0
      1.94943586124	     -58.5900458296	                 -0	                  0	                  0	      185.918975125

Shear center;
ShearX=     0.107088769486 
ShearY=   -0.0133753087749 

Elastic center:
ElasticX=    -0.240845138875 
ElasticY=   -0.0151674001249 

Orientation of principle axis w.r.t. reference center:
alpha_p=      -1.7250285978o or    -0.0301074287227rad 

Orientation of principle axis w.r.t. elastic center:
alpha_p=     -2.63358624603o or    -0.0459647511284rad 

Mass center:
MassX=    -0.310423244779 
MassY=   -0.0103285497897 

Mass per unit length:
Mass=      188.742456678 

Mass moments of inertia:
Ixx=      41.7743214207 
Iyy=      144.144653704 
Ixy=      -2.9202972404 

Area center:
AreaX=     -0.48278035022 
AreaY=  0.000370277188472 

Area per unit length:
Area=     0.303343862884 
Area moments:
Ixx=  0.000112321312689 
Iyy=     -0.14644845636 
Ixy=  -0.00684705929043 

Stiffness matrix with respect to shear center:
      211758672.679	     -4061014.00502	                  0	                  0	                  0	  1.31027773023e-05
     -4061014.00502	      88426568.2119	                  0	                  0	                  0	 -2.60608794633e-06
                  0	                  0	      2814047952.93	     -5043030.99496	      979102702.579	                  0
                  0	                  0	       -5043030.995	      707096117.972	       42114451.152	                  0
                  0	                  0	      979102702.579	      42114451.1521	      1999467288.43	                  0
                  0	                  0	                  0	                  0	                  0	      126483968.225

Stiffness matrix with respect to the elastic center:
      211758672.679	     -4061014.00502	                  0	                  0	                  0	     -1792455.36026
     -4061014.00502	      88426568.2119	                  0	                  0	                  0	       30773879.189
                  0	                  0	      2814047952.93	  4.23192977905e-05	  -2.8133392334e-05	                  0
                  0	                  0	 -3.72529029846e-08	      707087080.399	      43869092.6361	                  0
                  0	                  0	 -1.19209289551e-06	      43869092.6361	      1658804258.43	                  0
     -1792455.36028	       30773879.189	                  0	                  0	                  0	       137194456.53

Stiffness matrix rotated along principle axis:
      211891296.805	     -342684.919081	                  0	                  0	                  0	       2112938.2409
     -342684.919083	      88293944.0853	                  0	                  0	                  0	      9483078.26857
                  0	                  0	      2814047952.93	     -63064668.4008	      676157772.768	                  0
                  0	                  0	     -63064668.4008	      706722856.345	 -2.89329449437e-05	                  0
                  0	                  0	      676157772.768	 -1.04928613095e-08	      1823048591.77	                  0
      2112938.24088	      9483078.26857	                  0	                  0	                  0	      127524294.353

Stiffness matrix at the elastic center rotated along principle axis:
      211871086.587	      1617081.93847	                  0	                  0	                  0	     -3204577.84429
      1617081.93847	      88314154.3037	                  0	                  0	                  0	      30659015.2712
                  0	                  0	      2814047952.93	   4.3567289511e-05	  -2.6159166928e-05	                  0
                  0	                  0	  1.75614040775e-08	      705069227.195	 -1.91205377531e-05	                  0
                  0	                  0	 -1.19254553263e-06	  8.57966915217e-09	      1660822111.63	                  0
     -3204577.84431	      30659015.2712	                  0	                  0	                  0	       137194456.53

Mass matrix with respect to mass center
      188.742456678	                  0	                  0	                  0	                  0	                  0
                  0	      188.742456678	                  0	                  0	                  0	                  0
                  0	                  0	      188.742456678	                  0	                  0	                  0
                  0	                  0	                  0	      41.7541865753	      3.52544744594	                  0
                  0	                  0	                  0	      3.52544744594	      125.956941566	                  0
                  0	                  0	                  0	                  0	                  0	      167.711128141
