********************************
*                              *
*          BECAS 2.3           *
*              by              *
*     becas-dtuwind@dtu.dk     *
*                              *
*   A cross section analysis   *
*   program for anisotropic    *
*   beams with arbitrary       *
*   geometry.                  *
*                              *
*     (c)DTU Wind Energy       *
********************************


Output generated on the (yyyy.mm.dd) 2021. 5.21 at (hh.mm.ss) 11.36.48  
Element type is: Q4 
The input folder: is C:\69.6_80\3.Structure\CrossSectionAnalysis_v1.06\BECASFiles\BECAS_Section_15\BECAS_SECTION 

Stiffness matrix w.r.t. to the cross section reference point 
K=
       184749056.85	     -4631488.56293	                  0	                  0	                  0	     -5357949.27984
     -4631488.56293	      45361116.7269	                  0	                  0	                  0	      2109442.31067
                  0	                  0	      2492833009.31	      33812459.7955	      414380609.423	                  0
                  0	                  0	      33812459.7955	       150694828.15	      21534437.8084	                  0
                  0	                  0	      414380609.423	      21534437.8084	      653818992.911	                  0
     -5357949.27984	      2109442.31067	                  0	                  0	                  0	      27967455.2566

Compliance matrix w.r.t. to the cross section reference point 
F=
  5.45472670578e-09	   5.1013492635e-10	                  0	                  0	                 -0	  1.00652878744e-09
   5.1013492635e-10	  2.21706175607e-08	                  0	                  0	                  0	 -1.57448581828e-09
                  0	                  0	  4.48935006882e-10	 -6.03554187214e-11	   -2.825403418e-10	                 -0
                  0	                  0	 -6.03554187215e-11	  6.67542270257e-09	 -1.81611976906e-10	                 -0
                  0	                  0	   -2.825403418e-10	 -1.81611976907e-10	   1.7145267467e-09	                 -0
  1.00652878744e-09	 -1.57448581828e-09	                  0	                  0	                  0	  3.60674293724e-08

Mass matrix w.r.t. to the cross section reference point 
M=
      150.463380719	                  0	                  0	                  0	                  0	     -2.35284933945
                  0	      150.463380719	                  0	                  0	                  0	     -30.6903578395
                  0	                  0	      150.463380719	      2.35284933945	      30.6903578395	                  0
                 -0	                 -0	      2.35284933945	      8.29483115296	      1.69795280561	                  0
                 -0	                 -0	      30.6903578395	      1.69795280561	      47.4247247934	                  0
     -2.35284933945	     -30.6903578395	                 -0	                  0	                  0	      55.7195559463

Shear center;
ShearX=    0.0436539516589 
ShearY=    0.0279068623673 

Elastic center:
ElasticX=    -0.166228787839 
ElasticY=    0.0135638687667 

Orientation of principle axis w.r.t. reference center:
alpha_p=     -2.44637782877o or    -0.0426973478597rad 

Orientation of principle axis w.r.t. elastic center:
alpha_p=     -2.09378817496o or    -0.0365434974923rad 

Mass center:
MassX=    -0.203972273471 
MassY=    0.0156373552701 

Mass per unit length:
Mass=      150.463380719 

Mass moments of inertia:
Ixx=      8.29483115296 
Iyy=      47.4247247934 
Ixy=     -1.69795280561 

Area center:
AreaX=    -0.316977976838 
AreaY=    0.0220300308909 

Area per unit length:
Area=     0.166729537396 
Area moments:
Ixx=   0.00367305685927 
Iyy=   -0.0528495914431 
Ixy=   -0.0031881574345 

Stiffness matrix with respect to shear center:
       184749056.85	     -4631488.56293	                  0	                  0	                  0	  5.15021383762e-07
     -4631488.56293	      45361116.7269	                  0	                  0	                  0	  9.38773155212e-07
                  0	                  0	      2492833009.31	        -35754687.9	      523202621.105	                  0
                  0	                  0	     -35754687.8999	      150749029.642	      8409541.75641	                  0
                  0	                  0	      523202621.106	      8409541.75641	      694748205.932	                  0
 -9.31322574615e-10	                  0	                  0	                  0	                  0	      27725846.2109

Stiffness matrix with respect to the elastic center:
       184749056.85	     -4631488.56293	                  0	                  0	                  0	     -3621924.04766
     -4631488.56293	      45361116.7269	                  0	                  0	                  0	      9586944.85614
                  0	                  0	      2492833009.31	 -3.23429703712e-05	 -1.93119049072e-05	                  0
                  0	                  0	  5.96046447754e-08	      150236200.382	      15913833.6027	                  0
                  0	                  0	  2.14576721191e-06	      15913833.6028	      584937006.502	                  0
     -3621924.04766	      9586944.85614	                  0	                  0	                  0	      29789929.6941

Stiffness matrix rotated along principle axis:
      184890122.211	      1329652.87426	                  0	                  0	                  0	     -5443106.30898
      1329652.87426	      45220051.3658	                  0	                  0	                  0	        1878819.059
                  0	                  0	      2492833009.31	       16094065.726	      415446209.457	                  0
                  0	                  0	      16094065.7261	      149774805.613	 -4.23211333919e-06	                  0
                  0	                  0	      415446209.457	   9.7669892317e-10	      654739015.447	                  0
     -5443106.30898	        1878819.059	                  0	                  0	                  0	      27967455.2566

Stiffness matrix at the elastic center rotated along principle axis:
      184901197.547	      470065.150668	                  0	                  0	                  0	     -3969768.43363
      470065.150668	      45208976.0305	                  0	                  0	                  0	      9448215.91969
                  0	                  0	      2492833009.31	  -3.1615809448e-05	 -2.04806737322e-05	                  0
                  0	                  0	 -1.88315368587e-08	      149654394.234	 -9.31875884926e-06	                  0
                  0	                  0	  2.14651229082e-06	  1.04917332482e-09	       585518812.65	                  0
     -3969768.43363	      9448215.91969	                  0	                  0	                  0	      29789929.6941

Mass matrix with respect to mass center
      150.463380719	                  0	                  0	                  0	                  0	                  0
                  0	      150.463380719	                  0	                  0	                  0	                  0
                  0	                  0	      150.463380719	                  0	                  0	                  0
                  0	                  0	                  0	      8.25803881194	      1.21803677671	                  0
                  0	                  0	                  0	      1.21803677671	      41.1647427312	                  0
                  0	                  0	                  0	                  0	                  0	      49.4227815431
