********************************
*                              *
*          BECAS 2.3           *
*              by              *
*     becas-dtuwind@dtu.dk     *
*                              *
*   A cross section analysis   *
*   program for anisotropic    *
*   beams with arbitrary       *
*   geometry.                  *
*                              *
*     (c)DTU Wind Energy       *
********************************


Output generated on the (yyyy.mm.dd) 2021. 5.21 at (hh.mm.ss) 11.36.40  
Element type is: Q4 
The input folder: is C:\69.6_80\3.Structure\CrossSectionAnalysis_v1.06\BECASFiles\BECAS_Section_13\BECAS_SECTION 

Stiffness matrix w.r.t. to the cross section reference point 
K=
      201456527.435	     -6212953.69679	                  0	                  0	                  0	     -2784386.23724
     -6212953.69679	      62114661.4566	                  0	                  0	                  0	      4292559.45755
                  0	                  0	      2686532077.75	      -5801171.1765	      523980579.682	                  0
                  0	                  0	     -5801171.17649	      258921200.229	      28441376.0604	                  0
                  0	                  0	      523980579.682	      28441376.0604	      1005329531.83	                  0
     -2784386.23724	      4292559.45755	                  0	                  0	                  0	      47847376.0357

Compliance matrix w.r.t. to the cross section reference point 
F=
  4.98210312237e-09	  4.81277689678e-10	                  0	                  0	                 -0	  2.46746786262e-10
  4.81277689678e-10	  1.62461861839e-08	                  0	                  0	                  0	 -1.42949651255e-09
                  0	                  0	  4.14630848863e-10	  3.31312246741e-11	 -2.17044066899e-10	                 -0
                  0	                  0	  3.31312246741e-11	  3.87686579903e-09	 -1.26946948633e-10	                 -0
                  0	                  0	 -2.17044066899e-10	 -1.26946948633e-10	  1.11141410505e-09	                 -0
  2.46746786262e-10	 -1.42949651255e-09	                  0	                  0	                  0	  2.10423918833e-08

Mass matrix w.r.t. to the cross section reference point 
M=
      168.465259764	                  0	                  0	                  0	                  0	     -0.22749013919
                  0	      168.465259764	                  0	                  0	                  0	     -40.7356637681
                  0	                  0	      168.465259764	      0.22749013919	      40.7356637681	                  0
                 -0	                 -0	      0.22749013919	      14.5699627443	      2.36612291239	                  0
                 -0	                 -0	      40.7356637681	      2.36612291239	       74.814792488	                  0
     -0.22749013919	     -40.7356637681	                 -0	                  0	                  0	      89.3847552323

Shear center;
ShearX=    0.0679341265231 
ShearY=    0.0117261757898 

Elastic center:
ElasticX=     -0.19503976298 
ElasticY=  -0.00215935302784 

Orientation of principle axis w.r.t. reference center:
alpha_p=     -2.17900440677o or    -0.0380308013136rad 

Orientation of principle axis w.r.t. elastic center:
alpha_p=     -2.62278712835o or    -0.0457762709686rad 

Mass center:
MassX=    -0.241804534806 
MassY=   0.00135036825699 

Mass per unit length:
Mass=      168.465259764 

Mass moments of inertia:
Ixx=      14.5699627443 
Iyy=       74.814792488 
Ixy=     -2.36612291239 

Area center:
AreaX=    -0.372911023916 
AreaY=    0.0109520032814 

Area per unit length:
Area=     0.217438280775 
Area moments:
Ixx=   0.00238138476455 
Iyy=   -0.0810851319221 
Ixy=  -0.00507519210341 

Stiffness matrix with respect to shear center:
      201456527.435	     -6212953.69679	                  0	                  0	                  0	   1.2805685401e-07
     -6212953.69679	      62114661.4566	                  0	                  0	                  0	 -4.87081706524e-07
                  0	                  0	      2686532077.75	     -37303918.5853	       706487789.76	                  0
                  0	                  0	     -37303918.5853	      259426658.089	      19762878.5476	                  0
                  0	                  0	       706487789.76	      19762878.5476	      1088920325.72	                  0
                  0	  9.31322574615e-10	                  0	                  0	                  0	      47523114.5559

Stiffness matrix with respect to the elastic center:
      201456527.435	     -6212953.69679	                  0	                  0	                  0	     -4431175.01616
     -6212953.69679	      62114661.4566	                  0	                  0	                  0	       16420804.266
                  0	                  0	      2686532077.75	 -3.01655381918e-06	  3.27825546265e-06	                  0
                  0	                  0	 -5.58793544769e-09	      258908673.452	      29572835.1117	                  0
                  0	                  0	 -1.78813934326e-07	      29572835.1117	       903132483.76	                  0
     -4431175.01616	       16420804.266	                  0	                  0	                  0	      51902886.5309

Stiffness matrix rotated along principle axis:
      201727200.292	     -900815.668628	                  0	                  0	                  0	     -2945583.01903
     -900815.668625	      61843988.5995	                  0	                  0	                  0	      4183588.66199
                  0	                  0	      2686532077.75	     -25719574.4701	      523381127.821	                  0
                  0	                  0	     -25719574.4701	      257839030.127	 -3.30769151191e-06	                  0
                  0	                  0	      523381127.821	  2.55946405708e-09	      1006411701.93	                  0
     -2945583.01903	      4183588.66199	                  0	                  0	                  0	      47847376.0357

Stiffness matrix at the elastic center rotated along principle axis:
      201732762.467	       182710.25227	                  0	                  0	                  0	     -5177953.82823
      182710.252274	      61838426.4246	                  0	                  0	                  0	      16200830.8095
                  0	                  0	      2686532077.75	  -3.1634077326e-06	  3.13678296025e-06	                  0
                  0	                  0	  2.60049488916e-09	      257553992.977	 -3.89362627333e-06	                  0
                  0	                  0	 -1.78882323213e-07	 -1.57256680976e-09	      904487164.235	                  0
     -5177953.82823	      16200830.8095	                  0	                  0	                  0	      51902886.5309

Mass matrix with respect to mass center
      168.465259764	                  0	                  0	                  0	                  0	                  0
                  0	      168.465259764	                  0	                  0	                  0	                  0
                  0	                  0	      168.465259764	                  0	                  0	                  0
                  0	                  0	                  0	      14.5696555488	      2.31111476511	                  0
                  0	                  0	                  0	      2.31111476511	      64.9647242606	                  0
                  0	                  0	                  0	                  0	                  0	      79.5343798094
