********************************
*                              *
*          BECAS 2.3           *
*              by              *
*     becas-dtuwind@dtu.dk     *
*                              *
*   A cross section analysis   *
*   program for anisotropic    *
*   beams with arbitrary       *
*   geometry.                  *
*                              *
*     (c)DTU Wind Energy       *
********************************


Output generated on the (yyyy.mm.dd) 2021. 5.19 at (hh.mm.ss) 20.33.19  
Element type is: Q4 
The input folder: is C:\Users\andre\Documents\GitHub\PGE\Preliminare\64.8_80\Cp-Lambda_v3_2021_CLEAN_March2021\3.Structure\CrossSectionAnalysis_v1.06\BECASFiles\BECAS_Section_17\BECAS_SECTION 

Stiffness matrix w.r.t. to the cross section reference point 
K=
      171528193.261	     -7479662.89788	                  0	                  0	                  0	     -5208629.83287
     -7479662.89788	      31318777.7692	                  0	                  0	                  0	       3938032.0649
                  0	                  0	      2329612365.46	      52353486.2779	      338654280.041	                  0
                  0	                  0	      52353486.2779	        92352858.75	      15760479.0669	                  0
                  0	                  0	      338654280.041	      15760479.0669	      439072171.706	                  0
     -5208629.83287	       3938032.0649	                  0	                  0	                  0	      16642779.7839

Compliance matrix w.r.t. to the cross section reference point 
F=
  5.93071547273e-09	  1.21928350666e-09	                  0	                  0	                 -0	  1.56760615323e-09
  1.21928350666e-09	  3.31595267921e-08	                  0	                  0	                  0	 -7.46464742849e-09
                  0	                  0	  4.87613227929e-10	 -2.13546638031e-10	 -3.68428517561e-10	                 -0
                  0	                  0	 -2.13546638031e-10	  1.09882939517e-08	 -2.29716890179e-10	                 -0
                  0	                  0	 -3.68428517561e-10	 -2.29716890179e-10	  2.56994274589e-09	                 -0
  1.56760615323e-09	 -7.46464742848e-09	                  0	                  0	                  0	  6.23430168863e-08

Mass matrix w.r.t. to the cross section reference point 
M=
      136.076568498	                  0	                  0	                  0	                  0	     -3.20518643353
                  0	      136.076568498	                  0	                  0	                  0	     -23.7340972669
                  0	                  0	      136.076568498	      3.20518643353	      23.7340972669	                  0
                 -0	                 -0	      3.20518643353	      4.99633032819	      1.16959518713	                  0
                 -0	                 -0	      23.7340972669	      1.16959518713	      30.8913058412	                  0
     -3.20518643353	     -23.7340972669	                 -0	                  0	                  0	      35.8876361694

Shear center;
ShearX=     0.119735101079 
ShearY=    0.0251448555351 

Elastic center:
ElasticX=    -0.145369369197 
ElasticY=    0.0224730461832 

Orientation of principle axis w.r.t. reference center:
alpha_p=     -2.59729808968o or    -0.0453314033207rad 

Orientation of principle axis w.r.t. elastic center:
alpha_p=     -1.56191681304o or    -0.0272605910299rad 

Mass center:
MassX=    -0.174417223545 
MassY=    0.0235542861561 

Mass per unit length:
Mass=      136.076568498 

Mass moments of inertia:
Ixx=      4.99633032819 
Iyy=      30.8913058412 
Ixy=     -1.16959518713 

Area center:
AreaX=    -0.264148946627 
AreaY=    0.0272586403192 

Area per unit length:
Area=     0.129004293366 
Area moments:
Ixx=    0.0035164816325 
Iyy=   -0.0340763482029 
Ixy=  -0.00185050309677 

Stiffness matrix with respect to shear center:
      171528193.261	     -7479662.89788	                  0	                  0	                  0	  1.04308128357e-06
     -7479662.89788	      31318777.7692	                  0	                  0	                  0	  1.55082670972e-06
                  0	                  0	      2329612365.46	     -6224280.10449	      617590652.095	                  0
                  0	                  0	     -6224280.10449	      91192946.5248	      6499801.31142	                  0
                  0	                  0	      617590652.095	      6499801.31142	      553568255.313	                  0
                  0	 -4.65661287308e-10	                  0	                  0	                  0	      16040288.8719

Stiffness matrix with respect to the elastic center:
      171528193.261	     -7479662.89788	                  0	                  0	                  0	     -2441182.70127
     -7479662.89788	      31318777.7692	                  0	                  0	                  0	       8322732.2235
                  0	                  0	      2329612365.46	  3.36766242981e-06	  2.20537185669e-06	                  0
                  0	                  0	                  0	       91176316.435	      8149885.79138	                  0
                  0	                  0	                  0	      8149885.79138	      389842212.641	                  0
     -2441182.70127	       8322732.2235	                  0	                  0	                  0	       18253204.764

Stiffness matrix rotated along principle axis:
      171917467.778	      -1101757.6468	                  0	                  0	                  0	     -5381734.43455
      -1101757.6468	      30929503.2521	                  0	                  0	                  0	      3697952.91426
                  0	                  0	      2329612365.46	      36953287.4434	      340678827.435	                  0
                  0	                  0	      36953287.4434	      91637924.3349	  -5.7180629001e-07	                  0
                  0	                  0	      340678827.435	 -6.16679108109e-09	      439787106.122	                  0
     -5381734.43455	      3697952.91425	                  0	                  0	                  0	      16642779.7839

Stiffness matrix at the elastic center rotated along principle axis:
      171831621.927	     -3648250.58015	                  0	                  0	                  0	     -2667130.18693
     -3648250.58015	      31015349.1038	                  0	                  0	                  0	      8253100.09699
                  0	                  0	      2329612365.46	  3.30629889097e-06	  2.29634555566e-06	                  0
                  0	                  0	                  0	      90954090.6805	 -1.27016347813e-07	                  0
                  0	                  0	                  0	 -9.52065523377e-10	      390064438.395	                  0
     -2667130.18693	      8253100.09699	                  0	                  0	                  0	       18253204.764

Mass matrix with respect to mass center
      136.076568498	                  0	                  0	                  0	                  0	                  0
                  0	      136.076568498	                  0	                  0	                  0	                  0
                  0	                  0	      136.076568498	                  0	                  0	                  0
                  0	                  0	                  0	      4.92083444975	     0.610555468451	                  0
                  0	                  0	                  0	     0.610555468451	      26.7516704926	                  0
                  0	                  0	                  0	                  0	                  0	      31.6725049423
