********************************
*                              *
*          BECAS 2.3           *
*              by              *
*     becas-dtuwind@dtu.dk     *
*                              *
*   A cross section analysis   *
*   program for anisotropic    *
*   beams with arbitrary       *
*   geometry.                  *
*                              *
*     (c)DTU Wind Energy       *
********************************


Output generated on the (yyyy.mm.dd) 2021. 5.21 at (hh.mm.ss) 11.36. 5  
Element type is: Q4 
The input folder: is C:\69.6_80\3.Structure\CrossSectionAnalysis_v1.06\BECASFiles\BECAS_Section_4\BECAS_SECTION 

Stiffness matrix w.r.t. to the cross section reference point 
K=
      379320930.053	     -3196471.99364	                  0	                  0	                  0	     -1432434.12978
     -3196471.99365	      203695397.667	                  0	                  0	                  0	     -9797090.01707
                  0	                  0	      3169469075.51	      9326030.23182	       610054084.37	                  0
                  0	                  0	      9326030.23177	      1542484611.76	      21867976.4203	                  0
                  0	                  0	       610054084.37	      21867976.4203	      2157096569.86	                  0
     -1432434.12977	     -9797090.01707	                  0	                  0	                  0	      539027573.166

Compliance matrix w.r.t. to the cross section reference point 
F=
  2.63667120565e-09	  4.17492302667e-11	                  0	                  0	                 -0	  7.76561162994e-12
  4.17492302668e-11	  4.91424751622e-09	                  0	                  0	                 -0	  8.94298004492e-11
                  0	                  0	  3.33674605023e-10	 -6.79673847523e-13	  -9.4360491504e-11	                 -0
                  0	                  0	  -6.7967384751e-13	  6.48399259024e-10	  -6.3810503864e-12	                 -0
                  0	                  0	  -9.4360491504e-11	 -6.38105038639e-12	  4.90337131256e-10	                 -0
   7.7656116299e-12	  8.94298004492e-11	                  0	                  0	                  0	  1.85683873211e-09

Mass matrix w.r.t. to the cross section reference point 
M=
      219.053826296	                  0	                  0	                  0	                  0	    -0.900761681275
                  0	      219.053826296	                  0	                  0	                  0	     -45.3721651743
                  0	                  0	      219.053826296	     0.900761681275	      45.3721651743	                  0
                 -0	                 -0	     0.900761681275	       97.019785217	      1.66790158227	                  0
                 -0	                 -0	      45.3721651743	      1.66790158227	      163.385077919	                  0
    -0.900761681275	     -45.3721651743	                 -0	                  0	                  0	      260.404863136

Shear center;
ShearX=   -0.0481623949902 
ShearY=   0.00418216805563 

Elastic center:
ElasticX=    -0.192478320449 
ElasticY=   0.00294245818766 

Orientation of principle axis w.r.t. reference center:
alpha_p=     -2.03516098921o or    -0.0355202600699rad 

Orientation of principle axis w.r.t. elastic center:
alpha_p=     -2.30805364739o or    -0.0402831354597rad 

Mass center:
MassX=     -0.20712792806 
MassY=   0.00411205636763 

Mass per unit length:
Mass=      219.053826296 

Mass moments of inertia:
Ixx=       97.019785217 
Iyy=      163.385077919 
Ixy=     -1.66790158227 

Area center:
AreaX=    -0.248162810012 
AreaY=   0.00711664179802 

Area per unit length:
Area=     0.255243026988 
Area moments:
Ixx=   0.00181647319452 
Iyy=   -0.0633418268134 
Ixy=  -0.00245064932471 

Stiffness matrix with respect to shear center:
      379320930.053	     -3196471.99364	                  0	                  0	                  0	 -8.53068195283e-06
     -3196471.99365	      203695397.667	                  0	                  0	                  0	 -8.53091478348e-07
                  0	                  0	      3169469075.51	     -3929222.08909	      457404862.846	                  0
                  0	                  0	     -3929222.08915	       1542462041.4	      19505868.4627	                  0
                  0	                  0	      457404862.846	      19505868.4627	       2105685190.4	                  0
                  0	  1.86264514923e-09	                  0	                  0	                  0	      538549731.167

Stiffness matrix with respect to the elastic center:
      379320930.053	     -3196471.99364	                  0	                  0	                  0	      -931549.71409
     -3196471.99365	      203695397.667	                  0	                  0	                  0	      29400452.5239
                  0	                  0	      3169469075.51	  5.52479177713e-05	 -5.34057617188e-05	                  0
                  0	                  0	                  0	       1542457170.3	      20072917.7849	                  0
                  0	                  0	 -1.19209289551e-07	      20072917.7848	      2039674384.31	                  0
     -931549.714082	      29400452.5239	                  0	                  0	                  0	      542793839.533

Stiffness matrix rotated along principle axis:
      379326326.527	      3044609.26418	                  0	                  0	                  0	     -1083608.56867
      3044609.26417	      203690001.194	                  0	                  0	                  0	      -9841779.9614
                  0	                  0	      3169469075.51	     -12344575.7967	      610000468.971	                  0
                  0	                  0	     -12344575.7968	      1541707528.71	  1.53038679375e-05	                  0
                  0	                  0	      610000468.971	  5.39740488312e-09	      2157873652.91	                  0
     -1083608.56866	      -9841779.9614	                  0	                  0	                  0	      539027573.166

Stiffness matrix at the elastic center rotated along principle axis:
        379293340.5	      3880992.41178	                  0	                  0	                  0	     -2114816.11505
      3880992.41177	      203722987.221	                  0	                  0	                  0	      29339085.6415
                  0	                  0	      3169469075.51	   5.7353867315e-05	 -5.11374784952e-05	                  0
                  0	                  0	  4.80082530516e-09	      1541648132.57	  2.60918288903e-05	                  0
                  0	                  0	 -1.19112580325e-07	 -7.88310864123e-09	      2040483422.04	                  0
     -2114816.11504	      29339085.6415	                  0	                  0	                  0	      542793839.533

Mass matrix with respect to mass center
      219.053826296	                  0	                  0	                  0	                  0	                  0
                  0	      219.053826296	                  0	                  0	                  0	                  0
                  0	                  0	      219.053826296	                  0	                  0	                  0
                  0	                  0	                  0	      97.0160812342	      1.48132868155	                  0
                  0	                  0	                  0	      1.48132868155	      153.987235355	                  0
                  0	                  0	                  0	                  0	                  0	      251.003316589
