********************************
*                              *
*          BECAS 2.3           *
*              by              *
*     becas-dtuwind@dtu.dk     *
*                              *
*   A cross section analysis   *
*   program for anisotropic    *
*   beams with arbitrary       *
*   geometry.                  *
*                              *
*     (c)DTU Wind Energy       *
********************************


Output generated on the (yyyy.mm.dd) 2021. 5.19 at (hh.mm.ss) 20.33.34  
Element type is: Q4 
The input folder: is C:\Users\andre\Documents\GitHub\PGE\Preliminare\64.8_80\Cp-Lambda_v3_2021_CLEAN_March2021\3.Structure\CrossSectionAnalysis_v1.06\BECASFiles\BECAS_Section_23\BECAS_SECTION 

Stiffness matrix w.r.t. to the cross section reference point 
K=
      115849082.331	      2021536.03149	                  0	                  0	                  0	     -6541251.98991
       2021536.0315	      24866740.2905	                  0	                  0	                  0	     -2991451.70884
                  0	                  0	      1624063053.06	       51500350.449	      195346302.932	                  0
                  0	                  0	       51500350.449	      33302513.3294	      7113901.67853	                  0
                  0	                  0	      195346302.932	      7113901.67853	       170383866.61	                  0
     -6541251.98991	     -2991451.70884	                  0	                  0	                  0	       7371441.9766

Compliance matrix w.r.t. to the cross section reference point 
F=
  9.08863022279e-09	  2.43236006041e-10	                  0	                  0	                 -0	  8.16375540733e-09
  2.43236006039e-10	  4.22848733047e-08	                  0	                  0	                 -0	  1.73757352931e-08
                  0	                  0	  7.44504246248e-10	  -9.7771454766e-10	 -8.12757625566e-10	                 -0
                  0	                  0	  -9.7771454766e-10	  3.15819639434e-08	 -1.97659935587e-10	                 -0
                  0	                  0	 -8.12757625566e-10	 -1.97659935587e-10	  6.80918536343e-09	                 -0
  8.16375540733e-09	  1.73757352931e-08	                  0	                  0	                  0	  1.49954358706e-07

Mass matrix w.r.t. to the cross section reference point 
M=
      90.2903915641	                  0	                  0	                  0	                  0	     -2.84350984833
                  0	      90.2903915641	                  0	                  0	                  0	     -12.5414933222
                  0	                  0	      90.2903915641	      2.84350984833	      12.5414933222	                  0
                 -0	                 -0	      2.84350984833	      1.75511374173	     0.461759951556	                  0
                 -0	                 -0	      12.5414933222	     0.461759951556	      11.6084028016	                  0
     -2.84350984833	     -12.5414933222	                 -0	                  0	                  0	      13.3635165434

Shear center;
ShearX=    -0.115873492729 
ShearY=    0.0544416012832 

Elastic center:
ElasticX=    -0.120282462288 
ElasticY=    0.0317108072571 

Orientation of principle axis w.r.t. reference center:
alpha_p=     -2.96278305423o or    -0.0517103193187rad 

Orientation of principle axis w.r.t. elastic center:
alpha_p=    -0.457119449823o or   -0.00797823947431rad 

Mass center:
MassX=    -0.138901749178 
MassY=    0.0314929396038 

Mass per unit length:
Mass=      90.2903915641 

Mass moments of inertia:
Ixx=      1.75511374173 
Iyy=      11.6084028016 
Ixy=    -0.461759951556 

Area center:
AreaX=    -0.186201843534 
AreaY=    0.0309422050322 

Area per unit length:
Area=    0.0645680508351 
Area moments:
Ixx=   0.00199787786747 
Iyy=   -0.0120226900989 
Ixy= -0.000461249692171 

Stiffness matrix with respect to shear center:
      115849082.331	      2021536.03149	                  0	                  0	                  0	 -6.73346221447e-07
       2021536.0315	      24866740.2905	                  0	                  0	                  0	 -1.81478390004e-06
                  0	                  0	      1624063053.06	     -36916242.7445	      7160444.56297	                  0
                  0	                  0	     -36916242.7445	      32508531.1526	      756550.127353	                  0
                  0	                  0	      7160444.56297	      756550.127353	      146918702.476	                  0
                  0	                  0	                  0	                  0	                  0	      6668695.78604

Stiffness matrix with respect to the elastic center:
      115849082.331	      2021536.03149	                  0	                  0	                  0	     -2624428.73774
       2021536.0315	      24866740.2905	                  0	                  0	                  0	      63685.5818241
                  0	                  0	      1624063053.06	  6.10947608948e-06	  1.25169754028e-06	                  0
                  0	                  0	  7.45058059692e-09	      31669395.6426	      919312.717849	                  0
                  0	                  0	  2.38418579102e-07	      919312.717849	      146887132.294	                  0
     -2624428.73774	      63685.5818261	                  0	                  0	                  0	      6728631.92291

Stiffness matrix rotated along principle axis:
      115397320.161	      6707078.28242	                  0	                  0	                  0	      -6377888.4311
      6707078.28242	      25318502.4599	                  0	                  0	                  0	     -3325552.59802
                  0	                  0	      1624063053.06	      41334592.4157	      197747100.195	                  0
                  0	                  0	      41334592.4157	      32934322.9684	 -8.56338319286e-07	                  0
                  0	                  0	      197747100.195	 -2.10678646717e-09	      170752056.971	                  0
      -6377888.4311	     -3325552.59802	                  0	                  0	                  0	       7371441.9766

Stiffness matrix at the elastic center rotated along principle axis:
      115811035.989	      2747126.79664	                  0	                  0	                  0	     -2624853.30615
      2747126.79665	      24904786.6317	                  0	                  0	                  0	      42745.4561429
                  0	                  0	      1624063053.06	  6.09929541261e-06	  1.30040004998e-06	                  0
                  0	                  0	  5.54820313509e-09	        31662060.99	 -1.53668142359e-07	                  0
                  0	                  0	  2.38470433081e-07	  5.55555102533e-11	      146894466.947	                  0
     -2624853.30615	      42745.4561449	                  0	                  0	                  0	      6728631.92291

Mass matrix with respect to mass center
      90.2903915641	                  0	                  0	                  0	                  0	                  0
                  0	      90.2903915641	                  0	                  0	                  0	                  0
                  0	                  0	      90.2903915641	                  0	                  0	                  0
                  0	                  0	                  0	      1.66556325781	    0.0667914598179	                  0
                  0	                  0	                  0	    0.0667914598179	      9.86636744187	                  0
                  0	                  0	                  0	                  0	                  0	      11.5319306997
