********************************
*                              *
*          BECAS 2.3           *
*              by              *
*     becas-dtuwind@dtu.dk     *
*                              *
*   A cross section analysis   *
*   program for anisotropic    *
*   beams with arbitrary       *
*   geometry.                  *
*                              *
*     (c)DTU Wind Energy       *
********************************


Output generated on the (yyyy.mm.dd) 2021. 5.21 at (hh.mm.ss) 12.48.40  
Element type is: Q4 
The input folder: is C:\CPL\3.Structure\CrossSectionAnalysis_v1.06\BECASFiles\BECAS_Section_6\BECAS_SECTION 

Stiffness matrix w.r.t. to the cross section reference point 
K=
      258437265.273	     -2789516.84593	                  0	                  0	                  0	      756000.211462
     -2789516.84593	       120465729.97	                  0	                  0	                  0	      9251782.17876
                  0	                  0	      2882169192.85	      5482661.72226	      767996765.378	                  0
                  0	                  0	      5482661.72224	      1290943385.78	      30299245.9492	                  0
                  0	                  0	      767996765.378	      30299245.9492	      2182502377.04	                  0
      756000.211446	      9251782.17876	                  0	                  0	                  0	      279748197.687

Compliance matrix w.r.t. to the cross section reference point 
F=
  3.87042891805e-09	  9.06576095489e-11	                  0	                  0	                  0	 -1.34577794174e-11
  9.06576095488e-11	  8.32437735501e-09	                  0	                  0	                  0	 -2.75547309587e-10
                  0	                  0	  3.82863133277e-10	  1.53655336937e-12	 -1.34746338625e-10	                 -0
                  0	                  0	  1.53655336937e-12	  7.74885960186e-10	 -1.12982824519e-11	                 -0
                  0	                  0	 -1.34746338625e-10	 -1.12982824519e-11	   5.0576214407e-10	                 -0
 -1.34577794172e-11	 -2.75547309587e-10	                  0	                  0	                  0	  3.58379244642e-09

Mass matrix w.r.t. to the cross section reference point 
M=
      207.905313465	                  0	                  0	                  0	                  0	     -1.05125986915
                  0	      207.905313465	                  0	                  0	                  0	     -67.7461092585
                  0	                  0	      207.905313465	      1.05125986915	      67.7461092585	                  0
                 -0	                 -0	      1.05125986915	      79.6887093288	       2.8325149283	                  0
                 -0	                 -0	      67.7461092585	       2.8325149283	      198.466501277	                  0
     -1.05125986915	     -67.7461092585	                 -0	                  0	                  0	      278.155210606

Shear center;
ShearX=    0.0768870724814 
ShearY=  -0.00375517824158 

Elastic center:
ElasticX=    -0.266464844355 
ElasticY=   0.00190226921301 

Orientation of principle axis w.r.t. reference center:
alpha_p=     -1.94418200365o or    -0.0339323772218rad 

Orientation of principle axis w.r.t. elastic center:
alpha_p=     -2.39974701509o or    -0.0418834866283rad 

Mass center:
MassX=    -0.325850783367 
MassY=   0.00505643579586 

Mass per unit length:
Mass=      207.905313465 

Mass moments of inertia:
Ixx=      79.6887093288 
Iyy=      198.466501277 
Ixy=      -2.8325149283 

Area center:
AreaX=    -0.439964578066 
AreaY=    0.0110947239107 

Area per unit length:
Area=     0.386337610596 
Area moments:
Ixx=    0.0042863091259 
Iyy=    -0.169974863837 
Ixy=  -0.00759844831977 

Stiffness matrix with respect to shear center:
      258437265.273	     -2789516.84593	                  0	                  0	                  0	  1.59038463607e-05
     -2789516.84593	       120465729.97	                  0	                  0	                  0	 -6.16542820353e-07
                  0	                  0	      2882169192.85	      16305720.7638	      989598317.012	                  0
                  0	                  0	      16305720.7638	      1291025205.04	      34436909.8264	                  0
                  0	                  0	      989598317.013	      34436909.8264	      2317638717.53	                  0
                  0	  3.72529029846e-09	                  0	                  0	                  0	      279034016.325

Stiffness matrix with respect to the elastic center:
      258437265.273	     -2789516.84593	                  0	                  0	                  0	      504309.292508
     -2789516.84593	       120465729.97	                  0	                  0	                  0	      41346357.7533
                  0	                  0	      2882169192.85	  2.41454690695e-05	 -0.000144720077515	                  0
                  0	                  0	  1.86264514923e-09	      1290932956.28	      28838309.3467	                  0
                  0	                  0	  2.38418579102e-07	      28838309.3467	      1977858238.49	                  0
      504309.292492	      41346357.7533	                  0	                  0	                  0	      293233220.617

Stiffness matrix rotated along principle axis:
      258467629.544	      1895013.73834	                  0	                  0	                  0	       441690.29966
      1895013.73834	      120435365.698	                  0	                  0	                  0	      9272104.37184
                  0	                  0	      2882169192.85	     -20575449.6635	      767740673.719	                  0
                  0	                  0	     -20575449.6636	      1289914865.56	 -4.62151464993e-05	                  0
                  0	                  0	      767740673.719	  9.86131773108e-09	      2183530897.26	                  0
      441690.299644	      9272104.37184	                  0	                  0	                  0	      279748197.687

Stiffness matrix at the elastic center rotated along principle axis:
      258428769.656	      2992237.51289	                  0	                  0	                  0	     -1227356.33803
       2992237.5129	      120474225.587	                  0	                  0	                  0	      41331213.6738
                  0	                  0	      2882169192.85	  3.01839032693e-05	 -0.000143582159393	                  0
                  0	                  0	 -8.12187042897e-09	      1289724400.56	 -3.94991874987e-05	                  0
                  0	                  0	  2.38287480847e-07	 -6.70692384717e-09	      1979066794.21	                  0
     -1227356.33804	      41331213.6738	                  0	                  0	                  0	      293233220.617

Mass matrix with respect to mass center
      207.905313465	                  0	                  0	                  0	                  0	                  0
                  0	      207.905313465	                  0	                  0	                  0	                  0
                  0	                  0	      207.905313465	                  0	                  0	                  0
                  0	                  0	                  0	      79.6833937008	      2.48996107641	                  0
                  0	                  0	                  0	      2.48996107641	      176.391378505	                  0
                  0	                  0	                  0	                  0	                  0	      256.074772206
