********************************
*                              *
*          BECAS 2.3           *
*              by              *
*     becas-dtuwind@dtu.dk     *
*                              *
*   A cross section analysis   *
*   program for anisotropic    *
*   beams with arbitrary       *
*   geometry.                  *
*                              *
*     (c)DTU Wind Energy       *
********************************


Output generated on the (yyyy.mm.dd) 2021. 5.21 at (hh.mm.ss) 12.50.58  
Element type is: Q4 
The input folder: is C:\CPL\3.Structure\CrossSectionAnalysis_v1.06\BECASFiles\BECAS_Section_12\BECAS_SECTION 

Stiffness matrix w.r.t. to the cross section reference point 
K=
      206177868.104	     -6280075.82095	                  0	                  0	                  0	     -319766.255244
     -6280075.82095	      68366175.5356	                  0	                  0	                  0	      5338252.91472
                  0	                  0	      2750480101.47	     -39988659.6193	      576370474.807	                  0
                  0	                  0	     -39988659.6196	      340888815.775	       31099050.132	                  0
                  0	                  0	      576370474.807	      31099050.1319	      1209151846.02	                  0
     -319766.255246	      5338252.91472	                  0	                  0	                  0	      61972902.9736

Compliance matrix w.r.t. to the cross section reference point 
F=
  4.86380113426e-09	  4.47838413579e-10	                  0	                  0	                  0	 -1.34800082225e-11
  4.47838413579e-10	  1.47673991678e-08	                  0	                  0	                  0	 -1.26973087047e-09
                  0	                  0	  4.05366175704e-10	  6.53335950621e-11	  -1.9490761949e-10	                 -0
                  0	                  0	  6.53335950626e-11	  2.95093708205e-09	 -1.07040067701e-10	                 -0
                  0	                  0	  -1.9490761949e-10	   -1.070400677e-10	  9.22686298909e-10	                 -0
 -1.34800082224e-11	 -1.26973087047e-09	                  0	                  0	                  0	  1.62453876737e-08

Mass matrix w.r.t. to the cross section reference point 
M=
      175.542618047	                  0	                  0	                  0	                  0	       1.7742833374
                  0	      175.542618047	                  0	                  0	                  0	     -45.7898429547
                  0	                  0	      175.542618047	      -1.7742833374	      45.7898429547	                  0
                 -0	                 -0	      -1.7742833374	      19.3265894269	      2.64843221754	                  0
                 -0	                 -0	      45.7898429547	      2.64843221754	      91.1466660266	                  0
       1.7742833374	     -45.7898429547	                 -0	                  0	                  0	      110.473255454

Shear center;
ShearX=    0.0781594687657 
ShearY=  -0.00082977448696 

Elastic center:
ElasticX=    -0.209552679367 
ElasticY=   -0.0145387925542 

Orientation of principle axis w.r.t. reference center:
alpha_p=     -2.04869459101o or    -0.0357564659809rad 

Orientation of principle axis w.r.t. elastic center:
alpha_p=     -3.01260587037o or    -0.0525798915029rad 

Mass center:
MassX=    -0.260847442428 
MassY=   -0.0101074221015 

Mass per unit length:
Mass=      175.542618047 

Mass moments of inertia:
Ixx=      19.3265894269 
Iyy=      91.1466660266 
Ixy=     -2.64843221754 

Area center:
AreaX=    -0.398936339966 
AreaY=   0.00126360191748 

Area per unit length:
Area=     0.241129961697 
Area moments:
Ixx=  0.000304692281962 
Iyy=   -0.0961955043754 
Ixy=  -0.00595500080495 

Stiffness matrix with respect to shear center:
      206177868.104	     -6280075.82095	                  0	                  0	                  0	  2.21672235057e-06
     -6280075.82095	      68366175.5356	                  0	                  0	                  0	  1.11007011583e-06
                  0	                  0	      2750480101.47	     -37706381.4042	      791346538.389	                  0
                  0	                  0	     -37706381.4046	      340824346.412	      28630196.9074	                  0
                  0	                  0	      791346538.389	      28630196.9073	      1316051881.19	                  0
                  0	                  0	                  0	                  0	                  0	      61555933.2956

Stiffness matrix with respect to the elastic center:
      206177868.104	     -6280075.82095	                  0	                  0	                  0	     -4633350.22377
     -6280075.82095	      68366175.5356	                  0	                  0	                  0	      19755872.8958
                  0	                  0	      2750480101.47	  0.000327296555042	  0.000133156776428	                  0
                  0	                  0	  9.76026058197e-07	      340307428.948	      39478780.8996	                  0
                  0	                  0	   2.7060508728e-05	      39478780.8994	      1088371868.71	                  0
     -4633350.22377	      19755872.8958	                  0	                  0	                  0	      67303456.6066

Stiffness matrix rotated along principle axis:
      206450471.443	     -1340564.11622	                  0	                  0	                  0	     -510398.250301
     -1340564.11622	      68093572.1964	                  0	                  0	                  0	      5323409.45876
                  0	                  0	      2750480101.47	      -60567679.137	      574572513.589	                  0
                  0	                  0	     -60567679.1373	      339776349.501	  0.000158691863481	                  0
                  0	                  0	      574572513.589	  7.00534886232e-09	      1210264312.29	                  0
     -510398.250303	      5323409.45876	                  0	                  0	                  0	      61972902.9736

Stiffness matrix at the elastic center rotated along principle axis:
       206456413.56	      987392.469981	                  0	                  0	                  0	           -5665230
      987392.469982	      68087630.0789	                  0	                  0	                  0	      19485061.3861
                  0	                  0	      2750480101.47	  0.000319846086622	   0.00015017404211	                  0
                  0	                  0	 -4.47505910054e-07	      338229723.873	   0.00022860878926	                  0
                  0	                  0	  2.70744066961e-05	  1.10654715122e-08	      1090449573.79	                  0
           -5665230	      19485061.3861	                  0	                  0	                  0	      67303456.6066

Mass matrix with respect to mass center
      175.542618047	                  0	                  0	                  0	                  0	                  0
                  0	      175.542618047	                  0	                  0	                  0	                  0
                  0	                  0	      175.542618047	                  0	                  0	                  0
                  0	                  0	                  0	      19.3086559963	      3.11124948825	                  0
                  0	                  0	                  0	      3.11124948825	      79.2025026027	                  0
                  0	                  0	                  0	                  0	                  0	       98.511158599
