********************************
*                              *
*          BECAS 2.3           *
*              by              *
*     becas-dtuwind@dtu.dk     *
*                              *
*   A cross section analysis   *
*   program for anisotropic    *
*   beams with arbitrary       *
*   geometry.                  *
*                              *
*     (c)DTU Wind Energy       *
********************************


Output generated on the (yyyy.mm.dd) 2021. 5.18 at (hh.mm.ss) 19.35.12  
Element type is: Q4 
The input folder: is C:\Users\andre\Documents\GitHub\PGE\Preliminare\64.8_80\Cp-Lambda_v3_2021_CLEAN_March2021\3.Structure\CrossSectionAnalysis_v1.06\BECASFiles\BECAS_Section_21\BECAS_SECTION 

Stiffness matrix w.r.t. to the cross section reference point 
K=
      136504076.548	     -1953035.52864	                  0	                  0	                  0	      -6721103.0558
     -1953035.52864	      24244600.1576	                  0	                  0	                  0	     -490658.914029
                  0	                  0	      1871287487.49	      59786543.4814	      229564311.521	                  0
                  0	                  0	      59786543.4814	      43341595.5134	       9912893.8587	                  0
                  0	                  0	      229564311.521	       9912893.8587	       222454260.95	                  0
      -6721103.0558	     -490658.914029	                  0	                  0	                  0	       8581258.4632

Compliance matrix w.r.t. to the cross section reference point 
F=
  7.63275407817e-09	  7.36698795052e-10	                  0	                  0	                 -0	  6.02032846479e-09
  7.36698795052e-10	  4.13651864881e-08	                  0	                  0	                 -0	  2.94218221159e-09
                  0	                  0	  6.34059473738e-10	  -7.3244916302e-10	 -6.21686162141e-10	                 -0
                  0	                  0	 -7.32449163019e-10	  2.41562045981e-08	 -3.20576931513e-10	                 -0
                  0	                  0	 -6.21686162141e-10	 -3.20576931513e-10	  5.15114790788e-09	                 -0
  6.02032846479e-09	  2.94218221159e-09	                  0	                  0	                  0	  1.21416556842e-07

Mass matrix w.r.t. to the cross section reference point 
M=
      105.051499217	                  0	                  0	                  0	                  0	     -3.36653533703
                  0	      105.051499217	                  0	                  0	                  0	     -15.0783487851
                  0	                  0	      105.051499217	      3.36653533703	      15.0783487851	                  0
                 -0	                 -0	      3.36653533703	      2.29730956725	     0.669014786789	                  0
                 -0	                 -0	      15.0783487851	     0.669014786789	       15.175509117	                  0
     -3.36653533703	     -15.0783487851	                 -0	                  0	                  0	      17.4728186842

Shear center;
ShearX=   -0.0242321334761 
ShearY=    0.0495840816227 

Elastic center:
ElasticX=    -0.122677201155 
ElasticY=    0.0319494165815 

Orientation of principle axis w.r.t. reference center:
alpha_p=     -3.15814796925o or    -0.0551200803286rad 

Orientation of principle axis w.r.t. elastic center:
alpha_p=    -0.966097710266o or    -0.0168615859401rad 

Mass center:
MassX=    -0.143532923352 
MassY=    0.0320465234874 

Mass per unit length:
Mass=      105.051499217 

Mass moments of inertia:
Ixx=      2.29730956725 
Iyy=       15.175509117 
Ixy=    -0.669014786789 

Area center:
AreaX=    -0.203598086825 
AreaY=    0.0331238144125 

Area per unit length:
Area=    0.0810400407264 
Area moments:
Ixx=     0.002684355269 
Iyy=   -0.0164995972481 
Ixy=  -0.00077365208635 

Stiffness matrix with respect to shear center:
      136504076.548	     -1953035.52864	                  0	                  0	                  0	 -2.38418579102e-07
     -1953035.52864	      24244600.1576	                  0	                  0	                  0	  2.16125044972e-07
                  0	                  0	      1871287487.49	     -32999528.0376	      184219023.352	                  0
                  0	                  0	     -32999528.0376	      42013385.9532	     -670192.733352	                  0
                  0	                  0	      184219023.352	     -670192.733352	      212427407.949	                  0
  9.31322574615e-10	                  0	                  0	                  0	                  0	      8236109.02839

Stiffness matrix with respect to the elastic center:
      136504076.548	     -1953035.52864	                  0	                  0	                  0	     -2599470.38149
     -1953035.52864	      24244600.1576	                  0	                  0	                  0	      2421202.43072
                  0	                  0	      1871287487.49	  7.49528408051e-06	  2.68220901489e-06	                  0
                  0	                  0	  7.45058059692e-09	      41431450.3297	      2578448.03768	                  0
                  0	                  0	  2.98023223877e-07	      2578448.03768	      194291953.727	                  0
     -2599470.38149	      2421202.43072	                  0	                  0	                  0	      8520305.25501

Stiffness matrix rotated along principle axis:
      136378219.595	      4234045.76322	                  0	                  0	                  0	     -6683864.06882
      4234045.76322	      24370457.1113	                  0	                  0	                  0	     -860193.911941
                  0	                  0	      1871287487.49	      47048547.1877	      232509436.611	                  0
                  0	                  0	      47048547.1877	       42794641.973	 -1.01945403364e-06	                  0
                  0	                  0	      232509436.611	 -1.33639737848e-09	       223001214.49	                  0
     -6683864.06882	     -860193.911941	                  0	                  0	                  0	       8581258.4632

Stiffness matrix at the elastic center rotated along principle axis:
      136538012.805	     -59411.0366262	                  0	                  0	                  0	     -2639924.23689
     -59411.0366253	      24210663.9007	                  0	                  0	                  0	      2377029.13281
                  0	                  0	      1871287487.49	  7.44899444732e-06	  2.80820411843e-06	                  0
                  0	                  0	  2.42461538736e-09	      41387969.4857	 -1.75978453723e-07	                  0
                  0	                  0	  2.98106481582e-07	  1.13718399457e-09	      194335434.571	                  0
     -2639924.23689	      2377029.13281	                  0	                  0	                  0	      8520305.25501

Mass matrix with respect to mass center
      105.051499217	                  0	                  0	                  0	                  0	                  0
                  0	      105.051499217	                  0	                  0	                  0	                  0
                  0	                  0	      105.051499217	                  0	                  0	                  0
                  0	                  0	                  0	       2.1894238135	     0.185806128298	                  0
                  0	                  0	                  0	     0.185806128298	      13.0112696365	                  0
                  0	                  0	                  0	                  0	                  0	        15.20069345
