********************************
*                              *
*          BECAS 2.3           *
*              by              *
*     becas-dtuwind@dtu.dk     *
*                              *
*   A cross section analysis   *
*   program for anisotropic    *
*   beams with arbitrary       *
*   geometry.                  *
*                              *
*     (c)DTU Wind Energy       *
********************************


Output generated on the (yyyy.mm.dd) 2021. 5.19 at (hh.mm.ss) 20.33.50  
Element type is: Q4 
The input folder: is C:\Users\andre\Documents\GitHub\PGE\Preliminare\64.8_80\Cp-Lambda_v3_2021_CLEAN_March2021\3.Structure\CrossSectionAnalysis_v1.06\BECASFiles\BECAS_Section_29\BECAS_SECTION 

Stiffness matrix w.r.t. to the cross section reference point 
K=
      16503526.9683	      75668.2007403	                  0	                  0	                  0	     -351952.523484
      75668.2007403	      1657322.94943	                  0	                  0	                  0	     -248919.041089
                  0	                  0	      150456965.929	      2219909.97078	      18739430.7874	                  0
                  0	                  0	      2219909.97079	      628449.077332	      240864.289308	                  0
                  0	                  0	      18739430.7874	      240864.289308	      7652483.90434	                  0
     -351952.523484	     -248919.041089	                  0	                  0	                  0	       237667.32577

Compliance matrix w.r.t. to the cross section reference point 
F=
  6.28105703476e-08	  1.31747698139e-08	                  0	                 -0	                 -0	  1.06812283606e-07
  1.31747698139e-08	  7.18778089209e-07	                  0	                 -0	                 -0	  7.72316706175e-07
                  0	                  0	  9.97128046093e-09	 -2.61794716384e-08	 -2.35937014028e-08	                 -0
                  0	                  0	 -2.61794716384e-08	   1.6793827121e-06	  1.12492981977e-08	                 -0
                  0	                  0	 -2.35937014028e-08	  1.12492981976e-08	  1.88098792266e-07	                 -0
  1.06812283606e-07	  7.72316706175e-07	                  0	                  0	                  0	  5.17461616858e-06

Mass matrix w.r.t. to the cross section reference point 
M=
      9.81473984896	                  0	                  0	                  0	                  0	    -0.137803343169
                  0	      9.81473984896	                  0	                  0	                  0	     -1.33203556569
                  0	                  0	      9.81473984896	     0.137803343169	      1.33203556569	                  0
                 -0	                 -0	     0.137803343169	    0.0375486978523	    0.0159266325815	                  0
                 -0	                 -0	      1.33203556569	    0.0159266325815	     0.604149877219	                  0
    -0.137803343169	     -1.33203556569	                 -0	                  0	                  0	     0.641698575072

Shear center;
ShearX=    -0.149251013218 
ShearY=    0.0206415857961 

Elastic center:
ElasticX=    -0.124550104222 
ElasticY=    0.0147544512618 

Orientation of principle axis w.r.t. reference center:
alpha_p=     -1.96168313521o or    -0.0342378295902rad 

Orientation of principle axis w.r.t. elastic center:
alpha_p=     0.432170163173o or    0.00754279227626rad 

Mass center:
MassX=    -0.135717867838 
MassY=    0.0140404478661 

Mass per unit length:
Mass=      9.81473984896 

Mass moments of inertia:
Ixx=    0.0375486978523 
Iyy=     0.604149877219 
Ixy=   -0.0159266325815 

Area center:
AreaX=     -0.13994902036 
AreaY=    0.0135606566397 

Area per unit length:
Area=   0.00561277629181 
Area moments:
Ixx=  7.61129320889e-05 
Iyy= -0.000785502543537 
Ixy= -9.01307473642e-06 

Stiffness matrix with respect to shear center:
      16503526.9683	      75668.2007403	                  0	                  0	                  0	  7.21774995327e-09
      75668.2007403	      1657322.94943	                  0	                  0	                  0	 -6.43490238872e-09
                  0	                  0	      150456965.929	     -885760.400054	      -3716423.8232	                  0
                  0	                  0	     -885760.400053	      600910.114503	     -13746.6418835	                  0
                  0	                  0	      -3716423.8232	     -13746.6418834	      5410284.89336	                  0
                  0	                  0	                  0	                  0	                  0	      193251.048469

Stiffness matrix with respect to the elastic center:
      16503526.9683	      75668.2007403	                  0	                  0	                  0	     -99027.5568943
      75668.2007403	      1657322.94943	                  0	                  0	                  0	     -41382.8522283
                  0	                  0	      150456965.929	 -9.12696123123e-07	 -6.37024641037e-07	                  0
                  0	                  0	 -9.31322574615e-10	      595695.523863	     -35625.7289174	                  0
                  0	                  0	  1.63912773132e-07	     -35625.7289173	      5318485.84671	                  0
     -99027.5568943	     -41382.8522283	                  0	                  0	                  0	      194856.231085

Stiffness matrix rotated along principle axis:
      16480953.2352	      583395.534777	                  0	                  0	                  0	     -343225.476397
      583395.534777	      1679896.68251	                  0	                  0	                  0	     -260820.896701
                  0	                  0	      150456965.929	      1577136.88107	      18804438.4594	                  0
                  0	                  0	      1577136.88108	         620199.183	  5.89689792795e-08	                  0
                  0	                  0	      18804438.4594	 -3.20688562466e-11	      7660733.79868	                  0
     -343225.476397	     -260820.896701	                  0	                  0	                  0	       237667.32577

Stiffness matrix at the elastic center rotated along principle axis:
      16503823.7844	     -36317.9948654	                  0	                  0	                  0	     -99336.8791832
     -36317.9948654	      1657026.13337	                  0	                  0	                  0	     -40634.7378132
                  0	                  0	      150456965.929	  -9.1747505889e-07	 -6.30122307784e-07	                  0
                  0	                  0	  3.05052194136e-10	      595426.801294	 -4.27882773013e-08	                  0
                  0	                  0	  1.63915135057e-07	 -1.63383122219e-12	      5318754.56928	                  0
     -99336.8791832	     -40634.7378132	                  0	                  0	                  0	      194856.231085

Mass matrix with respect to mass center
      9.81473984896	                  0	                  0	                  0	                  0	                  0
                  0	      9.81473984896	                  0	                  0	                  0	                  0
                  0	                  0	      9.81473984896	                  0	                  0	                  0
                  0	                  0	                  0	    0.0356138771968	  -0.00277574333433	                  0
                  0	                  0	                  0	  -0.00277574333433	     0.423368850359	                  0
                  0	                  0	                  0	                  0	                  0	     0.458982727556
