********************************
*                              *
*          BECAS 2.3           *
*              by              *
*     becas-dtuwind@dtu.dk     *
*                              *
*   A cross section analysis   *
*   program for anisotropic    *
*   beams with arbitrary       *
*   geometry.                  *
*                              *
*     (c)DTU Wind Energy       *
********************************


Output generated on the (yyyy.mm.dd) 2021. 5.21 at (hh.mm.ss) 11.37. 7  
Element type is: Q4 
The input folder: is C:\69.6_80\3.Structure\CrossSectionAnalysis_v1.06\BECASFiles\BECAS_Section_19\BECAS_SECTION 

Stiffness matrix w.r.t. to the cross section reference point 
K=
       160233258.84	     -2917067.45225	                  0	                  0	                  0	     -7114389.33634
     -2917067.45225	      30570954.8812	                  0	                  0	                  0	      64857.4121475
                  0	                  0	      2151236017.93	      59145175.4015	      280506815.032	                  0
                  0	                  0	      59145175.4015	      60789849.9022	      12480729.5595	                  0
                  0	                  0	      280506815.032	      12480729.5595	      309609053.882	                  0
     -7114389.33634	      64857.4121472	                  0	                  0	                  0	      12151888.1384

Compliance matrix w.r.t. to the cross section reference point 
F=
   6.4186108277e-09	  6.04495612716e-10	                  0	                  0	                 -0	  3.75458446343e-09
  6.04495612716e-10	  3.27680881398e-08	                  0	                  0	                 -0	  1.79014464126e-10
                  0	                  0	   5.3788404999e-10	 -4.26811605527e-10	 -4.70119396293e-10	                 -0
                  0	                  0	 -4.26811605527e-10	  1.69260720907e-08	 -2.95618500284e-10	                 -0
                  0	                  0	 -4.70119396293e-10	 -2.95618500284e-10	  3.66772616904e-09	                 -0
  3.75458446343e-09	  1.79014464126e-10	                  0	                  0	                  0	  8.44889249773e-08

Mass matrix w.r.t. to the cross section reference point 
M=
      122.404357814	                  0	                  0	                  0	                  0	     -3.45826515993
                  0	      122.404357814	                  0	                  0	                  0	     -18.8856182951
                  0	                  0	      122.404357814	      3.45826515993	      18.8856182951	                  0
                 -0	                 -0	      3.45826515993	      3.24920671861	     0.864434704202	                  0
                 -0	                 -0	      18.8856182951	     0.864434704202	      21.2393893597	                  0
     -3.45826515993	     -18.8856182951	                 -0	                  0	                  0	      24.4885960783

Shear center;
ShearX=   -0.0021187920686 
ShearY=    0.0444387766141 

Elastic center:
ElasticX=    -0.130393323975 
ElasticY=    0.0274935780679 

Orientation of principle axis w.r.t. reference center:
alpha_p=     -2.86436333063o or    -0.0499925710928rad 

Orientation of principle axis w.r.t. elastic center:
alpha_p=     -1.27666592295o or    -0.0222820238035rad 

Mass center:
MassX=    -0.154288773965 
MassY=    0.0282527944404 

Mass per unit length:
Mass=      122.404357814 

Mass moments of inertia:
Ixx=      3.24920671861 
Iyy=      21.2393893597 
Ixy=    -0.864434704202 

Area center:
AreaX=    -0.225798065989 
AreaY=    0.0304928368863 

Area per unit length:
Area=     0.101683607808 
Area moments:
Ixx=    0.0031006216669 
Iyy=   -0.0229599619858 
Ixy=  -0.00112433595127 

Stiffness matrix with respect to shear center:
       160233258.84	     -2917067.45225	                  0	                  0	                  0	  6.07222318649e-07
     -2917067.45225	      30570954.8812	                  0	                  0	                  0	  2.17871274799e-07
                  0	                  0	      2151236017.93	     -36453121.4437	       275948793.22	                  0
                  0	                  0	     -36453121.4437	      59781442.7855	      92586.4521261	                  0
                  0	                  0	       275948793.22	      92586.4521216	      308430040.153	                  0
 -9.31322574615e-10	  1.45519152284e-11	                  0	                  0	                  0	      11835870.7993

Stiffness matrix with respect to the elastic center:
       160233258.84	     -2917067.45225	                  0	                  0	                  0	     -3089369.84672
     -2917067.45225	      30570954.8812	                  0	                  0	                  0	      3970905.21445
                  0	                  0	      2151236017.93	 -4.56720590591e-06	 -2.13384628296e-05	                  0
                  0	                  0	 -5.21540641785e-08	       59163737.405	      4768593.54183	                  0
                  0	                  0	 -3.57627868652e-06	      4768593.54182	      273032837.873	                  0
     -3089369.84672	      3970905.21445	                  0	                  0	                  0	      12397586.7923

Stiffness matrix rotated along principle axis:
      160200646.962	      3568858.37756	                  0	                  0	                  0	     -7108741.88189
      3568858.37756	      30603566.7583	                  0	                  0	                  0	     -290742.101452
                  0	                  0	      2151236017.93	      45053864.9569	      283111946.596	                  0
                  0	                  0	      45053864.9569	      60165385.8236	  3.71167024714e-06	                  0
                  0	                  0	      283111946.596	  6.09589918578e-10	      310233517.961	                  0
     -7108741.88189	     -290742.101452	                  0	                  0	                  0	      12151888.1384

Stiffness matrix at the elastic center rotated along principle axis:
      160298846.948	     -25988.9949096	                  0	                  0	                  0	     -3177075.44318
     -25988.9949113	      30505366.7724	                  0	                  0	                  0	      3901087.78424
                  0	                  0	      2151236017.93	  -4.0906473761e-06	 -2.14349240671e-05	                  0
                  0	                  0	  2.75390152944e-08	      59057465.9021	  3.61227565659e-06	                  0
                  0	                  0	 -3.57655293442e-06	 -3.81201935172e-10	      273139109.376	                  0
     -3177075.44318	      3901087.78424	                  0	                  0	                  0	      12397586.7923

Mass matrix with respect to mass center
      122.404357814	                  0	                  0	                  0	                  0	                  0
                  0	      122.404357814	                  0	                  0	                  0	                  0
                  0	                  0	      122.404357814	                  0	                  0	                  0
                  0	                  0	                  0	      3.15150106392	     0.330863212629	                  0
                  0	                  0	                  0	     0.330863212629	      18.3255504674	                  0
                  0	                  0	                  0	                  0	                  0	      21.4770515313
