********************************
*                              *
*          BECAS 2.3           *
*              by              *
*     becas-dtuwind@dtu.dk     *
*                              *
*   A cross section analysis   *
*   program for anisotropic    *
*   beams with arbitrary       *
*   geometry.                  *
*                              *
*     (c)DTU Wind Energy       *
********************************


Output generated on the (yyyy.mm.dd) 2021. 5.21 at (hh.mm.ss) 12.46.21  
Element type is: Q4 
The input folder: is C:\CPL\3.Structure\CrossSectionAnalysis_v1.06\BECASFiles\BECAS_Section_1\BECAS_SECTION 

Stiffness matrix w.r.t. to the cross section reference point 
K=
      1289825592.48	  0.000364100224302	                  0	                  0	                  0	 -0.000157819580882
  0.000340927130503	      1289999220.96	                  0	                  0	                  0	       2.0813242705
                  0	                  0	        11352532626	    -0.554910943561	      428.679279992	                  0
                  0	                  0	    -0.690927072966	      4648781233.97	     0.194978987352	                  0
                  0	                  0	      428.765434038	     0.156346208247	      4648088178.53	                  0
 -0.000157427851384	       2.0813249623	                  0	                  0	                  0	      2107103821.34

Compliance matrix w.r.t. to the cross section reference point 
F=
  7.75298618535e-10	 -2.18826799616e-22	                  0	                  0	                 -0	  5.80689485976e-23
 -2.04899607012e-22	  7.75194266595e-10	                  0	                  0	                  0	 -7.65710082756e-19
                  0	                  0	  8.80860714469e-11	  1.05145679763e-20	 -8.12391508827e-18	                 -0
                  0	                  0	  1.30918298873e-20	  2.15110143857e-10	 -9.02348708105e-21	                 -0
                  0	                  0	 -8.12554779642e-18	 -7.23558989505e-21	  2.15142217959e-10	                 -0
  5.79248136172e-23	 -7.65710337269e-19	                  0	                  0	                  0	  4.74585063096e-10

Mass matrix w.r.t. to the cross section reference point 
M=
      747.406934498	                  0	                  0	                  0	                  0	 -8.33591347533e-14
                  0	      747.406934498	                  0	                  0	                  0	 -9.21752341393e-09
                  0	                  0	      747.406934498	  8.33591347533e-14	  9.21752341393e-09	                  0
                 -0	                 -0	  8.33591347533e-14	      306.176148487	  9.50561231595e-16	                  0
                 -0	                 -0	  9.21752341393e-09	  9.50561231595e-16	      306.152260467	                  0
 -8.33591347533e-14	 -9.21752341393e-09	                 -0	                  0	                  0	      612.328408954

Shear center;
ShearX=   1.6134311777e-09 
ShearY=  1.22053596123e-13 

Elastic center:
ElasticX= -3.77682626566e-08 
ElasticY= -6.08610515139e-11 

Orientation of principle axis w.r.t. reference center:
alpha_p=  1.29253410143e-05o or   2.25589757643e-07rad 

Orientation of principle axis w.r.t. elastic center:
alpha_p=  1.29253427467e-05o or   2.25589787878e-07rad 

Mass center:
MassX= -1.23326704483e-11 
MassY=  1.11531123014e-16 

Mass per unit length:
Mass=      747.406934498 

Mass moments of inertia:
Ixx=      306.176148487 
Iyy=      306.152260467 
Ixy= -9.50561231595e-16 

Area center:
AreaX= -5.24843878428e-12 
AreaY= -8.04338714229e-17 

Area per unit length:
Area=     0.400640367471 
Area moments:
Ixx=  -3.2225055804e-17 
Iyy= -2.10273644318e-12 
Ixy= -3.88378254796e-18 

Stiffness matrix with respect to shear center:
      1289825592.48	  0.000364100224302	                  0	                  0	                  0	 -3.91729535665e-07
  0.000340927130503	      1289999220.96	                  0	                  0	                  0	 -6.91808110312e-07
                  0	                  0	        11352532626	    -0.556296560993	      446.995810077	                  0
                  0	                  0	    -0.692312690398	      4648781233.97	     0.194978986182	                  0
                  0	                  0	      447.081964123	     0.156346207297	      4648088178.53	                  0
  2.71050543121e-20	   4.4408920985e-16	                  0	                  0	                  0	      2107103821.34

Stiffness matrix with respect to the elastic center:
      1289825592.48	  0.000364100224302	                  0	                  0	                  0	   -0.0786579613949
  0.000340927130503	      1289999220.96	                  0	                  0	                  0	      50.8023536746
                  0	                  0	        11352532626	     0.136016129405	   -0.0861540459436	                  0
                  0	                  0	 -2.22044604925e-16	      4648781233.97	     0.194979013441	                  0
                  0	                  0	   5.7980287238e-12	     0.156346229205	      4648088178.53	                  0
   -0.0786575696662	      50.8023543664	                  0	                  0	                  0	      2107103821.34

Stiffness matrix rotated along principle axis:
      1289825592.48	    0.0395329071673	                  0	                  0	                  0	 -0.000157350055444
    0.0395097340734	      1289999220.96	                  0	                  0	                  0	      2.08132427053
                  0	                  0	        11352532626	    -0.554814237906	      428.679280117	                  0
                  0	                  0	    -0.690830347876	      4648781233.97	    0.0386327791043	                  0
                  0	                  0	      428.765434194	  -4.9495866175e-14	      4648088178.53	                  0
  -0.00015695832579	      2.08132496234	                  0	                  0	                  0	      2107103821.34

Stiffness matrix at the elastic center rotated along principle axis:
      1289825592.48	    0.0395329124169	                  0	                  0	                  0	   -0.0786465009027
     0.039509739323	      1289999220.96	                  0	                  0	                  0	      50.8023536923
                  0	                  0	        11352532626	      0.13601610997	   -0.0861540766274	                  0
                  0	                  0	 -2.20736628855e-16	      4648781233.97	    0.0386327842363	                  0
                  0	                  0	  5.79802872385e-12	 -1.27182771447e-13	      4648088178.53	                  0
   -0.0786461091739	      50.8023543841	                  0	                  0	                  0	      2107103821.34

Mass matrix with respect to mass center
      747.406934498	                  0	                  0	                  0	                  0	                  0
                  0	      747.406934498	                  0	                  0	                  0	                  0
                  0	                  0	      747.406934498	                  0	                  0	                  0
                  0	                  0	                  0	      306.176148487	  9.50561230567e-16	                  0
                  0	                  0	                  0	  9.50561230567e-16	      306.152260467	                  0
                  0	                  0	                  0	                  0	                  0	      612.328408954
