********************************
*                              *
*          BECAS 2.3           *
*              by              *
*     becas-dtuwind@dtu.dk     *
*                              *
*   A cross section analysis   *
*   program for anisotropic    *
*   beams with arbitrary       *
*   geometry.                  *
*                              *
*     (c)DTU Wind Energy       *
********************************


Output generated on the (yyyy.mm.dd) 2021. 5.21 at (hh.mm.ss) 12.49. 5  
Element type is: Q4 
The input folder: is C:\CPL\3.Structure\CrossSectionAnalysis_v1.06\BECASFiles\BECAS_Section_7\BECAS_SECTION 

Stiffness matrix w.r.t. to the cross section reference point 
K=
      206532271.879	     -2186618.84095	                  0	                  0	                  0	      813185.481637
     -2186618.84095	      99696195.7382	                  0	                  0	                  0	      11930300.4037
                  0	                  0	      2795602091.07	      -6514946.4181	        674283923.5	                  0
                  0	                  0	     -6514946.41846	      1070605299.94	      29151715.6586	                  0
                  0	                  0	        674283923.5	      29151715.6587	      2028441473.79	                  0
      813185.481634	      11930300.4037	                  0	                  0	                  0	      184937604.075

Compliance matrix w.r.t. to the cross section reference point 
F=
  4.84313057529e-09	  1.09618108398e-10	                  0	                  0	                  0	 -2.83670833663e-11
  1.09618108398e-10	  1.01109884499e-08	                  0	                  0	                  0	 -6.52740528592e-10
                  0	                  0	  3.88921227585e-10	  5.88927994554e-12	 -1.29367801474e-10	                 -0
                  0	                  0	  5.88927994565e-12	   9.3450588437e-10	 -1.53879207333e-11	                 -0
                  0	                  0	 -1.29367801474e-10	 -1.53879207333e-11	  5.36214244826e-10	                 -0
 -2.83670833663e-11	 -6.52740528592e-10	                  0	                  0	                  0	  5.44946206766e-09

Mass matrix w.r.t. to the cross section reference point 
M=
      192.924570184	                  0	                  0	                  0	                  0	    -0.267200540178
                  0	      192.924570184	                  0	                  0	                  0	     -61.8980243242
                  0	                  0	      192.924570184	     0.267200540178	      61.8980243242	                  0
                 -0	                 -0	     0.267200540178	      64.4960699489	      2.62737803485	                  0
                 -0	                 -0	      61.8980243242	      2.62737803485	      166.617141361	                  0
    -0.267200540178	     -61.8980243242	                 -0	                  0	                  0	      231.113211309

Shear center;
ShearX=     0.119780727068 
ShearY=  -0.00520548322276 

Elastic center:
ElasticX=    -0.241194526809 
ElasticY=  -0.00233042693711 

Orientation of principle axis w.r.t. reference center:
alpha_p=     -1.74164645798o or    -0.0303974650974rad 

Orientation of principle axis w.r.t. elastic center:
alpha_p=     -2.20922158987o or    -0.0385581906494rad 

Mass center:
MassX=    -0.320840545428 
MassY=   0.00138500005429 

Mass per unit length:
Mass=      192.924570184 

Mass moments of inertia:
Ixx=      64.4960699489 
Iyy=      166.617141361 
Ixy=     -2.62737803485 

Area center:
AreaX=    -0.510001755002 
AreaY=   0.00928640760337 

Area per unit length:
Area=     0.339491381628 
Area moments:
Ixx=   0.00315265534763 
Iyy=    -0.173141200438 
Ixy=  -0.00663794822154 

Stiffness matrix with respect to shear center:
      206532271.879	     -2186618.84095	                  0	                  0	                  0	  2.87545844913e-06
     -2186618.84095	      99696195.7382	                  0	                  0	                  0	  6.12164512859e-07
                  0	                  0	      2795602091.07	      8037513.36444	      1009143174.56	                  0
                  0	                  0	      8037513.36408	      1070613225.64	      33624428.5043	                  0
                  0	                  0	      1009143174.56	      33624428.5044	      2230083595.56	                  0
                  0	 -1.86264514923e-09	                  0	                  0	                  0	      183504350.995

Stiffness matrix with respect to the elastic center:
      206532271.879	     -2186618.84095	                  0	                  0	                  0	     -195523.384786
     -2186618.84095	      99696195.7382	                  0	                  0	                  0	      35981572.9149
                  0	                  0	      2795602091.07	  0.000356807373464	  0.000122785568237	                  0
                  0	                  0	 -5.58793544769e-09	      1070590117.33	      30723085.0771	                  0
                  0	                  0	 -2.38418579102e-07	      30723085.0772	      1865807881.93	                  0
      -195523.38479	      35981572.9149	                  0	                  0	                  0	      196492246.272

Stiffness matrix rotated along principle axis:
      206566438.583	      1062966.57623	                  0	                  0	                  0	      450214.772369
      1062966.57623	      99662029.0337	                  0	                  0	                  0	       11949503.965
                  0	                  0	      2795602091.07	     -27005302.4171	      673774418.971	                  0
                  0	                  0	     -27005302.4175	      1069718888.65	 -0.000119416055666	                  0
                  0	                  0	       673774418.97	  1.80680133326e-09	      2029327885.08	                  0
      450214.772366	       11949503.965	                  0	                  0	                  0	      184937604.075

Stiffness matrix at the elastic center rotated along principle axis:
      206541970.795	      1935203.81096	                  0	                  0	                  0	     -1582418.65243
      1935203.81096	      99686496.8225	                  0	                  0	                  0	      35947291.5535
                  0	                  0	      2795602091.07	  0.000351808951179	  0.000136448742743	                  0
                  0	                  0	   3.6069291997e-09	      1069404903.34	 -3.30696403244e-05	                  0
                  0	                  0	 -2.38456775842e-07	 -4.96182803853e-09	      1866993095.92	                  0
     -1582418.65243	      35947291.5535	                  0	                  0	                  0	      196492246.272

Mass matrix with respect to mass center
      192.924570184	                  0	                  0	                  0	                  0	                  0
                  0	      192.924570184	                  0	                  0	                  0	                  0
                  0	                  0	      192.924570184	                  0	                  0	                  0
                  0	                  0	                  0	      64.4956998761	       2.5416492678	                  0
                  0	                  0	                  0	       2.5416492678	      146.757745475	                  0
                  0	                  0	                  0	                  0	                  0	      211.253445352
