********************************
*                              *
*          BECAS 2.3           *
*              by              *
*     becas-dtuwind@dtu.dk     *
*                              *
*   A cross section analysis   *
*   program for anisotropic    *
*   beams with arbitrary       *
*   geometry.                  *
*                              *
*     (c)DTU Wind Energy       *
********************************


Output generated on the (yyyy.mm.dd) 2021. 5.21 at (hh.mm.ss) 12.51.31  
Element type is: Q4 
The input folder: is C:\CPL\3.Structure\CrossSectionAnalysis_v1.06\BECASFiles\BECAS_Section_13\BECAS_SECTION 

Stiffness matrix w.r.t. to the cross section reference point 
K=
      201456527.435	     -6212953.69676	                  0	                  0	                  0	     -2784386.23726
     -6212953.69676	      62114661.4566	                  0	                  0	                  0	      4292559.45754
                  0	                  0	      2686532077.75	     -5801171.17638	      523980579.682	                  0
                  0	                  0	     -5801171.17637	      258921200.229	      28441376.0605	                  0
                  0	                  0	      523980579.682	      28441376.0605	      1005329531.83	                  0
     -2784386.23726	      4292559.45754	                  0	                  0	                  0	      47847376.0357

Compliance matrix w.r.t. to the cross section reference point 
F=
  4.98210312237e-09	  4.81277689675e-10	                  0	                  0	                 -0	  2.46746786265e-10
  4.81277689675e-10	  1.62461861839e-08	                  0	                  0	                  0	 -1.42949651254e-09
                  0	                  0	  4.14630848863e-10	   3.3131224674e-11	 -2.17044066899e-10	                 -0
                  0	                  0	  3.31312246739e-11	  3.87686579903e-09	 -1.26946948633e-10	                 -0
                  0	                  0	 -2.17044066899e-10	 -1.26946948633e-10	  1.11141410505e-09	                 -0
  2.46746786265e-10	 -1.42949651254e-09	                  0	                  0	                  0	  2.10423918833e-08

Mass matrix w.r.t. to the cross section reference point 
M=
      168.465259764	                  0	                  0	                  0	                  0	     -0.22749013919
                  0	      168.465259764	                  0	                  0	                  0	     -40.7356637681
                  0	                  0	      168.465259764	      0.22749013919	      40.7356637681	                  0
                 -0	                 -0	      0.22749013919	      14.5699627443	      2.36612291239	                  0
                 -0	                 -0	      40.7356637681	      2.36612291239	       74.814792488	                  0
     -0.22749013919	     -40.7356637681	                 -0	                  0	                  0	      89.3847552323

Shear center;
ShearX=    0.0679341265229 
ShearY=      0.01172617579 

Elastic center:
ElasticX=     -0.19503976298 
ElasticY=   -0.0021593530278 

Orientation of principle axis w.r.t. reference center:
alpha_p=     -2.17900440677o or    -0.0380308013137rad 

Orientation of principle axis w.r.t. elastic center:
alpha_p=     -2.62278712836o or    -0.0457762709687rad 

Mass center:
MassX=    -0.241804534806 
MassY=   0.00135036825699 

Mass per unit length:
Mass=      168.465259764 

Mass moments of inertia:
Ixx=      14.5699627443 
Iyy=       74.814792488 
Ixy=     -2.36612291239 

Area center:
AreaX=    -0.372911023916 
AreaY=    0.0109520032814 

Area per unit length:
Area=     0.217438280775 
Area moments:
Ixx=   0.00238138476455 
Iyy=   -0.0810851319221 
Ixy=  -0.00507519210341 

Stiffness matrix with respect to shear center:
      201456527.435	     -6212953.69676	                  0	                  0	                  0	 -2.04890966415e-07
     -6212953.69676	      62114661.4566	                  0	                  0	                  0	  4.35727997683e-07
                  0	                  0	      2686532077.75	     -37303918.5855	       706487789.76	                  0
                  0	                  0	     -37303918.5855	      259426658.089	      19762878.5476	                  0
                  0	                  0	       706487789.76	      19762878.5476	      1088920325.72	                  0
 -4.65661287308e-10	                  0	                  0	                  0	                  0	      47523114.5559

Stiffness matrix with respect to the elastic center:
      201456527.435	     -6212953.69676	                  0	                  0	                  0	     -4431175.01617
     -6212953.69676	      62114661.4566	                  0	                  0	                  0	       16420804.266
                  0	                  0	      2686532077.75	 -8.04476439953e-06	  2.22325325012e-05	                  0
                  0	                  0	 -8.38190317154e-09	      258908673.452	      29572835.1117	                  0
                  0	                  0	 -2.98023223877e-07	      29572835.1117	      903132483.761	                  0
     -4431175.01617	       16420804.266	                  0	                  0	                  0	      51902886.5309

Stiffness matrix rotated along principle axis:
      201727200.292	     -900815.668582	                  0	                  0	                  0	     -2945583.01905
     -900815.668581	      61843988.5995	                  0	                  0	                  0	      4183588.66198
                  0	                  0	      2686532077.75	     -25719574.4701	      523381127.822	                  0
                  0	                  0	     -25719574.4701	      257839030.127	 -1.14725595932e-05	                  0
                  0	                  0	      523381127.822	 -7.55645492085e-09	      1006411701.93	                  0
     -2945583.01905	      4183588.66198	                  0	                  0	                  0	      47847376.0357

Stiffness matrix at the elastic center rotated along principle axis:
      201732762.467	      182710.252316	                  0	                  0	                  0	     -5177953.82825
      182710.252318	      61838426.4246	                  0	                  0	                  0	      16200830.8095
                  0	                  0	      2686532077.75	 -9.05370413756e-06	  2.18411120837e-05	                  0
                  0	                  0	  5.26450511576e-09	      257553992.977	 -1.29847782342e-05	                  0
                  0	                  0	 -2.98094587768e-07	  2.02860959907e-10	      904487164.236	                  0
     -5177953.82825	      16200830.8095	                  0	                  0	                  0	      51902886.5309

Mass matrix with respect to mass center
      168.465259764	                  0	                  0	                  0	                  0	                  0
                  0	      168.465259764	                  0	                  0	                  0	                  0
                  0	                  0	      168.465259764	                  0	                  0	                  0
                  0	                  0	                  0	      14.5696555488	      2.31111476511	                  0
                  0	                  0	                  0	      2.31111476511	      64.9647242606	                  0
                  0	                  0	                  0	                  0	                  0	      79.5343798094
