********************************
*                              *
*          BECAS 2.3           *
*              by              *
*     becas-dtuwind@dtu.dk     *
*                              *
*   A cross section analysis   *
*   program for anisotropic    *
*   beams with arbitrary       *
*   geometry.                  *
*                              *
*     (c)DTU Wind Energy       *
********************************


Output generated on the (yyyy.mm.dd) 2021. 5.21 at (hh.mm.ss) 14.26.49  
Element type is: Q4 
The input folder: is C:\Users\andre\Documents\GitHub\PGE\Preliminare\69.6_80_provaBis\Cp-Lambda_v3_2021_CLEAN_March2021\3.Structure\CrossSectionAnalysis_v1.06\BECASFiles\BECAS_Section_8\BECAS_SECTION 

Stiffness matrix w.r.t. to the cross section reference point 
K=
       211029867.78	     -2899054.40581	                  0	                  0	                  0	      1957221.88211
      -2899054.4058	      94584488.3387	                  0	                  0	                  0	      10731218.2783
                  0	                  0	      2818916357.92	     -23369935.6195	      691445468.053	                  0
                  0	                  0	     -23369935.6194	      885209040.658	      31466731.1466	                  0
                  0	                  0	      691445468.053	      31466731.1466	      1986824716.07	                  0
      1957221.88212	      10731218.2783	                  0	                  0	                  0	      157811491.315

Compliance matrix w.r.t. to the cross section reference point 
F=
  4.74141204323e-09	  1.53179794731e-10	                  0	                  0	                  0	 -6.92205689534e-11
  1.53179794731e-10	  1.06597090189e-08	                  0	                  0	                  0	 -7.26762481968e-10
                  0	                  0	  3.88055449357e-10	  1.50539487261e-11	 -1.35287666896e-10	                 -0
                  0	                  0	  1.50539487261e-11	  1.13089701157e-09	 -2.31498110873e-11	                 -0
                  0	                  0	 -1.35287666896e-10	 -2.31498110873e-11	  5.50764485761e-10	                 -0
 -6.92205689537e-11	 -7.26762481968e-10	                  0	                  0	                  0	  6.38695267655e-09

Mass matrix w.r.t. to the cross section reference point 
M=
      192.040771022	                  0	                  0	                  0	                  0	     0.792409768337
                  0	      192.040771022	                  0	                  0	                  0	     -61.6166917155
                  0	                  0	      192.040771022	    -0.792409768337	      61.6166917155	                  0
                 -0	                 -0	    -0.792409768337	      52.8856503094	      2.77377025992	                  0
                 -0	                 -0	      61.6166917155	      2.77377025992	      160.174734814	                  0
     0.792409768337	     -61.6166917155	                 -0	                  0	                  0	      213.060385123

Shear center;
ShearX=     0.113788612312 
ShearY=   -0.0108378083351 

Elastic center:
ElasticX=    -0.245287685146 
ElasticY=  -0.00829039696542 

Orientation of principle axis w.r.t. reference center:
alpha_p=     -1.63482910373o or    -0.0285331505675rad 

Orientation of principle axis w.r.t. elastic center:
alpha_p=     -2.28151503064o or    -0.0398199492184rad 

Mass center:
MassX=    -0.320852136697 
MassY=  -0.00412625800302 

Mass per unit length:
Mass=      192.040771022 

Mass moments of inertia:
Ixx=      52.8856503094 
Iyy=      160.174734814 
Ixy=     -2.77377025992 

Area center:
AreaX=    -0.503389176589 
AreaY=   0.00486806889107 

Area per unit length:
Area=      0.32405543954 
Area moments:
Ixx=   0.00157752420421 
Iyy=    -0.163126000879 
Ixy=  -0.00668268381815 

Stiffness matrix with respect to shear center:
       211029867.78	     -2899054.40581	                  0	                  0	                  0	 -9.11951065063e-06
      -2899054.4058	      94584488.3387	                  0	                  0	                  0	 -5.63993307878e-06
                  0	                  0	      2818916357.92	      7180939.58027	      1012206048.64	                  0
                  0	                  0	       7180939.5803	      885033587.422	      39777593.7535	                  0
                  0	                  0	      1012206048.64	      39777593.7534	      2180680858.01	                  0
  4.65661287308e-10	                  0	                  0	                  0	                  0	      156569188.883

Stiffness matrix with respect to the elastic center:
       211029867.78	     -2899054.40581	                  0	                  0	                  0	     -503401.837655
      -2899054.4058	      94584488.3387	                  0	                  0	                  0	      33955662.7855
                  0	                  0	      2818916357.92	 -3.31550836563e-05	  2.64644622803e-05	                  0
                  0	                  0	  1.49011611938e-08	      885015294.615	      37199088.5567	                  0
                  0	                  0	  7.15255737305e-07	      37199088.5567	       1817221657.8	                  0
     -503401.837642	      33955662.7855	                  0	                  0	                  0	      168760580.182

Stiffness matrix rotated along principle axis:
      211100439.117	       426415.27696	                  0	                  0	                  0	      1650271.28828
      426415.276971	      94513917.0014	                  0	                  0	                  0	      10782688.3433
                  0	                  0	      2818916357.92	     -43086863.7691	      690497292.791	                  0
                  0	                  0	     -43086863.7691	      884310951.944	  3.51241883923e-05	                  0
                  0	                  0	      690497292.791	 -2.54242934901e-09	      1987722804.78	                  0
      1650271.28829	      10782688.3433	                  0	                  0	                  0	      157811491.315

Stiffness matrix at the elastic center rotated along principle axis:
      211075962.669	      1742083.48567	                  0	                  0	                  0	     -1854758.25767
      1742083.48569	      94538393.4497	                  0	                  0	                  0	       33908705.673
                  0	                  0	      2818916357.92	 -3.41823363824e-05	  2.51235987764e-05	                  0
                  0	                  0	 -1.35845719997e-08	      883533245.389	  2.71999325086e-05	                  0
                  0	                  0	  7.15281954026e-07	  8.50868090794e-09	      1818703707.03	                  0
     -1854758.25766	       33908705.673	                  0	                  0	                  0	      168760580.182

Mass matrix with respect to mass center
      192.040771022	                  0	                  0	                  0	                  0	                  0
                  0	      192.040771022	                  0	                  0	                  0	                  0
                  0	                  0	      192.040771022	                  0	                  0	                  0
                  0	                  0	                  0	      52.8823806223	      3.02801662723	                  0
                  0	                  0	                  0	      3.02801662723	       140.40488762	                  0
                  0	                  0	                  0	                  0	                  0	      193.287268243
