********************************
*                              *
*          BECAS 2.3           *
*              by              *
*     becas-dtuwind@dtu.dk     *
*                              *
*   A cross section analysis   *
*   program for anisotropic    *
*   beams with arbitrary       *
*   geometry.                  *
*                              *
*     (c)DTU Wind Energy       *
********************************


Output generated on the (yyyy.mm.dd) 2021. 5.18 at (hh.mm.ss) 20.52.12  
Element type is: Q4 
The input folder: is C:\Users\andre\Documents\GitHub\PGE\Preliminare\64.8_80\Cp-Lambda_v3_2021_CLEAN_March2021\3.Structure\CrossSectionAnalysis_v1.06\BECASFiles\BECAS_Section_22\BECAS_SECTION 

Stiffness matrix w.r.t. to the cross section reference point 
K=
      125433660.455	     -1316803.69378	                  0	                  0	                  0	     -6051513.24045
     -1316803.69378	      21650878.1425	                  0	                  0	                  0	     -640850.454563
                  0	                  0	      1744647158.05	      55733527.7957	       211677724.13	                  0
                  0	                  0	      55733527.7957	      37733829.5831	      8395466.20938	                  0
                  0	                  0	       211677724.13	      8395466.20938	      193571470.369	                  0
     -6051513.24045	     -640850.454563	                  0	                  0	                  0	      7384310.07111

Compliance matrix w.r.t. to the cross section reference point 
F=
   8.3113585741e-09	  7.08924630989e-10	                  0	                  0	                 -0	  6.87276274163e-09
   7.0892463099e-10	  4.63669227673e-08	                  0	                  0	                 -0	  4.60494345383e-09
                  0	                  0	  6.87201565483e-10	  -8.5607134953e-10	 -7.14351887954e-10	                 -0
                  0	                  0	  -8.5607134953e-10	  2.78260813383e-08	 -2.70709782563e-10	                 -0
                  0	                  0	 -7.14351887954e-10	 -2.70709782562e-10	   5.9589624158e-09	                 -0
  6.87276274163e-09	  4.60494345383e-09	                  0	                  0	                  0	  1.41454202867e-07

Mass matrix w.r.t. to the cross section reference point 
M=
      97.4799289367	                  0	                  0	                  0	                  0	     -3.10788060133
                  0	      97.4799289367	                  0	                  0	                  0	        -13.7185559
                  0	                  0	      97.4799289367	      3.10788060133	         13.7185559	                  0
                 -0	                 -0	      3.10788060133	      1.99453061673	     0.555791900816	                  0
                 -0	                 -0	         13.7185559	     0.555791900816	      13.1937019481	                  0
     -3.10788060133	        -13.7185559	                 -0	                  0	                  0	      15.1882325648

Shear center;
ShearX=   -0.0325543063442 
ShearY=    0.0485864866671 

Elastic center:
ElasticX=    -0.121329819129 
ElasticY=    0.0319454438329 

Orientation of principle axis w.r.t. reference center:
alpha_p=      -3.0748424393o or    -0.0536661245459rad 

Orientation of principle axis w.r.t. elastic center:
alpha_p=    -0.709163367102o or    -0.0123772356905rad 

Mass center:
MassX=    -0.140732108134 
MassY=    0.0318822616638 

Mass per unit length:
Mass=      97.4799289367 

Mass moments of inertia:
Ixx=      1.99453061673 
Iyy=      13.1937019481 
Ixy=    -0.555791900816 

Area center:
AreaX=    -0.193730500737 
AreaY=    0.0319566757797 

Area per unit length:
Area=    0.0725858523203 
Area moments:
Ixx=   0.00231960254879 
Iyy=   -0.0140620935164 
Ixy= -0.000604053233974 

Stiffness matrix with respect to shear center:
      125433660.455	     -1316803.69378	                  0	                  0	                  0	 -5.00120222569e-07
     -1316803.69378	      21650878.1425	                  0	                  0	                  0	   1.5181285562e-07
                  0	                  0	      1744647158.05	     -29032748.0876	      154881946.085	                  0
                  0	                  0	     -29032748.0876	      36436532.5058	     -944069.736541	                  0
                  0	                  0	      154881946.085	     -944069.736542	      181638374.572	                  0
                  0	 -2.32830643654e-10	                  0	                  0	                  0	      7069425.86172

Stiffness matrix with respect to the elastic center:
      125433660.455	     -1316803.69378	                  0	                  0	                  0	     -2204246.83963
     -1316803.69378	      21650878.1425	                  0	                  0	                  0	      1943980.79602
                  0	                  0	      1744647158.05	 -4.18722629547e-06	 -5.06639480591e-07	                  0
                  0	                  0	 -7.45058059692e-09	      35953397.3013	       1633327.3625	                  0
                  0	                  0	 -8.04662704468e-07	      1633327.36249	      167888650.387	                  0
     -2204246.83963	      1943980.79602	                  0	                  0	                  0	       7278684.7198

Stiffness matrix rotated along principle axis:
      125276111.677	      4249705.96901	                  0	                  0	                  0	     -6008425.53829
      4249705.96901	        21808426.92	                  0	                  0	                  0	     -964533.231844
                  0	                  0	      1744647158.05	      44298818.2726	      214362542.701	                  0
                  0	                  0	      44298818.2726	       37282844.411	  1.05407589639e-06	                  0
                  0	                  0	      214362542.701	  7.05312664528e-10	      194022455.541	                  0
     -6008425.53829	     -964533.231844	                  0	                  0	                  0	      7384310.07111

Stiffness matrix at the elastic center rotated along principle axis:
      125450355.614	     -31987.4863518	                  0	                  0	                  0	     -2228138.49508
     -31987.4863538	      21634182.9837	                  0	                  0	                  0	      1916550.10685
                  0	                  0	      1744647158.05	 -4.18063493033e-06	  -5.5842563702e-07	                  0
                  0	                  0	  2.50923574916e-09	      35933180.1911	  5.35687491666e-07	                  0
                  0	                  0	 -8.04693284953e-07	  -3.5227941489e-10	      167908867.497	                  0
     -2228138.49508	      1916550.10685	                  0	                  0	                  0	       7278684.7198

Mass matrix with respect to mass center
      97.4799289367	                  0	                  0	                  0	                  0	                  0
                  0	      97.4799289367	                  0	                  0	                  0	                  0
                  0	                  0	      97.4799289367	                  0	                  0	                  0
                  0	                  0	                  0	      1.89544435418	     0.118413311963	                  0
                  0	                  0	                  0	     0.118413311963	      11.2630606557	                  0
                  0	                  0	                  0	                  0	                  0	      13.1585050099
