Eta        RadialPos [m] Epsilon_xx [%]  Epsilon_yy [%]  Epsilon_xy [%]  Epsilon_xz [%]  Epsilon_yz [%]  Epsilon_zz [%]  
0.03448    3.1862         0.000000        0.000000        0.000000        0.000000        0.000000        0.000000        
0.06897    5.1724         0.000000        0.000000        0.000000        0.000000        0.000000        0.000000        
0.10345    7.1586         0.000000        0.000000        0.000000        0.000000        0.000000        0.000000        
0.13793    9.1448         0.000000        0.000000        0.000000        0.000000        0.000000        0.000000        
0.17241    11.1310        0.000000        0.000000        0.000000        0.000000        0.000000        0.000000        
0.20690    13.1172        0.000000        0.000000        0.000000        0.000000        0.000000        0.000000        
0.24138    15.1034        0.000000        0.000000        0.000000        0.000000        0.000000        0.000000        
0.27586    17.0897        0.000000        0.000000        0.000000        0.000000        0.000000        0.000000        
0.31034    19.0759        0.000000        0.000000        0.000000        0.000000        0.000000        0.000000        
0.34483    21.0621        0.000000        0.000000        0.000000        0.000000        0.000000        0.000000        
0.37931    23.0483        0.000000        0.000000        0.000000        0.000000        0.000000        0.000000        
0.41379    25.0345        0.000000        0.000000        0.000000        0.000000        0.000000        0.000000        
0.44828    27.0207        0.000000        0.000000        0.000000        0.000000        0.000000        0.000000        
0.48276    29.0069        0.000000        0.000000        0.000000        0.000000        0.000000        0.000000        
0.51724    30.9931        0.000000        0.000000        0.000000        0.000000        0.000000        0.000000        
0.55172    32.9793        0.000000        0.000000        0.000000        0.000000        0.000000        0.000000        
0.58621    34.9655        0.000000        0.000000        0.000000        0.000000        0.000000        0.000000        
0.62069    36.9517        0.000000        0.000000        0.000000        0.000000        0.000000        0.000000        
0.65517    38.9379        0.000000        0.000000        0.000000        0.000000        0.000000        0.000000        
0.68966    40.9241        0.000000        0.000000        0.000000        0.000000        0.000000        0.000000        
0.72414    42.9103        0.000000        0.000000        0.000000        0.000000        0.000000        0.000000        
0.75862    44.8966        0.000000        0.000000        0.000000        0.000000        0.000000        0.000000        
0.79310    46.8828        0.000000        0.000000        0.000000        0.000000        0.000000        0.000000        
0.82759    48.8690        0.000000        0.000000        0.000000        0.000000        0.000000        0.000000        
0.86207    50.8552        0.000000        0.000000        0.000000        0.000000        0.000000        0.000000        
0.89655    52.8414        0.000000        0.000000        0.000000        0.000000        0.000000        0.000000        
0.93103    54.8276        0.000000        0.000000        0.000000        0.000000        0.000000        0.000000        
0.96552    56.8138        0.000000        0.000000        0.000000        0.000000        0.000000        0.000000        
