********************************
*                              *
*          BECAS 2.3           *
*              by              *
*     becas-dtuwind@dtu.dk     *
*                              *
*   A cross section analysis   *
*   program for anisotropic    *
*   beams with arbitrary       *
*   geometry.                  *
*                              *
*     (c)DTU Wind Energy       *
********************************


Output generated on the (yyyy.mm.dd) 2021. 5.21 at (hh.mm.ss) 14.26.34  
Element type is: Q4 
The input folder: is C:\Users\andre\Documents\GitHub\PGE\Preliminare\69.6_80_provaBis\Cp-Lambda_v3_2021_CLEAN_March2021\3.Structure\CrossSectionAnalysis_v1.06\BECASFiles\BECAS_Section_5\BECAS_SECTION 

Stiffness matrix w.r.t. to the cross section reference point 
K=
      339959867.357	     -3328982.43437	                  0	                  0	                  0	     -564456.746911
     -3328982.43436	      160670773.073	                  0	                  0	                  0	      1399491.36788
                  0	                  0	      3118367417.34	      9244657.64867	      813260954.625	                  0
                  0	                  0	       9244657.6485	      1524805214.58	      31038232.9752	                  0
                  0	                  0	      813260954.625	      31038232.9753	      2526777138.03	                  0
     -564456.746908	      1399491.36788	                  0	                  0	                  0	      448962023.233

Compliance matrix w.r.t. to the cross section reference point 
F=
  2.94212613176e-09	  6.09281646341e-11	                  0	                  0	                 -0	  3.50905961605e-12
  6.09281646339e-11	  6.22533806369e-09	                  0	                  0	                  0	 -1.93288410146e-11
                  0	                  0	  3.50064881871e-10	   1.7112940372e-13	 -1.12672941068e-10	                 -0
                  0	                  0	  1.71129403752e-13	  6.55985579247e-10	 -8.11302500357e-12	                 -0
                  0	                  0	 -1.12672941068e-10	 -8.11302500359e-12	  4.32125295555e-10	                 -0
  3.50905961604e-12	 -1.93288410146e-11	                  0	                  0	                  0	  2.22742454708e-09

Mass matrix w.r.t. to the cross section reference point 
M=
      220.483082738	                  0	                  0	                  0	                  0	     -1.09388246855
                  0	      220.483082738	                  0	                  0	                  0	     -64.7629142739
                  0	                  0	      220.483082738	      1.09388246855	      64.7629142739	                  0
                 -0	                 -0	      1.09388246855	      95.4939434205	      2.55186320736	                  0
                 -0	                 -0	      64.7629142739	      2.55186320736	      205.253608571	                  0
     -1.09388246855	     -64.7629142739	                 -0	                  0	                  0	      300.747551991

Shear center;
ShearX=   0.00867766364518 
ShearY=   0.00157538876934 

Elastic center:
ElasticX=    -0.260797027991 
ElasticY=   0.00296458255595 

Orientation of principle axis w.r.t. reference center:
alpha_p=     -1.77259424517o or    -0.0309376058801rad 

Orientation of principle axis w.r.t. elastic center:
alpha_p=     -2.07285804339o or    -0.0361781977835rad 

Mass center:
MassX=    -0.293731897566 
MassY=   0.00496129886685 

Mass per unit length:
Mass=      220.483082738 

Mass moments of inertia:
Ixx=      95.4939434205 
Iyy=      205.253608571 
Ixy=     -2.55186320736 

Area center:
AreaX=    -0.364618070269 
AreaY=   0.00917333056148 

Area per unit length:
Area=     0.329828044501 
Area moments:
Ixx=   0.00302562168065 
Iyy=    -0.120261265106 
Ixy=  -0.00497514159516 

Stiffness matrix with respect to shear center:
      339959867.357	     -3328982.43437	                  0	                  0	                  0	 -2.32609454542e-06
     -3328982.43436	      160670773.073	                  0	                  0	                  0	 -1.09820302896e-06
                  0	                  0	      3118367417.34	      4332016.64071	      840321098.195	                  0
                  0	                  0	      4332016.64053	      1524783826.04	       29794622.584	                  0
                  0	                  0	      840321098.195	      29794622.5841	      2541126366.89	                  0
                  0	  4.65661287308e-10	                  0	                  0	                  0	      448948989.679

Stiffness matrix with respect to the elastic center:
      339959867.357	     -3328982.43437	                  0	                  0	                  0	     -424806.379536
     -3328982.43436	      160670773.073	                  0	                  0	                  0	      43292082.4271
                  0	                  0	      3118367417.34	  0.000175474211574	  2.37226486206e-05	                  0
                  0	                  0	  3.72529029846e-09	      1524777808.03	      28627253.7357	                  0
                  0	                  0	  3.57627868652e-07	      28627253.7357	      2314681098.08	                  0
     -424806.379532	      43292082.4271	                  0	                  0	                  0	      460614520.103

Stiffness matrix rotated along principle axis:
      339994168.234	      2220624.77845	                  0	                  0	                  0	      -607476.64354
      2220624.77845	      160636472.197	                  0	                  0	                  0	      1381361.51512
                  0	                  0	      3118367417.34	     -15916099.6338	      813157747.172	                  0
                  0	                  0	      -15916099.634	      1523844659.48	 -0.000101794839944	                  0
                  0	                  0	      813157747.172	 -2.57022756507e-09	      2527737693.13	                  0
     -607476.643538	      1381361.51512	                  0	                  0	                  0	      448962023.233

Stiffness matrix at the elastic center rotated along principle axis:
      339965968.084	      3160426.08617	                  0	                  0	                  0	     -1990416.28321
      3160426.08617	      160664672.347	                  0	                  0	                  0	      43248388.4596
                  0	                  0	      3118367417.34	  0.000174501332869	  3.00540814498e-05	                  0
                  0	                  0	 -9.21265691568e-09	      1523741673.49	 -5.60994245939e-05	                  0
                  0	                  0	  3.57528596307e-07	 -6.61272312509e-09	      2315717232.62	                  0
     -1990416.28321	      43248388.4596	                  0	                  0	                  0	      460614520.103

Mass matrix with respect to mass center
      220.483082738	                  0	                  0	                  0	                  0	                  0
                  0	      220.483082738	                  0	                  0	                  0	                  0
                  0	                  0	      220.483082738	                  0	                  0	                  0
                  0	                  0	                  0	      95.4885163426	      2.23055503415	                  0
                  0	                  0	                  0	      2.23055503415	      186.230674869	                  0
                  0	                  0	                  0	                  0	                  0	      281.719191212
