********************************
*                              *
*          BECAS 2.3           *
*              by              *
*     becas-dtuwind@dtu.dk     *
*                              *
*   A cross section analysis   *
*   program for anisotropic    *
*   beams with arbitrary       *
*   geometry.                  *
*                              *
*     (c)DTU Wind Energy       *
********************************


Output generated on the (yyyy.mm.dd) 2021. 5.21 at (hh.mm.ss) 11.36.36  
Element type is: Q4 
The input folder: is C:\69.6_80\3.Structure\CrossSectionAnalysis_v1.06\BECASFiles\BECAS_Section_12\BECAS_SECTION 

Stiffness matrix w.r.t. to the cross section reference point 
K=
      206177868.103	     -6280075.82118	                  0	                  0	                  0	     -319766.255264
     -6280075.82118	      68366175.5255	                  0	                  0	                  0	      5338252.91369
                  0	                  0	      2750480101.47	     -39988659.6184	      576370474.807	                  0
                  0	                  0	     -39988659.6187	      340888815.784	      31099050.1319	                  0
                  0	                  0	      576370474.807	      31099050.1317	      1209151846.02	                  0
     -319766.255255	      5338252.91369	                  0	                  0	                  0	      61972902.9735

Compliance matrix w.r.t. to the cross section reference point 
F=
  4.86380113426e-09	  4.47838413662e-10	                  0	                  0	                  0	 -1.34800082207e-11
  4.47838413662e-10	    1.476739917e-08	                  0	                  0	                  0	 -1.26973087041e-09
                  0	                  0	  4.05366175704e-10	  6.53335950593e-11	  -1.9490761949e-10	                 -0
                  0	                  0	  6.53335950597e-11	  2.95093708197e-09	 -1.07040067697e-10	                 -0
                  0	                  0	  -1.9490761949e-10	 -1.07040067696e-10	  9.22686298909e-10	                 -0
 -1.34800082213e-11	 -1.26973087041e-09	                  0	                  0	                  0	  1.62453876737e-08

Mass matrix w.r.t. to the cross section reference point 
M=
      175.542618047	                  0	                  0	                  0	                  0	       1.7742833374
                  0	      175.542618047	                  0	                  0	                  0	     -45.7898429547
                  0	                  0	      175.542618047	      -1.7742833374	      45.7898429547	                  0
                 -0	                 -0	      -1.7742833374	      19.3265894269	      2.64843221754	                  0
                 -0	                 -0	      45.7898429547	      2.64843221754	      91.1466660266	                  0
       1.7742833374	     -45.7898429547	                 -0	                  0	                  0	      110.473255454

Shear center;
ShearX=    0.0781594687623 
ShearY= -0.000829774486896 

Elastic center:
ElasticX=    -0.209552679366 
ElasticY=   -0.0145387925538 

Orientation of principle axis w.r.t. reference center:
alpha_p=     -2.04869459102o or    -0.0357564659811rad 

Orientation of principle axis w.r.t. elastic center:
alpha_p=     -3.01260587038o or    -0.0525798915031rad 

Mass center:
MassX=    -0.260847442428 
MassY=   -0.0101074221015 

Mass per unit length:
Mass=      175.542618047 

Mass moments of inertia:
Ixx=      19.3265894269 
Iyy=      91.1466660266 
Ixy=     -2.64843221754 

Area center:
AreaX=    -0.398936339966 
AreaY=   0.00126360191748 

Area per unit length:
Area=     0.241129961697 
Area moments:
Ixx=  0.000304692281962 
Iyy=   -0.0961955043754 
Ixy=  -0.00595500080495 

Stiffness matrix with respect to shear center:
      206177868.103	     -6280075.82118	                  0	                  0	                  0	 -8.69086943567e-06
     -6280075.82118	      68366175.5255	                  0	                  0	                  0	  2.30967998505e-06
                  0	                  0	      2750480101.47	     -37706381.4035	      791346538.379	                  0
                  0	                  0	     -37706381.4037	      340824346.421	      28630196.9074	                  0
                  0	                  0	      791346538.379	      28630196.9073	      1316051881.19	                  0
  5.82076609135e-11	                  0	                  0	                  0	                  0	      61555933.2956

Stiffness matrix with respect to the elastic center:
      206177868.103	     -6280075.82118	                  0	                  0	                  0	     -4633350.22376
     -6280075.82118	      68366175.5255	                  0	                  0	                  0	      19755872.8927
                  0	                  0	      2750480101.47	  0.000267088413239	  6.49690628052e-05	                  0
                  0	                  0	   8.7171792984e-07	      340307428.957	      39478780.8992	                  0
                  0	                  0	  2.40802764893e-05	       39478780.899	      1088371868.71	                  0
     -4633350.22375	      19755872.8927	                  0	                  0	                  0	      67303456.6056

Stiffness matrix rotated along principle axis:
      206450471.443	     -1340564.11607	                  0	                  0	                  0	     -510398.250285
     -1340564.11607	      68093572.1862	                  0	                  0	                  0	      5323409.45773
                  0	                  0	      2750480101.47	     -60567679.1362	      574572513.588	                  0
                  0	                  0	     -60567679.1364	       339776349.51	  0.000147386656376	                  0
                  0	                  0	      574572513.588	 -4.21986350555e-09	      1210264312.29	                  0
     -510398.250276	      5323409.45773	                  0	                  0	                  0	      61972902.9735

Stiffness matrix at the elastic center rotated along principle axis:
       206456413.56	      987392.470297	                  0	                  0	                  0	     -5665229.99983
        987392.4703	      68087630.0687	                  0	                  0	                  0	      19485061.3829
                  0	                  0	      2750480101.47	  0.000263304803512	  7.89162851085e-05	                  0
                  0	                  0	 -3.95041789853e-07	      338229723.882	  0.000203749649319	                  0
                  0	                  0	  2.40928111671e-05	 -7.98087254849e-09	      1090449573.79	                  0
     -5665229.99982	      19485061.3829	                  0	                  0	                  0	      67303456.6056

Mass matrix with respect to mass center
      175.542618047	                  0	                  0	                  0	                  0	                  0
                  0	      175.542618047	                  0	                  0	                  0	                  0
                  0	                  0	      175.542618047	                  0	                  0	                  0
                  0	                  0	                  0	      19.3086559963	      3.11124948825	                  0
                  0	                  0	                  0	      3.11124948825	      79.2025026027	                  0
                  0	                  0	                  0	                  0	                  0	       98.511158599
