********************************
*                              *
*          BECAS 2.3           *
*              by              *
*     becas-dtuwind@dtu.dk     *
*                              *
*   A cross section analysis   *
*   program for anisotropic    *
*   beams with arbitrary       *
*   geometry.                  *
*                              *
*     (c)DTU Wind Energy       *
********************************


Output generated on the (yyyy.mm.dd) 2021. 5.18 at (hh.mm.ss) 21.15.39  
Element type is: Q4 
The input folder: is C:\Users\andre\Documents\GitHub\PGE\Preliminare\64.8_96.8\Cp-Lambda_v3_2021_CLEAN_March2021\3.Structure\CrossSectionAnalysis_v1.06\BECASFiles\BECAS_Section_15\BECAS_SECTION 

Stiffness matrix w.r.t. to the cross section reference point 
K=
       184749056.85	     -4631488.56298	                  0	                  0	                  0	     -5357949.27985
     -4631488.56299	       45361116.727	                  0	                  0	                  0	      2109442.31068
                  0	                  0	      2492833009.31	      33812459.7959	      414380609.424	                  0
                  0	                  0	      33812459.7958	       150694828.15	      21534437.8084	                  0
                  0	                  0	      414380609.424	      21534437.8083	      653818992.911	                  0
     -5357949.27985	      2109442.31068	                  0	                  0	                  0	      27967455.2566

Compliance matrix w.r.t. to the cross section reference point 
F=
  5.45472670578e-09	  5.10134926355e-10	                  0	                  0	                 -0	  1.00652878744e-09
  5.10134926355e-10	  2.21706175607e-08	                  0	                  0	                  0	 -1.57448581828e-09
                  0	                  0	  4.48935006882e-10	 -6.03554187225e-11	   -2.825403418e-10	                 -0
                  0	                  0	 -6.03554187222e-11	  6.67542270257e-09	 -1.81611976905e-10	                 -0
                  0	                  0	   -2.825403418e-10	 -1.81611976905e-10	   1.7145267467e-09	                 -0
  1.00652878744e-09	 -1.57448581829e-09	                  0	                  0	                  0	  3.60674293724e-08

Mass matrix w.r.t. to the cross section reference point 
M=
      150.463380719	                  0	                  0	                  0	                  0	     -2.35284933945
                  0	      150.463380719	                  0	                  0	                  0	     -30.6903578395
                  0	                  0	      150.463380719	      2.35284933945	      30.6903578395	                  0
                 -0	                 -0	      2.35284933945	      8.29483115296	      1.69795280561	                  0
                 -0	                 -0	      30.6903578395	      1.69795280561	      47.4247247934	                  0
     -2.35284933945	     -30.6903578395	                 -0	                  0	                  0	      55.7195559463

Shear center;
ShearX=     0.043653951659 
ShearY=    0.0279068623673 

Elastic center:
ElasticX=    -0.166228787839 
ElasticY=    0.0135638687668 

Orientation of principle axis w.r.t. reference center:
alpha_p=     -2.44637782876o or    -0.0426973478596rad 

Orientation of principle axis w.r.t. elastic center:
alpha_p=     -2.09378817494o or     -0.036543497492rad 

Mass center:
MassX=    -0.203972273471 
MassY=    0.0156373552701 

Mass per unit length:
Mass=      150.463380719 

Mass moments of inertia:
Ixx=      8.29483115296 
Iyy=      47.4247247934 
Ixy=     -1.69795280561 

Area center:
AreaX=    -0.316977976838 
AreaY=    0.0220300308909 

Area per unit length:
Area=     0.166729537396 
Area moments:
Ixx=   0.00367305685927 
Iyy=   -0.0528495914431 
Ixy=   -0.0031881574345 

Stiffness matrix with respect to shear center:
       184749056.85	     -4631488.56298	                  0	                  0	                  0	 -9.54605638981e-07
     -4631488.56299	       45361116.727	                  0	                  0	                  0	 -1.48580875248e-06
                  0	                  0	      2492833009.31	     -35754687.8998	      523202621.106	                  0
                  0	                  0	     -35754687.8999	      150749029.642	      8409541.75631	                  0
                  0	                  0	      523202621.106	      8409541.75629	      694748205.932	                  0
                  0	                  0	                  0	                  0	                  0	      27725846.2109

Stiffness matrix with respect to the elastic center:
       184749056.85	     -4631488.56298	                  0	                  0	                  0	     -3621924.04767
     -4631488.56299	       45361116.727	                  0	                  0	                  0	      9586944.85618
                  0	                  0	      2492833009.31	  7.71731138229e-05	 -6.64591789246e-05	                  0
                  0	                  0	 -2.60770320892e-07	      150236200.382	      15913833.6026	                  0
                  0	                  0	 -9.59634780884e-06	      15913833.6026	      584937006.502	                  0
     -3621924.04767	      9586944.85618	                  0	                  0	                  0	      29789929.6941

Stiffness matrix rotated along principle axis:
      184890122.211	      1329652.87418	                  0	                  0	                  0	       -5443106.309
      1329652.87418	      45220051.3659	                  0	                  0	                  0	      1878819.05901
                  0	                  0	      2492833009.31	      16094065.7264	      415446209.457	                  0
                  0	                  0	      16094065.7264	      149774805.613	  2.88760217658e-05	                  0
                  0	                  0	      415446209.457	  1.12855917017e-09	      654739015.447	                  0
     -5443106.30899	      1878819.05902	                  0	                  0	                  0	      27967455.2566

Stiffness matrix at the elastic center rotated along principle axis:
      184901197.547	      470065.150562	                  0	                  0	                  0	     -3969768.43364
      470065.150562	      45208976.0307	                  0	                  0	                  0	      9448215.91973
                  0	                  0	      2492833009.31	  7.95497003459e-05	 -6.35952603213e-05	                  0
                  0	                  0	  9.00098447345e-08	      149654394.234	   4.2515956912e-05	                  0
                  0	                  0	 -9.59946824862e-06	  7.47625149997e-09	       585518812.65	                  0
     -3969768.43364	      9448215.91973	                  0	                  0	                  0	      29789929.6941

Mass matrix with respect to mass center
      150.463380719	                  0	                  0	                  0	                  0	                  0
                  0	      150.463380719	                  0	                  0	                  0	                  0
                  0	                  0	      150.463380719	                  0	                  0	                  0
                  0	                  0	                  0	      8.25803881194	      1.21803677671	                  0
                  0	                  0	                  0	      1.21803677671	      41.1647427312	                  0
                  0	                  0	                  0	                  0	                  0	      49.4227815431
