********************************
*                              *
*          BECAS 2.3           *
*              by              *
*     becas-dtuwind@dtu.dk     *
*                              *
*   A cross section analysis   *
*   program for anisotropic    *
*   beams with arbitrary       *
*   geometry.                  *
*                              *
*     (c)DTU Wind Energy       *
********************************


Output generated on the (yyyy.mm.dd) 2021. 5.21 at (hh.mm.ss) 14.28.32  
Element type is: Q4 
The input folder: is C:\Users\andre\Documents\GitHub\PGE\Preliminare\69.6_80_provaBis\Cp-Lambda_v3_2021_CLEAN_March2021\3.Structure\CrossSectionAnalysis_v1.06\BECASFiles\BECAS_Section_30\BECAS_SECTION 

Stiffness matrix w.r.t. to the cross section reference point 
K=
      1486172.96606	      12847.1694029	                  0	                  0	                  0	     -3500.17544918
      12847.1694029	      60866.1093249	                  0	                  0	                  0	      1464.28950133
                  0	                  0	      8033180.54636	      11788.2610159	     -27389.2677065	                  0
                  0	                  0	      11788.2610158	      260.436278072	     -93.1429291793	                  0
                  0	                  0	     -27389.2677065	     -93.1429291788	      5864.65518055	                  0
     -3500.17544918	      1464.28950133	                  0	                  0	                  0	      203.500268101

Compliance matrix w.r.t. to the cross section reference point 
F=
  7.15701663495e-07	 -5.40834650659e-07	                  0	                 -0	                 -0	  1.62015506082e-05
 -5.40834650661e-07	  2.02776410702e-05	                  0	                  0	                  0	 -0.000155210375848
                  0	                  0	  1.34998064134e-07	  -5.9186220203e-06	  5.36471494042e-07	                 -0
                  0	                  0	 -5.91862202026e-06	   0.00412113120761	  3.78108349793e-05	                 -0
                  0	                  0	  5.36471494042e-07	  3.78108349789e-05	  0.000173618966835	                 -0
  1.62015506082e-05	 -0.000155210375848	                  0	                  0	                  0	   0.00630948158206

Mass matrix w.r.t. to the cross section reference point 
M=
     0.667560755646	                  0	                  0	                  0	                  0	 -0.000973144034139
                  0	     0.667560755646	                  0	                  0	                  0	   0.00198025036199
                  0	                  0	     0.667560755646	  0.000973144034139	  -0.00198025036199	                  0
                 -0	                 -0	  0.000973144034139	  2.27330856277e-05	 -7.44550214517e-06	                  0
                 -0	                 -0	  -0.00198025036199	 -7.44550214517e-06	  0.000501854593382	                  0
 -0.000973144034139	   0.00198025036199	                 -0	                  0	                  0	   0.00052458767901

Shear center;
ShearX=    0.0245995449593 
ShearY=   0.00256781011205 

Elastic center:
ElasticX=   0.00340951725763 
ElasticY=   0.00146744629326 

Orientation of principle axis w.r.t. reference center:
alpha_p=     0.951913655217o or     0.0166140274782rad 

Orientation of principle axis w.r.t. elastic center:
alpha_p=     0.548734539578o or    0.00957722443505rad 

Mass center:
MassX=    0.0029663972084 
MassY=   0.00145776099914 

Mass per unit length:
Mass=     0.667560755646 

Mass moments of inertia:
Ixx=  2.27330856277e-05 
Iyy=  0.000501854593382 
Ixy=  7.44550214517e-06 

Area center:
AreaX=   0.00285777879093 
AreaY=   0.00145538910548 

Area per unit length:
Area=  0.000382574874205 
Area moments:
Ixx=   5.5679530395e-07 
Iyy=  1.09331436144e-06 
Ixy=  4.22522601316e-09 

Stiffness matrix with respect to shear center:
      1486172.96606	      12847.1694029	                  0	                  0	                  0	  4.26098267781e-09
      12847.1694029	      60866.1093249	                  0	                  0	                  0	  1.27734267608e-09
                  0	                  0	      8033180.54636	     -8839.42122292	       170223.31831	                  0
                  0	                  0	       -8839.421223	      252.864217433	     -240.258230391	                  0
                  0	                  0	       170223.31831	     -240.258230388	      9378.30783009	                  0
                  0	  2.27373675443e-13	                  0	                  0	                  0	      158.491626767

Stiffness matrix with respect to the elastic center:
      1486172.96606	      12847.1694029	                  0	                  0	                  0	     -1363.09908478
      12847.1694029	      60866.1093249	                  0	                  0	                  0	      1275.61798231
                  0	                  0	      8033180.54636	  8.28458723845e-08	   -3.488821676e-09	                  0
                  0	                  0	 -3.01952240989e-10	       243.13763814	     -52.9506498083	                  0
                  0	                  0	  3.27818270307e-08	     -52.9506498076	      5771.27099963	                  0
     -1363.09908478	       1275.6179823	                  0	                  0	                  0	      187.021912064

Stiffness matrix rotated along principle axis:
      1486206.38854	     -10835.6522261	                  0	                  0	                  0	     -3475.36576389
      -10835.652226	      60832.6868481	                  0	                  0	                  0	      1522.23675095
                  0	                  0	      8033180.54636	      11331.6090081	     -27581.3292023	                  0
                  0	                  0	       11331.609008	       258.88865649	 -4.44502584754e-10	                  0
                  0	                  0	     -27581.3292022	  2.94647237902e-14	      5866.20280213	                  0
     -3475.36576389	      1522.23675095	                  0	                  0	                  0	      203.500268101

Stiffness matrix at the elastic center rotated along principle axis:
      1486288.30172	     -804.836252937	                  0	                  0	                  0	     -1350.81987838
     -804.836252853	      60750.7736713	                  0	                  0	                  0	      1288.61398715
                  0	                  0	      8033180.54636	  8.28086602507e-08	 -4.28208305825e-09	                  0
                  0	                  0	  1.20157222544e-11	      242.630502377	 -6.74788621182e-10	                  0
                  0	                  0	  3.27832154349e-08	  1.20725899921e-14	      5771.77813539	                  0
     -1350.81987839	      1288.61398715	                  0	                  0	                  0	      187.021912064

Mass matrix with respect to mass center
     0.667560755646	                  0	                  0	                  0	                  0	                  0
                  0	     0.667560755646	                  0	                  0	                  0	                  0
                  0	                  0	     0.667560755646	                  0	                  0	                  0
                  0	                  0	                  0	  2.13144742082e-05	 -4.55877039893e-06	                  0
                  0	                  0	                  0	 -4.55877039893e-06	  0.000495980384237	                  0
                  0	                  0	                  0	                  0	                  0	  0.000517294858445
