********************************
*                              *
*          BECAS 2.3           *
*              by              *
*     becas-dtuwind@dtu.dk     *
*                              *
*   A cross section analysis   *
*   program for anisotropic    *
*   beams with arbitrary       *
*   geometry.                  *
*                              *
*     (c)DTU Wind Energy       *
********************************


Output generated on the (yyyy.mm.dd) 2021. 5.21 at (hh.mm.ss) 11.37.46  
Element type is: Q4 
The input folder: is C:\69.6_80\3.Structure\CrossSectionAnalysis_v1.06\BECASFiles\BECAS_Section_30\BECAS_SECTION 

Stiffness matrix w.r.t. to the cross section reference point 
K=
      1486172.96606	      12847.1694049	                  0	                  0	                  0	     -3500.17544909
      12847.1694047	      60866.1093249	                  0	                  0	                  0	      1464.28950136
                  0	                  0	      8033180.54645	      11788.2610138	      -27389.267707	                  0
                  0	                  0	      11788.2610139	      260.436278083	     -93.1429291847	                  0
                  0	                  0	      -27389.267707	     -93.1429291842	      5864.65518054	                  0
     -3500.17544909	      1464.28950136	                  0	                  0	                  0	      203.500268102

Compliance matrix w.r.t. to the cross section reference point 
F=
  7.15701663494e-07	 -5.40834650686e-07	                  0	                 -0	                 -0	   1.6201550608e-05
 -5.40834650683e-07	  2.02776410703e-05	                  0	                  0	                  0	 -0.000155210375851
                  0	                  0	  1.34998064129e-07	  -5.9186220187e-06	  5.36471494049e-07	                 -0
                  0	                  0	 -5.91862201872e-06	   0.00412113120732	  3.78108349852e-05	                 -0
                  0	                  0	  5.36471494049e-07	   3.7810834985e-05	  0.000173618966836	                 -0
   1.6201550608e-05	 -0.000155210375851	                  0	                  0	                  0	   0.00630948158206

Mass matrix w.r.t. to the cross section reference point 
M=
     0.667560755646	                  0	                  0	                  0	                  0	 -0.000973144034139
                  0	     0.667560755646	                  0	                  0	                  0	   0.00198025036199
                  0	                  0	     0.667560755646	  0.000973144034139	  -0.00198025036199	                  0
                 -0	                 -0	  0.000973144034139	  2.27330856277e-05	 -7.44550214517e-06	                  0
                 -0	                 -0	  -0.00198025036199	 -7.44550214517e-06	  0.000501854593382	                  0
 -0.000973144034139	   0.00198025036199	                 -0	                  0	                  0	   0.00052458767901

Shear center;
ShearX=    0.0245995449598 
ShearY=   0.00256781011202 

Elastic center:
ElasticX=   0.00340951725766 
ElasticY=     0.001467446293 

Orientation of principle axis w.r.t. reference center:
alpha_p=     0.951913655276o or     0.0166140274793rad 

Orientation of principle axis w.r.t. elastic center:
alpha_p=     0.548734539708o or    0.00957722443732rad 

Mass center:
MassX=    0.0029663972084 
MassY=   0.00145776099914 

Mass per unit length:
Mass=     0.667560755646 

Mass moments of inertia:
Ixx=  2.27330856277e-05 
Iyy=  0.000501854593382 
Ixy=  7.44550214517e-06 

Area center:
AreaX=   0.00285777879093 
AreaY=   0.00145538910548 

Area per unit length:
Area=  0.000382574874205 
Area moments:
Ixx=   5.5679530395e-07 
Iyy=  1.09331436144e-06 
Ixy=  4.22522601316e-09 

Stiffness matrix with respect to shear center:
      1486172.96606	      12847.1694049	                  0	                  0	                  0	 -3.27281668433e-09
      12847.1694047	      60866.1093249	                  0	                  0	                  0	  9.04265107238e-10
                  0	                  0	      8033180.54645	       -8839.421225	      170223.318316	                  0
                  0	                  0	     -8839.42122496	      252.864217454	     -240.258230448	                  0
                  0	                  0	      170223.318316	     -240.258230449	      9378.30783029	                  0
                  0	                  0	                  0	                  0	                  0	      158.491626767

Stiffness matrix with respect to the elastic center:
      1486172.96606	      12847.1694049	                  0	                  0	                  0	     -1363.09908508
      12847.1694047	      60866.1093249	                  0	                  0	                  0	      1275.61798233
                  0	                  0	      8033180.54645	 -3.91100911656e-08	  -1.1390511645e-08	                  0
                  0	                  0	 -1.21872290038e-10	      243.137638157	     -52.9506498202	                  0
                  0	                  0	  1.33259163704e-08	     -52.9506498199	      5771.27099962	                  0
     -1363.09908508	      1275.61798233	                  0	                  0	                  0	      187.021912065

Stiffness matrix rotated along principle axis:
      1486206.38854	     -10835.6522255	                  0	                  0	                  0	      -3475.3657638
     -10835.6522257	       60832.686848	                  0	                  0	                  0	      1522.23675098
                  0	                  0	      8033180.54645	       11331.609006	     -27581.3292028	                  0
                  0	                  0	       11331.609006	      258.888656501	 -4.43578848799e-10	                  0
                  0	                  0	     -27581.3292027	 -2.31403121623e-14	      5866.20280212	                  0
      -3475.3657638	      1522.23675098	                  0	                  0	                  0	      203.500268102

Stiffness matrix at the elastic center rotated along principle axis:
      1486288.30172	     -804.836254143	                  0	                  0	                  0	     -1350.81987868
     -804.836254374	      60750.7736712	                  0	                  0	                  0	      1288.61398718
                  0	                  0	      8033180.54645	 -3.92173853463e-08	 -1.10154288669e-08	                  0
                  0	                  0	  5.75664006664e-12	      242.630502394	 -2.74337880785e-10	                  0
                  0	                  0	  1.33264724074e-08	  9.62986175211e-15	      5771.77813538	                  0
     -1350.81987868	      1288.61398718	                  0	                  0	                  0	      187.021912065

Mass matrix with respect to mass center
     0.667560755646	                  0	                  0	                  0	                  0	                  0
                  0	     0.667560755646	                  0	                  0	                  0	                  0
                  0	                  0	     0.667560755646	                  0	                  0	                  0
                  0	                  0	                  0	  2.13144742082e-05	 -4.55877039893e-06	                  0
                  0	                  0	                  0	 -4.55877039893e-06	  0.000495980384237	                  0
                  0	                  0	                  0	                  0	                  0	  0.000517294858445
