********************************
*                              *
*          BECAS 2.3           *
*              by              *
*     becas-dtuwind@dtu.dk     *
*                              *
*   A cross section analysis   *
*   program for anisotropic    *
*   beams with arbitrary       *
*   geometry.                  *
*                              *
*     (c)DTU Wind Energy       *
********************************


Output generated on the (yyyy.mm.dd) 2021. 5.19 at (hh.mm.ss) 20.32.58  
Element type is: Q4 
The input folder: is C:\Users\andre\Documents\GitHub\PGE\Preliminare\64.8_80\Cp-Lambda_v3_2021_CLEAN_March2021\3.Structure\CrossSectionAnalysis_v1.06\BECASFiles\BECAS_Section_9\BECAS_SECTION 

Stiffness matrix w.r.t. to the cross section reference point 
K=
      211457455.999	     -4024496.74283	                  0	                  0	                  0	      2301778.36731
     -4024496.74283	      88311610.7387	                  0	                  0	                  0	      9259531.46326
                  0	                  0	      2811211578.01	     -41513876.7105	      680104268.239	                  0
                  0	                  0	     -41513876.7104	      707150875.409	      32587398.6069	                  0
                  0	                  0	      680104268.239	      32587398.6069	      1819756861.32	                  0
      2301778.36731	      9259531.46326	                  0	                  0	                  0	      127221107.414

Compliance matrix w.r.t. to the cross section reference point 
F=
  4.73450571061e-09	  2.26468537204e-10	                  0	                  0	                  0	 -1.02143234204e-10
  2.26468537204e-10	  1.14214505199e-08	                  0	                  0	                  0	 -8.35384654201e-10
                  0	                  0	  3.91703165779e-10	   2.9765984806e-11	 -1.46925667172e-10	                 -0
                  0	                  0	   2.9765984806e-11	  1.41755527129e-09	 -3.65094993733e-11	                 -0
                  0	                  0	 -1.46925667172e-10	 -3.65094993733e-11	  6.05088815091e-10	                 -0
 -1.02143234204e-10	 -8.35384654201e-10	                  0	                  0	                  0	  7.92298072279e-09

Mass matrix w.r.t. to the cross section reference point 
M=
       188.76309892	                  0	                  0	                  0	                  0	      1.95480677681
                  0	       188.76309892	                  0	                  0	                  0	     -58.5712161275
                  0	                  0	       188.76309892	     -1.95480677681	      58.5712161275	                  0
                 -0	                 -0	     -1.95480677681	      41.7686998645	        2.921932085	                  0
                 -0	                 -0	      58.5712161275	        2.921932085	      144.132960756	                  0
      1.95480677681	     -58.5712161275	                 -0	                  0	                  0	      185.901660621

Shear center;
ShearX=     0.105438178311 
ShearY=   -0.0128920210433 

Elastic center:
ElasticX=    -0.241925678436 
ElasticY=   -0.0147672544589 

Orientation of principle axis w.r.t. reference center:
alpha_p=     -1.67623505287o or      -0.02925582071rad 

Orientation of principle axis w.r.t. elastic center:
alpha_p=      -2.5677802174o or    -0.0448162192611rad 

Mass center:
MassX=    -0.310289545269 
MassY=   -0.0103558735155 

Mass per unit length:
Mass=       188.76309892 

Mass moments of inertia:
Ixx=      41.7686998645 
Iyy=      144.132960756 
Ixy=       -2.921932085 

Area center:
AreaX=    -0.476954640564 
AreaY=  -0.00137978686392 

Area per unit length:
Area=      0.30469247273 
Area moments:
Ixx= -0.000420410671408 
Iyy=    -0.145324488814 
Ixy=  -0.00727969019647 

Stiffness matrix with respect to shear center:
      211457455.999	     -4024496.74283	                  0	                  0	                  0	  5.02914190292e-08
     -4024496.74283	      88311610.7387	                  0	                  0	                  0	  3.45424632542e-06
                  0	                  0	      2811211578.01	     -5271677.88966	       976513295.87	                  0
                  0	                  0	     -5271677.88963	      706547715.055	      40799481.0313	                  0
                  0	                  0	       976513295.87	      40799481.0313	      1994427599.43	                  0
                  0	 -1.86264514923e-09	                  0	                  0	                  0	       126215124.71

Stiffness matrix with respect to the elastic center:
      211457455.999	     -4024496.74283	                  0	                  0	                  0	     -1794496.79754
     -4024496.74283	      88311610.7387	                  0	                  0	                  0	      30683808.5725
                  0	                  0	      2811211578.01	 -2.66134738922e-05	  3.85046005249e-05	                  0
                  0	                  0	 -2.23517417908e-08	      706537829.428	      42630671.3946	                  0
                  0	                  0	 -8.34465026855e-07	      42630671.3946	      1655222174.81	                  0
     -1794496.79754	      30683808.5725	                  0	                  0	                  0	      136876935.896

Stiffness matrix rotated along principle axis:
       211587430.73	     -416932.154709	                  0	                  0	                  0	      2029936.83734
     -416932.154711	      88181636.0071	                  0	                  0	                  0	       9322899.9248
                  0	                  0	      2811211578.01	     -61390282.3896	      678598888.051	                  0
                  0	                  0	     -61390282.3896	      706197232.227	 -6.56361545824e-06	                  0
                  0	                  0	      678598888.051	  1.16051967967e-09	       1820710504.5	                  0
      2029936.83734	      9322899.92479	                  0	                  0	                  0	      127221107.414

Stiffness matrix at the elastic center rotated along principle axis:
      211570526.556	      1503203.13308	                  0	                  0	                  0	     -3167366.99649
      1503203.13308	      88198540.1808	                  0	                  0	                  0	      30572603.9712
                  0	                  0	      2811211578.01	 -2.83118048952e-05	  3.72736228152e-05	                  0
                  0	                  0	  1.50557511878e-08	      704626003.777	 -1.24059557596e-05	                  0
                  0	                  0	 -8.34628543582e-07	 -1.77415600172e-08	      1657134000.47	                  0
     -3167366.99649	      30572603.9712	                  0	                  0	                  0	      136876935.896

Mass matrix with respect to mass center
       188.76309892	                  0	                  0	                  0	                  0	                  0
                  0	       188.76309892	                  0	                  0	                  0	                  0
                  0	                  0	       188.76309892	                  0	                  0	                  0
                  0	                  0	                  0	      41.7484561328	      3.52848819086	                  0
                  0	                  0	                  0	      3.52848819086	      125.958924738	                  0
                  0	                  0	                  0	                  0	                  0	      167.707380871
