********************************
*                              *
*          BECAS 2.3           *
*              by              *
*     becas-dtuwind@dtu.dk     *
*                              *
*   A cross section analysis   *
*   program for anisotropic    *
*   beams with arbitrary       *
*   geometry.                  *
*                              *
*     (c)DTU Wind Energy       *
********************************


Output generated on the (yyyy.mm.dd) 2021. 5.18 at (hh.mm.ss) 19.34.49  
Element type is: Q4 
The input folder: is C:\Users\andre\Documents\GitHub\PGE\Preliminare\64.8_80\Cp-Lambda_v3_2021_CLEAN_March2021\3.Structure\CrossSectionAnalysis_v1.06\BECASFiles\BECAS_Section_12\BECAS_SECTION 

Stiffness matrix w.r.t. to the cross section reference point 
K=
      206516280.223	     -6328053.79189	                  0	                  0	                  0	     -247314.849398
     -6328053.79189	      68590979.1047	                  0	                  0	                  0	      5458995.67055
                  0	                  0	      2753454254.83	      -40898647.971	      574243478.578	                  0
                  0	                  0	     -40898647.9707	      341088499.281	      31733786.4284	                  0
                  0	                  0	      574243478.578	      31733786.4283	      1210668904.86	                  0
     -247314.849398	      5458995.67055	                  0	                  0	                  0	       62138280.395

Compliance matrix w.r.t. to the cross section reference point 
F=
  4.85598595064e-09	  4.49608088068e-10	                  0	                  0	                  0	 -2.01719642736e-11
  4.49608088068e-10	  1.47234599974e-08	                  0	                  0	                  0	 -1.29170149406e-09
                  0	                  0	  4.04550506092e-10	  6.65228342677e-11	 -1.93629744973e-10	                 -0
                  0	                  0	  6.65228342674e-11	   2.9498963316e-09	 -1.08875088308e-10	                 -0
                  0	                  0	 -1.93629744973e-10	 -1.08875088308e-10	  9.20685773491e-10	                 -0
 -2.01719642736e-11	 -1.29170149406e-09	                  0	                  0	                  0	  1.62065380251e-08

Mass matrix w.r.t. to the cross section reference point 
M=
      175.566866668	                  0	                  0	                  0	                  0	      1.78539938644
                  0	      175.566866668	                  0	                  0	                  0	     -45.7683002443
                  0	                  0	      175.566866668	     -1.78539938644	      45.7683002443	                  0
                 -0	                 -0	     -1.78539938644	      19.3308870763	      2.65740088369	                  0
                 -0	                 -0	      45.7683002443	      2.65740088369	      91.1648094123	                  0
      1.78539938644	     -45.7683002443	                 -0	                  0	                  0	      110.495696489

Shear center;
ShearX=    0.0797024936518 
ShearY=   -0.0012446806494 

Elastic center:
ElasticX=    -0.208553847434 
ElasticY=   -0.0148535781552 

Orientation of principle axis w.r.t. reference center:
alpha_p=     -2.08720636799o or      -0.03642862329rad 

Orientation of principle axis w.r.t. elastic center:
alpha_p=     -3.06242411781o or    -0.0534493839482rad 

Mass center:
MassX=    -0.260688711446 
MassY=   -0.0101693412904 

Mass per unit length:
Mass=      175.566866668 

Mass moments of inertia:
Ixx=      19.3308870763 
Iyy=      91.1648094123 
Ixy=     -2.65740088369 

Area center:
AreaX=    -0.403303598188 
AreaY=   0.00238352549975 

Area per unit length:
Area=     0.240157860601 
Area moments:
Ixx=  0.000572422384707 
Iyy=   -0.0968565293134 
Ixy=  -0.00577296051981 

Stiffness matrix with respect to shear center:
      206516280.223	     -6328053.79189	                  0	                  0	                  0	   1.2488453649e-07
     -6328053.79189	      68590979.1047	                  0	                  0	                  0	 -2.41297766479e-06
                  0	                  0	      2753454254.83	      -37471476.741	      793700648.844	                  0
                  0	                  0	     -37471476.7407	      340990953.503	      29461966.0371	                  0
                  0	                  0	      793700648.844	       29461966.037	      1319697462.99	                  0
 -2.91038304567e-11	 -9.31322574615e-10	                  0	                  0	                  0	      61703492.6553

Stiffness matrix with respect to the elastic center:
      206516280.223	     -6328053.79189	                  0	                  0	                  0	     -4634560.52307
     -6328053.79189	      68590979.1047	                  0	                  0	                  0	      19857902.5037
                  0	                  0	      2753454254.83	 -0.000287495553493	 -2.75373458862e-05	                  0
                  0	                  0	  5.96046447754e-08	      340481008.017	      40263356.8175	                  0
                  0	                  0	  1.90734863281e-06	      40263356.8175	      1090908218.04	                  0
     -4634560.52307	      19857902.5037	                  0	                  0	                  0	      67490730.2318

Stiffness matrix rotated along principle axis:
      206793964.947	     -1291281.07862	                  0	                  0	                  0	     -445970.484871
     -1291281.07862	      68313294.3807	                  0	                  0	                  0	      5446366.55877
                  0	                  0	      2753454254.83	     -61785786.7531	      572372945.422	                  0
                  0	                  0	     -61785786.7529	      339931969.495	  7.57101408616e-05	                  0
                  0	                  0	      572372945.422	 -1.64269371013e-08	      1211825434.64	                  0
     -445970.484871	      5446366.55877	                  0	                  0	                  0	       62138280.395

Stiffness matrix at the elastic center rotated along principle axis:
      206797798.782	       1066058.1754	                  0	                  0	                  0	      -5688829.3644
       1066058.1754	      68309460.5454	                  0	                  0	                  0	      19581947.3891
                  0	                  0	      2753454254.83	 -0.000285613833869	 -4.28571650897e-05	                  0
                  0	                  0	 -4.23785508538e-08	      338326904.701	  1.53368777497e-05	                  0
                  0	                  0	   1.9078091045e-06	  9.88230531967e-09	      1093062321.35	                  0
      -5688829.3644	      19581947.3891	                  0	                  0	                  0	      67490730.2318

Mass matrix with respect to mass center
      175.566866668	                  0	                  0	                  0	                  0	                  0
                  0	      175.566866668	                  0	                  0	                  0	                  0
                  0	                  0	      175.566866668	                  0	                  0	                  0
                  0	                  0	                  0	      19.3127307406	      3.12283434915	                  0
                  0	                  0	                  0	      3.12283434915	      79.2335301966	                  0
                  0	                  0	                  0	                  0	                  0	      98.5462609372
