Eta        RadialPos [m] Epsilon_xx [%]  Epsilon_yy [%]  Epsilon_xy [%]  Epsilon_xz [%]  Epsilon_yz [%]  Epsilon_zz [%]  
0.03448    3.5586         0.000000        0.000000        0.000000        0.000000        0.000000        0.000000        
0.06897    5.9172         0.000000        0.000000        0.000000        0.000000        0.000000        0.000000        
0.10345    8.2759         0.000000        0.000000        0.000000        0.000000        0.000000        0.000000        
0.13793    10.6345        0.000000        0.000000        0.000000        0.000000        0.000000        0.000000        
0.17241    12.9931        0.000000        0.000000        0.000000        0.000000        0.000000        0.000000        
0.20690    15.3517        0.000000        0.000000        0.000000        0.000000        0.000000        0.000000        
0.24138    17.7103        0.000000        0.000000        0.000000        0.000000        0.000000        0.000000        
0.27586    20.0690        0.000000        0.000000        0.000000        0.000000        0.000000        0.000000        
0.31034    22.4276        0.000000        0.000000        0.000000        0.000000        0.000000        0.000000        
0.34483    24.7862        0.000000        0.000000        0.000000        0.000000        0.000000        0.000000        
0.37931    27.1448        0.000000        0.000000        0.000000        0.000000        0.000000        0.000000        
0.41379    29.5034        0.000000        0.000000        0.000000        0.000000        0.000000        0.000000        
0.44828    31.8621        0.000000        0.000000        0.000000        0.000000        0.000000        0.000000        
0.48276    34.2207        0.000000        0.000000        0.000000        0.000000        0.000000        0.000000        
0.51724    36.5793        0.000000        0.000000        0.000000        0.000000        0.000000        0.000000        
0.55172    38.9379        0.000000        0.000000        0.000000        0.000000        0.000000        0.000000        
0.58621    41.2966        0.000000        0.000000        0.000000        0.000000        0.000000        0.000000        
0.62069    43.6552        0.000000        0.000000        0.000000        0.000000        0.000000        0.000000        
0.65517    46.0138        0.000000        0.000000        0.000000        0.000000        0.000000        0.000000        
0.68966    48.3724        0.000000        0.000000        0.000000        0.000000        0.000000        0.000000        
0.72414    50.7310        0.000000        0.000000        0.000000        0.000000        0.000000        0.000000        
0.75862    53.0897        0.000000        0.000000        0.000000        0.000000        0.000000        0.000000        
0.79310    55.4483        0.000000        0.000000        0.000000        0.000000        0.000000        0.000000        
0.82759    57.8069        0.000000        0.000000        0.000000        0.000000        0.000000        0.000000        
0.86207    60.1655        0.000000        0.000000        0.000000        0.000000        0.000000        0.000000        
0.89655    62.5241        0.000000        0.000000        0.000000        0.000000        0.000000        0.000000        
0.93103    64.8828        0.000000        0.000000        0.000000        0.000000        0.000000        0.000000        
0.96552    67.2414        0.000000        0.000000        0.000000        0.000000        0.000000        0.000000        
