********************************
*                              *
*          BECAS 2.3           *
*              by              *
*     becas-dtuwind@dtu.dk     *
*                              *
*   A cross section analysis   *
*   program for anisotropic    *
*   beams with arbitrary       *
*   geometry.                  *
*                              *
*     (c)DTU Wind Energy       *
********************************


Output generated on the (yyyy.mm.dd) 2021. 5.19 at (hh.mm.ss) 20.33.39  
Element type is: Q4 
The input folder: is C:\Users\andre\Documents\GitHub\PGE\Preliminare\64.8_80\Cp-Lambda_v3_2021_CLEAN_March2021\3.Structure\CrossSectionAnalysis_v1.06\BECASFiles\BECAS_Section_25\BECAS_SECTION 

Stiffness matrix w.r.t. to the cross section reference point 
K=
       87094689.945	     -1617065.48092	                  0	                  0	                  0	     -3542424.36801
     -1617065.48092	      11331941.1456	                  0	                  0	                  0	     -339162.919138
                  0	                  0	      1237743978.55	      39213310.4123	      150463841.782	                  0
                  0	                  0	      39213310.4128	      24255517.8138	      4790116.86449	                  0
                  0	                  0	      150463841.781	      4790116.86428	      111008662.694	                  0
     -3542424.36801	     -339162.919138	                  0	                  0	                  0	      4318069.28454

Compliance matrix w.r.t. to the cross section reference point 
F=
  1.19230950825e-08	  1.99887686481e-09	                  0	                  0	                 -0	  9.93837862409e-09
  1.99887686481e-09	  8.87891822086e-08	                  0	                  0	                 -0	   8.6137729363e-09
                  0	                  0	   1.0108340223e-09	 -1.37533424108e-09	 -1.31076219752e-09	                 -0
                  0	                  0	 -1.37533424109e-09	  4.34533522251e-08	 -1.08870932683e-11	                 -0
                  0	                  0	 -1.31076219752e-09	 -1.08870931992e-11	  1.07854147352e-08	                 -0
  9.93837862409e-09	  8.61377293632e-09	                  0	                  0	                  0	  2.40414722086e-07

Mass matrix w.r.t. to the cross section reference point 
M=
      69.5185736893	                  0	                  0	                  0	                  0	     -2.15837960513
                  0	      69.5185736893	                  0	                  0	                  0	     -9.91388596459
                  0	                  0	      69.5185736893	      2.15837960513	      9.91388596459	                  0
                 -0	                 -0	      2.15837960513	      1.27466351819	     0.310381689935	                  0
                 -0	                 -0	      9.91388596459	     0.310381689935	      8.26408468521	                  0
     -2.15837960513	     -9.91388596459	                 -0	                  0	                  0	       9.5387482034

Shear center;
ShearX=   -0.0358288080762 
ShearY=     0.041338477685 

Elastic center:
ElasticX=     -0.12156297618 
ElasticY=    0.0316812774631 

Orientation of principle axis w.r.t. reference center:
alpha_p=     -3.15084737969o or    -0.0549926610034rad 

Orientation of principle axis w.r.t. elastic center:
alpha_p=   -0.0190946979526o or  -0.000333265348947rad 

Mass center:
MassX=    -0.142607729682 
MassY=    0.0310475242887 

Mass per unit length:
Mass=      69.5185736893 

Mass moments of inertia:
Ixx=      1.27466351819 
Iyy=      8.26408468521 
Ixy=    -0.310381689935 

Area center:
AreaX=    -0.189319031787 
AreaY=    0.0286411473466 

Area per unit length:
Area=    0.0495534843851 
Area moments:
Ixx=   0.00141926864781 
Iyy=  -0.00938141768547 
Ixy= -0.000278636787778 

Stiffness matrix with respect to shear center:
       87094689.945	     -1617065.48092	                  0	                  0	                  0	  2.93832272291e-07
     -1617065.48092	      11331941.1456	                  0	                  0	                  0	  5.79486368224e-07
                  0	                  0	      1237743978.55	     -11953141.4248	      106116950.327	                  0
                  0	                  0	     -11953141.4243	      23128623.9264	      -1001562.4914	                  0
                  0	                  0	      106116950.326	     -1001562.49159	      101815678.737	                  0
 -4.65661287308e-10	                  0	                  0	                  0	                  0	      4159479.05072

Stiffness matrix with respect to the elastic center:
       87094689.945	     -1617065.48092	                  0	                  0	                  0	     -979728.622836
     -1617065.48092	      11331941.1456	                  0	                  0	                  0	       987150.87224
                  0	                  0	      1237743978.55	 -0.000513769686222	 -5.59389591217e-05	                  0
                  0	                  0	 -6.70552253723e-08	      23013190.0464	       23230.144838	                  0
                  0	                  0	 -0.000251173973083	      23230.1446906	      92717830.2794	                  0
     -979728.622836	       987150.87224	                  0	                  0	                  0	      4253573.04502

Stiffness matrix rotated along principle axis:
       87043294.773	      2550705.55151	                  0	                  0	                  0	     -3518427.15881
      2550705.55152	      11383336.3176	                  0	                  0	                  0	     -533359.369434
                  0	                  0	      1237743978.55	      30883793.9411	      152391740.816	                  0
                  0	                  0	      30883793.9417	      23991830.6737	  0.000216046795534	                  0
                  0	                  0	      152391740.816	  4.85706196876e-10	      111272349.834	                  0
     -3518427.15881	     -533359.369435	                  0	                  0	                  0	      4318069.28454

Stiffness matrix at the elastic center rotated along principle axis:
      87095759.3541	     -1591816.02468	                  0	                  0	                  0	     -980057.551603
     -1591816.02467	      11330871.7365	                  0	                  0	                  0	      986824.307826
                  0	                  0	      1237743978.55	 -0.000513751015175	 -5.61101776458e-05	                  0
                  0	                  0	  1.66523585881e-08	      23013182.3046	  0.000147413868855	                  0
                  0	                  0	 -0.000251173981482	 -5.97064656854e-12	      92717838.0212	                  0
     -980057.551603	      986824.307825	                  0	                  0	                  0	      4253573.04502

Mass matrix with respect to mass center
      69.5185736893	                  0	                  0	                  0	                  0	                  0
                  0	      69.5185736893	                  0	                  0	                  0	                  0
                  0	                  0	      69.5185736893	                  0	                  0	                  0
                  0	                  0	                  0	      1.20765117498	    0.0025800746541	                  0
                  0	                  0	                  0	    0.0025800746541	      6.85028791547	                  0
                  0	                  0	                  0	                  0	                  0	      8.05793909044
