********************************
*                              *
*          BECAS 2.3           *
*              by              *
*     becas-dtuwind@dtu.dk     *
*                              *
*   A cross section analysis   *
*   program for anisotropic    *
*   beams with arbitrary       *
*   geometry.                  *
*                              *
*     (c)DTU Wind Energy       *
********************************


Output generated on the (yyyy.mm.dd) 2021. 5.21 at (hh.mm.ss) 14.27.50  
Element type is: Q4 
The input folder: is C:\Users\andre\Documents\GitHub\PGE\Preliminare\69.6_80_provaBis\Cp-Lambda_v3_2021_CLEAN_March2021\3.Structure\CrossSectionAnalysis_v1.06\BECASFiles\BECAS_Section_21\BECAS_SECTION 

Stiffness matrix w.r.t. to the cross section reference point 
K=
      136517212.331	     -1949277.47203	                  0	                  0	                  0	     -6723547.87318
     -1949277.47203	      24254115.3918	                  0	                  0	                  0	     -493456.023194
                  0	                  0	      1871344959.19	      59798171.9743	      229559281.188	                  0
                  0	                  0	      59798171.9742	      43354113.6446	      9913237.32818	                  0
                  0	                  0	      229559281.188	      9913237.32817	      222497284.138	                  0
     -6723547.87318	     -493456.023193	                  0	                  0	                  0	      8584820.25925

Compliance matrix w.r.t. to the cross section reference point 
F=
  7.63206185475e-09	  7.35852050649e-10	                  0	                  0	                 -0	  6.01965356495e-09
   7.3585205065e-10	  4.13493370566e-08	                  0	                  0	                 -0	  2.95307474707e-09
                  0	                  0	  6.34019553338e-10	 -7.32387569571e-10	 -6.21512040768e-10	                 -0
                  0	                  0	 -7.32387569571e-10	  2.41492859267e-08	 -3.20324083735e-10	                 -0
                  0	                  0	 -6.21512040768e-10	 -3.20324083734e-10	  5.14994738219e-09	                 -0
  6.01965356495e-09	  2.95307474707e-09	                  0	                  0	                  0	  1.21368952404e-07

Mass matrix w.r.t. to the cross section reference point 
M=
      105.056211994	                  0	                  0	                  0	                  0	     -3.36723507492
                  0	      105.056211994	                  0	                  0	                  0	     -15.0789744125
                  0	                  0	      105.056211994	      3.36723507492	      15.0789744125	                  0
                 -0	                 -0	      3.36723507492	      2.29799068313	     0.669078396545	                  0
                 -0	                 -0	      15.0789744125	     0.669078396545	      15.1791189233	                  0
     -3.36723507492	     -15.0789744125	                 -0	                  0	                  0	      17.4771096065

Shear center;
ShearX=    -0.024331385322 
ShearY=    0.0495979692145 

Elastic center:
ElasticX=    -0.122670745477 
ElasticY=    0.0319546493449 

Orientation of principle axis w.r.t. reference center:
alpha_p=     -3.15772305877o or    -0.0551126642416rad 

Orientation of principle axis w.r.t. elastic center:
alpha_p=    -0.965626612486o or    -0.0168533637328rad 

Mass center:
MassX=    -0.143532439694 
MassY=    0.0320517464985 

Mass per unit length:
Mass=      105.056211994 

Mass moments of inertia:
Ixx=      2.29799068313 
Iyy=      15.1791189233 
Ixy=    -0.669078396545 

Area center:
AreaX=    -0.203634041583 
AreaY=    0.0331290989613 

Area per unit length:
Area=    0.0810475153672 
Area moments:
Ixx=   0.00268503115717 
Iyy=   -0.0165040331145 
Ixy= -0.000773878565408 

Stiffness matrix with respect to shear center:
      136517212.331	     -1949277.47203	                  0	                  0	                  0	 -9.87201929092e-08
     -1949277.47203	      24254115.3918	                  0	                  0	                  0	 -8.59436113387e-08
                  0	                  0	      1871344959.19	     -33016737.7013	      184026865.916	                  0
                  0	                  0	     -33016737.7013	       42025808.892	     -669093.866018	                  0
                  0	                  0	      184026865.916	     -669093.866025	      212434160.229	                  0
  9.31322574615e-10	 -5.82076609135e-11	                  0	                  0	                  0	      8239339.47018

Stiffness matrix with respect to the elastic center:
      136517212.331	     -1949277.47203	                  0	                  0	                  0	     -2600307.54423
     -1949277.47203	      24254115.3918	                  0	                  0	                  0	      2419525.91471
                  0	                  0	      1871344959.19	  1.62124633789e-05	  1.50501728058e-05	                  0
                  0	                  0	 -1.86264514923e-07	      41443284.0277	      2577750.99394	                  0
                  0	                  0	 -1.42455101013e-05	      2577750.99393	      194337075.984	                  0
     -2600307.54423	      2419525.91471	                  0	                  0	                  0	      8523152.15828

Stiffness matrix rotated along principle axis:
      136390993.791	      4237149.48793	                  0	                  0	                  0	     -6686157.47517
      4237149.48793	      24380333.9323	                  0	                  0	                  0	     -863071.878262
                  0	                  0	      1871344959.19	      47062159.4284	      232504705.546	                  0
                  0	                  0	      47062159.4284	      42807214.8943	  8.80340067587e-06	                  0
                  0	                  0	      232504705.546	 -1.48661896008e-10	      223044182.889	                  0
     -6686157.47517	     -863071.878262	                  0	                  0	                  0	      8584820.25925

Stiffness matrix at the elastic center rotated along principle axis:
      136551019.927	     -56517.6865436	                  0	                  0	                  0	     -2640713.48263
     -56517.6865436	      24220307.7955	                  0	                  0	                  0	      2375360.45248
                  0	                  0	      1871344959.19	  1.59565269436e-05	  1.53212570697e-05	                  0
                  0	                  0	  5.38353353628e-08	      41399836.1389	  9.87885579532e-06	                  0
                  0	                  0	 -1.42466260663e-05	  8.95311962714e-10	      194380523.873	                  0
     -2640713.48263	      2375360.45248	                  0	                  0	                  0	      8523152.15828

Mass matrix with respect to mass center
      105.056211994	                  0	                  0	                  0	                  0	                  0
                  0	      105.056211994	                  0	                  0	                  0	                  0
                  0	                  0	      105.056211994	                  0	                  0	                  0
                  0	                  0	                  0	      2.19006491811	     0.185770931218	                  0
                  0	                  0	                  0	     0.185770931218	      13.0147969378	                  0
                  0	                  0	                  0	                  0	                  0	      15.2048618559
