********************************
*                              *
*          BECAS 2.3           *
*              by              *
*     becas-dtuwind@dtu.dk     *
*                              *
*   A cross section analysis   *
*   program for anisotropic    *
*   beams with arbitrary       *
*   geometry.                  *
*                              *
*     (c)DTU Wind Energy       *
********************************


Output generated on the (yyyy.mm.dd) 2021. 5.21 at (hh.mm.ss) 11.37.30  
Element type is: Q4 
The input folder: is C:\69.6_80\3.Structure\CrossSectionAnalysis_v1.06\BECASFiles\BECAS_Section_25\BECAS_SECTION 

Stiffness matrix w.r.t. to the cross section reference point 
K=
      87228115.3812	     -1395387.50468	                  0	                  0	                  0	     -3555905.58535
     -1395387.50468	       11720093.302	                  0	                  0	                  0	     -363115.387655
                  0	                  0	      1237711262.76	        39209171.59	      150428308.455	                  0
                  0	                  0	      39209171.5902	       24234604.323	      4793828.79319	                  0
                  0	                  0	      150428308.455	      4793828.79349	      110965523.195	                  0
     -3555905.58535	     -363115.387655	                  0	                  0	                  0	      4318330.08684

Compliance matrix w.r.t. to the cross section reference point 
F=
   1.1897053866e-08	  1.72446898564e-09	                  0	                  0	                 -0	  9.94157015611e-09
  1.72446898564e-09	  8.57963795208e-08	                  0	                  0	                 -0	  8.63436415398e-09
                  0	                  0	  1.01086209371e-09	 -1.37616502128e-09	 -1.31090424437e-09	                 -0
                  0	                  0	 -1.37616502131e-09	  4.34924484327e-08	 -1.33480673063e-11	                 -0
                  0	                  0	 -1.31090424437e-09	 -1.33480674633e-11	  1.07894872381e-08	                 -0
  9.94157015611e-09	  8.63436415399e-09	                  0	                  0	                  0	  2.40483366127e-07

Mass matrix w.r.t. to the cross section reference point 
M=
      69.5157151968	                  0	                  0	                  0	                  0	     -2.15809210496
                  0	      69.5157151968	                  0	                  0	                  0	     -9.91098914362
                  0	                  0	      69.5157151968	      2.15809210496	      9.91098914362	                  0
                 -0	                 -0	      2.15809210496	      1.27428258393	     0.310263093913	                  0
                 -0	                 -0	      9.91098914362	     0.310263093913	      8.26074771382	                  0
     -2.15809210496	     -9.91098914362	                 -0	                  0	                  0	      9.53503029775

Shear center;
ShearX=   -0.0359042053221 
ShearY=    0.0413399492705 

Elastic center:
ElasticX=    -0.121537480494 
ElasticY=    0.0316787709459 

Orientation of principle axis w.r.t. reference center:
alpha_p=     -3.15407090606o or    -0.0550489221521rad 

Orientation of principle axis w.r.t. elastic center:
alpha_p=   -0.0233858871639o or  -0.000408160729509rad 

Mass center:
MassX=    -0.142571922271 
MassY=    0.0310446652078 

Mass per unit length:
Mass=      69.5157151968 

Mass moments of inertia:
Ixx=      1.27428258393 
Iyy=      8.26074771382 
Ixy=    -0.310263093913 

Area center:
AreaX=     -0.18926178371 
AreaY=     0.028638398299 

Area per unit length:
Area=    0.0495499026904 
Area moments:
Ixx=   0.00141902984892 
Iyy=  -0.00937790296582 
Ixy= -0.000278508725535 

Stiffness matrix with respect to shear center:
      87228115.3812	     -1395387.50468	                  0	                  0	                  0	  -1.0197982192e-07
     -1395387.50468	       11720093.302	                  0	                  0	                  0	  1.94588210434e-07
                  0	                  0	      1237711262.76	     -11957749.2241	      105989269.148	                  0
                  0	                  0	     -11957749.2239	      23108031.9049	     -995536.363879	                  0
                  0	                  0	      105989269.147	     -995536.363562	       101759053.84	                  0
  4.65661287308e-10	  5.82076609135e-11	                  0	                  0	                  0	       4158291.7609

Stiffness matrix with respect to the elastic center:
      87228115.3812	     -1395387.50468	                  0	                  0	                  0	     -962217.979774
     -1395387.50468	       11720093.302	                  0	                  0	                  0	      1017111.06229
                  0	                  0	      1237711262.76	 -0.000215224921703	  0.000703185796738	                  0
                  0	                  0	  1.63912773132e-07	      22992505.9572	      28444.8658482	                  0
                  0	                  0	  0.000570476055145	      28444.8661828	      92682845.5903	                  0
     -962217.979774	      1017111.06229	                  0	                  0	                  0	      4254686.47186

Stiffness matrix rotated along principle axis:
      87152847.1085	      2761303.92601	                  0	                  0	                  0	     -3530540.04997
      2761303.92601	      11795361.5747	                  0	                  0	                  0	     -558215.256158
                  0	                  0	      1237711262.76	      30873042.6886	       152357770.91	                  0
                  0	                  0	      30873042.6888	      23970442.3236	 -0.000304148970158	                  0
                  0	                  0	       152357770.91	 -2.43519178024e-10	      111229685.194	                  0
     -3530540.04997	     -558215.256158	                  0	                  0	                  0	      4318330.08684

Stiffness matrix at the elastic center rotated along principle axis:
      87229241.8865	      -1364567.6338	                  0	                  0	                  0	     -962633.044405
     -1364567.63379	      11718966.7967	                  0	                  0	                  0	      1016718.23798
                  0	                  0	      1237711262.76	 -0.000215511916595	  0.000703097891805	                  0
                  0	                  0	 -6.89331568918e-08	      22992494.3472	 -0.000334529911144	                  0
                  0	                  0	  0.000570476074529	 -5.17381904595e-12	      92682857.2004	                  0
     -962633.044405	      1016718.23798	                  0	                  0	                  0	      4254686.47186

Mass matrix with respect to mass center
      69.5157151968	                  0	                  0	                  0	                  0	                  0
                  0	      69.5157151968	                  0	                  0	                  0	                  0
                  0	                  0	      69.5157151968	                  0	                  0	                  0
                  0	                  0	                  0	      1.20728533704	   0.00257975407151	                  0
                  0	                  0	                  0	   0.00257975407151	      6.84771894001	                  0
                  0	                  0	                  0	                  0	                  0	      8.05500427705
