********************************
*                              *
*          BECAS 2.3           *
*              by              *
*     becas-dtuwind@dtu.dk     *
*                              *
*   A cross section analysis   *
*   program for anisotropic    *
*   beams with arbitrary       *
*   geometry.                  *
*                              *
*     (c)DTU Wind Energy       *
********************************


Output generated on the (yyyy.mm.dd) 2021. 5.19 at (hh.mm.ss) 20.32.53  
Element type is: Q4 
The input folder: is C:\Users\andre\Documents\GitHub\PGE\Preliminare\64.8_80\Cp-Lambda_v3_2021_CLEAN_March2021\3.Structure\CrossSectionAnalysis_v1.06\BECASFiles\BECAS_Section_7\BECAS_SECTION 

Stiffness matrix w.r.t. to the cross section reference point 
K=
      206317089.618	     -2156396.56355	                  0	                  0	                  0	      715205.049582
     -2156396.56354	      99597323.3548	                  0	                  0	                  0	      11779052.8574
                  0	                  0	       2793377570.7	     -5322825.47057	      676285816.296	                  0
                  0	                  0	     -5322825.47073	       1070040753.9	      28057418.8925	                  0
                  0	                  0	      676285816.296	      28057418.8925	       2026575599.4	                  0
      715205.049581	      11779052.8574	                  0	                  0	                  0	       184634237.18

Compliance matrix w.r.t. to the cross section reference point 
F=
  4.84812605424e-09	  1.08003424728e-10	                  0	                  0	                  0	 -2.56701159875e-11
  1.08003424728e-10	  1.01191677464e-08	                  0	                  0	                  0	 -6.45987754898e-10
                  0	                  0	  3.89484918103e-10	  5.34744688788e-12	 -1.30048521955e-10	                 -0
                  0	                  0	  5.34744688792e-12	  9.34956645214e-10	 -1.47287240277e-11	                 -0
                  0	                  0	 -1.30048521955e-10	 -1.47287240277e-11	   5.3704545793e-10	                 -0
 -2.56701159874e-11	 -6.45987754898e-10	                  0	                  0	                  0	  5.45742489962e-09

Mass matrix w.r.t. to the cross section reference point 
M=
      192.997317657	                  0	                  0	                  0	                  0	    -0.238143234492
                  0	      192.997317657	                  0	                  0	                  0	     -61.8407657289
                  0	                  0	      192.997317657	     0.238143234492	      61.8407657289	                  0
                 -0	                 -0	     0.238143234492	      64.5118204531	      2.64995014918	                  0
                 -0	                 -0	      61.8407657289	      2.64995014918	      166.666575599	                  0
    -0.238143234492	     -61.8407657289	                 -0	                  0	                  0	      231.178396052

Shear center;
ShearX=     0.118368601818 
ShearY=   -0.0047037048534 

Elastic center:
ElasticX=    -0.242103260007 
ElasticY=  -0.00190551593403 

Orientation of principle axis w.r.t. reference center:
alpha_p=     -1.67869609195o or    -0.0292987739449rad 

Orientation of principle axis w.r.t. elastic center:
alpha_p=     -2.11694758954o or    -0.0369477055297rad 

Mass center:
MassX=    -0.320422928565 
MassY=   0.00123391991859 

Mass per unit length:
Mass=      192.997317657 

Mass moments of inertia:
Ixx=      64.5118204531 
Iyy=      166.666575599 
Ixy=     -2.64995014918 

Area center:
AreaX=    -0.503732698508 
AreaY=   0.00700363353489 

Area per unit length:
Area=     0.341057147719 
Area moments:
Ixx=   0.00238863927708 
Iyy=    -0.171801637366 
Ixy=  -0.00730415011219 

Stiffness matrix with respect to shear center:
      206317089.618	     -2156396.56355	                  0	                  0	                  0	  1.69582199305e-06
     -2156396.56354	      99597323.3548	                  0	                  0	                  0	  5.51006633032e-06
                  0	                  0	       2793377570.7	      7816398.16611	      1006934013.69	                  0
                  0	                  0	      7816398.16595	      1070052482.93	       32163683.891	                  0
                  0	                  0	      1006934013.69	      32163683.8911	      2225815977.23	                  0
                  0	 -1.86264514923e-09	                  0	                  0	                  0	      183236603.049

Stiffness matrix with respect to the elastic center:
      206317089.618	     -2156396.56355	                  0	                  0	                  0	      -200006.09005
     -2156396.56354	      99597323.3548	                  0	                  0	                  0	      35895998.5775
                  0	                  0	       2793377570.7	    0.0001549879089	  0.000129103660583	                  0
                  0	                  0	 -9.31322574615e-10	      1070030611.17	      29346092.2914	                  0
                  0	                  0	                  0	      29346092.2914	      1862844598.58	                  0
     -200006.090049	      35895998.5775	                  0	                  0	                  0	      196175540.833

Stiffness matrix rotated along principle axis:
      206351792.893	      972273.794118	                  0	                  0	                  0	      369835.665009
      972273.794125	      99562620.0789	                  0	                  0	                  0	      11794949.1759
                  0	                  0	       2793377570.7	     -25132051.5722	      675839639.099	                  0
                  0	                  0	     -25132051.5723	      1069218470.62	 -7.37454993328e-05	                  0
                  0	                  0	      675839639.099	  1.60478616932e-09	      2027397882.67	                  0
      369835.665008	      11794949.1759	                  0	                  0	                  0	       184634237.18

Stiffness matrix at the elastic center rotated along principle axis:
       206330672.06	      1788951.24611	                  0	                  0	                  0	     -1525842.63696
      1788951.24612	      99583740.9122	                  0	                  0	                  0	      35864111.8747
                  0	                  0	       2793377570.7	  0.000150113132575	  0.000134740693592	                  0
                  0	                  0	 -9.30686957365e-10	      1068945846.73	  -3.5955631238e-05	                  0
                  0	                  0	 -3.44024036841e-11	  1.15580473031e-08	      1863929363.01	                  0
     -1525842.63696	      35864111.8747	                  0	                  0	                  0	      196175540.833

Mass matrix with respect to mass center
      192.997317657	                  0	                  0	                  0	                  0	                  0
                  0	      192.997317657	                  0	                  0	                  0	                  0
                  0	                  0	      192.997317657	                  0	                  0	                  0
                  0	                  0	                  0	      64.5115266034	      2.57364359657	                  0
                  0	                  0	                  0	      2.57364359657	      146.851376339	                  0
                  0	                  0	                  0	                  0	                  0	      211.362902942
