********************************
*                              *
*          BECAS 2.3           *
*              by              *
*     becas-dtuwind@dtu.dk     *
*                              *
*   A cross section analysis   *
*   program for anisotropic    *
*   beams with arbitrary       *
*   geometry.                  *
*                              *
*     (c)DTU Wind Energy       *
********************************


Output generated on the (yyyy.mm.dd) 2021. 5.18 at (hh.mm.ss) 20.51.15  
Element type is: Q4 
The input folder: is C:\Users\andre\Documents\GitHub\PGE\Preliminare\64.8_80\Cp-Lambda_v3_2021_CLEAN_March2021\3.Structure\CrossSectionAnalysis_v1.06\BECASFiles\BECAS_Section_1\BECAS_SECTION 

Stiffness matrix w.r.t. to the cross section reference point 
K=
      1289825592.48	  0.000391856255522	                  0	                  0	                  0	  -0.00015567474563
  0.000280261300877	      1289999220.96	                  0	                  0	                  0	       2.0813193101
                  0	                  0	      11352532626.2	    -0.597093065365	      428.602951435	                  0
                  0	                  0	    -0.726293691731	      4648781233.95	     0.245134416896	                  0
                  0	                  0	      428.643483819	     0.199907490918	       4648088178.5	                  0
   -0.0001572840371	      2.08132086565	                  0	                  0	                  0	      2107103821.34

Compliance matrix w.r.t. to the cross section reference point 
F=
  7.75298618535e-10	 -2.35508369892e-22	                  0	                  0	                 -0	  5.72797668987e-23
 -1.68439016078e-22	  7.75194266595e-10	                  0	                  0	                  0	 -7.65708257846e-19
                  0	                  0	  8.80860714456e-11	   1.1313843649e-20	 -8.12246858321e-18	                 -0
                  0	                  0	  1.37619640056e-20	  2.15110143858e-10	 -1.13446439819e-20	                 -0
                  0	                  0	 -8.12323671376e-18	 -9.25157448135e-21	  2.15142217961e-10	                 -0
  5.78718978138e-23	 -7.65708830128e-19	                  0	                  0	                  0	  4.74585063096e-10

Mass matrix w.r.t. to the cross section reference point 
M=
      747.406934498	                  0	                  0	                  0	                  0	 -8.33591347533e-14
                  0	      747.406934498	                  0	                  0	                  0	 -9.21752341393e-09
                  0	                  0	      747.406934498	  8.33591347533e-14	  9.21752341393e-09	                  0
                 -0	                 -0	  8.33591347533e-14	      306.176148487	  9.50561231595e-16	                  0
                 -0	                 -0	  9.21752341393e-09	  9.50561231595e-16	      306.152260467	                  0
 -8.33591347533e-14	 -9.21752341393e-09	                 -0	                  0	                  0	      612.328408954

Shear center;
ShearX=    1.613428002e-09 
ShearY=  1.21942097032e-13 

Elastic center:
ElasticX= -3.77575205404e-08 
ElasticY= -6.39763580203e-11 

Orientation of principle axis w.r.t. reference center:
alpha_p=  1.65266077833e-05o or   2.88443720004e-07rad 

Orientation of principle axis w.r.t. elastic center:
alpha_p=  1.65266096467e-05o or   2.88443752527e-07rad 

Mass center:
MassX= -1.23326704483e-11 
MassY=  1.11531123014e-16 

Mass per unit length:
Mass=      747.406934498 

Mass moments of inertia:
Ixx=      306.176148487 
Iyy=      306.152260467 
Ixy= -9.50561231595e-16 

Area center:
AreaX= -5.24843878428e-12 
AreaY= -8.04338714229e-17 

Area per unit length:
Area=     0.400640367471 
Area moments:
Ixx=  -3.2225055804e-17 
Iyy= -2.10273644318e-12 
Ixy= -3.88378254796e-18 

Stiffness matrix with respect to shear center:
      1289825592.48	  0.000391856255522	                  0	                  0	                  0	  1.60929129003e-06
  0.000280261300877	      1289999220.96	                  0	                  0	                  0	 -1.55555526545e-06
                  0	                  0	      11352532626.2	       -0.598477417	      446.919445468	                  0
                  0	                  0	    -0.727678043366	      4648781233.95	      0.24513441567	                  0
                  0	                  0	      446.959977852	       0.1999074899	       4648088178.5	                  0
  2.71050543121e-20	                  0	                  0	                  0	                  0	      2107103821.34

Stiffness matrix with respect to the elastic center:
      1289825592.48	  0.000391856255522	                  0	                  0	                  0	   -0.0826740186191
  0.000280261300877	      1289999220.96	                  0	                  0	                  0	      50.7884913926
                  0	                  0	      11352532626.2	     0.129200626366	   -0.0405323845068	                  0
                  0	                  0	 -1.11022302463e-16	      4648781233.95	     0.245134444316	                  0
                  0	                  0	  7.04858393874e-12	     0.199907513463	       4648088178.5	                  0
   -0.0826756279148	      50.7884929482	                  0	                  0	                  0	      2107103821.34

Stiffness matrix rotated along principle axis:
      1289825592.48	    0.0504739009622	                  0	                  0	                  0	 -0.000155074402146
    0.0503623060076	      1289999220.96	                  0	                  0	                  0	      2.08131931014
                  0	                  0	      11352532626.2	    -0.596969437535	      428.602951607	                  0
                  0	                  0	     -0.72617005221	      4648781233.95	     0.045226925978	                  0
                  0	                  0	      428.643484029	 -1.09617944907e-13	       4648088178.5	                  0
 -0.000156683693167	       2.0813208657	                  0	                  0	                  0	      2107103821.34

Stiffness matrix at the elastic center rotated along principle axis:
      1289825592.48	    0.0504739066091	                  0	                  0	                  0	    -0.082659368996
    0.0503623116544	      1289999220.96	                  0	                  0	                  0	      50.7884914165
                  0	                  0	      11352532626.2	     0.129200614675	   -0.0405324217739	                  0
                  0	                  0	 -1.08989182461e-16	      4648781233.95	    0.0452269308536	                  0
                  0	                  0	  7.04858393877e-12	  6.10999627525e-14	       4648088178.5	                  0
   -0.0826609782913	       50.788492972	                  0	                  0	                  0	      2107103821.34

Mass matrix with respect to mass center
      747.406934498	                  0	                  0	                  0	                  0	                  0
                  0	      747.406934498	                  0	                  0	                  0	                  0
                  0	                  0	      747.406934498	                  0	                  0	                  0
                  0	                  0	                  0	      306.176148487	  9.50561230567e-16	                  0
                  0	                  0	                  0	  9.50561230567e-16	      306.152260467	                  0
                  0	                  0	                  0	                  0	                  0	      612.328408954
