********************************
*                              *
*          BECAS 2.3           *
*              by              *
*     becas-dtuwind@dtu.dk     *
*                              *
*   A cross section analysis   *
*   program for anisotropic    *
*   beams with arbitrary       *
*   geometry.                  *
*                              *
*     (c)DTU Wind Energy       *
********************************


Output generated on the (yyyy.mm.dd) 2021. 5.18 at (hh.mm.ss) 19.35. 4  
Element type is: Q4 
The input folder: is C:\Users\andre\Documents\GitHub\PGE\Preliminare\64.8_80\Cp-Lambda_v3_2021_CLEAN_March2021\3.Structure\CrossSectionAnalysis_v1.06\BECASFiles\BECAS_Section_18\BECAS_SECTION 

Stiffness matrix w.r.t. to the cross section reference point 
K=
      168780024.378	     -3147229.89804	                  0	                  0	                  0	     -7210403.94764
     -3147229.89804	      34798148.2275	                  0	                  0	                  0	      202031.144234
                  0	                  0	      2259009560.37	      57385610.0729	      311426797.486	                  0
                  0	                  0	      57385610.0729	      74420155.1891	      13942957.4894	                  0
                  0	                  0	      311426797.486	      13942957.4894	      369743030.905	                  0
     -7210403.94764	      202031.144234	                  0	                  0	                  0	      14823963.2317

Compliance matrix w.r.t. to the cross section reference point 
F=
  6.06039656972e-09	   5.3104487849e-10	                  0	                  0	                 -0	  2.94055098928e-09
   5.3104487849e-10	  2.87859684001e-08	                  0	                  0	                  0	 -1.34013692187e-10
                  0	                  0	  5.07998403199e-10	 -3.13771352625e-10	 -4.16044123479e-10	                 -0
                  0	                  0	 -3.13771352625e-10	  1.37266357067e-08	 -2.53346467166e-10	                 -0
                  0	                  0	 -4.16044123479e-10	 -2.53346467166e-10	  3.06455996002e-09	                 -0
  2.94055098928e-09	 -1.34013692186e-10	                  0	                  0	                  0	  6.88904592812e-08

Mass matrix w.r.t. to the cross section reference point 
M=
       130.22250665	                  0	                  0	                  0	                  0	     -3.40559120743
                  0	       130.22250665	                  0	                  0	                  0	     -21.2647599528
                  0	                  0	       130.22250665	      3.40559120743	      21.2647599528	                  0
                 -0	                 -0	      3.40559120743	      3.99921063772	      1.00098996997	                  0
                 -0	                 -0	      21.2647599528	      1.00098996997	      25.6169734068	                  0
     -3.40559120743	     -21.2647599528	                 -0	                  0	                  0	      29.6161840446

Shear center;
ShearX=   0.00194531570241 
ShearY=    0.0426844445511 

Elastic center:
ElasticX=    -0.137859884681 
ElasticY=    0.0254029956666 

Orientation of principle axis w.r.t. reference center:
alpha_p=     -2.69708520748o or    -0.0470730170774rad 

Orientation of principle axis w.r.t. elastic center:
alpha_p=     -1.36040775845o or    -0.0237435945546rad 

Mass center:
MassX=    -0.163295581539 
MassY=    0.0261520937896 

Mass per unit length:
Mass=       130.22250665 

Mass moments of inertia:
Ixx=      3.99921063772 
Iyy=      25.6169734068 
Ixy=     -1.00098996997 

Area center:
AreaX=    -0.241189219919 
AreaY=    0.0287557329054 

Area per unit length:
Area=     0.114509432227 
Area moments:
Ixx=   0.00329280264828 
Iyy=   -0.0276184406322 
Ixy=  -0.00142778356192 

Stiffness matrix with respect to shear center:
      168780024.378	     -3147229.89804	                  0	                  0	                  0	  8.15838575363e-07
     -3147229.89804	      34798148.2275	                  0	                  0	                  0	  3.77651304007e-07
                  0	                  0	      2259009560.37	     -39038958.2472	      315821284.256	                  0
                  0	                  0	     -39038958.2472	      73637038.5466	      573934.521869	                  0
                  0	                  0	      315821284.256	      573934.521867	      370963226.448	                  0
 -9.31322574615e-10	                  0	                  0	                  0	                  0	      14515798.1299

Stiffness matrix with respect to the elastic center:
      168780024.378	     -3147229.89804	                  0	                  0	                  0	     -3356762.47057
     -3147229.89804	      34798148.2275	                  0	                  0	                  0	      4919350.77852
                  0	                  0	      2259009560.37	  6.68317079544e-06	  4.82797622681e-06	                  0
                  0	                  0	 -2.23517417908e-08	      72962388.7851	      6031783.90237	                  0
                  0	                  0	 -1.90734863281e-06	      6031783.90237	      326809768.517	                  0
     -3356762.47057	      4919350.77852	                  0	                  0	                  0	      15261558.6703

Stiffness matrix rotated along principle axis:
      168779219.024	      3164325.88456	                  0	                  0	                  0	     -7211923.47128
      3164325.88456	      34798953.5821	                  0	                  0	                  0	     -137482.783722
                  0	                  0	      2259009560.37	      42667656.7929	      313782136.999	                  0
                  0	                  0	      42667656.7929	      73763332.8974	  1.58879635598e-06	                  0
                  0	                  0	      313782136.999	  2.30320671207e-09	      370399853.197	                  0
     -7211923.47128	     -137482.783723	                  0	                  0	                  0	      14823963.2317

Stiffness matrix at the elastic center rotated along principle axis:
      168853902.117	      36333.8459753	                  0	                  0	                  0	     -3472608.40958
      36333.8459763	      34724270.4893	                  0	                  0	                  0	       4838270.0627
                  0	                  0	      2259009560.37	  6.56666429808e-06	  4.98528297331e-06	                  0
                  0	                  0	  2.29376159518e-08	      72819145.6345	  2.34022389166e-06	                  0
                  0	                  0	 -1.90734167711e-06	 -7.89395903374e-10	      326953011.668	                  0
     -3472608.40958	       4838270.0627	                  0	                  0	                  0	      15261558.6703

Mass matrix with respect to mass center
       130.22250665	                  0	                  0	                  0	                  0	                  0
                  0	       130.22250665	                  0	                  0	                  0	                  0
                  0	                  0	       130.22250665	                  0	                  0	                  0
                  0	                  0	                  0	      3.91014729706	     0.444871973272	                  0
                  0	                  0	                  0	     0.444871973272	      22.1445320641	                  0
                  0	                  0	                  0	                  0	                  0	      26.0546793611
