********************************
*                              *
*          BECAS 2.3           *
*              by              *
*     becas-dtuwind@dtu.dk     *
*                              *
*   A cross section analysis   *
*   program for anisotropic    *
*   beams with arbitrary       *
*   geometry.                  *
*                              *
*     (c)DTU Wind Energy       *
********************************


Output generated on the (yyyy.mm.dd) 2021. 5.21 at (hh.mm.ss) 11.36. 9  
Element type is: Q4 
The input folder: is C:\69.6_80\3.Structure\CrossSectionAnalysis_v1.06\BECASFiles\BECAS_Section_5\BECAS_SECTION 

Stiffness matrix w.r.t. to the cross section reference point 
K=
      339972063.499	     -3329133.29155	                  0	                  0	                  0	     -564812.784775
     -3329133.29155	      160674718.993	                  0	                  0	                  0	      1403639.43439
                  0	                  0	      3118421347.69	      9244471.54017	      813187141.824	                  0
                  0	                  0	      9244471.54022	      1524911812.38	      31039571.6737	                  0
                  0	                  0	      813187141.824	      31039571.6737	      2526891342.52	                  0
     -564812.784795	      1403639.43438	                  0	                  0	                  0	      448999249.154

Compliance matrix w.r.t. to the cross section reference point 
F=
  2.94202060901e-09	  6.09271419073e-11	                  0	                  0	                 -0	  3.51040924234e-12
  6.09271419072e-11	    6.225186198e-09	                  0	                  0	                  0	 -1.93842293091e-11
                  0	                  0	  3.50051001547e-10	  1.70940458315e-13	 -1.12653153924e-10	                 -0
                  0	                  0	  1.70940458304e-13	  6.55939718169e-10	 -8.11237671106e-12	                 -0
                  0	                  0	 -1.12653153924e-10	 -8.11237671107e-12	  4.32096102662e-10	                 -0
  3.51040924247e-12	  -1.9384229309e-11	                  0	                  0	                  0	  2.22724023053e-09

Mass matrix w.r.t. to the cross section reference point 
M=
      220.487801942	                  0	                  0	                  0	                  0	     -1.09389846747
                  0	      220.487801942	                  0	                  0	                  0	     -64.7568825498
                  0	                  0	      220.487801942	      1.09389846747	      64.7568825498	                  0
                 -0	                 -0	      1.09389846747	      95.5010553647	      2.55197563363	                  0
                 -0	                 -0	      64.7568825498	      2.55197563363	       205.26293397	                  0
     -1.09389846747	     -64.7568825498	                 -0	                  0	                  0	      300.763989335

Shear center;
ShearX=   0.00870325034693 
ShearY=   0.00157612510512 

Elastic center:
ElasticX=     -0.26076884781 
ElasticY=   0.00296447160582 

Orientation of principle axis w.r.t. reference center:
alpha_p=     -1.77265708007o or    -0.0309387025559rad 

Orientation of principle axis w.r.t. elastic center:
alpha_p=     -2.07284678561o or    -0.0361780012983rad 

Mass center:
MassX=    -0.293698254413 
MassY=    0.0049612652393 

Mass per unit length:
Mass=      220.487801942 

Mass moments of inertia:
Ixx=      95.5010553647 
Iyy=       205.26293397 
Ixy=     -2.55197563363 

Area center:
AreaX=    -0.364572390193 
AreaY=   0.00917344131329 

Area per unit length:
Area=     0.329837553824 
Area moments:
Ixx=   0.00302574544292 
Iyy=    -0.120249665373 
Ixy=  -0.00497536205754 

Stiffness matrix with respect to shear center:
      339972063.499	     -3329133.29155	                  0	                  0	                  0	  1.97218032554e-05
     -3329133.29155	      160674718.993	                  0	                  0	                  0	  4.43356111646e-06
                  0	                  0	      3118421347.69	      4329449.36574	        840327543.5	                  0
                  0	                  0	      4329449.36578	      1524890418.18	       29795567.286	                  0
                  0	                  0	        840327543.5	       29795567.286	      2541282294.78	                  0
  1.16415321827e-10	                  0	                  0	                  0	                  0	      448986142.713

Stiffness matrix with respect to the elastic center:
      339972063.499	     -3329133.29155	                  0	                  0	                  0	     -425109.508404
     -3329133.29155	      160674718.993	                  0	                  0	                  0	      43292731.6575
                  0	                  0	      3118421347.69	 -4.44389879704e-05	  -1.1682510376e-05	                  0
                  0	                  0	  3.72529029846e-09	      1524884407.41	      28628901.4816	                  0
                  0	                  0	  3.57627868652e-07	      28628901.4816	      2314837468.49	                  0
     -425109.508424	      43292731.6575	                  0	                  0	                  0	      460651735.749

Stiffness matrix rotated along principle axis:
      340006360.939	      2220925.99554	                  0	                  0	                  0	     -607962.341247
      2220925.99554	      160640421.554	                  0	                  0	                  0	      1385495.91672
                  0	                  0	      3118421347.69	     -15914894.1158	      813083946.483	                  0
                  0	                  0	     -15914894.1157	      1523951181.78	   -1.966581264e-05	                  0
                  0	                  0	      813083946.483	 -9.80539259688e-09	      2527851973.12	                  0
     -607962.341266	      1385495.91671	                  0	                  0	                  0	      448999249.154

Stiffness matrix at the elastic center rotated along principle axis:
       339978165.58	      3160538.60982	                  0	                  0	                  0	     -1990734.19879
      3160538.60982	      160668616.912	                  0	                  0	                  0	       43249026.692
                  0	                  0	      3118421347.69	 -4.39873515227e-05	 -1.32822289746e-05	                  0
                  0	                  0	 -9.21258666658e-09	      1523848218.86	 -3.12091026751e-05	                  0
                  0	                  0	  3.57528598117e-07	 -1.95342233653e-08	      2315873657.04	                  0
     -1990734.19881	       43249026.692	                  0	                  0	                  0	      460651735.749

Mass matrix with respect to mass center
      220.487801942	                  0	                  0	                  0	                  0	                  0
                  0	      220.487801942	                  0	                  0	                  0	                  0
                  0	                  0	      220.487801942	                  0	                  0	                  0
                  0	                  0	                  0	      95.4956282443	      2.23069956323	                  0
                  0	                  0	                  0	      2.23069956323	      186.243950604	                  0
                  0	                  0	                  0	                  0	                  0	      281.739578849
