********************************
*                              *
*          BECAS 2.3           *
*              by              *
*     becas-dtuwind@dtu.dk     *
*                              *
*   A cross section analysis   *
*   program for anisotropic    *
*   beams with arbitrary       *
*   geometry.                  *
*                              *
*     (c)DTU Wind Energy       *
********************************


Output generated on the (yyyy.mm.dd) 2021. 5.19 at (hh.mm.ss)  0.10.12  
Element type is: Q4 
The input folder: is C:\Users\andre\Documents\GitHub\PGE\Preliminare\64.8_108\Cp-Lambda_v3_2021_CLEAN_March2021\3.Structure\CrossSectionAnalysis_v1.06\BECASFiles\BECAS_Section_10\BECAS_SECTION 

Stiffness matrix w.r.t. to the cross section reference point 
K=
       210290698.68	     -5324424.33324	                  0	                  0	                  0	      2305293.32385
     -5324424.33323	      81964790.1508	                  0	                  0	                  0	      7892671.98582
                  0	                  0	      2796265730.73	     -59471475.9219	      652600323.588	                  0
                  0	                  0	     -59471475.9219	      557865424.736	      33637991.9013	                  0
                  0	                  0	      652600323.588	      33637991.9013	      1615804835.04	                  0
      2305293.32385	      7892671.98582	                  0	                  0	                  0	      100480719.127

Compliance matrix w.r.t. to the cross section reference point 
F=
  4.76496362023e-09	  3.22497725877e-10	                  0	                  0	                  0	 -1.34652774246e-10
  3.22497725877e-10	  1.23151716013e-08	                  0	                  0	                  0	 -9.74744832681e-10
                  0	                  0	  3.96336217286e-10	  5.19689442438e-11	 -1.61156390258e-10	                 -0
                  0	                  0	  5.19689442437e-11	  1.80161433781e-09	 -5.84957021321e-11	                 -0
                  0	                  0	 -1.61156390258e-10	 -5.84957021321e-11	  6.85193141136e-10	                 -0
 -1.34652774246e-10	 -9.74744832681e-10	                  0	                  0	                  0	  1.00318127113e-08

Mass matrix w.r.t. to the cross section reference point 
M=
       184.59897763	                  0	                  0	                  0	                  0	      3.00521118734
                  0	       184.59897763	                  0	                  0	                  0	     -54.5528337654
                  0	                  0	       184.59897763	     -3.00521118734	      54.5528337654	                  0
                 -0	                 -0	     -3.00521118734	      32.5038947942	      2.97281929494	                  0
                 -0	                 -0	      54.5528337654	      2.97281929494	      125.685132621	                  0
      3.00521118734	     -54.5528337654	                 -0	                  0	                  0	      158.189027415

Shear center;
ShearX=    0.0971653738693 
ShearY=   -0.0134225765692 

Elastic center:
ElasticX=    -0.233382799215 
ElasticY=   -0.0212681775084 

Orientation of principle axis w.r.t. reference center:
alpha_p=     -1.81931336402o or    -0.0317530083278rad 

Orientation of principle axis w.r.t. elastic center:
alpha_p=     -2.99113718952o or    -0.0522051923359rad 

Mass center:
MassX=    -0.295520779506 
MassY=   -0.0162796740584 

Mass per unit length:
Mass=       184.59897763 

Mass moments of inertia:
Ixx=      32.5038947942 
Iyy=      125.685132621 
Ixy=     -2.97281929494 

Area center:
AreaX=    -0.451303739412 
AreaY=  -0.00523510944138 

Area per unit length:
Area=     0.282770735216 
Area moments:
Ixx=  -0.00148033574567 
Iyy=    -0.127615490199 
Ixy=   -0.0071657778109 

Stiffness matrix with respect to shear center:
       210290698.68	     -5324424.33324	                  0	                  0	                  0	  8.14348459244e-06
     -5324424.33323	      81964790.1508	                  0	                  0	                  0	 -2.77053914033e-06
                  0	                  0	      2796265730.73	     -21938385.0432	      924300528.753	                  0
                  0	                  0	     -21938385.0432	      556772694.644	      40265918.3289	                  0
                  0	                  0	      924300528.753	      40265918.3289	      1769024995.92	                  0
                  0	 -9.31322574615e-10	                  0	                  0	                  0	      99682881.7261

Stiffness matrix with respect to the elastic center:
       210290698.68	     -5324424.33324	                  0	                  0	                  0	     -3409835.63912
     -5324424.33323	      81964790.1508	                  0	                  0	                  0	      27135084.9501
                  0	                  0	      2796265730.73	 -3.36468219757e-05	  7.43865966797e-05	                  0
                  0	                  0	                  0	       556600574.83	      47517611.4254	                  0
                  0	                  0	  3.57627868652e-07	      47517611.4254	      1463499144.76	                  0
     -3409835.63913	      27135084.9501	                  0	                  0	                  0	      108679086.693

Stiffness matrix rotated along principle axis:
       210499262.85	     -1241695.91717	                  0	                  0	                  0	       2053557.2941
     -1241695.91716	      81756225.9799	                  0	                  0	                  0	      7961881.11093
                  0	                  0	      2796265730.73	     -80160038.7874	      650383276.982	                  0
                  0	                  0	     -80160038.7874	       556796958.18	  9.91899695101e-06	                  0
                  0	                  0	      650383276.982	 -2.33545757406e-09	       1616873301.6	                  0
      2053557.29409	      7961881.11093	                  0	                  0	                  0	      100480719.127

Stiffness matrix at the elastic center rotated along principle axis:
      210496194.822	      1391684.79892	                  0	                  0	                  0	     -4821139.09913
      1391684.79893	      81759294.0079	                  0	                  0	                  0	      26920186.3315
                  0	                  0	      2796265730.73	  -3.7482585049e-05	  7.25295127013e-05	                  0
                  0	                  0	 -1.86615523282e-08	      554117652.739	  3.63841214086e-06	                  0
                  0	                  0	  3.57140643027e-07	 -8.40185728003e-09	      1465982066.85	                  0
     -4821139.09914	      26920186.3315	                  0	                  0	                  0	      108679086.693

Mass matrix with respect to mass center
       184.59897763	                  0	                  0	                  0	                  0	                  0
                  0	       184.59897763	                  0	                  0	                  0	                  0
                  0	                  0	       184.59897763	                  0	                  0	                  0
                  0	                  0	                  0	      32.4549709356	       3.8609216476	                  0
                  0	                  0	                  0	       3.8609216476	      109.563636662	                  0
                  0	                  0	                  0	                  0	                  0	      142.018607598
