********************************
*                              *
*          BECAS 2.3           *
*              by              *
*     becas-dtuwind@dtu.dk     *
*                              *
*   A cross section analysis   *
*   program for anisotropic    *
*   beams with arbitrary       *
*   geometry.                  *
*                              *
*     (c)DTU Wind Energy       *
********************************


Output generated on the (yyyy.mm.dd) 2021. 5.21 at (hh.mm.ss) 12.53.57  
Element type is: Q4 
The input folder: is C:\CPL\3.Structure\CrossSectionAnalysis_v1.06\BECASFiles\BECAS_Section_20\BECAS_SECTION 

Stiffness matrix w.r.t. to the cross section reference point 
K=
       147680796.91	     -2657010.73338	                  0	                  0	                  0	     -6790792.13644
     -2657010.73338	      26187364.0141	                  0	                  0	                  0	       4008.4201427
                  0	                  0	      2003919187.36	      60187991.1255	      252884509.094	                  0
                  0	                  0	      60187991.1255	      50538704.0345	      10876957.0295	                  0
                  0	                  0	      252884509.094	      10876957.0295	      258998709.755	                  0
     -6790792.13644	      4008.42014219	                  0	                  0	                  0	        9926233.666

Compliance matrix w.r.t. to the cross section reference point 
F=
  7.00446822278e-09	  7.09950810298e-10	                  0	                  0	                 -0	  4.79165044331e-09
  7.09950810299e-10	  3.82583165468e-08	                  0	                  0	                 -0	  4.70246130629e-10
                  0	                  0	   5.8549875487e-10	 -5.79488430791e-10	 -5.47340543023e-10	                 -0
                  0	                  0	  -5.7948843079e-10	  2.05408280494e-08	 -2.96827952431e-10	                 -0
                  0	                  0	 -5.47340543022e-10	 -2.96827952428e-10	  4.40790817256e-09	                 -0
  4.79165044331e-09	  4.70246130632e-10	                  0	                  0	                  0	  1.04021046849e-07

Mass matrix w.r.t. to the cross section reference point 
M=
       113.23058984	                  0	                  0	                  0	                  0	     -3.42806438515
                  0	       113.23058984	                  0	                  0	                  0	     -16.7782028826
                  0	                  0	       113.23058984	      3.42806438515	      16.7782028826	                  0
                 -0	                 -0	      3.42806438515	      2.69020606676	     0.748775735342	                  0
                 -0	                 -0	      16.7782028826	     0.748775735342	      17.7215117485	                  0
     -3.42806438515	     -16.7782028826	                 -0	                  0	                  0	      20.4117178153

Shear center;
ShearX=  -0.00452068254335 
ShearY=    0.0460642397712 

Elastic center:
ElasticX=    -0.126194963694 
ElasticY=    0.0300351388944 

Orientation of principle axis w.r.t. reference center:
alpha_p=     -2.97877839924o or     -0.051989490754rad 

Orientation of principle axis w.r.t. elastic center:
alpha_p=     -1.05370379408o or    -0.0183906005475rad 

Mass center:
MassX=    -0.148177298258 
MassY=    0.0302750731052 

Mass per unit length:
Mass=       113.23058984 

Mass moments of inertia:
Ixx=      2.69020606676 
Iyy=      17.7215117485 
Ixy=    -0.748775735342 

Area center:
AreaX=    -0.212215682815 
AreaY=    0.0315224328171 

Area per unit length:
Area=    0.0908309998298 
Area moments:
Ixx=   0.00286321408985 
Iyy=   -0.0192757626496 
Ixy= -0.000932213812353 

Stiffness matrix with respect to shear center:
       147680796.91	     -2657010.73338	                  0	                  0	                  0	  6.95884227753e-06
     -2657010.73338	      26187364.0141	                  0	                  0	                  0	  4.13318048231e-07
                  0	                  0	      2003919187.36	     -32121022.8033	      243825426.606	                  0
                  0	                  0	     -32121022.8033	       49245820.476	     -626766.684745	                  0
                  0	                  0	      243825426.606	     -626766.684768	       256753241.82	                  0
                  0	  1.86446413863e-11	                  0	                  0	                  0	      9613439.10959

Stiffness matrix with respect to the elastic center:
       147680796.91	     -2657010.73338	                  0	                  0	                  0	     -2690480.26224
     -2657010.73338	      26187364.0141	                  0	                  0	                  0	      3228918.18472
                  0	                  0	      2003919187.36	  4.67449426651e-05	  0.000126153230667	                  0
                  0	                  0	 -5.51342964172e-07	      48730949.3612	      3281535.67466	                  0
                  0	                  0	 -3.83853912354e-05	      3281535.67463	      227085958.312	                  0
     -2690480.26225	      3228918.18472	                  0	                  0	                  0	      10049441.3881

Stiffness matrix rotated along principle axis:
      147628482.912	      3662345.76556	                  0	                  0	                  0	     -6781825.06495
      3662345.76555	      26239678.0123	                  0	                  0	                  0	     -348887.798831
                  0	                  0	      2003919187.36	      46965253.1936	      255670557.961	                  0
                  0	                  0	      46965253.1936	      49972706.5394	  3.00583055549e-05	                  0
                  0	                  0	      255670557.961	 -1.45317185544e-10	      259564707.251	                  0
     -6781825.06496	     -348887.798832	                  0	                  0	                  0	        9926233.666

Stiffness matrix at the elastic center rotated along principle axis:
      147737416.752	     -421380.220615	                  0	                  0	                  0	     -2749403.69306
     -421380.220617	      26130744.1724	                  0	                  0	                  0	      3178895.40842
                  0	                  0	      2003919187.36	  4.44171350893e-05	  0.000126991516972	                  0
                  0	                  0	  1.54640874335e-07	      48670593.1449	  3.10836417012e-05	                  0
                  0	                  0	  -3.8389039133e-05	  2.07049438698e-10	      227146314.528	                  0
     -2749403.69307	      3178895.40842	                  0	                  0	                  0	      10049441.3881

Mass matrix with respect to mass center
       113.23058984	                  0	                  0	                  0	                  0	                  0
                  0	       113.23058984	                  0	                  0	                  0	                  0
                  0	                  0	       113.23058984	                  0	                  0	                  0
                  0	                  0	                  0	      2.58642116689	     0.240814416496	                  0
                  0	                  0	                  0	     0.240814416496	      15.2353629757	                  0
                  0	                  0	                  0	                  0	                  0	      17.8217841426
