********************************
*                              *
*          BECAS 2.3           *
*              by              *
*     becas-dtuwind@dtu.dk     *
*                              *
*   A cross section analysis   *
*   program for anisotropic    *
*   beams with arbitrary       *
*   geometry.                  *
*                              *
*     (c)DTU Wind Energy       *
********************************


Output generated on the (yyyy.mm.dd) 2021. 5.19 at (hh.mm.ss) 20.33.26  
Element type is: Q4 
The input folder: is C:\Users\andre\Documents\GitHub\PGE\Preliminare\64.8_80\Cp-Lambda_v3_2021_CLEAN_March2021\3.Structure\CrossSectionAnalysis_v1.06\BECASFiles\BECAS_Section_20\BECAS_SECTION 

Stiffness matrix w.r.t. to the cross section reference point 
K=
      147907502.122	     -2690439.47898	                  0	                  0	                  0	      -6780017.0396
     -2690439.47898	      26217890.0682	                  0	                  0	                  0	      26619.0200997
                  0	                  0	      2005267795.57	      59982110.5133	      252189877.758	                  0
                  0	                  0	      59982110.5132	      50538377.3588	      10953788.0555	                  0
                  0	                  0	      252189877.758	      10953788.0556	      259180734.526	                  0
     -6780017.03964	       26619.020102	                  0	                  0	                  0	      9941338.56737

Compliance matrix w.r.t. to the cross section reference point 
F=
  6.99246236847e-09	  7.12715811512e-10	                  0	                  0	                 -0	   4.7669679379e-09
  7.12715811513e-10	  3.82146427917e-08	                  0	                  0	                 -0	  3.83750032858e-10
                  0	                  0	  5.84352167989e-10	 -5.75580740642e-10	 -5.44264652345e-10	                 -0
                  0	                  0	 -5.75580740643e-10	  2.05368120198e-08	 -3.07894217997e-10	                 -0
                  0	                  0	 -5.44264652345e-10	 -3.07894218011e-10	  4.40090829374e-09	                 -0
  4.76696793793e-09	  3.83750032851e-10	                  0	                  0	                  0	   1.0384013197e-07

Mass matrix w.r.t. to the cross section reference point 
M=
      113.269172084	                  0	                  0	                  0	                  0	     -3.42217974472
                  0	      113.269172084	                  0	                  0	                  0	     -16.7538563038
                  0	                  0	      113.269172084	      3.42217974472	      16.7538563038	                  0
                 -0	                 -0	      3.42217974472	      2.69010851288	     0.750907082722	                  0
                 -0	                 -0	      16.7538563038	     0.750907082722	      17.7230290067	                  0
     -3.42217974472	     -16.7538563038	                 -0	                  0	                  0	      20.4131375196

Shear center;
ShearX=   -0.0036955849879 
ShearY=    0.0459067977619 

Elastic center:
ElasticX=    -0.125763690174 
ElasticY=    0.0299122693966 

Orientation of principle axis w.r.t. reference center:
alpha_p=     -2.99706394077o or    -0.0523086336592rad 

Orientation of principle axis w.r.t. elastic center:
alpha_p=     -1.09274837964o or    -0.0190720571205rad 

Mass center:
MassX=    -0.147911881014 
MassY=    0.0302128079666 

Mass per unit length:
Mass=      113.269172084 

Mass moments of inertia:
Ixx=      2.69010851288 
Iyy=      17.7230290067 
Ixy=    -0.750907082722 

Area center:
AreaX=    -0.213565759876 
AreaY=    0.0318235889085 

Area per unit length:
Area=     0.090617199829 
Area moments:
Ixx=    0.0028837645154 
Iyy=   -0.0193527311393 
Ixy= -0.000923093974417 

Stiffness matrix with respect to shear center:
      147907502.122	     -2690439.47898	                  0	                  0	                  0	  3.61977145076e-05
     -2690439.47898	      26217890.0682	                  0	                  0	                  0	 -2.41448287852e-06
                  0	                  0	      2005267795.57	     -32073312.6362	      244779240.196	                  0
                  0	                  0	     -32073312.6363	      49257173.8189	      -504912.00769	                  0
                  0	                  0	      244779240.196	     -504912.007527	      257344142.914	                  0
  9.31322574615e-10	 -1.45519152284e-11	                  0	                  0	                  0	      9630188.06916

Stiffness matrix with respect to the elastic center:
      147907502.122	     -2690439.47898	                  0	                  0	                  0	     -2694127.58742
     -2690439.47898	      26217890.0682	                  0	                  0	                  0	      3243400.47317
                  0	                  0	      2005267795.57	   8.5286796093e-05	  6.67572021484e-06	                  0
                  0	                  0	   2.8982758522e-06	      48744176.3102	      3410216.49288	                  0
                  0	                  0	  0.000192254781723	      3410216.49303	      227464404.874	                  0
     -2694127.58746	      3243400.47317	                  0	                  0	                  0	      10069195.1194

Stiffness matrix rotated along principle axis:
      147855792.691	      3678082.57034	                  0	                  0	                  0	     -6772135.20599
      3678082.57033	      26269599.4998	                  0	                  0	                  0	     -327909.105261
                  0	                  0	      2005267795.57	      46714374.9951	      254981087.915	                  0
                  0	                  0	       46714374.995	      49964876.5071	 -0.000171987712613	                  0
                  0	                  0	      254981087.915	 -1.39695844613e-09	      259754235.377	                  0
     -6772135.20603	      -327909.10526	                  0	                  0	                  0	      9941338.56737

Stiffness matrix at the elastic center rotated along principle axis:
      147965843.247	     -368173.985274	                  0	                  0	                  0	     -2755492.18582
     -368173.985276	      26159548.9436	                  0	                  0	                  0	      3191431.16807
                  0	                  0	      2005267795.57	  8.51439733114e-05	  8.30100216519e-06	                  0
                  0	                  0	 -7.68723139599e-07	      48679128.5793	 -0.000156074786981	                  0
                  0	                  0	  0.000192275089814	  2.84759549498e-10	      227529452.605	                  0
     -2755492.18586	      3191431.16807	                  0	                  0	                  0	      10069195.1194

Mass matrix with respect to mass center
      113.269172084	                  0	                  0	                  0	                  0	                  0
                  0	      113.269172084	                  0	                  0	                  0	                  0
                  0	                  0	      113.269172084	                  0	                  0	                  0
                  0	                  0	                  0	      2.58671485343	     0.244726039514	                  0
                  0	                  0	                  0	     0.244726039514	      15.2449346066	                  0
                  0	                  0	                  0	                  0	                  0	        17.83164946
