********************************
*                              *
*          BECAS 2.3           *
*              by              *
*     becas-dtuwind@dtu.dk     *
*                              *
*   A cross section analysis   *
*   program for anisotropic    *
*   beams with arbitrary       *
*   geometry.                  *
*                              *
*     (c)DTU Wind Energy       *
********************************


Output generated on the (yyyy.mm.dd) 2021. 5.19 at (hh.mm.ss)  0.10.55  
Element type is: Q4 
The input folder: is C:\Users\andre\Documents\GitHub\PGE\Preliminare\64.8_108\Cp-Lambda_v3_2021_CLEAN_March2021\3.Structure\CrossSectionAnalysis_v1.06\BECASFiles\BECAS_Section_27\BECAS_SECTION 

Stiffness matrix w.r.t. to the cross section reference point 
K=
      53720182.9976	     -3483.00059041	                  0	                  0	                  0	     -2074139.74463
     -3483.00059078	      9617976.13022	                  0	                  0	                  0	     -450638.579361
                  0	                  0	      701150950.546	      20756463.0907	      94902924.7216	                  0
                  0	                  0	      20756463.0907	      11832651.1216	      2523518.33658	                  0
                  0	                  0	      94902924.7216	      2523518.33658	       66910286.133	                  0
     -2074139.74463	     -450638.579361	                  0	                  0	                  0	      2538194.42287

Compliance matrix w.r.t. to the cross section reference point 
F=
  1.92267879582e-08	  7.49343125381e-10	                  0	                 -0	                 -0	   1.5844620737e-08
  7.49343125382e-10	  1.04873334755e-07	                  0	                 -0	                 -0	  1.92318651816e-08
                  0	                  0	  1.84704134725e-09	 -2.70305161265e-09	 -2.51782551477e-09	                 -0
                  0	                  0	 -2.70305161265e-09	  8.91529662547e-08	  4.71502371807e-10	                 -0
                  0	                  0	 -2.51782551477e-09	  4.71502371808e-10	  1.84987874353e-08	                 -0
   1.5844620737e-08	  1.92318651816e-08	                  0	                  0	                  0	  4.10343103991e-07

Mass matrix w.r.t. to the cross section reference point 
M=
      40.8028738308	                  0	                  0	                  0	                  0	      -1.1712895739
                  0	      40.8028738308	                  0	                  0	                  0	     -6.55209613722
                  0	                  0	      40.8028738308	       1.1712895739	      6.55209613722	                  0
                 -0	                 -0	       1.1712895739	     0.639362979485	     0.165054532825	                  0
                 -0	                 -0	      6.55209613722	     0.165054532825	      5.17708878076	                  0
      -1.1712895739	     -6.55209613722	                 -0	                  0	                  0	      5.81645176024

Shear center;
ShearX=   -0.0468677674721 
ShearY=    0.0386131034808 

Elastic center:
ElasticX=    -0.135353057209 
ElasticY=    0.0296034157474 

Orientation of principle axis w.r.t. reference center:
alpha_p=     -2.61783716332o or     -0.045689877781rad 

Orientation of principle axis w.r.t. elastic center:
alpha_p=     0.382333960087o or    0.00667298644571rad 

Mass center:
MassX=    -0.160579280871 
MassY=    0.0287060558224 

Mass per unit length:
Mass=      40.8028738308 

Mass moments of inertia:
Ixx=     0.639362979485 
Iyy=      5.17708878076 
Ixy=    -0.165054532825 

Area center:
AreaX=    -0.201894389598 
AreaY=    0.0262905387753 

Area per unit length:
Area=    0.0279504410079 
Area moments:
Ixx=  0.000734832153106 
Iyy=  -0.00564303722629 
Ixy= -0.000130971171184 

Stiffness matrix with respect to shear center:
      53720182.9976	     -3483.00059041	                  0	                  0	                  0	 -4.15835529566e-07
     -3483.00059078	      9617976.13022	                  0	                  0	                  0	   3.3295123103e-08
                  0	                  0	      701150950.546	     -6317151.11842	      62041545.0086	                  0
                  0	                  0	     -6317151.11842	      11275104.4742	      -844907.34662	                  0
                  0	                  0	      62041545.0086	     -844907.346621	      59554649.2197	                  0
  2.32830643654e-10	                  0	                  0	                  0	                  0	      2436985.02613

Stiffness matrix with respect to the elastic center:
      53720182.9976	     -3483.00059041	                  0	                  0	                  0	     -484310.268107
     -3483.00059078	      9617976.13022	                  0	                  0	                  0	      851080.785316
                  0	                  0	      701150950.546	 -4.39956784248e-06	 -4.17232513428e-07	                  0
                  0	                  0	                  0	      11218188.9153	     -285932.399594	                  0
                  0	                  0	 -5.06639480591e-07	     -285932.399594	      54064885.1338	                  0
     -484310.268107	      851080.785315	                  0	                  0	                  0	      2516656.64029

Stiffness matrix rotated along principle axis:
       53628498.657	      2008752.81395	                  0	                  0	                  0	     -2051392.71186
      2008752.81395	      9709660.47079	                  0	                  0	                  0	     -544902.515298
                  0	                  0	      701150950.546	      16400207.0875	      95751914.2798	                  0
                  0	                  0	      16400207.0876	      11717271.5786	   8.7078095189e-07	                  0
                  0	                  0	      95751914.2798	 -9.32348373471e-11	       67025665.676	                  0
     -2051392.71186	     -544902.515298	                  0	                  0	                  0	      2538194.42287

Stiffness matrix at the elastic center rotated along principle axis:
       53718172.728	     -297767.382792	                  0	                  0	                  0	     -478620.276886
     -297767.382792	      9619986.39978	                  0	                  0	                  0	      854293.608475
                  0	                  0	      701150950.546	 -4.40225405547e-06	 -3.87865185342e-07	                  0
                  0	                  0	 -3.38077329645e-09	       11216280.864	  2.72179885926e-07	                  0
                  0	                  0	 -5.06628200622e-07	 -9.96322831678e-11	      54066793.1852	                  0
     -478620.276886	      854293.608475	                  0	                  0	                  0	      2516656.64029

Mass matrix with respect to mass center
      40.8028738308	                  0	                  0	                  0	                  0	                  0
                  0	      40.8028738308	                  0	                  0	                  0	                  0
                  0	                  0	      40.8028738308	                  0	                  0	                  0
                  0	                  0	                  0	     0.605739875593	   -0.0230303046433	                  0
                  0	                  0	                  0	   -0.0230303046433	      4.12495789484	                  0
                  0	                  0	                  0	                  0	                  0	      4.73069777044
