********************************
*                              *
*          BECAS 2.3           *
*              by              *
*     becas-dtuwind@dtu.dk     *
*                              *
*   A cross section analysis   *
*   program for anisotropic    *
*   beams with arbitrary       *
*   geometry.                  *
*                              *
*     (c)DTU Wind Energy       *
********************************


Output generated on the (yyyy.mm.dd) 2021. 5.21 at (hh.mm.ss) 14.28.18  
Element type is: Q4 
The input folder: is C:\Users\andre\Documents\GitHub\PGE\Preliminare\69.6_80_provaBis\Cp-Lambda_v3_2021_CLEAN_March2021\3.Structure\CrossSectionAnalysis_v1.06\BECASFiles\BECAS_Section_27\BECAS_SECTION 

Stiffness matrix w.r.t. to the cross section reference point 
K=
      53718016.0821	     -1649.27147756	                  0	                  0	                  0	     -2073856.00973
     -1649.27147706	      9610537.44502	                  0	                  0	                  0	     -452219.238443
                  0	                  0	      701162872.217	       20757897.046	      94914869.1712	                  0
                  0	                  0	       20757897.046	      11834384.5151	      2523976.65019	                  0
                  0	                  0	      94914869.1712	      2523976.65019	      66923772.6541	                  0
     -2073856.00973	     -452219.238443	                  0	                  0	                  0	      2538263.77706

Compliance matrix w.r.t. to the cross section reference point 
F=
  1.92273876204e-08	  7.48779453511e-10	                  0	                 -0	                 -0	    1.584289474e-08
   7.4877945351e-10	  1.04961288181e-07	                  0	                 -0	                 -0	  1.93117732759e-08
                  0	                  0	  1.84702169312e-09	  -2.7027932364e-09	 -2.51761113664e-09	                 -0
                  0	                  0	  -2.7027932364e-09	  8.91397837066e-08	  4.71409971375e-10	                 -0
                  0	                  0	 -2.51761113664e-09	  4.71409971376e-10	  1.84952051388e-08	                 -0
    1.584289474e-08	  1.93117732759e-08	                  0	                  0	                  0	  4.10354923426e-07

Mass matrix w.r.t. to the cross section reference point 
M=
      40.8039035693	                  0	                  0	                  0	                  0	     -1.17138237719
                  0	      40.8039035693	                  0	                  0	                  0	      -6.5531065153
                  0	                  0	      40.8039035693	      1.17138237719	       6.5531065153	                  0
                 -0	                 -0	      1.17138237719	     0.639460270646	      0.16508923167	                  0
                 -0	                 -0	       6.5531065153	      0.16508923167	      5.17821538858	                  0
     -1.17138237719	      -6.5531065153	                 -0	                  0	                  0	      5.81767565922

Shear center;
ShearX=    -0.047061146762 
ShearY=    0.0386077852014 

Elastic center:
ElasticX=     -0.13536779104 
ElasticY=    0.0296049575191 

Orientation of principle axis w.r.t. reference center:
alpha_p=     -2.61775446118o or    -0.0456884343564rad 

Orientation of principle axis w.r.t. elastic center:
alpha_p=     0.382310983865o or    0.00667258543499rad 

Mass center:
MassX=    -0.160599990248 
MassY=    0.0287076057612 

Mass per unit length:
Mass=      40.8039035693 

Mass moments of inertia:
Ixx=     0.639460270646 
Iyy=      5.17821538858 
Ixy=     -0.16508923167 

Area center:
AreaX=    -0.201924036759 
AreaY=    0.0262919932473 

Area per unit length:
Area=     0.027951520754 
Area moments:
Ixx=  0.000734901194917 
Iyy=  -0.00564408390419 
Ixy= -0.000131002938772 

Stiffness matrix with respect to shear center:
      53718016.0821	     -1649.27147756	                  0	                  0	                  0	 -8.31205397844e-08
     -1649.27147706	      9610537.44502	                  0	                  0	                  0	  1.79070980266e-10
                  0	                  0	      701162872.217	     -6312448.51576	      61917340.3377	                  0
                  0	                  0	     -6312448.51576	      11276677.7411	     -843405.165163	                  0
                  0	                  0	      61917340.3377	     -843405.165163	      59543069.0254	                  0
 -4.65661287308e-10	                  0	                  0	                  0	                  0	      2436914.83375

Stiffness matrix with respect to the elastic center:
      53718016.0821	     -1649.27147756	                  0	                  0	                  0	     -483759.683849
     -1649.27147706	      9610537.44502	                  0	                  0	                  0	      848689.159584
                  0	                  0	      701162872.217	  4.38466668129e-06	 -3.78489494324e-06	                  0
                  0	                  0	  7.45058059692e-09	      11219847.8549	     -285974.019559	                  0
                  0	                  0	 -9.23871994019e-07	     -285974.019559	      54075356.4776	                  0
     -483759.683849	      848689.159584	                  0	                  0	                  0	      2516214.93054

Stiffness matrix rotated along principle axis:
      53626159.2162	      2010756.02313	                  0	                  0	                  0	     -2051037.86686
      2010756.02313	      9702394.31087	                  0	                  0	                  0	     -546465.604982
                  0	                  0	      701162872.217	      16401232.2237	      95763888.0847	                  0
                  0	                  0	      16401232.2237	       11718987.668	 -1.69428427081e-07	                  0
                  0	                  0	      95763888.0847	  2.30799863765e-10	      67039169.5012	                  0
     -2051037.86686	     -546465.604982	                  0	                  0	                  0	      2538263.77706

Stiffness matrix at the elastic center rotated along principle axis:
      53716030.2873	     -295951.308408	                  0	                  0	                  0	     -478086.005674
     -295951.308408	      9612523.23978	                  0	                  0	                  0	      851898.170259
                  0	                  0	      701162872.217	  4.35931422406e-06	 -3.81406753129e-06	                  0
                  0	                  0	  1.28584566871e-09	      11217939.6405	   5.0769617083e-07	                  0
                  0	                  0	 -9.23901141402e-07	  3.23599376748e-11	       54077264.692	                  0
     -478086.005674	      851898.170259	                  0	                  0	                  0	      2516214.93054

Mass matrix with respect to mass center
      40.8039035693	                  0	                  0	                  0	                  0	                  0
                  0	      40.8039035693	                  0	                  0	                  0	                  0
                  0	                  0	      40.8039035693	                  0	                  0	                  0
                  0	                  0	                  0	     0.605832687166	   -0.0230347666825	                  0
                  0	                  0	                  0	   -0.0230347666825	      4.12578654613	                  0
                  0	                  0	                  0	                  0	                  0	      4.73161923329
