********************************
*                              *
*          BECAS 2.3           *
*              by              *
*     becas-dtuwind@dtu.dk     *
*                              *
*   A cross section analysis   *
*   program for anisotropic    *
*   beams with arbitrary       *
*   geometry.                  *
*                              *
*     (c)DTU Wind Energy       *
********************************


Output generated on the (yyyy.mm.dd) 2021. 5.19 at (hh.mm.ss) 20.33. 1  
Element type is: Q4 
The input folder: is C:\Users\andre\Documents\GitHub\PGE\Preliminare\64.8_80\Cp-Lambda_v3_2021_CLEAN_March2021\3.Structure\CrossSectionAnalysis_v1.06\BECASFiles\BECAS_Section_10\BECAS_SECTION 

Stiffness matrix w.r.t. to the cross section reference point 
K=
      210304563.007	     -5326146.66972	                  0	                  0	                  0	      2306541.98128
     -5326146.66974	      81968331.2817	                  0	                  0	                  0	      7897105.42412
                  0	                  0	      2796392581.18	     -59482821.8626	      652760816.157	                  0
                  0	                  0	     -59482821.8626	      558011691.705	      33649231.6197	                  0
                  0	                  0	      652760816.157	      33649231.6197	      1616368662.35	                  0
      2306541.98128	      7897105.42412	                  0	                  0	                  0	      100510747.124

Compliance matrix w.r.t. to the cross section reference point 
F=
  4.76465522122e-09	  3.22574255215e-10	                  0	                  0	                  0	 -1.34684902679e-10
  3.22574255215e-10	  1.23147254985e-08	                  0	                  0	                  0	 -9.74967547212e-10
                  0	                  0	  3.96322411489e-10	  5.19638174276e-11	 -1.61134207424e-10	                 -0
                  0	                  0	  5.19638174276e-11	  1.80114290353e-09	 -5.84811007646e-11	                 -0
                  0	                  0	 -1.61134207424e-10	 -5.84811007646e-11	  6.84961275632e-10	                 -0
 -1.34684902679e-10	 -9.74967547213e-10	                  0	                  0	                  0	    1.002887857e-08

Mass matrix w.r.t. to the cross section reference point 
M=
      184.611974433	                  0	                  0	                  0	                  0	      3.00569163388
                  0	      184.611974433	                  0	                  0	                  0	     -54.5675015844
                  0	                  0	      184.611974433	     -3.00569163388	      54.5675015844	                  0
                 -0	                 -0	     -3.00569163388	      32.5136016638	      2.97388293106	                  0
                 -0	                 -0	      54.5675015844	      2.97388293106	      125.731613816	                  0
      3.00569163388	     -54.5675015844	                 -0	                  0	                  0	       158.24521548

Shear center;
ShearX=    0.0972160087898 
ShearY=    -0.013429707194 

Elastic center:
ElasticX=    -0.233429605181 
ElasticY=   -0.0212712700866 

Orientation of principle axis w.r.t. reference center:
alpha_p=     -1.81920353571o or    -0.0317510914621rad 

Orientation of principle axis w.r.t. elastic center:
alpha_p=     -2.99103315342o or    -0.0522033765635rad 

Mass center:
MassX=    -0.295579426806 
MassY=   -0.0162811304256 

Mass per unit length:
Mass=      184.611974433 

Mass moments of inertia:
Ixx=      32.5136016638 
Iyy=      125.731613816 
Ixy=     -2.97388293106 

Area center:
AreaX=    -0.451381513262 
AreaY=  -0.00523572808548 

Area per unit length:
Area=     0.282808879123 
Area moments:
Ixx=  -0.00148071039125 
Iyy=    -0.127654699822 
Ixy=  -0.00716861690295 

Stiffness matrix with respect to shear center:
      210304563.007	     -5326146.66972	                  0	                  0	                  0	 -3.09338793159e-06
     -5326146.66974	      81968331.2817	                  0	                  0	                  0	 -1.64986704476e-06
                  0	                  0	      2796392581.18	     -21928088.2978	      924614941.909	                  0
                  0	                  0	     -21928088.2979	      556918367.019	      40283857.0237	                  0
                  0	                  0	      924614941.909	      40283857.0237	      1769714837.91	                  0
 -4.65661287308e-10	 -1.86264514923e-09	                  0	                  0	                  0	      99712045.8704

Stiffness matrix with respect to the elastic center:
      210304563.007	     -5326146.66972	                  0	                  0	                  0	     -3410183.49314
     -5326146.66974	      81968331.2817	                  0	                  0	                  0	      27144234.5369
                  0	                  0	      2796392581.18	  5.52386045456e-05	  4.42266464233e-05	                  0
                  0	                  0	  8.19563865662e-08	      556746416.536	      47534283.2421	                  0
                  0	                  0	  2.86102294922e-06	      47534283.2421	      1463994962.76	                  0
     -3410183.49314	      27144234.5369	                  0	                  0	                  0	      108713909.133

Stiffness matrix rotated along principle axis:
      210513221.312	     -1243334.01273	                  0	                  0	                  0	      2054679.84117
     -1243334.01275	      81759672.9766	                  0	                  0	                  0	      7966348.01784
                  0	                  0	      2796392581.18	       -80175227.27	      650543482.127	                  0
                  0	                  0	     -80175227.2701	        556942932.7	  1.26814045648e-05	                  0
                  0	                  0	      650543482.127	 -5.30910873161e-09	      1617437421.35	                  0
      2054679.84117	      7966348.01784	                  0	                  0	                  0	      100510747.124

Stiffness matrix at the elastic center rotated along principle axis:
      210510215.593	      1390276.01155	                  0	                  0	                  0	     -4821915.02074
      1390276.01153	      81762678.6954	                  0	                  0	                  0	       26929314.057
                  0	                  0	      2796392581.18	  5.28556219461e-05	  4.70487291506e-05	                  0
                  0	                  0	 -6.74424922775e-08	      554262709.845	  2.64440604154e-05	                  0
                  0	                  0	  2.86140187242e-06	 -3.58744360935e-09	      1466478669.45	                  0
     -4821915.02074	       26929314.057	                  0	                  0	                  0	      108713909.133

Mass matrix with respect to mass center
      184.611974433	                  0	                  0	                  0	                  0	                  0
                  0	      184.611974433	                  0	                  0	                  0	                  0
                  0	                  0	      184.611974433	                  0	                  0	                  0
                  0	                  0	                  0	      32.4646656063	      3.86230354136	                  0
                  0	                  0	                  0	      3.86230354136	      109.602582976	                  0
                  0	                  0	                  0	                  0	                  0	      142.067248582
