********************************
*                              *
*          BECAS 2.3           *
*              by              *
*     becas-dtuwind@dtu.dk     *
*                              *
*   A cross section analysis   *
*   program for anisotropic    *
*   beams with arbitrary       *
*   geometry.                  *
*                              *
*     (c)DTU Wind Energy       *
********************************


Output generated on the (yyyy.mm.dd) 2021. 5.19 at (hh.mm.ss) 20.32.42  
Element type is: Q4 
The input folder: is C:\Users\andre\Documents\GitHub\PGE\Preliminare\64.8_80\Cp-Lambda_v3_2021_CLEAN_March2021\3.Structure\CrossSectionAnalysis_v1.06\BECASFiles\BECAS_Section_3\BECAS_SECTION 

Stiffness matrix w.r.t. to the cross section reference point 
K=
       520077523.53	     -3413927.53787	                  0	                  0	                  0	        -1750072.74
     -3413927.53787	      325273141.854	                  0	                  0	                  0	     -14696513.5033
                  0	                  0	      4008408533.87	      12555861.6135	      382950186.558	                  0
                  0	                  0	      12555861.6135	      1549158954.68	        15319349.66	                  0
                  0	                  0	      382950186.558	        15319349.66	      2074264724.99	                  0
        -1750072.74	     -14696513.5033	                  0	                  0	                  0	      676848999.184

Compliance matrix w.r.t. to the cross section reference point 
F=
  1.92294257846e-09	  2.04270662922e-11	                  0	                  0	                 -0	   5.4155299737e-12
  2.04270662922e-11	  3.07757530801e-09	                  0	                  0	                 -0	  6.68766238527e-11
                  0	                  0	  2.53958754251e-10	 -1.59479535774e-12	 -4.68740175347e-11	                 -0
                  0	                  0	 -1.59479535774e-12	  6.45568713409e-10	 -4.47337582264e-12	                 -0
                  0	                  0	 -4.68740175347e-11	 -4.47337582264e-12	   4.9078544831e-10	                 -0
   5.4155299737e-12	  6.68766238527e-11	                  0	                  0	                  0	  1.47890051102e-09

Mass matrix w.r.t. to the cross section reference point 
M=
      271.216996567	                  0	                  0	                  0	                  0	    -0.948505423268
                  0	      271.216996567	                  0	                  0	                  0	     -26.2445597256
                  0	                  0	      271.216996567	     0.948505423268	      26.2445597256	                  0
                 -0	                 -0	     0.948505423268	      99.2604542742	      1.07298829385	                  0
                 -0	                 -0	      26.2445597256	      1.07298829385	       144.38800707	                  0
    -0.948505423268	     -26.2445597256	                 -0	                  0	                  0	      243.648461344

Shear center;
ShearX=   -0.0452205022274 
ShearY=   0.00366186226412 

Elastic center:
ElasticX=   -0.0955367157122 
ElasticY=   0.00313238072103 

Orientation of principle axis w.r.t. reference center:
alpha_p=     -1.66964465479o or    -0.0291407965644rad 

Orientation of principle axis w.r.t. elastic center:
alpha_p=     -1.65405919312o or    -0.0288687789428rad 

Mass center:
MassX=   -0.0967659109045 
MassY=   0.00349721969963 

Mass per unit length:
Mass=      271.216996567 

Mass moments of inertia:
Ixx=      99.2604542742 
Iyy=       144.38800707 
Ixy=     -1.07298829385 

Area center:
AreaX=    -0.100695933596 
AreaY=     0.004252450698 

Area per unit length:
Area=     0.220729221667 
Area moments:
Ixx=  0.000938640132747 
Iyy=   -0.0222265350476 
Ixy= -0.000947429286112 

Stiffness matrix with respect to shear center:
       520077523.53	     -3413927.53787	                  0	                  0	                  0	 -4.88013029099e-07
     -3413927.53787	      325273141.854	                  0	                  0	                  0	 -1.47820173879e-07
                  0	                  0	      4008408533.87	     -2122378.33588	      201687939.524	                  0
                  0	                  0	     -2122378.33585	       1549120748.7	      14013013.8371	                  0
                  0	                  0	      201687939.524	      14013013.8371	      2047827095.31	                  0
  2.32830643654e-10	  1.86264514923e-09	                  0	                  0	                  0	      676178006.937

Stiffness matrix with respect to the elastic center:
       520077523.53	     -3413927.53787	                  0	                  0	                  0	     -447147.356503
     -3413927.53787	      325273141.854	                  0	                  0	                  0	       16368320.458
                  0	                  0	      4008408533.87	  -2.5749206543e-05	 -5.17964363098e-05	                  0
                  0	                  0	                  0	      1549119624.94	      14119803.8786	                  0
                  0	                  0	  5.96046447754e-08	      14119803.8786	      2037678921.89	                  0
     -447147.356502	       16368320.458	                  0	                  0	                  0	        677001835.6

Stiffness matrix rotated along principle axis:
      520111001.705	      2265410.59496	                  0	                  0	                  0	     -1321122.22436
      2265410.59496	      325239663.679	                  0	                  0	                  0	     -14741265.2041
                  0	                  0	      4008408533.87	      1392636.72326	      383153436.118	                  0
                  0	                  0	      1392636.72329	      1548712410.22	  3.63215622914e-06	                  0
                  0	                  0	      383153436.118	  4.29934303659e-09	      2074711269.45	                  0
     -1321122.22436	     -14741265.2041	                  0	                  0	                  0	      676848999.184

Stiffness matrix at the elastic center rotated along principle axis:
      520112219.749	      2212401.82444	                  0	                  0	                  0	     -919428.834015
      2212401.82444	      325238445.635	                  0	                  0	                  0	       16348593.395
                  0	                  0	      4008408533.87	 -2.42433853316e-05	 -5.25180989722e-05	                  0
                  0	                  0	 -1.72047431503e-09	      1548711890.17	  1.33500997603e-06	                  0
                  0	                  0	  5.95798090542e-08	  2.13734056223e-09	      2038086656.66	                  0
     -919428.834014	       16348593.395	                  0	                  0	                  0	        677001835.6

Mass matrix with respect to mass center
      271.216996567	                  0	                  0	                  0	                  0	                  0
                  0	      271.216996567	                  0	                  0	                  0	                  0
                  0	                  0	      271.216996567	                  0	                  0	                  0
                  0	                  0	                  0	      99.2571371424	     0.981205302572	                  0
                  0	                  0	                  0	     0.981205302572	      141.848428342	                  0
                  0	                  0	                  0	                  0	                  0	      241.105565484
