********************************
*                              *
*          BECAS 2.3           *
*              by              *
*     becas-dtuwind@dtu.dk     *
*                              *
*   A cross section analysis   *
*   program for anisotropic    *
*   beams with arbitrary       *
*   geometry.                  *
*                              *
*     (c)DTU Wind Energy       *
********************************


Output generated on the (yyyy.mm.dd) 2021. 5.21 at (hh.mm.ss) 11.36.32  
Element type is: Q4 
The input folder: is C:\69.6_80\3.Structure\CrossSectionAnalysis_v1.06\BECASFiles\BECAS_Section_11\BECAS_SECTION 

Stiffness matrix w.r.t. to the cross section reference point 
K=
      208361148.197	     -6506326.90466	                  0	                  0	                  0	      2247311.49557
     -6506326.90466	      75570745.9663	                  0	                  0	                  0	      6592973.33165
                  0	                  0	      2780902809.29	     -73027572.7097	      619755745.341	                  0
                  0	                  0	     -73027572.7097	      438702427.379	      32762146.9728	                  0
                  0	                  0	      619755745.341	      32762146.9728	      1411740067.46	                  0
      2247311.49557	      6592973.33165	                  0	                  0	                  0	      78732217.3067

Compliance matrix w.r.t. to the cross section reference point 
F=
  4.81464585096e-09	  4.29649378902e-10	                  0	                  0	                  0	  -1.7340646983e-10
  4.29649378902e-10	  1.33683586563e-08	                  0	                  0	                  0	 -1.13171953167e-09
                  0	                  0	  4.01383528029e-10	  8.01133580961e-11	 -1.78067081178e-10	                 -0
                  0	                  0	  8.01133580961e-11	  2.29939684172e-09	 -8.85318013683e-11	                 -0
                  0	                  0	 -1.78067081178e-10	 -8.85318013684e-11	  7.88571929185e-10	                 -0
  -1.7340646983e-10	 -1.13171953167e-09	                  0	                  0	                  0	  1.28009997625e-08

Mass matrix w.r.t. to the cross section reference point 
M=
      180.413637974	                  0	                  0	                  0	                  0	      3.76547705663
                  0	      180.413637974	                  0	                  0	                  0	     -50.3425610352
                  0	                  0	      180.413637974	     -3.76547705663	      50.3425610352	                  0
                 -0	                 -0	     -3.76547705663	      25.2153199505	        2.857189315	                  0
                 -0	                 -0	      50.3425610352	        2.857189315	      107.955766911	                  0
      3.76547705663	     -50.3425610352	                 -0	                  0	                  0	      133.171086862

Shear center;
ShearX=    0.0884086831236 
ShearY=   -0.0135463224003 

Elastic center:
ElasticX=    -0.222861346779 
ElasticY=   -0.0262603829468 

Orientation of principle axis w.r.t. reference center:
alpha_p=     -1.92623900291o or    -0.0336192127811rad 

Orientation of principle axis w.r.t. elastic center:
alpha_p=     -3.34219033633o or    -0.0583322255972rad 

Mass center:
MassX=    -0.279039664632 
MassY=   -0.0208713548428 

Mass per unit length:
Mass=      180.413637974 

Mass moments of inertia:
Ixx=      25.2153199505 
Iyy=      107.955766911 
Ixy=       -2.857189315 

Area center:
AreaX=    -0.424363369148 
AreaY=  -0.00823018613499 

Area per unit length:
Area=     0.261564532921 
Area moments:
Ixx=  -0.00215272479225 
Iyy=     -0.11099840644 
Ixy=   -0.0066695407266 

Stiffness matrix with respect to shear center:
      208361148.197	     -6506326.90466	                  0	                  0	                  0	  1.01607292891e-06
     -6506326.90466	      75570745.9663	                  0	                  0	                  0	  7.15255737305e-07
                  0	                  0	      2780902809.29	     -35356566.6911	      865611700.604	                  0
                  0	                  0	     -35356566.6911	      437234220.883	      38031730.6077	                  0
                  0	                  0	      865611700.604	      38031730.6077	      1543059447.31	                  0
                  0	  9.31322574615e-10	                  0	                  0	                  0	      78118898.4105

Stiffness matrix with respect to the elastic center:
      208361148.197	     -6506326.90466	                  0	                  0	                  0	     -4674340.82387
     -6506326.90466	      75570745.9663	                  0	                  0	                  0	      23605630.1909
                  0	                  0	      2780902809.29	 -2.02655792236e-06	  3.17096710205e-05	                  0
                  0	                  0	 -2.23517417908e-07	      436784695.354	      49037170.1789	                  0
                  0	                  0	 -5.00679016113e-06	      49037170.1789	      1273620467.38	                  0
     -4674340.82387	      23605630.1909	                  0	                  0	                  0	      85526053.4782

Stiffness matrix rotated along principle axis:
        208648263.8	     -2030679.18668	                  0	                  0	                  0	      2024432.77945
     -2030679.18668	      75283630.3629	                  0	                  0	                  0	      6664786.43555
                  0	                  0	      2780902809.29	     -93818082.4026	      616950871.361	                  0
                  0	                  0	     -93818082.4026	      437600574.634	 -3.02996298136e-05	                  0
                  0	                  0	      616950871.361	 -5.49842147216e-09	       1412841920.2	                  0
      2024432.77945	      6664786.43555	                  0	                  0	                  0	      78732217.3067

Stiffness matrix at the elastic center rotated along principle axis:
      208667157.738	      1266300.85365	                  0	                  0	                  0	     -6042578.69738
      1266300.85365	      75264736.4248	                  0	                  0	                  0	      23292970.6464
                  0	                  0	      2780902809.29	 -3.87175795236e-06	  3.15375912777e-05	                  0
                  0	                  0	  6.87543632492e-08	      433920999.293	 -2.97145983144e-05	                  0
                  0	                  0	 -5.01130527819e-06	  4.80794135759e-09	      1276484163.44	                  0
     -6042578.69738	      23292970.6464	                  0	                  0	                  0	      85526053.4782

Mass matrix with respect to mass center
      180.413637974	                  0	                  0	                  0	                  0	                  0
                  0	      180.413637974	                  0	                  0	                  0	                  0
                  0	                  0	      180.413637974	                  0	                  0	                  0
                  0	                  0	                  0	      25.1367293427	      3.90790677007	                  0
                  0	                  0	                  0	      3.90790677007	      93.9081955632	                  0
                  0	                  0	                  0	                  0	                  0	      119.044924906
