********************************
*                              *
*          BECAS 2.3           *
*              by              *
*     becas-dtuwind@dtu.dk     *
*                              *
*   A cross section analysis   *
*   program for anisotropic    *
*   beams with arbitrary       *
*   geometry.                  *
*                              *
*     (c)DTU Wind Energy       *
********************************


Output generated on the (yyyy.mm.dd) 2021. 5.21 at (hh.mm.ss) 14.27.36  
Element type is: Q4 
The input folder: is C:\Users\andre\Documents\GitHub\PGE\Preliminare\69.6_80_provaBis\Cp-Lambda_v3_2021_CLEAN_March2021\3.Structure\CrossSectionAnalysis_v1.06\BECASFiles\BECAS_Section_18\BECAS_SECTION 

Stiffness matrix w.r.t. to the cross section reference point 
K=
      168790620.139	     -3144686.01301	                  0	                  0	                  0	     -7213129.49852
     -3144686.01301	      34811057.1742	                  0	                  0	                  0	       200269.02685
                  0	                  0	      2259122974.96	       57397002.953	      311479029.766	                  0
                  0	                  0	       57397002.953	      74448541.4701	      13947612.7932	                  0
                  0	                  0	      311479029.766	      13947612.7932	      369888792.215	                  0
     -7213129.49852	       200269.02685	                  0	                  0	                  0	      14830861.6624

Compliance matrix w.r.t. to the cross section reference point 
F=
  6.06003041796e-09	  5.30522931385e-10	                  0	                  0	                 -0	  2.94018903628e-09
  5.30522931385e-10	  2.87751810151e-08	                  0	                  0	                  0	 -1.30541767388e-10
                  0	                  0	  5.07965611036e-10	 -3.13700848937e-10	 -4.15923004277e-10	                 -0
                  0	                  0	 -3.13700848937e-10	  1.37213908502e-08	 -2.53236682134e-10	                 -0
                  0	                  0	 -4.15923004276e-10	 -2.53236682134e-10	  3.06330812089e-09	                 -0
  2.94018903628e-09	 -1.30541767388e-10	                  0	                  0	                  0	  6.88587171121e-08

Mass matrix w.r.t. to the cross section reference point 
M=
      130.231554141	                  0	                  0	                  0	                  0	     -3.40632358298
                  0	      130.231554141	                  0	                  0	                  0	       -21.26939464
                  0	                  0	      130.231554141	      3.40632358298	        21.26939464	                  0
                 -0	                 -0	      3.40632358298	      4.00078668052	      1.00137028748	                  0
                 -0	                 -0	        21.26939464	      1.00137028748	      25.6275529363	                  0
     -3.40632358298	       -21.26939464	                 -0	                  0	                  0	      29.6283396168

Shear center;
ShearX=   0.00189579145333 
ShearY=    0.0426988645679 

Elastic center:
ElasticX=    -0.137876084312 
ElasticY=    0.0254067634162 

Orientation of principle axis w.r.t. reference center:
alpha_p=     -2.69691484784o or    -0.0470700437407rad 

Orientation of principle axis w.r.t. elastic center:
alpha_p=     -1.36032781197o or    -0.0237421992254rad 

Mass center:
MassX=    -0.163319825064 
MassY=    0.0261559005838 

Mass per unit length:
Mass=      130.231554141 

Mass moments of inertia:
Ixx=      4.00078668052 
Iyy=      25.6275529363 
Ixy=     -1.00137028748 

Area center:
AreaX=    -0.241245524582 
AreaY=     0.028760567736 

Area per unit length:
Area=     0.114522557652 
Area moments:
Ixx=   0.00329373377666 
Iyy=   -0.0276280544974 
Ixy=  -0.00142843541438 

Stiffness matrix with respect to shear center:
      168790620.139	     -3144686.01301	                  0	                  0	                  0	  6.14672899246e-07
     -3144686.01301	      34811057.1742	                  0	                  0	                  0	  6.40284270048e-08
                  0	                  0	      2259122974.96	      -39064982.997	      315761855.794	                  0
                  0	                  0	     -39064982.9969	      73665785.0328	      573752.824574	                  0
                  0	                  0	      315761855.794	      573752.824571	      371077910.125	                  0
 -9.31322574615e-10	                  0	                  0	                  0	                  0	      14522489.5546

Stiffness matrix with respect to the elastic center:
      168790620.139	     -3144686.01301	                  0	                  0	                  0	     -3358283.13962
     -3144686.01301	      34811057.1742	                  0	                  0	                  0	      4919984.98723
                  0	                  0	      2259122974.96	 -1.00433826447e-05	  2.56299972534e-06	                  0
                  0	                  0	 -3.72529029846e-08	      72990269.3953	      6033938.77478	                  0
                  0	                  0	 -1.25169754028e-06	      6033938.77478	      326943283.245	                  0
     -3358283.13962	      4919984.98723	                  0	                  0	                  0	      15268236.8567

Stiffness matrix rotated along principle axis:
      168789599.594	        3166351.416	                  0	                  0	                  0	      -7214563.4998
        3166351.416	      34812077.7195	                  0	                  0	                  0	     -139349.750356
                  0	                  0	      2259122974.96	      42677512.3662	      313834720.626	                  0
                  0	                  0	      42677512.3662	      73791541.4402	  3.03953126436e-06	                  0
                  0	                  0	      313834720.626	  1.78622511465e-10	      370545792.245	                  0
      -7214563.4998	     -139349.750356	                  0	                  0	                  0	      14830861.6624

Stiffness matrix at the elastic center rotated along principle axis:
      168864378.533	      38632.8091384	                  0	                  0	                  0	     -3474136.95517
      38632.8091405	      34737298.7807	                  0	                  0	                  0	      4838872.83746
                  0	                  0	      2259122974.96	 -1.01013976236e-05	  2.32384779799e-06	                  0
                  0	                  0	 -7.52714341717e-09	      72846983.4948	  1.56568845248e-06	                  0
                  0	                  0	 -1.25222915365e-06	 -8.89244447318e-10	      327086569.146	                  0
     -3474136.95517	      4838872.83746	                  0	                  0	                  0	      15268236.8567

Mass matrix with respect to mass center
      130.231554141	                  0	                  0	                  0	                  0	                  0
                  0	      130.231554141	                  0	                  0	                  0	                  0
                  0	                  0	      130.231554141	                  0	                  0	                  0
                  0	                  0	                  0	      3.91169121952	     0.445050115793	                  0
                  0	                  0	                  0	     0.445050115793	      22.1538391244	                  0
                  0	                  0	                  0	                  0	                  0	       26.065530344
