********************************
*                              *
*          BECAS 2.3           *
*              by              *
*     becas-dtuwind@dtu.dk     *
*                              *
*   A cross section analysis   *
*   program for anisotropic    *
*   beams with arbitrary       *
*   geometry.                  *
*                              *
*     (c)DTU Wind Energy       *
********************************


Output generated on the (yyyy.mm.dd) 2021. 5.18 at (hh.mm.ss) 21.16. 9  
Element type is: Q4 
The input folder: is C:\Users\andre\Documents\GitHub\PGE\Preliminare\64.8_96.8\Cp-Lambda_v3_2021_CLEAN_March2021\3.Structure\CrossSectionAnalysis_v1.06\BECASFiles\BECAS_Section_26\BECAS_SECTION 

Stiffness matrix w.r.t. to the cross section reference point 
K=
      70295889.7857	     -150810.674423	                  0	                  0	                  0	     -2856056.04517
     -150810.674424	      11827243.9602	                  0	                  0	                  0	     -474736.157439
                  0	                  0	       968554836.65	      30235409.3142	      124991749.583	                  0
                  0	                  0	      30235409.3142	      18291783.9869	      3704175.24271	                  0
                  0	                  0	      124991749.583	      3704175.24271	      91661500.7123	                  0
     -2856056.04516	     -474736.157439	                  0	                  0	                  0	       3526509.4734

Compliance matrix w.r.t. to the cross section reference point 
F=
  1.47148706755e-08	  6.69600567789e-10	                  0	                 -0	                 -0	  1.20074479501e-08
  6.69600567789e-10	  8.50403736459e-08	                  0	                 -0	                 -0	  1.19903710114e-08
                  0	                  0	  1.31035309237e-09	 -1.81899292139e-09	 -1.71331972333e-09	                 -0
                  0	                  0	 -1.81899292139e-09	  5.76455037592e-08	  1.50881883212e-10	                 -0
                  0	                  0	 -1.71331972333e-09	   1.5088188321e-10	  1.32399309137e-08	                 -0
  1.20074479501e-08	  1.19903710114e-08	                  0	                  0	                  0	  2.94905263919e-07

Mass matrix w.r.t. to the cross section reference point 
M=
      55.2373903389	                  0	                  0	                  0	                  0	     -1.68107568197
                  0	      55.2373903389	                  0	                  0	                  0	     -8.42127354353
                  0	                  0	      55.2373903389	      1.68107568197	      8.42127354353	                  0
                 -0	                 -0	      1.68107568197	     0.975180313905	     0.239946223465	                  0
                 -0	                 -0	      8.42127354353	     0.239946223465	      6.95368063688	                  0
     -1.68107568197	     -8.42127354353	                 -0	                  0	                  0	      7.92886095078

Shear center;
ShearX=   -0.0406583824652 
ShearY=    0.0407162889889 

Elastic center:
ElasticX=    -0.129049739729 
ElasticY=    0.0312170340492 

Orientation of principle axis w.r.t. reference center:
alpha_p=      -2.8828884795o or    -0.0503158959351rad 

Orientation of principle axis w.r.t. elastic center:
alpha_p=      0.19467741293o or     0.0033977618349rad 

Mass center:
MassX=     -0.15245603552 
MassY=    0.0304336550236 

Mass per unit length:
Mass=      55.2373903389 

Mass moments of inertia:
Ixx=     0.975180313905 
Iyy=      6.95368063688 
Ixy=    -0.239946223465 

Area center:
AreaX=    -0.198261584599 
AreaY=    0.0278911400413 

Area per unit length:
Area=    0.0389262269727 
Area moments:
Ixx=   0.00108569684777 
Iyy=  -0.00771757544206 
Ixy= -0.000205247336902 

Stiffness matrix with respect to shear center:
      70295889.7857	     -150810.674423	                  0	                  0	                  0	 -1.19395554066e-06
     -150810.674424	      11827243.9602	                  0	                  0	                  0	 -8.51769073051e-08
                  0	                  0	       968554836.65	     -9200549.31641	      85611876.5959	                  0
                  0	                  0	     -9200549.31641	      17435322.5484	     -1010945.50154	                  0
                  0	                  0	      85611876.5959	     -1010945.50154	      83098697.9305	                  0
  4.65661287308e-10	  5.82076609135e-11	                  0	                  0	                  0	      3390919.46583

Stiffness matrix with respect to the elastic center:
      70295889.7857	     -150810.674423	                  0	                  0	                  0	      -681088.93849
     -150810.674424	      11827243.9602	                  0	                  0	                  0	      1046858.73537
                  0	                  0	       968554836.65	  1.15483999252e-07	  4.06801700592e-06	                  0
                  0	                  0	 -3.72529029846e-09	      17347924.1849	      -197696.45989	                  0
                  0	                  0	   2.4288892746e-06	     -197696.459888	      75531347.9603	                  0
     -681088.938489	      1046858.73537	                  0	                  0	                  0	      3489922.56778

Stiffness matrix rotated along principle axis:
      70163140.9577	      2786891.78342	                  0	                  0	                  0	     -2828564.78707
      2786891.78342	      11959992.7881	                  0	                  0	                  0	     -617779.732317
                  0	                  0	       968554836.65	      23910725.5179	      126354242.689	                  0
                  0	                  0	      23910725.5179	       18105247.647	 -1.35220992957e-06	                  0
                  0	                  0	      126354242.689	 -9.87985043924e-10	      91848037.0523	                  0
     -2828564.78707	     -617779.732317	                  0	                  0	                  0	       3526509.4734

Stiffness matrix at the elastic center rotated along principle axis:
      70294189.9507	     -349468.196599	                  0	                  0	                  0	     -677528.037167
       -349468.1966	      11828943.7952	                  0	                  0	                  0	      1049166.86605
                  0	                  0	       968554836.65	  1.29305458965e-07	  4.06760113738e-06	                  0
                  0	                  0	  4.52750260434e-09	      17347252.4568	 -1.38727654959e-06	                  0
                  0	                  0	  2.42888791173e-06	  5.31551416446e-12	      75532019.6884	                  0
     -677528.037166	      1049166.86605	                  0	                  0	                  0	      3489922.56778

Mass matrix with respect to mass center
      55.2373903389	                  0	                  0	                  0	                  0	                  0
                  0	      55.2373903389	                  0	                  0	                  0	                  0
                  0	                  0	      55.2373903389	                  0	                  0	                  0
                  0	                  0	                  0	     0.924019036532	   -0.0163439104178	                  0
                  0	                  0	                  0	   -0.0163439104178	       5.6698066584	                  0
                  0	                  0	                  0	                  0	                  0	      6.59382569493
