********************************
*                              *
*          BECAS 2.3           *
*              by              *
*     becas-dtuwind@dtu.dk     *
*                              *
*   A cross section analysis   *
*   program for anisotropic    *
*   beams with arbitrary       *
*   geometry.                  *
*                              *
*     (c)DTU Wind Energy       *
********************************


Output generated on the (yyyy.mm.dd) 2021. 5.19 at (hh.mm.ss) 20.33.24  
Element type is: Q4 
The input folder: is C:\Users\andre\Documents\GitHub\PGE\Preliminare\64.8_80\Cp-Lambda_v3_2021_CLEAN_March2021\3.Structure\CrossSectionAnalysis_v1.06\BECASFiles\BECAS_Section_19\BECAS_SECTION 

Stiffness matrix w.r.t. to the cross section reference point 
K=
      159965331.487	      -2873330.7493	                  0	                  0	                  0	     -7128896.69158
      -2873330.7493	      30538819.9839	                  0	                  0	                  0	      35607.8957632
                  0	                  0	      2149079230.17	      59401042.5635	      281461361.735	                  0
                  0	                  0	      59401042.5634	      60785500.2758	      12382628.0812	                  0
                  0	                  0	      281461361.735	      12382628.0812	      309378784.447	                  0
     -7128896.69158	      35607.8957634	                  0	                  0	                  0	      12133924.8328

Compliance matrix w.r.t. to the cross section reference point 
F=
  6.43043172893e-09	  6.00622211566e-10	                  0	                  0	                 -0	  3.77623046262e-09
  6.00622211566e-10	  3.28014196085e-08	                  0	                  0	                 -0	  2.56618053064e-10
                  0	                  0	  5.39204412925e-10	 -4.30503783055e-10	 -4.73317652806e-10	                 -0
                  0	                  0	 -4.30503783055e-10	  1.69302438278e-08	 -2.85962503182e-10	                 -0
                  0	                  0	 -4.73317652806e-10	 -2.85962503182e-10	  3.67433597764e-09	                 -0
  3.77623046262e-09	  2.56618053064e-10	                  0	                  0	                  0	  8.46314142683e-08

Mass matrix w.r.t. to the cross section reference point 
M=
      122.363378175	                  0	                  0	                  0	                  0	     -3.46597738326
                  0	      122.363378175	                  0	                  0	                  0	     -18.9128232972
                  0	                  0	      122.363378175	      3.46597738326	      18.9128232972	                  0
                 -0	                 -0	      3.46597738326	      3.24960978881	      0.86165914827	                  0
                 -0	                 -0	      18.9128232972	      0.86165914827	       21.238503717	                  0
     -3.46597738326	     -18.9128232972	                 -0	                  0	                  0	      24.4881135058

Shear center;
ShearX=  -0.00303218438783 
ShearY=    0.0446197253735 

Elastic center:
ElasticX=    -0.130968350438 
ElasticY=    0.0276402292338 

Orientation of principle axis w.r.t. reference center:
alpha_p=     -2.84456261606o or    -0.0496469834295rad 

Orientation of principle axis w.r.t. elastic center:
alpha_p=     -1.23524466207o or    -0.0215590864207rad 

Mass center:
MassX=    -0.154562775065 
MassY=    0.0283252835525 

Mass per unit length:
Mass=      122.363378175 

Mass moments of inertia:
Ixx=      3.24960978881 
Iyy=       21.238503717 
Ixy=     -0.86165914827 

Area center:
AreaX=    -0.224222524973 
AreaY=     0.030151352716 

Area per unit length:
Area=     0.101943208294 
Area moments:
Ixx=   0.00307372563026 
Iyy=   -0.0228579635675 
Ixy=   -0.0011366669891 

Stiffness matrix with respect to shear center:
      159965331.487	      -2873330.7493	                  0	                  0	                  0	  3.47383320332e-07
      -2873330.7493	      30538819.9839	                  0	                  0	                  0	   -5.702895578e-08
                  0	                  0	      2149079230.17	     -36490282.4926	      274944957.245	                  0
                  0	                  0	     -36490282.4926	      59763228.4533	     -65455.3178455	                  0
                  0	                  0	      274944957.245	     -65455.3178342	      307691657.894	                  0
 -9.31322574615e-10	  7.27595761418e-12	                  0	                  0	                  0	      11815943.3899

Stiffness matrix with respect to the elastic center:
      159965331.487	      -2873330.7493	                  0	                  0	                  0	     -3083733.64833
      -2873330.7493	      30538819.9839	                  0	                  0	                  0	      3955807.25279
                  0	                  0	      2149079230.17	  2.53021717072e-05	  9.81688499451e-05	                  0
                  0	                  0	  1.26659870148e-07	      59143641.8426	      4602971.52234	                  0
                  0	                  0	  6.49690628052e-06	      4602971.52235	      272516254.189	                  0
     -3083733.64833	      3955807.25279	                  0	                  0	                  0	       12374394.447

Stiffness matrix rotated along principle axis:
      159931415.889	       3555904.4926	                  0	                  0	                  0	     -7121879.86037
      3555904.49261	      30572735.5811	                  0	                  0	                  0	     -318218.817572
                  0	                  0	      2149079230.17	      45359883.2551	      284062427.995	                  0
                  0	                  0	      45359883.2551	      60170234.5545	 -7.24490872601e-06	                  0
                  0	                  0	      284062427.995	 -3.16811372062e-09	      309994050.168	                  0
     -7121879.86037	     -318218.817572	                  0	                  0	                  0	      12133924.8328

Stiffness matrix at the elastic center rotated along principle axis:
      160029038.499	     -81207.3366917	                  0	                  0	                  0	     -3168294.00934
     -81207.3366903	      30475112.9714	                  0	                  0	                  0	      3888410.64002
                  0	                  0	      2149079230.17	  2.31800250107e-05	  9.86914861229e-05	                  0
                  0	                  0	 -1.34260779038e-08	      59044390.6041	 -6.48249351351e-06	                  0
                  0	                  0	  6.49812693635e-06	   5.7545897959e-10	      272615505.427	                  0
     -3168294.00934	      3888410.64002	                  0	                  0	                  0	       12374394.447

Mass matrix with respect to mass center
      122.363378175	                  0	                  0	                  0	                  0	                  0
                  0	      122.363378175	                  0	                  0	                  0	                  0
                  0	                  0	      122.363378175	                  0	                  0	                  0
                  0	                  0	                  0	      3.15143499664	       0.3259480656	                  0
                  0	                  0	                  0	       0.3259480656	      18.3152852638	                  0
                  0	                  0	                  0	                  0	                  0	      21.4667202605
