********************************
*                              *
*          BECAS 2.3           *
*              by              *
*     becas-dtuwind@dtu.dk     *
*                              *
*   A cross section analysis   *
*   program for anisotropic    *
*   beams with arbitrary       *
*   geometry.                  *
*                              *
*     (c)DTU Wind Energy       *
********************************


Output generated on the (yyyy.mm.dd) 2021. 5.19 at (hh.mm.ss)  0. 9.59  
Element type is: Q4 
The input folder: is C:\Users\andre\Documents\GitHub\PGE\Preliminare\64.8_108\Cp-Lambda_v3_2021_CLEAN_March2021\3.Structure\CrossSectionAnalysis_v1.06\BECASFiles\BECAS_Section_5\BECAS_SECTION 

Stiffness matrix w.r.t. to the cross section reference point 
K=
      339972063.499	     -3329133.29119	                  0	                  0	                  0	     -564812.784861
     -3329133.29119	      160674718.994	                  0	                  0	                  0	      1403639.43436
                  0	                  0	      3118421347.69	      9244471.54156	      813187141.824	                  0
                  0	                  0	      9244471.54148	      1524911812.38	      31039571.6741	                  0
                  0	                  0	      813187141.824	      31039571.6742	      2526891342.52	                  0
     -564812.784869	      1403639.43436	                  0	                  0	                  0	      448999249.154

Compliance matrix w.r.t. to the cross section reference point 
F=
  2.94202060901e-09	  6.09271419005e-11	                  0	                  0	                 -0	  3.51040924292e-12
  6.09271419005e-11	  6.22518619798e-09	                  0	                  0	                  0	 -1.93842293087e-11
                  0	                  0	  3.50051001547e-10	  1.70940458027e-13	 -1.12653153924e-10	                 -0
                  0	                  0	  1.70940458044e-13	  6.55939718169e-10	 -8.11237671109e-12	                 -0
                  0	                  0	 -1.12653153924e-10	 -8.11237671109e-12	  4.32096102662e-10	                 -0
  3.51040924298e-12	 -1.93842293087e-11	                  0	                  0	                  0	  2.22724023053e-09

Mass matrix w.r.t. to the cross section reference point 
M=
      220.487801942	                  0	                  0	                  0	                  0	     -1.09389846747
                  0	      220.487801942	                  0	                  0	                  0	     -64.7568825498
                  0	                  0	      220.487801942	      1.09389846747	      64.7568825498	                  0
                 -0	                 -0	      1.09389846747	      95.5010553647	      2.55197563363	                  0
                 -0	                 -0	      64.7568825498	      2.55197563363	       205.26293397	                  0
     -1.09389846747	     -64.7568825498	                 -0	                  0	                  0	      300.763989335

Shear center;
ShearX=    0.0087032503468 
ShearY=   0.00157612510535 

Elastic center:
ElasticX=     -0.26076884781 
ElasticY=   0.00296447160623 

Orientation of principle axis w.r.t. reference center:
alpha_p=     -1.77265708009o or    -0.0309387025564rad 

Orientation of principle axis w.r.t. elastic center:
alpha_p=     -2.07284678561o or    -0.0361780012983rad 

Mass center:
MassX=    -0.293698254413 
MassY=    0.0049612652393 

Mass per unit length:
Mass=      220.487801942 

Mass moments of inertia:
Ixx=      95.5010553647 
Iyy=       205.26293397 
Ixy=     -2.55197563363 

Area center:
AreaX=    -0.364572390193 
AreaY=   0.00917344131329 

Area per unit length:
Area=     0.329837553824 
Area moments:
Ixx=   0.00302574544292 
Iyy=    -0.120249665373 
Ixy=  -0.00497536205754 

Stiffness matrix with respect to shear center:
      339972063.499	     -3329133.29119	                  0	                  0	                  0	  8.17328691483e-06
     -3329133.29119	      160674718.994	                  0	                  0	                  0	 -8.45822796691e-07
                  0	                  0	      3118421347.69	      4329449.36641	        840327543.5	                  0
                  0	                  0	      4329449.36633	      1524890418.18	      29795567.2863	                  0
                  0	                  0	        840327543.5	      29795567.2863	      2541282294.78	                  0
                  0	                  0	                  0	                  0	                  0	      448986142.713

Stiffness matrix with respect to the elastic center:
      339972063.499	     -3329133.29119	                  0	                  0	                  0	     -425109.508257
     -3329133.29119	      160674718.994	                  0	                  0	                  0	      43292731.6575
                  0	                  0	      3118421347.69	  8.28951597214e-05	   0.00018322467804	                  0
                  0	                  0	 -1.86264514923e-09	       1524884407.4	      28628901.4817	                  0
                  0	                  0	 -1.19209289551e-07	      28628901.4817	      2314837468.49	                  0
     -425109.508266	      43292731.6575	                  0	                  0	                  0	      460651735.749

Stiffness matrix rotated along principle axis:
      340006360.939	      2220925.99596	                  0	                  0	                  0	     -607962.341332
      2220925.99596	      160640421.554	                  0	                  0	                  0	      1385495.91669
                  0	                  0	      3118421347.69	     -15914894.1147	      813083946.482	                  0
                  0	                  0	     -15914894.1148	      1523951181.78	 -1.95972416438e-05	                  0
                  0	                  0	      813083946.482	  -2.4169672143e-08	      2527851973.12	                  0
      -607962.34134	      1385495.91669	                  0	                  0	                  0	      448999249.154

Stiffness matrix at the elastic center rotated along principle axis:
       339978165.58	      3160538.61018	                  0	                  0	                  0	     -1990734.19865
      3160538.61018	      160668616.913	                  0	                  0	                  0	      43249026.6921
                  0	                  0	      3118421347.69	  7.62136603244e-05	  0.000186103111548	                  0
                  0	                  0	   2.4503867813e-09	      1523848218.86	  1.48115788821e-06	                  0
                  0	                  0	 -1.19198656732e-07	   7.4755683612e-10	      2315873657.04	                  0
     -1990734.19866	      43249026.6921	                  0	                  0	                  0	      460651735.749

Mass matrix with respect to mass center
      220.487801942	                  0	                  0	                  0	                  0	                  0
                  0	      220.487801942	                  0	                  0	                  0	                  0
                  0	                  0	      220.487801942	                  0	                  0	                  0
                  0	                  0	                  0	      95.4956282443	      2.23069956323	                  0
                  0	                  0	                  0	      2.23069956323	      186.243950604	                  0
                  0	                  0	                  0	                  0	                  0	      281.739578849
