********************************
*                              *
*          BECAS 2.3           *
*              by              *
*     becas-dtuwind@dtu.dk     *
*                              *
*   A cross section analysis   *
*   program for anisotropic    *
*   beams with arbitrary       *
*   geometry.                  *
*                              *
*     (c)DTU Wind Energy       *
********************************


Output generated on the (yyyy.mm.dd) 2021. 5.19 at (hh.mm.ss)  0.10. 7  
Element type is: Q4 
The input folder: is C:\Users\andre\Documents\GitHub\PGE\Preliminare\64.8_108\Cp-Lambda_v3_2021_CLEAN_March2021\3.Structure\CrossSectionAnalysis_v1.06\BECASFiles\BECAS_Section_8\BECAS_SECTION 

Stiffness matrix w.r.t. to the cross section reference point 
K=
      210779562.406	     -2865822.78485	                  0	                  0	                  0	      1860019.04097
     -2865822.78483	       94482038.097	                  0	                  0	                  0	      10574041.1363
                  0	                  0	      2816425565.06	     -22167075.5828	      693757992.045	                  0
                  0	                  0	     -22167075.5827	      884751489.024	      30393864.0335	                  0
                  0	                  0	      693757992.045	      30393864.0334	      1985027540.36	                  0
      1860019.04098	      10574041.1363	                  0	                  0	                  0	       157525148.31

Compliance matrix w.r.t. to the cross section reference point 
F=
  4.74693568386e-09	   1.5139403621e-10	                  0	                  0	                  0	  -6.6213157942e-11
  1.51394036209e-10	  1.06689647509e-08	                  0	                  0	                  0	 -7.17953096129e-10
                  0	                  0	  3.88689978135e-10	  1.44127396392e-11	 -1.36066040454e-10	                 -0
                  0	                  0	  1.44127396392e-11	  1.13139014025e-09	 -2.23605317816e-11	                 -0
                  0	                  0	 -1.36066040454e-10	 -2.23605317816e-11	  5.51668177751e-10	                 -0
 -6.62131579422e-11	  -7.1795309613e-10	                  0	                  0	                  0	  6.39716790694e-09

Mass matrix w.r.t. to the cross section reference point 
M=
      192.095406821	                  0	                  0	                  0	                  0	     0.808350443999
                  0	      192.095406821	                  0	                  0	                  0	     -61.5842369496
                  0	                  0	      192.095406821	    -0.808350443999	      61.5842369496	                  0
                 -0	                 -0	    -0.808350443999	      52.8973433943	      2.78512867085	                  0
                 -0	                 -0	      61.5842369496	      2.78512867085	      160.220923548	                  0
     0.808350443999	     -61.5842369496	                 -0	                  0	                  0	      213.118266942

Shear center;
ShearX=     0.112229834604 
ShearY=   -0.0103503861248 

Elastic center:
ElasticX=    -0.246325697598 
ElasticY=  -0.00787064137527 

Orientation of principle axis w.r.t. reference center:
alpha_p=     -1.58112281315o or    -0.0275957989678rad 

Orientation of principle axis w.r.t. elastic center:
alpha_p=     -2.20559482849o or    -0.0384948917222rad 

Mass center:
MassX=    -0.320591928608 
MassY=  -0.00420806752944 

Mass per unit length:
Mass=      192.095406821 

Mass moments of inertia:
Ixx=      52.8973433943 
Iyy=      160.220923548 
Ixy=     -2.78512867085 

Area center:
AreaX=    -0.497247883031 
AreaY=   0.00286220950616 

Area per unit length:
Area=     0.325550835442 
Area moments:
Ixx=  0.000931794695941 
Iyy=    -0.161879463743 
Ixy=  -0.00723387405274 

Stiffness matrix with respect to shear center:
      210779562.406	     -2865822.78485	                  0	                  0	                  0	 -4.18908894062e-06
     -2865822.78483	       94482038.097	                  0	                  0	                  0	 -9.36300784815e-06
                  0	                  0	      2816425565.06	       6984016.5074	      1009844967.39	                  0
                  0	                  0	      6984016.50746	        884594338.5	      38358342.1458	                  0
                  0	                  0	      1009844967.39	      38358342.1458	      2176222618.72	                  0
                  0	                  0	                  0	                  0	                  0	      156319173.507

Stiffness matrix with respect to the elastic center:
      210779562.406	     -2865822.78485	                  0	                  0	                  0	     -504877.100631
     -2865822.78483	       94482038.097	                  0	                  0	                  0	      33869950.9444
                  0	                  0	      2816425565.06	 -6.22011721134e-05	  0.000135183334351	                  0
                  0	                  0	  1.86264514923e-08	      884577019.921	      35854184.3901	                  0
                  0	                  0	  8.34465026855e-07	      35854184.3901	         1814137119	                  0
     -504877.100623	      33869950.9444	                  0	                  0	                  0	      168462179.828

Stiffness matrix rotated along principle axis:
      210849110.101	      346234.939461	                  0	                  0	                  0	      1567548.77817
      346234.939474	      94412490.4023	                  0	                  0	                  0	       10621337.374
                  0	                  0	      2816425565.06	     -41301011.9813	      692882210.174	                  0
                  0	                  0	     -41301011.9812	      883912533.088	  4.48972980791e-05	                  0
                  0	                  0	      692882210.174	 -9.62285365318e-09	      1985866496.29	                  0
      1567548.77817	       10621337.374	                  0	                  0	                  0	       157525148.31

Stiffness matrix at the elastic center rotated along principle axis:
       210827732.42	      1615105.70378	                  0	                  0	                  0	     -1808001.17475
      1615105.70379	      94433868.0824	                  0	                  0	                  0	      33825428.4469
                  0	                  0	      2816425565.06	 -6.73576738754e-05	  0.000132689349492	                  0
                  0	                  0	 -1.35020555869e-08	      883196134.817	  3.06182154785e-05	                  0
                  0	                  0	   8.3456367057e-07	  3.82066496399e-09	      1815518004.11	                  0
     -1808001.17474	      33825428.4469	                  0	                  0	                  0	      168462179.828

Mass matrix with respect to mass center
      192.095406821	                  0	                  0	                  0	                  0	                  0
                  0	      192.095406821	                  0	                  0	                  0	                  0
                  0	                  0	      192.095406821	                  0	                  0	                  0
                  0	                  0	                  0	      52.8939418011	      3.04427929868	                  0
                  0	                  0	                  0	      3.04427929868	      140.477514252	                  0
                  0	                  0	                  0	                  0	                  0	      193.371456053
